991 0.605028
881 2.080742
927 1.876340
997 4.721578
937 0.328333
962 0.515529
870 2.030870
920 3.986671
932 0.389586
934 1.387272
865 0.502895
875 0.595909
919 2.997724
999 0.502009
897 0.574937
827 3.486452
842 1.817354
1006 0.890292
885 0.228436
884 1.804500
907 0.406967
870 0.670597
1020 0.475811
889 0.544515
842 1.657719
855 1.288110
836 0.346206
997 4.275296
925 0.412968
965 1.612521
854 2.224451
693 0.464478
908 0.977180
944 0.273601
1005 1.120109
976 1.093069
902 1.397972
851 0.393081
887 0.600380
946 0.593986
945 2.692934
828 2.848059
858 1.240878
885 0.942038
863 0.502793
1057 0.893641
852 0.327147
837 2.841938
876 4.501955
862 2.436823
