1015 0.050389
847 0.040862
942 0.057672
770 0.069407
799 0.035762
867 0.025975
877 0.074806
787 0.012767
937 0.082961
949 0.055133
638 0.027952
787 0.089107
711 0.026849
876 0.236760
821 0.036683
786 0.018375
876 0.107517
910 0.153174
809 0.065443
690 0.173015
849 0.047562
715 0.030451
908 0.034984
831 0.040089
724 0.084113
748 0.201449
880 0.040548
814 0.084220
829 0.057751
894 0.033048
959 0.031924
779 0.021013
844 0.097680
906 0.030148
829 0.055345
1009 0.032077
946 0.113459
737 0.158574
879 0.027446
787 0.060045
1046 0.065368
931 0.033206
850 0.043617
817 0.091221
819 0.077643
837 0.127424
876 0.025968
1008 0.025867
911 0.035302
817 0.015621
