991 1.608915
881 5.820733
927 5.372649
997 13.637726
937 0.903270
962 1.402528
870 4.409422
920 11.167612
932 1.054613
934 3.912839
865 1.381635
875 1.663301
919 8.311568
999 1.322530
897 1.626028
827 9.784681
842 5.126173
1006 2.560798
885 0.645379
884 4.946300
907 1.129191
870 1.853131
1020 1.216602
889 1.514829
842 4.683324
855 3.551700
836 0.964362
997 11.782080
925 1.254648
965 4.805360
854 6.270778
693 1.344013
908 2.611986
944 0.758325
1005 3.035083
976 2.891470
902 3.932481
851 1.087903
887 1.645455
946 1.560973
945 7.545093
828 7.331966
858 3.266538
885 2.645553
863 1.375061
1057 2.098323
852 0.915658
837 4.581940
876 12.399738
862 6.988866
