991 7.831539
881 20.666113
927 36.848014
997 51.529214
937 5.231313
962 5.036154
870 15.962112
920 49.788277
932 4.281345
934 13.326703
865 6.101630
875 6.246164
919 26.768445
999 5.841554
897 7.028044
827 54.339896
842 16.540282
1006 10.106244
885 4.265984
884 19.967579
907 4.945720
870 6.400580
1020 3.690506
889 7.520722
842 15.539554
855 11.741310
836 7.488548
997 45.807497
925 4.771290
965 15.694952
854 20.049277
693 5.021760
908 8.769490
944 3.528046
1005 10.516351
976 9.858459
902 17.724756
851 7.219663
887 7.262941
946 5.283198
945 31.656975
828 26.471657
858 11.851827
885 10.185282
863 7.190012
1057 8.549701
852 3.285454
837 15.737025
876 43.686463
862 27.320216
