1015 0.137782
847 0.111991
942 0.175469
770 0.194972
799 0.105111
867 0.068489
877 0.218674
787 0.035228
937 0.232000
949 0.162124
638 0.070999
787 0.189343
711 0.085930
876 0.692028
821 0.092087
786 0.054078
876 0.311638
910 0.450922
809 0.183667
690 0.513683
849 0.126233
715 0.087465
908 0.096663
831 0.109442
724 0.207489
748 0.602277
880 0.106811
814 0.233737
829 0.170684
894 0.098549
959 0.078222
779 0.054968
844 0.294947
906 0.086446
829 0.157233
1009 0.092660
946 0.312065
737 0.490645
879 0.073679
787 0.165726
1046 0.191143
931 0.095183
850 0.125066
817 0.269181
819 0.226687
837 0.379435
876 0.075719
1008 0.074651
911 0.108378
817 0.043646
