777 2.386115
917 0.977525
1003 2.181641
785 8.862166
766 2.470925
764 12.193527
859 0.671448
969 4.181683
1008 4.678162
781 7.073221
868 0.898601
935 2.055002
890 0.820488
937 0.847664
809 3.689318
867 2.270083
810 1.133662
718 0.727729
808 2.268550
838 2.815766
674 33.699363
800 1.524072
824 7.227543
790 4.601791
906 2.383047
835 3.134930
918 1.433200
703 1.762750
802 3.439006
992 9.728409
823 0.701420
967 4.850839
810 1.456418
888 1.925710
858 2.464822
946 8.212917
720 2.406200
855 4.619630
850 0.779925
780 1.211401
888 0.617093
1074 2.676043
845 3.174919
856 4.862679
838 0.769138
884 1.882407
924 2.078358
948 6.480308
852 0.884407
893 1.643215
