1015 0.072206
847 0.055770
942 0.085003
770 0.099198
799 0.052971
867 0.035969
877 0.110176
787 0.017719
937 0.117186
949 0.081307
638 0.035487
787 0.095432
711 0.040259
876 0.349157
821 0.047905
786 0.027307
876 0.157512
910 0.229201
809 0.092262
690 0.261057
849 0.065638
715 0.045105
908 0.049546
831 0.057007
724 0.104832
748 0.301086
880 0.055149
814 0.118634
829 0.086076
894 0.049740
959 0.041004
779 0.027664
844 0.145380
906 0.043486
829 0.079066
1009 0.046836
946 0.157297
737 0.248550
879 0.036957
787 0.085121
1046 0.096744
931 0.047715
850 0.062745
817 0.136156
819 0.113269
837 0.188306
876 0.040455
1008 0.037957
911 0.051690
817 0.022084
