1015 0.206022
847 0.170780
942 0.260124
770 0.293164
799 0.156669
867 0.099849
877 0.324954
787 0.052928
937 0.346041
949 0.240985
638 0.105992
787 0.282206
711 0.130037
876 1.034158
821 0.137073
786 0.079689
876 0.464196
910 0.674526
809 0.275517
690 0.765713
849 0.187922
715 0.130582
908 0.150827
831 0.163204
724 0.309642
748 0.894743
880 0.158738
814 0.346710
829 0.253423
894 0.149844
959 0.119253
779 0.081285
844 0.439999
906 0.131287
829 0.231839
1009 0.136828
946 0.464009
737 0.740741
879 0.110039
787 0.248818
1046 0.287671
931 0.141178
850 0.186751
817 0.402730
819 0.336928
837 0.567430
876 0.111592
1008 0.111275
911 0.163105
817 0.065301
