777 0.997972
917 0.227009
1003 0.821704
785 4.207299
766 0.928574
764 4.122875
859 0.184224
969 1.678040
1008 1.689003
781 2.322408
868 0.237121
935 0.870968
890 0.303694
937 0.351791
809 1.176241
867 0.813076
810 0.375427
718 0.239343
808 0.882980
838 0.988212
674 14.068229
800 0.422286
824 2.825147
790 1.275672
906 0.973176
835 1.185883
918 0.549077
703 0.422968
802 1.399452
992 3.853115
823 0.289271
967 2.017694
810 0.520407
888 0.592509
858 1.042895
946 3.363662
720 1.084414
855 2.031019
850 0.169586
780 0.487963
888 0.140594
1074 0.966459
845 1.112136
856 2.553841
838 0.354488
884 0.564840
924 0.902619
948 1.848391
852 0.371380
893 0.552899
