777 1.813541
917 0.395027
1003 1.467591
785 7.514015
766 1.667437
764 7.593236
859 0.327306
969 3.020128
1008 3.065754
781 4.274370
868 0.417239
935 1.570264
890 0.542965
937 0.603864
809 2.128620
867 1.447992
810 0.669524
718 0.410425
808 1.568525
838 1.754636
674 26.115926
800 0.745972
824 4.925262
790 2.281141
906 1.742500
835 2.100276
918 0.976993
703 0.742588
802 2.544484
992 6.974111
823 0.513171
967 3.659495
810 0.923179
888 1.027736
858 1.896832
946 6.116061
720 1.960615
855 3.674827
850 0.286325
780 0.897040
888 0.232314
1074 1.724917
845 2.002459
856 4.592429
838 0.759343
884 1.009710
924 1.639975
948 3.346278
852 0.663349
893 0.978405
