1015 0.050581
847 0.040762
942 0.057583
770 0.070091
799 0.036164
867 0.026156
877 0.075242
787 0.012779
937 0.083256
949 0.055872
638 0.028096
787 0.088316
711 0.026948
876 0.239731
821 0.036676
786 0.018417
876 0.107819
910 0.152946
809 0.066140
690 0.173978
849 0.048428
715 0.031067
908 0.035098
831 0.040129
724 0.084157
748 0.201677
880 0.040334
814 0.083207
829 0.058270
894 0.033528
959 0.031693
779 0.021242
844 0.099005
906 0.030043
829 0.055884
1009 0.032434
946 0.115814
737 0.160738
879 0.028368
787 0.059884
1046 0.065731
931 0.033136
850 0.044532
817 0.090403
819 0.078998
837 0.126570
876 0.026099
1008 0.026344
911 0.035597
817 0.015567
