777 0.665757
917 0.148895
1003 0.545898
785 2.699275
766 0.620932
764 2.764479
859 0.121970
969 1.135338
1008 1.125780
781 1.557463
868 0.157028
935 0.579274
890 0.202722
937 0.214679
809 0.780887
867 0.530114
810 0.252093
718 0.160366
808 0.588810
838 0.638384
674 9.389681
800 0.282191
824 1.760857
790 0.846007
906 0.643001
835 0.779311
918 0.366456
703 0.280179
802 0.921991
992 2.534935
823 0.191707
967 1.340445
810 0.347965
888 0.382546
858 0.692284
946 2.233306
720 0.722923
855 1.347713
850 0.112462
780 0.319252
888 0.093088
1074 0.633059
845 0.734501
856 1.659857
838 0.278249
884 0.362903
924 0.598354
948 1.231220
852 0.245879
893 0.359758
