1015 0.059190
847 0.047139
942 0.068555
770 0.082391
799 0.042687
867 0.030295
877 0.089146
787 0.014949
937 0.096217
949 0.064942
638 0.030328
787 0.079007
711 0.032329
876 0.285115
821 0.039922
786 0.022227
876 0.127089
910 0.183831
809 0.074010
690 0.206857
849 0.054512
715 0.036459
908 0.041075
831 0.047369
724 0.083833
748 0.243365
880 0.045712
814 0.096982
829 0.069289
894 0.039343
959 0.036491
779 0.022831
844 0.120398
906 0.035502
829 0.064604
1009 0.038234
946 0.132598
737 0.192946
879 0.031258
787 0.069545
1046 0.078189
931 0.039283
850 0.051502
817 0.109574
819 0.092086
837 0.152327
876 0.033513
1008 0.030953
911 0.042504
817 0.017951
