1015 0.071703
847 0.055835
942 0.085061
770 0.099834
799 0.053128
867 0.036285
877 0.111077
787 0.018031
937 0.117855
949 0.081712
638 0.035962
787 0.095481
711 0.040375
876 0.350779
821 0.048078
786 0.027556
876 0.157716
910 0.229007
809 0.093032
690 0.261408
849 0.066008
715 0.045309
908 0.050069
831 0.057330
724 0.104846
748 0.301820
880 0.055837
814 0.119549
829 0.086444
894 0.050182
959 0.041165
779 0.027825
844 0.145726
906 0.043974
829 0.079808
1009 0.047204
946 0.158647
737 0.248973
879 0.037259
787 0.085258
1046 0.097141
931 0.047714
850 0.063117
817 0.136156
819 0.113868
837 0.189384
876 0.040858
1008 0.037928
911 0.051871
817 0.022195
