777 0.272843
917 0.064220
1003 0.220320
785 1.107053
766 0.255090
764 1.129377
859 0.051437
969 0.471400
1008 0.464594
781 0.647359
868 0.066205
935 0.237165
890 0.088637
937 0.090087
809 0.321712
867 0.223620
810 0.105678
718 0.065528
808 0.237358
838 0.261743
674 3.865892
800 0.118778
824 0.724334
790 0.344601
906 0.263967
835 0.323421
918 0.153184
703 0.114579
802 0.391403
992 1.045131
823 0.080123
967 0.557130
810 0.142491
888 0.160560
858 0.291895
946 0.914852
720 0.299872
855 0.567420
850 0.046936
780 0.131660
888 0.040799
1074 0.262165
845 0.312598
856 0.703916
838 0.119268
884 0.155745
924 0.249161
948 0.499646
852 0.102676
893 0.155972
