777 2.396826
917 0.975285
1003 2.168949
785 8.801037
766 2.474259
764 12.178034
859 0.670003
969 4.170294
1008 4.658751
781 7.022791
868 0.895667
935 2.048822
890 0.817308
937 0.846280
809 3.677703
867 2.262545
810 1.125998
718 0.725856
808 2.270129
838 2.797634
674 33.575649
800 1.519981
824 7.184392
790 4.580701
906 2.375409
835 3.129119
918 1.426983
703 1.749815
802 3.423771
992 9.672844
823 0.695430
967 4.808003
810 1.455269
888 1.922182
858 2.452265
946 8.178673
720 2.399368
855 4.626553
850 0.777402
780 1.211818
888 0.615445
1074 2.680992
845 3.172548
856 4.835458
838 0.766965
884 1.874181
924 2.067088
948 6.510577
852 0.879676
893 1.640368
