777 0.986181
917 0.226341
1003 0.822988
785 4.200398
766 0.932802
764 4.143322
859 0.185434
969 1.687361
1008 1.696105
781 2.328345
868 0.238498
935 0.869599
890 0.304297
937 0.351852
809 1.176897
867 0.813771
810 0.375801
718 0.239463
808 0.884295
838 0.987649
674 14.090370
800 0.420299
824 2.825051
790 1.272241
906 0.969017
835 1.177435
918 0.548252
703 0.418455
802 1.394626
992 3.842238
823 0.286647
967 2.012832
810 0.518836
888 0.590877
858 1.033278
946 3.349182
720 1.080086
855 2.019327
850 0.168309
780 0.485198
888 0.139965
1074 0.962714
845 1.104324
856 2.544005
838 0.351576
884 0.561496
924 0.895917
948 1.847564
852 0.366279
893 0.545527
