991 7.823346
881 20.544795
927 36.560645
997 51.271847
937 5.217642
962 5.030200
870 15.875525
920 49.554303
932 4.241571
934 13.196716
865 6.041493
875 6.222569
919 26.612549
999 5.781296
897 6.997475
827 53.886715
842 16.367556
1006 10.042185
885 4.235859
884 19.867456
907 4.925176
870 6.351033
1020 3.683771
889 7.472592
842 15.406443
855 11.642099
836 7.416022
997 45.454728
925 4.701423
965 15.548294
854 19.889541
693 4.958294
908 8.705094
944 3.517105
1005 10.450543
976 9.758337
902 17.537191
851 7.166401
887 7.190276
946 5.225064
945 31.512413
828 26.271371
858 11.681666
885 10.069889
863 7.143066
1057 8.457087
852 3.262734
837 15.566143
876 43.552431
862 27.071608
