1015 0.466501
847 0.374513
942 0.576427
770 0.764963
799 0.410479
867 0.385777
877 0.962487
787 0.137372
937 0.833514
949 0.744570
638 0.237197
787 0.668109
711 0.409086
876 2.347430
821 0.333122
786 0.251245
876 1.123396
910 1.743794
809 0.835806
690 1.630114
849 0.381511
715 0.299600
908 0.465881
831 0.418376
724 0.762233
748 2.129194
880 0.331644
814 0.705873
829 0.787929
894 0.394553
959 0.296373
779 0.180062
844 1.246274
906 0.311075
829 0.613542
1009 0.337077
946 1.098863
737 1.947175
879 0.230731
787 0.586355
1046 0.800700
931 0.379558
850 0.435378
817 0.997687
819 0.787091
837 1.288048
876 0.340692
1008 0.224925
911 0.309974
817 0.175923
