1015 0.206083
847 0.169924
942 0.260777
770 0.294208
799 0.157284
867 0.099797
877 0.326137
787 0.052124
937 0.345875
949 0.240758
638 0.106044
787 0.284575
711 0.129265
876 1.031886
821 0.137139
786 0.080053
876 0.461918
910 0.673770
809 0.274175
690 0.763706
849 0.187068
715 0.130357
908 0.150608
831 0.163094
724 0.310131
748 0.893045
880 0.157876
814 0.347376
829 0.252034
894 0.148874
959 0.119253
779 0.081464
844 0.441825
906 0.131653
829 0.233183
1009 0.137464
946 0.465736
737 0.741777
879 0.109346
787 0.248242
1046 0.287931
931 0.140867
850 0.187460
817 0.402647
819 0.337086
837 0.564571
876 0.111963
1008 0.111875
911 0.163189
817 0.064880
