777 0.230971
917 0.054084
1003 0.186939
785 0.940161
766 0.220720
764 0.953775
859 0.048708
969 0.400874
1008 0.395994
781 0.552592
868 0.056995
935 0.203293
890 0.075291
937 0.076980
809 0.276689
867 0.193335
810 0.089953
718 0.055948
808 0.204390
838 0.222892
674 3.268311
800 0.101733
824 0.616074
790 0.289731
906 0.222746
835 0.276559
918 0.131712
703 0.098956
802 0.336365
992 0.881929
823 0.068711
967 0.470215
810 0.140816
888 0.134727
858 0.250204
946 0.778797
720 0.257346
855 0.489800
850 0.039489
780 0.127673
888 0.034595
1074 0.222830
845 0.263699
856 0.592579
838 0.095650
884 0.138202
924 0.219584
948 0.423081
852 0.088665
893 0.136255
