991 2.667047
881 8.991069
927 8.196730
997 21.598245
937 1.359084
962 2.171380
870 6.664826
920 16.791024
932 1.599241
934 5.960140
865 2.224405
875 2.497055
919 12.542356
999 2.032707
897 2.434832
827 14.779747
842 7.745896
1006 4.060823
885 0.967045
884 7.529535
907 1.709245
870 2.796834
1020 1.841717
889 2.285823
842 7.071802
855 5.372560
836 1.459346
997 17.830920
925 1.912074
965 7.277807
854 9.575716
693 2.063118
908 4.092638
944 1.150520
1005 4.606794
976 4.366557
902 5.931948
851 1.674658
887 2.485355
946 2.374595
945 11.393568
828 11.183115
858 4.933138
885 4.025181
863 2.090689
1057 3.251449
852 1.435208
837 6.984054
876 18.684352
862 10.662045
