991 0.682982
881 2.429803
927 2.197903
997 5.528918
937 0.377725
962 0.585018
870 2.109595
920 4.624586
932 0.440835
934 1.608896
865 0.576820
875 0.692374
919 3.493447
999 0.581508
897 0.687897
827 4.052322
842 2.132882
1006 1.035657
885 0.269227
884 2.069941
907 0.471797
870 0.768952
1020 0.524609
889 0.628843
842 1.941069
855 1.513402
836 0.399787
997 4.968582
925 0.477602
965 1.904746
854 2.592304
693 0.533621
908 1.120958
944 0.319020
1005 1.282732
976 1.240378
902 1.632542
851 0.458575
887 0.697013
946 0.664961
945 3.136698
828 3.098457
858 1.402424
885 1.102492
863 0.585073
1057 0.871923
852 0.381014
837 2.400973
876 5.200426
862 2.859007
