991 4.799971
881 16.083362
927 14.724618
997 37.958696
937 2.419990
962 3.836059
870 11.990415
920 30.421532
932 2.825400
934 10.669706
865 3.880244
875 4.480100
919 22.811774
999 3.644897
897 4.334360
827 27.015175
842 14.236156
1006 7.147609
885 1.717780
884 13.955327
907 3.135201
870 5.111670
1020 3.342431
889 4.159350
842 13.026610
855 9.856448
836 2.646047
997 33.168031
925 3.516999
965 13.300373
854 17.497349
693 3.687678
908 7.344049
944 2.049923
1005 8.445455
976 7.996989
902 10.870246
851 3.017691
887 4.670079
946 4.288735
945 20.938104
828 20.376923
858 9.035776
885 7.295737
863 3.692508
1057 5.897029
852 2.569551
837 12.780461
876 34.735928
862 19.526703
