777 1.775147
917 0.395754
1003 1.469461
785 7.513625
766 1.651571
764 7.566620
859 0.328354
969 3.031456
1008 3.081894
781 4.298817
868 0.416626
935 1.572144
890 0.538196
937 0.601665
809 2.136032
867 1.453395
810 0.671520
718 0.413090
808 1.570749
838 1.756191
674 26.275568
800 0.746675
824 4.940879
790 2.294010
906 1.752042
835 2.120744
918 0.989793
703 0.745563
802 2.565147
992 7.026738
823 0.515842
967 3.690153
810 0.935458
888 1.035042
858 1.905716
946 6.142670
720 1.978705
855 3.696154
850 0.288468
780 0.902127
888 0.235963
1074 1.724524
845 2.009184
856 4.600144
838 0.758203
884 1.014441
924 1.649621
948 3.355350
852 0.661499
893 0.988023
