777 0.989010
917 0.227110
1003 0.821540
785 4.200228
766 0.926277
764 4.116593
859 0.183765
969 1.681416
1008 1.692354
781 2.328444
868 0.237686
935 0.867475
890 0.304249
937 0.352086
809 1.173381
867 0.810395
810 0.375551
718 0.238485
808 0.884211
838 0.992845
674 14.092310
800 0.420963
824 2.830192
790 1.269458
906 0.967379
835 1.178805
918 0.547793
703 0.418530
802 1.390034
992 3.831884
823 0.287244
967 1.999386
810 0.517580
888 0.588585
858 1.037828
946 3.354952
720 1.079286
855 2.023393
850 0.168953
780 0.485359
888 0.138818
1074 0.965011
845 1.108943
856 2.547253
838 0.352991
884 0.559052
924 0.894925
948 1.849880
852 0.365956
893 0.547718
