1015 0.469527
847 0.374763
942 0.577468
770 0.763896
799 0.408889
867 0.382497
877 0.965979
787 0.137267
937 0.829733
949 0.746465
638 0.238103
787 0.668042
711 0.410429
876 2.344186
821 0.332824
786 0.252532
876 1.129714
910 1.739147
809 0.831181
690 1.633734
849 0.381775
715 0.299317
908 0.465793
831 0.420615
724 0.763309
748 2.127518
880 0.332349
814 0.709744
829 0.788873
894 0.393983
959 0.299494
779 0.180165
844 1.251741
906 0.313176
829 0.615347
1009 0.334462
946 1.096179
737 1.948275
879 0.232122
787 0.586118
1046 0.799448
931 0.383129
850 0.439476
817 0.993449
819 0.789107
837 1.296631
876 0.339127
1008 0.225176
911 0.311364
817 0.175542
