777 0.272609
917 0.064560
1003 0.220064
785 1.100067
766 0.261555
764 1.138170
859 0.050696
969 0.470016
1008 0.467202
781 0.646354
868 0.066938
935 0.238475
890 0.086243
937 0.089560
809 0.328008
867 0.223873
810 0.105309
718 0.066222
808 0.237179
838 0.261956
674 3.850589
800 0.118727
824 0.720999
790 0.343455
906 0.263033
835 0.322392
918 0.152022
703 0.114705
802 0.388400
992 1.041096
823 0.079980
967 0.553715
810 0.146474
888 0.158565
858 0.287198
946 0.916832
720 0.297208
855 0.565682
850 0.046935
780 0.131808
888 0.040857
1074 0.260960
845 0.311305
856 0.704458
838 0.115815
884 0.152747
924 0.247049
948 0.498505
852 0.101843
893 0.154839
