991 1.615222
881 5.844758
927 5.393311
997 13.640518
937 0.905580
962 1.413188
870 4.433123
920 11.200021
932 1.062687
934 3.938144
865 1.381379
875 1.667375
919 8.335433
999 1.324777
897 1.625506
827 9.815230
842 5.159661
1006 2.571900
885 0.649616
884 4.980318
907 1.137168
870 1.861353
1020 1.219620
889 1.513810
842 4.689271
855 3.560759
836 0.965463
997 11.829125
925 1.265662
965 4.822011
854 6.275003
693 1.350635
908 2.623429
944 0.767087
1005 3.051777
976 2.912255
902 3.942210
851 1.100429
887 1.655677
946 1.580269
945 7.590491
828 7.378716
858 3.289337
885 2.673192
863 1.393118
1057 2.126294
852 0.923824
837 4.608658
876 12.441883
862 7.012353
