777 0.657397
917 0.148032
1003 0.541781
785 2.693792
766 0.619977
764 2.758572
859 0.121706
969 1.136221
1008 1.126690
781 1.556158
868 0.156432
935 0.578682
890 0.201510
937 0.213292
809 0.779682
867 0.531018
810 0.250507
718 0.159496
808 0.586084
838 0.639224
674 9.372827
800 0.279615
824 1.764030
790 0.845624
906 0.644412
835 0.781399
918 0.365810
703 0.278937
802 0.918371
992 2.527093
823 0.191471
967 1.334598
810 0.345342
888 0.377750
858 0.686959
946 2.229236
720 0.717397
855 1.343078
850 0.111336
780 0.318980
888 0.092832
1074 0.630562
845 0.735002
856 1.656478
838 0.277435
884 0.360913
924 0.595009
948 1.229657
852 0.244968
893 0.357135
