991 0.823769
881 2.994970
927 2.728896
997 6.901183
937 0.457357
962 0.714452
870 2.259206
920 5.724076
932 0.539334
934 2.002136
865 0.704619
875 0.852188
919 4.289262
999 0.685304
897 0.846150
827 5.006891
842 2.622457
1006 1.273223
885 0.332125
884 2.517229
907 0.575004
870 0.928400
1020 0.617339
889 0.772349
842 2.377174
855 1.828480
836 0.490756
997 5.984029
925 0.585669
965 2.423733
854 3.174581
693 0.633524
908 1.365197
944 0.390644
1005 1.567088
976 1.498953
902 2.008104
851 0.556918
887 0.851330
946 0.821062
945 3.888558
828 3.798774
858 1.694444
885 1.346658
863 0.725746
1057 1.076240
852 0.466978
837 2.401894
876 6.397772
862 3.556440
