777 2.388462
917 0.978910
1003 2.186697
785 8.835928
766 2.472111
764 12.190962
859 0.672698
969 4.168667
1008 4.651699
781 7.035652
868 0.892389
935 2.043800
890 0.815755
937 0.840652
809 3.665975
867 2.264840
810 1.128040
718 0.722752
808 2.261011
838 2.795586
674 33.632060
800 1.521723
824 7.207960
790 4.597228
906 2.368297
835 3.123426
918 1.429865
703 1.745187
802 3.428498
992 9.693089
823 0.697361
967 4.829371
810 1.458176
888 1.925984
858 2.450194
946 8.172704
720 2.393716
855 4.607837
850 0.775414
780 1.209010
888 0.616676
1074 2.675854
845 3.161738
856 4.852785
838 0.763951
884 1.878169
924 2.073476
948 6.474094
852 0.881385
893 1.642898
