1015 0.059790
847 0.046785
942 0.069041
770 0.082204
799 0.042573
867 0.029905
877 0.088834
787 0.014749
937 0.095600
949 0.064788
638 0.030001
787 0.077699
711 0.032591
876 0.277434
821 0.041759
786 0.021948
876 0.125973
910 0.180368
809 0.073674
690 0.204229
849 0.054358
715 0.036164
908 0.040928
831 0.046418
724 0.083502
748 0.237577
880 0.045959
814 0.097550
829 0.068817
894 0.039476
959 0.035281
779 0.022759
844 0.119061
906 0.035464
829 0.065121
1009 0.038476
946 0.132429
737 0.192772
879 0.030201
787 0.071109
1046 0.077709
931 0.039030
850 0.051193
817 0.108531
819 0.090879
837 0.151261
876 0.032874
1008 0.030607
911 0.042404
817 0.017890
