1015 0.059525
847 0.046283
942 0.068647
770 0.082206
799 0.042781
867 0.029837
877 0.088851
787 0.014874
937 0.095582
949 0.065192
638 0.030249
787 0.077564
711 0.032604
876 0.283145
821 0.041440
786 0.021925
876 0.127207
910 0.181608
809 0.073994
690 0.206198
849 0.056197
715 0.035976
908 0.041346
831 0.047043
724 0.083760
748 0.244368
880 0.045934
814 0.096952
829 0.069082
894 0.040023
959 0.033927
779 0.023114
844 0.120776
906 0.035461
829 0.064988
1009 0.038493
946 0.135540
737 0.192424
879 0.030558
787 0.069860
1046 0.078012
931 0.039437
850 0.051140
817 0.108712
819 0.091258
837 0.151739
876 0.032956
1008 0.030589
911 0.042120
817 0.018018
