1015 0.137625
847 0.111208
942 0.174444
770 0.194518
799 0.104557
867 0.067753
877 0.217359
787 0.035047
937 0.230596
949 0.161761
638 0.070874
787 0.189398
711 0.085844
876 0.691594
821 0.092297
786 0.053890
876 0.311998
910 0.451824
809 0.183757
690 0.511420
849 0.126011
715 0.087067
908 0.096231
831 0.109594
724 0.207313
748 0.598679
880 0.106525
814 0.231984
829 0.170482
894 0.098244
959 0.078036
779 0.054403
844 0.293526
906 0.086179
829 0.155909
1009 0.092019
946 0.311129
737 0.488738
879 0.073463
787 0.166239
1046 0.190827
931 0.094957
850 0.125476
817 0.269042
819 0.226520
837 0.379320
876 0.076039
1008 0.074765
911 0.108710
817 0.043369
