991 2.650922
881 8.958342
927 8.176711
997 21.506165
937 1.347371
962 2.156388
870 6.613860
920 16.760314
932 1.592203
934 5.946670
865 2.218528
875 2.493920
919 12.497114
999 2.025906
897 2.430596
827 14.747815
842 7.730659
1006 4.060265
885 0.969019
884 7.489700
907 1.698983
870 2.780497
1020 1.827630
889 2.266040
842 7.042782
855 5.361353
836 1.449759
997 17.774341
925 1.896386
965 7.251601
854 9.575843
693 2.050056
908 4.083806
944 1.137616
1005 4.567069
976 4.331062
902 5.893887
851 1.666216
887 2.475891
946 2.356083
945 11.369376
828 11.156391
858 4.884856
885 3.996707
863 2.083211
1057 3.207531
852 1.420699
837 6.938371
876 18.564679
862 10.561350
