1015 0.206304
847 0.168996
942 0.261689
770 0.294739
799 0.156975
867 0.099310
877 0.325661
787 0.052365
937 0.346090
949 0.241264
638 0.106114
787 0.282297
711 0.129302
876 1.028670
821 0.137365
786 0.079894
876 0.463120
910 0.670181
809 0.273691
690 0.761540
849 0.187067
715 0.130173
908 0.150576
831 0.162928
724 0.310293
748 0.896530
880 0.157806
814 0.346598
829 0.251540
894 0.149179
959 0.119013
779 0.081150
844 0.438842
906 0.131080
829 0.231768
1009 0.136685
946 0.463881
737 0.736959
879 0.109497
787 0.248243
1046 0.287109
931 0.140839
850 0.187483
817 0.402023
819 0.336504
837 0.565197
876 0.111221
1008 0.111176
911 0.162913
817 0.064995
