991 1.629424
881 5.854786
927 5.395833
997 13.600843
937 0.906401
962 1.407675
870 4.435768
920 11.209521
932 1.060809
934 3.945075
865 1.390455
875 1.672892
919 8.383337
999 1.331714
897 1.636619
827 9.839978
842 5.170427
1006 2.576833
885 0.648781
884 4.983949
907 1.135822
870 1.857410
1020 1.220667
889 1.519890
842 4.696982
855 3.562683
836 0.972684
997 11.838388
925 1.263853
965 4.823295
854 6.305407
693 1.350218
908 2.624575
944 0.764541
1005 3.071995
976 2.919016
902 3.939583
851 1.098067
887 1.657802
946 1.577516
945 7.582821
828 7.369486
858 3.288450
885 2.666940
863 1.391481
1057 2.124789
852 0.926899
837 4.618806
876 12.485872
862 7.024543
