777 0.334603
917 0.076561
1003 0.270755
785 1.369336
766 0.316822
764 1.398915
859 0.062123
969 0.580339
1008 0.575833
781 0.789079
868 0.080470
935 0.294596
890 0.103365
937 0.109479
809 0.401058
867 0.271785
810 0.127486
718 0.081480
808 0.297592
838 0.323485
674 4.812722
800 0.144906
824 0.890755
790 0.432209
906 0.327748
835 0.396566
918 0.187338
703 0.141653
802 0.469330
992 1.282660
823 0.097785
967 0.686282
810 0.176151
888 0.195079
858 0.351390
946 1.133214
720 0.366669
855 0.689598
850 0.058041
780 0.162012
888 0.048692
1074 0.322617
845 0.379871
856 0.848955
838 0.141636
884 0.185678
924 0.303570
948 0.626184
852 0.125334
893 0.184913
