1015 0.050356
847 0.041639
942 0.057833
770 0.069490
799 0.035657
867 0.026075
877 0.074527
787 0.012843
937 0.083642
949 0.055024
638 0.026859
787 0.090151
711 0.026927
876 0.236371
821 0.036689
786 0.018328
876 0.107152
910 0.152932
809 0.065972
690 0.174798
849 0.047202
715 0.030493
908 0.034838
831 0.040091
724 0.084772
748 0.200258
880 0.040125
814 0.084383
829 0.057984
894 0.032884
959 0.032091
779 0.020866
844 0.098013
906 0.029909
829 0.054970
1009 0.032528
946 0.114822
737 0.159163
879 0.028640
787 0.059989
1046 0.064848
931 0.033284
850 0.043681
817 0.090417
819 0.077265
837 0.125809
876 0.025681
1008 0.026107
911 0.035745
817 0.015429
