1015 0.072266
847 0.056082
942 0.084920
770 0.099530
799 0.053294
867 0.036338
877 0.110643
787 0.017854
937 0.117828
949 0.081381
638 0.035910
787 0.095396
711 0.040626
876 0.349898
821 0.047923
786 0.027797
876 0.157860
910 0.229727
809 0.092860
690 0.260257
849 0.065869
715 0.045148
908 0.049802
831 0.056925
724 0.104974
748 0.302100
880 0.055445
814 0.119384
829 0.086381
894 0.050082
959 0.041091
779 0.027794
844 0.145921
906 0.043859
829 0.079644
1009 0.047088
946 0.158109
737 0.248251
879 0.037129
787 0.085331
1046 0.097052
931 0.048164
850 0.063117
817 0.136006
819 0.113888
837 0.190072
876 0.040935
1008 0.038058
911 0.052122
817 0.022150
