777 0.667038
917 0.149024
1003 0.544877
785 2.695937
766 0.621469
764 2.753085
859 0.122577
969 1.131380
1008 1.128828
781 1.558926
868 0.157722
935 0.582693
890 0.204226
937 0.214719
809 0.782537
867 0.530700
810 0.251586
718 0.159448
808 0.587321
838 0.640483
674 9.381253
800 0.282083
824 1.761648
790 0.844097
906 0.642932
835 0.779968
918 0.367107
703 0.280303
802 0.923253
992 2.532555
823 0.192255
967 1.340540
810 0.346300
888 0.381001
858 0.692071
946 2.238924
720 0.722400
855 1.352396
850 0.112513
780 0.319456
888 0.093186
1074 0.633976
845 0.739747
856 1.664386
838 0.278234
884 0.362481
924 0.598229
948 1.233233
852 0.246162
893 0.360345
