777 0.230027
917 0.054631
1003 0.188109
785 0.938339
766 0.217890
764 0.960749
859 0.049145
969 0.400308
1008 0.396467
781 0.556189
868 0.056735
935 0.203595
890 0.075606
937 0.076892
809 0.276172
867 0.194384
810 0.088207
718 0.056189
808 0.203057
838 0.225012
674 3.266473
800 0.102705
824 0.615323
790 0.289685
906 0.221733
835 0.274976
918 0.132586
703 0.098649
802 0.337474
992 0.890850
823 0.069263
967 0.472292
810 0.138890
888 0.136375
858 0.249480
946 0.780006
720 0.256731
855 0.490772
850 0.039353
780 0.128650
888 0.034703
1074 0.222822
845 0.265151
856 0.597661
838 0.099497
884 0.137232
924 0.218228
948 0.421949
852 0.089106
893 0.136385
