991 0.680906
881 2.432690
927 2.196626
997 5.560540
937 0.376717
962 0.589442
870 2.076517
920 4.629482
932 0.443715
934 1.615114
865 0.579312
875 0.691162
919 3.463537
999 0.569518
897 0.687863
827 4.114377
842 2.127462
1006 1.030516
885 0.269911
884 2.070315
907 0.473984
870 0.760442
1020 0.523945
889 0.630903
842 1.944926
855 1.493968
836 0.404177
997 4.955438
925 0.478133
965 1.906870
854 2.602059
693 0.521687
908 1.129380
944 0.320570
1005 1.281641
976 1.242194
902 1.625599
851 0.454846
887 0.692313
946 0.692182
945 3.157700
828 3.120318
858 1.402587
885 1.100741
863 0.577831
1057 0.876757
852 0.380826
837 2.399875
876 5.213684
862 2.874283
