777 1.778106
917 0.387330
1003 1.452770
785 7.464146
766 1.645607
764 7.545535
859 0.327654
969 3.017639
1008 3.054539
781 4.277954
868 0.411714
935 1.561936
890 0.538757
937 0.596528
809 2.119399
867 1.433545
810 0.660752
718 0.403149
808 1.546444
838 1.719402
674 25.941742
800 0.746542
824 4.887522
790 2.278161
906 1.732188
835 2.095259
918 0.978283
703 0.737632
802 2.530410
992 6.947688
823 0.509709
967 3.648366
810 0.919943
888 1.024577
858 1.895801
946 6.094449
720 1.960215
855 3.670318
850 0.286688
780 0.905403
888 0.235138
1074 1.723644
845 1.998745
856 4.563043
838 0.756744
884 1.010982
924 1.638294
948 3.336861
852 0.655158
893 0.979188
