991 0.599532
881 2.088063
927 1.882186
997 4.705853
937 0.329650
962 0.515278
870 2.030871
920 3.997389
932 0.386074
934 1.384750
865 0.503763
875 0.597792
919 2.993708
999 0.500370
897 0.577009
827 3.493581
842 1.822872
1006 0.885251
885 0.228707
884 1.801853
907 0.409549
870 0.668140
1020 0.477141
889 0.537964
842 1.657711
855 1.294164
836 0.346946
997 4.271270
925 0.411597
965 1.615558
854 2.228327
693 0.463157
908 0.982468
944 0.273232
1005 1.120491
976 1.098641
902 1.387261
851 0.393167
887 0.597977
946 0.594017
945 2.711297
828 2.836612
858 1.236543
885 0.944308
863 0.502372
1057 0.902789
852 0.323021
837 2.827149
876 4.532757
862 2.441528
