777 0.993433
917 0.227584
1003 0.825138
785 4.219424
766 0.930471
764 4.141048
859 0.185812
969 1.691488
1008 1.699109
781 2.334695
868 0.240250
935 0.869210
890 0.304681
937 0.353783
809 1.177573
867 0.812745
810 0.377341
718 0.239810
808 0.885907
838 0.991260
674 14.122515
800 0.424043
824 2.828558
790 1.271506
906 0.968316
835 1.180362
918 0.549340
703 0.419604
802 1.396612
992 3.844449
823 0.288862
967 2.011435
810 0.521400
888 0.593288
858 1.034933
946 3.367045
720 1.080967
855 2.026104
850 0.168795
780 0.485326
888 0.139361
1074 0.967935
845 1.108256
856 2.547140
838 0.351290
884 0.559437
924 0.899077
948 1.852115
852 0.369494
893 0.547060
