777 0.332427
917 0.075026
1003 0.267935
785 1.361490
766 0.314322
764 1.392956
859 0.061645
969 0.577241
1008 0.572629
781 0.784980
868 0.079988
935 0.291293
890 0.102648
937 0.108684
809 0.399243
867 0.269154
810 0.126281
718 0.080921
808 0.295870
838 0.383460
674 4.793922
800 0.143772
824 0.882357
790 0.427809
906 0.325779
835 0.393335
918 0.185030
703 0.140317
802 0.466430
992 1.277638
823 0.097085
967 0.681056
810 0.174857
888 0.193623
858 0.349072
946 1.127983
720 0.365148
855 0.686725
850 0.057236
780 0.160907
888 0.048063
1074 0.320148
845 0.377621
856 0.842916
838 0.140258
884 0.184145
924 0.301722
948 0.623583
852 0.123901
893 0.183641
