1015 0.059507
847 0.046440
942 0.068185
770 0.081413
799 0.042455
867 0.029827
877 0.088660
787 0.014728
937 0.096721
949 0.066531
638 0.030534
787 0.091431
711 0.032444
876 0.279074
821 0.041576
786 0.022016
876 0.126267
910 0.180900
809 0.074016
690 0.205769
849 0.055050
715 0.036381
908 0.040569
831 0.047276
724 0.083703
748 0.240196
880 0.045822
814 0.098003
829 0.069905
894 0.040226
959 0.035153
779 0.023974
844 0.120221
906 0.035283
829 0.065149
1009 0.038324
946 0.133021
737 0.192154
879 0.030667
787 0.069842
1046 0.077591
931 0.039355
850 0.051160
817 0.109611
819 0.091797
837 0.151831
876 0.032782
1008 0.030900
911 0.042653
817 0.018154
