1015 0.072096
847 0.055466
942 0.084521
770 0.099003
799 0.052540
867 0.035982
877 0.110197
787 0.017737
937 0.117053
949 0.080622
638 0.035436
787 0.094688
711 0.040289
876 0.348258
821 0.047559
786 0.027361
876 0.156737
910 0.229036
809 0.092421
690 0.260000
849 0.065310
715 0.045023
908 0.049652
831 0.056752
724 0.104263
748 0.300536
880 0.055312
814 0.118361
829 0.085784
894 0.049651
959 0.040689
779 0.027582
844 0.144756
906 0.043548
829 0.079578
1009 0.046917
946 0.157381
737 0.248207
879 0.037011
787 0.085056
1046 0.097222
931 0.047415
850 0.062665
817 0.135460
819 0.113302
837 0.189055
876 0.040534
1008 0.037755
911 0.051642
817 0.022039
