1015 0.136993
847 0.110705
942 0.174425
770 0.194847
799 0.105317
867 0.067881
877 0.218171
787 0.034858
937 0.231605
949 0.161792
638 0.070885
787 0.189126
711 0.085450
876 0.692636
821 0.092313
786 0.053554
876 0.311864
910 0.448883
809 0.184077
690 0.511481
849 0.126581
715 0.087682
908 0.096553
831 0.109589
724 0.206717
748 0.597874
880 0.105787
814 0.233068
829 0.169749
894 0.098358
959 0.078049
779 0.054508
844 0.293076
906 0.086090
829 0.156457
1009 0.091857
946 0.310863
737 0.488495
879 0.073419
787 0.166499
1046 0.190303
931 0.095058
850 0.125302
817 0.269036
819 0.225708
837 0.378445
876 0.076293
1008 0.074553
911 0.108001
817 0.043479
