1015 0.463266
847 0.370824
942 0.577062
770 0.763303
799 0.406294
867 0.382696
877 0.954627
787 0.136332
937 0.826550
949 0.745104
638 0.235736
787 0.666578
711 0.406613
876 2.328790
821 0.331033
786 0.250653
876 1.121076
910 1.731656
809 0.831041
690 1.628239
849 0.380440
715 0.299567
908 0.462498
831 0.419401
724 0.762486
748 2.121675
880 0.332321
814 0.702437
829 0.785744
894 0.393443
959 0.298124
779 0.180420
844 1.250426
906 0.311060
829 0.610974
1009 0.334062
946 1.092926
737 1.945504
879 0.230170
787 0.585433
1046 0.801297
931 0.380700
850 0.438871
817 0.996633
819 0.781732
837 1.287133
876 0.340308
1008 0.222909
911 0.309774
817 0.174866
