1015 0.206947
847 0.170999
942 0.260968
770 0.293560
799 0.155925
867 0.100074
877 0.326529
787 0.052373
937 0.345364
949 0.239621
638 0.105145
787 0.280564
711 0.128826
876 1.029358
821 0.136248
786 0.079767
876 0.464141
910 0.671522
809 0.273466
690 0.764477
849 0.186530
715 0.130263
908 0.151071
831 0.162294
724 0.309067
748 0.897196
880 0.158136
814 0.347704
829 0.251912
894 0.149317
959 0.118692
779 0.081146
844 0.437846
906 0.130935
829 0.231566
1009 0.136437
946 0.464796
737 0.741172
879 0.109173
787 0.248782
1046 0.287187
931 0.140738
850 0.187054
817 0.402818
819 0.336830
837 0.564224
876 0.111055
1008 0.111303
911 0.163784
817 0.064424
