991 7.811043
881 20.469294
927 36.625351
997 51.373373
937 5.224762
962 5.028035
870 15.914189
920 49.758630
932 4.253254
934 13.252884
865 6.069377
875 6.253217
919 26.685386
999 5.819144
897 6.977231
827 54.075541
842 16.458460
1006 10.063710
885 4.274956
884 19.908632
907 4.925008
870 6.409626
1020 3.683322
889 7.479588
842 15.405987
855 11.649585
836 7.425329
997 45.652243
925 4.710298
965 15.600269
854 19.925309
693 4.962276
908 8.696227
944 3.499445
1005 10.449612
976 9.755191
902 17.670593
851 7.167250
887 7.225547
946 5.241046
945 31.501172
828 26.255629
858 11.749111
885 10.125391
863 7.152366
1057 8.485955
852 3.254202
837 15.649749
876 43.627769
862 27.176468
