777 0.660303
917 0.147161
1003 0.541868
785 2.678571
766 0.615964
764 2.738963
859 0.120510
969 1.129072
1008 1.119931
781 1.550409
868 0.155863
935 0.578774
890 0.201974
937 0.213648
809 0.779732
867 0.529643
810 0.250502
718 0.158919
808 0.584608
838 0.638592
674 9.374566
800 0.281123
824 1.761278
790 0.847960
906 0.642862
835 0.779716
918 0.366771
703 0.278694
802 0.918271
992 2.530816
823 0.191897
967 1.337371
810 0.345517
888 0.381254
858 0.687800
946 2.234070
720 0.719228
855 1.345032
850 0.111660
780 0.317729
888 0.092670
1074 0.630757
845 0.736828
856 1.658902
838 0.275866
884 0.359941
924 0.594186
948 1.232562
852 0.246234
893 0.356953
