777 2.394978
917 0.970831
1003 2.188361
785 8.832384
766 2.477245
764 12.174234
859 0.669638
969 4.164170
1008 4.644953
781 7.023890
868 0.894192
935 2.044410
890 0.813804
937 0.840483
809 3.667082
867 2.249100
810 1.118059
718 0.719936
808 2.246529
838 2.781873
674 33.486724
800 1.517145
824 7.189521
790 4.580674
906 2.369711
835 3.135573
918 1.426240
703 1.749471
802 3.431253
992 9.694936
823 0.703803
967 4.833179
810 1.453203
888 1.923151
858 2.446372
946 8.163235
720 2.399228
855 4.618889
850 0.774804
780 1.208762
888 0.616352
1074 2.669709
845 3.159879
856 4.820835
838 0.765387
884 1.876307
924 2.068968
948 6.461884
852 0.875341
893 1.638347
