991 0.818278
881 2.974427
927 2.719476
997 6.877526
937 0.455310
962 0.710808
870 2.240331
920 5.679397
932 0.536191
934 1.990053
865 0.698708
875 0.848673
919 4.259786
999 0.679026
897 0.842537
827 4.984710
842 2.610454
1006 1.266273
885 0.330119
884 2.496365
907 0.572416
870 0.923316
1020 0.614770
889 0.768318
842 2.376707
855 1.824298
836 0.487161
997 5.974990
925 0.580395
965 2.410195
854 3.150312
693 0.630216
908 1.356366
944 0.388594
1005 1.551857
976 1.493131
902 2.005381
851 0.552488
887 0.848731
946 0.816632
945 3.875562
828 3.779847
858 1.680458
885 1.341834
863 0.721591
1057 1.064266
852 0.462216
837 2.409312
876 6.370194
862 3.537878
