991 4.800020
881 16.091083
927 14.807826
997 38.522280
937 2.458501
962 3.923160
870 12.168514
920 30.902725
932 2.868151
934 10.871698
865 3.921473
875 4.545881
919 23.192978
999 3.686996
897 4.377315
827 27.352790
842 14.179679
1006 7.116240
885 1.699994
884 13.827839
907 3.085195
870 5.087253
1020 3.323275
889 4.147496
842 12.914127
855 9.762094
836 2.629794
997 32.955984
925 3.514296
965 13.249468
854 17.384681
693 3.684344
908 7.358618
944 2.050135
1005 8.426980
976 8.009169
902 10.887461
851 3.024067
887 4.669732
946 4.286803
945 20.851903
828 20.282601
858 9.014919
885 7.260901
863 3.664857
1057 5.902670
852 2.571648
837 12.793428
876 34.646489
862 19.526160
