991 0.690597
881 2.421732
927 2.208223
997 5.549527
937 0.379452
962 0.589492
870 2.076949
920 4.637460
932 0.440817
934 1.623522
865 0.576499
875 0.691585
919 3.487792
999 0.572661
897 0.694778
827 4.102987
842 2.133686
1006 1.033339
885 0.268810
884 2.069272
907 0.477689
870 0.762562
1020 0.529486
889 0.631005
842 1.939075
855 1.498011
836 0.401291
997 4.954281
925 0.478854
965 1.898618
854 2.600844
693 0.531985
908 1.133949
944 0.317759
1005 1.288156
976 1.239850
902 1.627514
851 0.455963
887 0.705942
946 0.668917
945 3.184150
828 3.101698
858 1.400755
885 1.102945
863 0.573857
1057 0.875230
852 0.381638
837 2.410179
876 5.211154
862 2.869274
