777 0.661985
917 0.148832
1003 0.543502
785 2.693603
766 0.622140
764 2.760218
859 0.121781
969 1.131614
1008 1.125637
781 1.557950
868 0.157597
935 0.580794
890 0.203149
937 0.214673
809 0.781487
867 0.531925
810 0.250863
718 0.158968
808 0.587742
838 0.640935
674 9.374529
800 0.282491
824 1.759789
790 0.845727
906 0.641103
835 0.781404
918 0.366773
703 0.279415
802 0.923171
992 2.531180
823 0.191592
967 1.339287
810 0.345882
888 0.382585
858 0.691385
946 2.237162
720 0.722619
855 1.349458
850 0.112280
780 0.319165
888 0.092589
1074 0.633520
845 0.738443
856 1.666191
838 0.277273
884 0.362862
924 0.597997
948 1.233026
852 0.247589
893 0.360036
