991 7.798125
881 20.584733
927 36.677539
997 51.390379
937 5.223547
962 5.027746
870 15.981486
920 49.802620
932 4.283382
934 13.366925
865 6.117702
875 6.247814
919 26.802771
999 5.832080
897 6.988371
827 54.033739
842 16.521755
1006 10.117335
885 4.270864
884 20.011343
907 4.947289
870 6.399086
1020 3.715908
889 7.543348
842 15.504294
855 11.717756
836 7.481230
997 45.793222
925 4.752173
965 15.666399
854 20.035610
693 5.004957
908 8.762382
944 3.523539
1005 10.561645
976 9.866477
902 17.685523
851 7.197430
887 7.262012
946 5.302231
945 31.638188
828 26.476601
858 11.826261
885 10.159026
863 7.171704
1057 8.566140
852 3.294578
837 15.698386
876 43.775402
862 27.318099
