1015 0.059554
847 0.046774
942 0.068435
770 0.081372
799 0.042852
867 0.029745
877 0.089569
787 0.014818
937 0.095675
949 0.065216
638 0.030087
787 0.078695
711 0.032584
876 0.279367
821 0.040801
786 0.022102
876 0.126933
910 0.183776
809 0.073872
690 0.205748
849 0.054786
715 0.036468
908 0.041436
831 0.046583
724 0.088362
748 0.242438
880 0.046452
814 0.096984
829 0.068689
894 0.039562
959 0.036226
779 0.023887
844 0.121065
906 0.035539
829 0.065285
1009 0.038224
946 0.132412
737 0.190280
879 0.030998
787 0.068973
1046 0.077884
931 0.039593
850 0.051399
817 0.108509
819 0.091925
837 0.151937
876 0.033668
1008 0.030737
911 0.042316
817 0.018195
