777 2.381044
917 0.975281
1003 2.182725
785 8.820643
766 2.473270
764 12.164684
859 0.665743
969 4.167591
1008 4.677848
781 7.057097
868 0.896014
935 2.051783
890 0.820778
937 0.846224
809 3.698792
867 2.266205
810 1.128972
718 0.728572
808 2.267059
838 2.804621
674 33.590692
800 1.522863
824 7.199069
790 4.608155
906 2.378228
835 3.125423
918 1.426307
703 1.751867
802 3.435138
992 9.712218
823 0.697891
967 4.823666
810 1.460483
888 1.923602
858 2.445440
946 8.199663
720 2.402548
855 4.603817
850 0.774422
780 1.201351
888 0.616326
1074 2.673498
845 3.186055
856 4.838683
838 0.767452
884 1.873269
924 2.067777
948 6.484313
852 0.876354
893 1.635946
