777 0.231061
917 0.053694
1003 0.188672
785 0.938750
766 0.218258
764 0.960209
859 0.048498
969 0.401573
1008 0.397625
781 0.554528
868 0.056738
935 0.202320
890 0.075242
937 0.076738
809 0.274424
867 0.192015
810 0.088873
718 0.056923
808 0.202089
838 0.225328
674 3.257044
800 0.102736
824 0.617876
790 0.291446
906 0.222819
835 0.274708
918 0.131278
703 0.098916
802 0.337286
992 0.888955
823 0.068826
967 0.473325
810 0.141733
888 0.135306
858 0.250229
946 0.778361
720 0.256295
855 0.483017
850 0.040005
780 0.128033
888 0.035196
1074 0.224496
845 0.265094
856 0.594764
838 0.094607
884 0.138377
924 0.217733
948 0.422930
852 0.088919
893 0.138376
