1015 0.050237
847 0.040631
942 0.058015
770 0.069317
799 0.036080
867 0.025992
877 0.074741
787 0.012767
937 0.082416
949 0.054791
638 0.026937
787 0.089164
711 0.027097
876 0.237504
821 0.036941
786 0.018328
876 0.107431
910 0.152410
809 0.065714
690 0.174240
849 0.047746
715 0.030858
908 0.034719
831 0.039946
724 0.082711
748 0.200211
880 0.040309
814 0.082959
829 0.057894
894 0.032835
959 0.031680
779 0.020917
844 0.098209
906 0.029799
829 0.055461
1009 0.032055
946 0.117251
737 0.158522
879 0.027852
787 0.060270
1046 0.065222
931 0.033614
850 0.044139
817 0.089935
819 0.077987
837 0.126590
876 0.025529
1008 0.025832
911 0.035096
817 0.015414
