1015 0.136687
847 0.110049
942 0.172027
770 0.192448
799 0.104393
867 0.067334
877 0.216170
787 0.034428
937 0.229877
949 0.160033
638 0.070145
787 0.187807
711 0.084692
876 0.684444
821 0.091435
786 0.053030
876 0.308481
910 0.448339
809 0.182857
690 0.510577
849 0.125103
715 0.086878
908 0.095710
831 0.108781
724 0.205667
748 0.593549
880 0.105094
814 0.231118
829 0.168464
894 0.097033
959 0.077099
779 0.054406
844 0.291047
906 0.085278
829 0.154890
1009 0.091127
946 0.309069
737 0.484999
879 0.072706
787 0.165172
1046 0.189797
931 0.093855
850 0.124227
817 0.266979
819 0.223519
837 0.375080
876 0.075153
1008 0.074079
911 0.107207
817 0.042991
