1015 0.467183
847 0.373796
942 0.578800
770 0.765125
799 0.410243
867 0.385428
877 0.962140
787 0.137263
937 0.831833
949 0.747149
638 0.236666
787 0.665561
711 0.410441
876 2.338951
821 0.331690
786 0.251788
876 1.123429
910 1.744121
809 0.839022
690 1.633488
849 0.381301
715 0.300164
908 0.466511
831 0.420611
724 0.768431
748 2.143985
880 0.333318
814 0.706924
829 0.785425
894 0.394456
959 0.296808
779 0.180773
844 1.253372
906 0.313208
829 0.611215
1009 0.334398
946 1.097584
737 1.950367
879 0.231947
787 0.585994
1046 0.797922
931 0.378605
850 0.438221
817 0.996986
819 0.785950
837 1.287866
876 0.339402
1008 0.224670
911 0.310582
817 0.175362
