777 0.334186
917 0.076621
1003 0.270507
785 1.373341
766 0.315960
764 1.414128
859 0.062458
969 0.579217
1008 0.575411
781 0.789445
868 0.080746
935 0.293359
890 0.103563
937 0.109120
809 0.398896
867 0.270020
810 0.126692
718 0.080844
808 0.297099
838 0.322552
674 4.786737
800 0.145097
824 0.884771
790 0.429454
906 0.325598
835 0.394978
918 0.186066
703 0.141089
802 0.467886
992 1.274284
823 0.097063
967 0.682079
810 0.175092
888 0.194527
858 0.350893
946 1.126883
720 0.364318
855 0.688216
850 0.057640
780 0.161284
888 0.048529
1074 0.320746
845 0.378760
856 0.844496
838 0.141028
884 0.184795
924 0.302949
948 0.624710
852 0.124713
893 0.184026
