777 0.663856
917 0.147861
1003 0.542514
785 2.689769
766 0.621648
764 2.757950
859 0.121642
969 1.132345
1008 1.123572
781 1.554996
868 0.157452
935 0.580079
890 0.203473
937 0.214423
809 0.781393
867 0.531714
810 0.251902
718 0.160296
808 0.587056
838 0.639078
674 9.375453
800 0.282102
824 1.758807
790 0.844220
906 0.640121
835 0.778792
918 0.366332
703 0.279306
802 0.919020
992 2.522436
823 0.193856
967 1.333254
810 0.344106
888 0.380648
858 0.690974
946 2.223963
720 0.717760
855 1.348875
850 0.112081
780 0.318872
888 0.092520
1074 0.633980
845 0.737572
856 1.667353
838 0.279368
884 0.363604
924 0.598603
948 1.232315
852 0.245045
893 0.359238
