1015 0.206913
847 0.169580
942 0.260591
770 0.293612
799 0.157101
867 0.100076
877 0.326615
787 0.052333
937 0.345603
949 0.239945
638 0.105558
787 0.280849
711 0.129882
876 1.030294
821 0.136977
786 0.079297
876 0.465634
910 0.671178
809 0.273008
690 0.763816
849 0.187571
715 0.130662
908 0.150153
831 0.163077
724 0.307858
748 0.894528
880 0.157317
814 0.345557
829 0.252851
894 0.148814
959 0.119011
779 0.080472
844 0.438746
906 0.130740
829 0.232426
1009 0.137004
946 0.465799
737 0.740948
879 0.109285
787 0.248276
1046 0.287294
931 0.140530
850 0.186118
817 0.402518
819 0.336668
837 0.565802
876 0.110744
1008 0.110648
911 0.163429
817 0.065292
