777 0.230473
917 0.053906
1003 0.188462
785 0.935304
766 0.217786
764 0.960927
859 0.048217
969 0.398473
1008 0.395198
781 0.553878
868 0.056765
935 0.203339
890 0.075123
937 0.076646
809 0.276678
867 0.192850
810 0.088725
718 0.055978
808 0.201873
838 0.224396
674 3.274317
800 0.101931
824 0.614615
790 0.290777
906 0.221003
835 0.275042
918 0.131631
703 0.099324
802 0.335812
992 0.883017
823 0.068875
967 0.475220
810 0.141637
888 0.134885
858 0.250068
946 0.781332
720 0.256199
855 0.479333
850 0.040348
780 0.128558
888 0.035499
1074 0.222909
845 0.264496
856 0.595847
838 0.098542
884 0.137993
924 0.218725
948 0.420528
852 0.089751
893 0.135409
