991 1.608191
881 5.810033
927 5.362810
997 13.537310
937 0.904804
962 1.402156
870 4.406973
920 11.137001
932 1.054334
934 3.914855
865 1.376084
875 1.664703
919 8.305247
999 1.315609
897 1.624045
827 9.764757
842 5.128978
1006 2.559850
885 0.642720
884 4.953407
907 1.131199
870 1.854807
1020 1.215207
889 1.511239
842 4.677785
855 3.546345
836 0.962797
997 11.797240
925 1.253790
965 4.790052
854 6.277869
693 1.340173
908 2.608387
944 0.758622
1005 3.036450
976 2.894324
902 3.910251
851 1.088166
887 1.642327
946 1.563043
945 7.555252
828 7.325745
858 3.262907
885 2.650997
863 1.379346
1057 2.103323
852 0.916415
837 4.586768
876 12.412131
862 6.978267
