991 7.825509
881 20.449911
927 36.492458
997 51.208836
937 5.180545
962 5.010852
870 15.906713
920 49.632816
932 4.268562
934 13.224984
865 6.049236
875 6.258793
919 26.620737
999 5.817135
897 6.980427
827 54.023821
842 16.465110
1006 10.072791
885 4.262056
884 19.845671
907 4.910081
870 6.390175
1020 3.695756
889 7.493456
842 15.428114
855 11.669537
836 7.421227
997 45.542404
925 4.712587
965 15.559010
854 19.955124
693 4.981288
908 8.715799
944 3.503902
1005 10.425505
976 9.739693
902 17.632988
851 7.168002
887 7.187255
946 5.249556
945 31.558840
828 26.324042
858 11.773079
885 10.107512
863 7.159358
1057 8.487254
852 3.256028
837 15.610801
876 43.555019
862 27.122884
