991 2.669852
881 8.947056
927 8.176333
997 21.479423
937 1.348090
962 2.156857
870 6.595762
920 16.716954
932 1.587724
934 5.959436
865 2.217074
875 2.493772
919 12.503233
999 2.024843
897 2.423292
827 14.726531
842 7.717989
1006 4.049036
885 0.964323
884 7.486868
907 1.702083
870 2.782458
1020 1.826200
889 2.270993
842 7.033975
855 5.342448
836 1.449432
997 17.741747
925 1.897374
965 7.221257
854 9.540049
693 2.048891
908 4.083574
944 1.137054
1005 4.555799
976 4.332440
902 5.883266
851 1.665498
887 2.470004
946 2.352074
945 11.311963
828 11.113616
858 4.891599
885 3.988155
863 2.080897
1057 3.211612
852 1.419051
837 6.931581
876 18.556327
862 10.578995
