777 0.989600
917 0.229045
1003 0.817249
785 4.219353
766 0.930848
764 4.133430
859 0.185349
969 1.686377
1008 1.700126
781 2.325643
868 0.237856
935 0.868957
890 0.302972
937 0.351705
809 1.168946
867 0.806164
810 0.376146
718 0.239906
808 0.884504
838 0.988456
674 14.101399
800 0.420621
824 2.820160
790 1.266282
906 0.965551
835 1.178389
918 0.549719
703 0.418568
802 1.389077
992 3.835958
823 0.286453
967 2.004359
810 0.517430
888 0.589326
858 1.034689
946 3.359966
720 1.081068
855 2.025683
850 0.168280
780 0.486272
888 0.139855
1074 0.960961
845 1.106521
856 2.545104
838 0.352570
884 0.557438
924 0.895605
948 1.846180
852 0.368673
893 0.547460
