1015 0.059773
847 0.046051
942 0.069093
770 0.081597
799 0.042585
867 0.029715
877 0.089048
787 0.014772
937 0.095677
949 0.066051
638 0.030016
787 0.076913
711 0.032281
876 0.283926
821 0.040630
786 0.022004
876 0.125795
910 0.181820
809 0.073162
690 0.207299
849 0.054056
715 0.036281
908 0.041080
831 0.046811
724 0.082974
748 0.241587
880 0.045534
814 0.098696
829 0.068880
894 0.039464
959 0.033926
779 0.023620
844 0.120851
906 0.035022
829 0.064703
1009 0.038548
946 0.132917
737 0.192243
879 0.030074
787 0.069430
1046 0.077731
931 0.039480
850 0.051094
817 0.109037
819 0.091719
837 0.151800
876 0.033545
1008 0.030825
911 0.042492
817 0.018169
