777 1.787466
917 0.391891
1003 1.463882
785 7.479435
766 1.652229
764 7.571978
859 0.325814
969 3.004279
1008 3.069103
781 4.256596
868 0.411763
935 1.568999
890 0.537908
937 0.594148
809 2.121435
867 1.438693
810 0.665042
718 0.407152
808 1.556503
838 1.739747
674 26.044512
800 0.742030
824 4.901974
790 2.289461
906 1.745506
835 2.113642
918 0.981734
703 0.742273
802 2.547940
992 6.997619
823 0.513240
967 3.666620
810 0.924860
888 1.028045
858 1.900270
946 6.127152
720 1.961542
855 3.686810
850 0.289603
780 0.904844
888 0.234769
1074 1.725624
845 1.997496
856 4.567883
838 0.756803
884 1.005159
924 1.627942
948 3.285384
852 0.650472
893 0.970394
