1015 0.358133
847 0.295545
942 0.450543
770 0.515162
799 0.267464
867 0.161958
877 0.566377
787 0.086504
937 0.616462
949 0.419085
638 0.182163
787 0.514426
711 0.226750
876 1.890504
821 0.240878
786 0.136271
876 0.830528
910 1.214277
809 0.481682
690 1.385936
849 0.335883
715 0.220003
908 0.257649
831 0.282283
724 0.552329
748 1.625795
880 0.279888
814 0.625394
829 0.441569
894 0.255739
959 0.203493
779 0.138634
844 0.795651
906 0.222992
829 0.423655
1009 0.238597
946 0.843176
737 1.348564
879 0.190804
787 0.441119
1046 0.496842
931 0.241971
850 0.330129
817 0.717054
819 0.591923
837 1.026290
876 0.184368
1008 0.190628
911 0.288712
817 0.110831
