991 4.827018
881 16.215556
927 14.897144
997 38.232750
937 2.436162
962 3.896190
870 12.103135
920 30.782750
932 2.863192
934 10.821329
865 3.899175
875 4.532812
919 23.032973
999 3.668569
897 4.378710
827 27.221515
842 14.147108
1006 7.125995
885 1.721689
884 13.866416
907 3.111407
870 5.073180
1020 3.338516
889 4.137465
842 12.948182
855 9.789588
836 2.647041
997 33.018878
925 3.498424
965 13.245326
854 17.409342
693 3.659877
908 7.314340
944 2.040277
1005 8.375900
976 7.923796
902 10.846295
851 3.000898
887 4.658702
946 4.262531
945 20.870986
828 20.294359
858 8.964985
885 7.264571
863 3.668753
1057 5.875295
852 2.555574
837 12.640480
876 34.426824
862 19.400981
