1015 0.059703
847 0.046611
942 0.067990
770 0.082396
799 0.042729
867 0.029574
877 0.088986
787 0.014759
937 0.095179
949 0.066021
638 0.029763
787 0.077993
711 0.032250
876 0.278573
821 0.039905
786 0.022246
876 0.125924
910 0.180120
809 0.073729
690 0.204900
849 0.053806
715 0.036232
908 0.040420
831 0.046328
724 0.084293
748 0.239139
880 0.045892
814 0.097101
829 0.068860
894 0.040161
959 0.035904
779 0.023879
844 0.120498
906 0.035168
829 0.064099
1009 0.038434
946 0.132441
737 0.192070
879 0.030606
787 0.070876
1046 0.078148
931 0.038929
850 0.051109
817 0.108632
819 0.091137
837 0.151411
876 0.032923
1008 0.030609
911 0.042198
817 0.018135
