991 0.595510
881 2.091166
927 1.879587
997 4.707928
937 0.328937
962 0.510601
870 2.031402
920 3.991661
932 0.387593
934 1.388866
865 0.504563
875 0.599208
919 2.988018
999 0.498317
897 0.575280
827 3.475501
842 1.813062
1006 0.894452
885 0.226991
884 1.796058
907 0.405318
870 0.664039
1020 0.472863
889 0.538823
842 1.649486
855 1.288096
836 0.347621
997 4.248097
925 0.412369
965 1.611742
854 2.226085
693 0.461703
908 0.984398
944 0.272066
1005 1.115578
976 1.091810
902 1.394910
851 0.392120
887 0.608380
946 0.594021
945 2.698675
828 2.854581
858 1.235795
885 0.941987
863 0.505331
1057 0.895512
852 0.319387
837 2.812290
876 4.455005
862 2.419048
