1015 0.206789
847 0.168717
942 0.261237
770 0.294700
799 0.156371
867 0.100112
877 0.327959
787 0.052854
937 0.346387
949 0.241264
638 0.105593
787 0.282778
711 0.129199
876 1.035346
821 0.137177
786 0.080257
876 0.466507
910 0.674141
809 0.273667
690 0.763063
849 0.186990
715 0.131200
908 0.151723
831 0.163395
724 0.310611
748 0.895500
880 0.158265
814 0.347907
829 0.253300
894 0.149337
959 0.119845
779 0.081128
844 0.442369
906 0.132037
829 0.233080
1009 0.136815
946 0.464760
737 0.743934
879 0.110090
787 0.248708
1046 0.288009
931 0.141950
850 0.188037
817 0.403213
819 0.339456
837 0.565028
876 0.111323
1008 0.110871
911 0.163438
817 0.065331
