777 0.334715
917 0.076431
1003 0.270391
785 1.368782
766 0.317013
764 1.402279
859 0.062029
969 0.580758
1008 0.575491
781 0.788409
868 0.080521
935 0.294293
890 0.103440
937 0.109506
809 0.400376
867 0.270803
810 0.127579
718 0.081439
808 0.299150
838 0.324389
674 4.811649
800 0.145118
824 0.889657
790 0.430656
906 0.326463
835 0.396881
918 0.187018
703 0.141577
802 0.469073
992 1.280329
823 0.097204
967 0.686132
810 0.176242
888 0.196040
858 0.351445
946 1.133455
720 0.366543
855 0.690827
850 0.058012
780 0.162017
888 0.048506
1074 0.321927
845 0.380972
856 0.849740
838 0.142217
884 0.185781
924 0.303764
948 0.626978
852 0.125053
893 0.184961
