991 1.626383
881 5.839913
927 5.384230
997 13.646132
937 0.906250
962 1.408946
870 4.435045
920 11.211455
932 1.060084
934 3.931747
865 1.381999
875 1.663833
919 8.356351
999 1.330190
897 1.627936
827 9.834966
842 5.159508
1006 2.580169
885 0.646338
884 4.986135
907 1.140668
870 1.867545
1020 1.224997
889 1.523322
842 4.693901
855 3.563093
836 0.967585
997 11.845957
925 1.265585
965 4.815636
854 6.288068
693 1.349252
908 2.622718
944 0.763359
1005 3.062897
976 2.910499
902 3.937510
851 1.099477
887 1.658555
946 1.582565
945 7.579494
828 7.371870
858 3.279868
885 2.668471
863 1.391069
1057 2.119710
852 0.922458
837 4.616603
876 12.449142
862 7.017467
