777 0.992739
917 0.228646
1003 0.825794
785 4.211864
766 0.932504
764 4.129507
859 0.185233
969 1.690509
1008 1.697148
781 2.334848
868 0.239026
935 0.869131
890 0.304555
937 0.355110
809 1.175875
867 0.810860
810 0.376778
718 0.239740
808 0.885553
838 0.991338
674 14.118853
800 0.424106
824 2.828476
790 1.270804
906 0.969727
835 1.178756
918 0.551824
703 0.419902
802 1.395384
992 3.845295
823 0.289008
967 2.012997
810 0.520786
888 0.589830
858 1.036070
946 3.362206
720 1.083427
855 2.027104
850 0.169059
780 0.486232
888 0.140158
1074 0.968541
845 1.108918
856 2.553727
838 0.355438
884 0.563619
924 0.901108
948 1.851426
852 0.368243
893 0.551830
