1015 0.071851
847 0.055555
942 0.084777
770 0.099234
799 0.053180
867 0.036291
877 0.110696
787 0.017895
937 0.117880
949 0.081193
638 0.035824
787 0.095170
711 0.040737
876 0.350992
821 0.048109
786 0.027653
876 0.157959
910 0.229453
809 0.093021
690 0.260935
849 0.065977
715 0.045394
908 0.049956
831 0.057314
724 0.105368
748 0.302480
880 0.055817
814 0.119695
829 0.086361
894 0.050323
959 0.041216
779 0.027849
844 0.146158
906 0.043902
829 0.080111
1009 0.047203
946 0.158650
737 0.249323
879 0.037272
787 0.085758
1046 0.097637
931 0.048258
850 0.063236
817 0.136054
819 0.114265
837 0.189631
876 0.040743
1008 0.037972
911 0.051700
817 0.022142
