1015 0.050431
847 0.041030
942 0.057563
770 0.069423
799 0.036002
867 0.026145
877 0.074506
787 0.012666
937 0.082313
949 0.054908
638 0.027143
787 0.092778
711 0.026985
876 0.236027
821 0.037315
786 0.018249
876 0.107288
910 0.152221
809 0.064679
690 0.172290
849 0.047571
715 0.030847
908 0.034818
831 0.039924
724 0.084636
748 0.201307
880 0.039856
814 0.083222
829 0.057816
894 0.032884
959 0.031955
779 0.021528
844 0.098048
906 0.029820
829 0.055037
1009 0.032344
946 0.114118
737 0.159477
879 0.028367
787 0.061053
1046 0.065313
931 0.033245
850 0.043357
817 0.090961
819 0.078152
837 0.126685
876 0.025671
1008 0.025669
911 0.035295
817 0.015328
