777 1.780763
917 0.386968
1003 1.473261
785 7.578583
766 1.667685
764 7.599975
859 0.328519
969 3.014504
1008 3.070369
781 4.276414
868 0.412755
935 1.561844
890 0.537362
937 0.596449
809 2.133197
867 1.449455
810 0.669688
718 0.406969
808 1.565757
838 1.740452
674 26.268692
800 0.750257
824 4.923932
790 2.286356
906 1.746541
835 2.110358
918 0.986128
703 0.742521
802 2.552003
992 7.024798
823 0.515013
967 3.662654
810 0.923929
888 1.031933
858 1.903537
946 6.141783
720 1.978406
855 3.697807
850 0.289195
780 0.899257
888 0.234954
1074 1.713328
845 2.006308
856 4.576255
838 0.762679
884 1.019837
924 1.651900
948 3.361171
852 0.663505
893 0.984235
