1015 0.356400
847 0.295550
942 0.447782
770 0.515869
799 0.269218
867 0.162129
877 0.565415
787 0.087046
937 0.606698
949 0.414845
638 0.179469
787 0.508395
711 0.224380
876 1.842445
821 0.237112
786 0.133297
876 0.813638
910 1.186558
809 0.470607
690 1.365945
849 0.334206
715 0.215737
908 0.255859
831 0.279246
724 0.543379
748 1.590331
880 0.279743
814 0.622222
829 0.439057
894 0.252685
959 0.202954
779 0.136917
844 0.782256
906 0.222499
829 0.415526
1009 0.238911
946 0.848238
737 1.336696
879 0.191391
787 0.438289
1046 0.497340
931 0.243099
850 0.328210
817 0.710339
819 0.591197
837 1.018873
876 0.183429
1008 0.190049
911 0.289876
817 0.112040
