991 0.820421
881 2.972834
927 2.714548
997 6.867919
937 0.454902
962 0.713339
870 2.240298
920 5.686370
932 0.536769
934 1.991678
865 0.700686
875 0.847717
919 4.271855
999 0.679453
897 0.845965
827 4.991150
842 2.618934
1006 1.269147
885 0.330516
884 2.506048
907 0.570392
870 0.923398
1020 0.614529
889 0.769130
842 2.378303
855 1.822659
836 0.488163
997 5.976184
925 0.581567
965 2.415084
854 3.155961
693 0.626810
908 1.353674
944 0.387934
1005 1.552991
976 1.490952
902 2.009054
851 0.554628
887 0.850655
946 0.815575
945 3.872142
828 3.781748
858 1.679279
885 1.341789
863 0.724991
1057 1.064205
852 0.462509
837 2.413756
876 6.373959
862 3.524504
