1015 0.206166
847 0.169586
942 0.260472
770 0.293711
799 0.157003
867 0.099276
877 0.325290
787 0.052174
937 0.345671
949 0.241260
638 0.105822
787 0.281416
711 0.128935
876 1.030555
821 0.136445
786 0.079836
876 0.462119
910 0.671425
809 0.274459
690 0.765243
849 0.187204
715 0.129714
908 0.150332
831 0.162619
724 0.310593
748 0.894406
880 0.157566
814 0.346542
829 0.251557
894 0.149621
959 0.118875
779 0.080802
844 0.440105
906 0.130735
829 0.232276
1009 0.136753
946 0.464605
737 0.738593
879 0.108863
787 0.247272
1046 0.286816
931 0.140950
850 0.186922
817 0.402966
819 0.336297
837 0.563648
876 0.110633
1008 0.111250
911 0.162307
817 0.065071
