991 0.600775
881 2.084147
927 1.877631
997 4.720294
937 0.328348
962 0.514118
870 2.037091
920 3.978974
932 0.383528
934 1.381623
865 0.502083
875 0.597207
919 2.983367
999 0.504005
897 0.573551
827 3.475135
842 1.808192
1006 0.889796
885 0.226674
884 1.798324
907 0.407254
870 0.664864
1020 0.476320
889 0.543063
842 1.653186
855 1.283278
836 0.347009
997 4.251466
925 0.412857
965 1.611899
854 2.216314
693 0.463461
908 0.967580
944 0.271986
1005 1.111891
976 1.082417
902 1.379162
851 0.389633
887 0.597573
946 0.587664
945 2.686655
828 2.865107
858 1.234258
885 0.938401
863 0.503666
1057 0.882580
852 0.320302
837 2.819151
876 4.480584
862 2.433244
