1015 0.468527
847 0.375968
942 0.578154
770 0.766576
799 0.407897
867 0.382037
877 0.954349
787 0.137404
937 0.828388
949 0.743358
638 0.236481
787 0.663708
711 0.409061
876 2.340023
821 0.332275
786 0.252586
876 1.124275
910 1.742187
809 0.830232
690 1.638306
849 0.382433
715 0.299625
908 0.467273
831 0.424059
724 0.769559
748 2.138033
880 0.334102
814 0.711816
829 0.788376
894 0.392482
959 0.299542
779 0.180748
844 1.260947
906 0.311603
829 0.613871
1009 0.337082
946 1.094047
737 1.950054
879 0.230387
787 0.587262
1046 0.801291
931 0.379740
850 0.437349
817 0.995297
819 0.788497
837 1.291788
876 0.341825
1008 0.223902
911 0.311211
817 0.175912
