991 0.690555
881 2.429392
927 2.201430
997 5.578794
937 0.377292
962 0.589937
870 2.084936
920 4.639485
932 0.439256
934 1.619503
865 0.577822
875 0.692958
919 3.501557
999 0.573389
897 0.693343
827 4.133373
842 2.117753
1006 1.041713
885 0.269776
884 2.067017
907 0.470311
870 0.767674
1020 0.508548
889 0.631707
842 1.929875
855 1.496019
836 0.401580
997 4.948233
925 0.478289
965 1.903303
854 2.586163
693 0.523055
908 1.127026
944 0.319014
1005 1.286091
976 1.239304
902 1.624460
851 0.457671
887 0.691442
946 0.671438
945 3.169888
828 3.114597
858 1.401361
885 1.092959
863 0.573281
1057 0.873535
852 0.382690
837 2.394433
876 5.245318
862 2.849424
