777 0.986862
917 0.226558
1003 0.817528
785 4.194769
766 0.924216
764 4.122037
859 0.183736
969 1.688930
1008 1.689799
781 2.324960
868 0.238006
935 0.866585
890 0.302125
937 0.349341
809 1.172174
867 0.807866
810 0.375452
718 0.238844
808 0.884806
838 0.986253
674 14.036250
800 0.419019
824 2.809729
790 1.264325
906 0.966205
835 1.175664
918 0.545502
703 0.415707
802 1.388189
992 3.814584
823 0.286878
967 1.995336
810 0.513851
888 0.584367
858 1.027087
946 3.328328
720 1.075458
855 2.010854
850 0.167481
780 0.483024
888 0.138828
1074 0.960925
845 1.107753
856 2.538769
838 0.351783
884 0.558765
924 0.895274
948 1.841242
852 0.367589
893 0.545687
