777 1.773498
917 0.389096
1003 1.448099
785 7.399987
766 1.638809
764 7.601358
859 0.327472
969 3.035163
1008 3.071171
781 4.276159
868 0.415404
935 1.571936
890 0.540651
937 0.598841
809 2.124763
867 1.456653
810 0.671674
718 0.410482
808 1.562806
838 1.744828
674 26.179821
800 0.743790
824 4.937348
790 2.283308
906 1.742298
835 2.107490
918 0.981483
703 0.744568
802 2.547879
992 6.977481
823 0.513053
967 3.662055
810 0.927621
888 1.032496
858 1.896361
946 6.134488
720 1.964968
855 3.688161
850 0.286049
780 0.895050
888 0.235486
1074 1.717507
845 1.991977
856 4.570270
838 0.755241
884 1.006549
924 1.639455
948 3.352949
852 0.660147
893 0.982501
