991 4.893520
881 16.374430
927 14.995989
997 38.634941
937 2.454395
962 3.945237
870 12.213460
920 30.956746
932 2.878905
934 10.891060
865 3.933867
875 4.561841
919 23.173686
999 3.678683
897 4.410548
827 27.386665
842 14.188302
1006 7.092318
885 1.707644
884 13.866441
907 3.107940
870 5.084818
1020 3.329587
889 4.146270
842 12.991573
855 9.805415
836 2.631011
997 32.991275
925 3.503206
965 13.269819
854 17.454807
693 3.681690
908 7.336171
944 2.050665
1005 8.419804
976 7.971793
902 10.862044
851 3.015978
887 4.660946
946 4.266914
945 20.847582
828 20.307821
858 9.019878
885 7.271663
863 3.685984
1057 5.896693
852 2.566501
837 12.742233
876 34.520929
862 19.438118
