991 0.819693
881 2.973565
927 2.716017
997 6.881639
937 0.454872
962 0.712737
870 2.245396
920 5.700642
932 0.537071
934 1.990976
865 0.698511
875 0.848573
919 4.272838
999 0.679388
897 0.845983
827 4.999116
842 2.618080
1006 1.271401
885 0.329883
884 2.506034
907 0.570665
870 0.923562
1020 0.615367
889 0.768810
842 2.380516
855 1.820269
836 0.487433
997 5.985270
925 0.581961
965 2.414973
854 3.162381
693 0.628261
908 1.353955
944 0.388212
1005 1.555777
976 1.493014
902 2.003261
851 0.554878
887 0.848157
946 0.817190
945 3.883516
828 3.788083
858 1.680544
885 1.347593
863 0.724425
1057 1.068464
852 0.462581
837 2.396245
876 6.382497
862 3.537937
