777 0.273031
917 0.064209
1003 0.221709
785 1.116281
766 0.259015
764 1.141501
859 0.051525
969 0.472802
1008 0.464939
781 0.644453
868 0.066597
935 0.238697
890 0.085275
937 0.090593
809 0.322837
867 0.225038
810 0.103955
718 0.067335
808 0.238418
838 0.262596
674 3.875894
800 0.118528
824 0.724942
790 0.346838
906 0.264523
835 0.324679
918 0.153093
703 0.114912
802 0.390314
992 1.050615
823 0.081436
967 0.558759
810 0.144419
888 0.161298
858 0.291382
946 0.917200
720 0.302581
855 0.573263
850 0.046949
780 0.131949
888 0.041344
1074 0.262908
845 0.311339
856 0.702359
838 0.119884
884 0.155853
924 0.251474
948 0.500011
852 0.103182
893 0.156293
