1015 0.059572
847 0.048051
942 0.068600
770 0.081861
799 0.042520
867 0.029599
877 0.089082
787 0.014642
937 0.096212
949 0.065616
638 0.030328
787 0.077392
711 0.032657
876 0.278994
821 0.039830
786 0.021901
876 0.126970
910 0.181887
809 0.073992
690 0.205791
849 0.054164
715 0.036201
908 0.041250
831 0.047243
724 0.083458
748 0.243126
880 0.045650
814 0.096805
829 0.069321
894 0.040163
959 0.036451
779 0.022644
844 0.119553
906 0.035512
829 0.065389
1009 0.038187
946 0.131505
737 0.192342
879 0.030161
787 0.071421
1046 0.077782
931 0.038912
850 0.051136
817 0.109165
819 0.091691
837 0.151930
876 0.033267
1008 0.030719
911 0.042273
817 0.017961
