991 7.839799
881 20.522792
927 36.591779
997 51.247916
937 5.207312
962 5.016564
870 15.910510
920 49.582124
932 4.231551
934 13.211921
865 6.040166
875 6.238130
919 26.612448
999 5.774721
897 6.977026
827 53.893130
842 16.453559
1006 10.081596
885 4.248465
884 19.812436
907 4.921111
870 6.361248
1020 3.702106
889 7.470363
842 15.413404
855 11.648152
836 7.442168
997 45.567015
925 4.718768
965 15.594338
854 19.877638
693 4.945204
908 8.673765
944 3.487440
1005 10.416487
976 9.767870
902 17.626015
851 7.165114
887 7.233805
946 5.271984
945 31.528459
828 26.348024
858 11.728571
885 10.107500
863 7.141894
1057 8.451943
852 3.250747
837 15.598939
876 43.470284
862 27.100197
