777 0.985788
917 0.225795
1003 0.818626
785 4.203450
766 0.927489
764 4.129005
859 0.184043
969 1.681028
1008 1.695320
781 2.324724
868 0.238337
935 0.868898
890 0.303134
937 0.351370
809 1.177611
867 0.805809
810 0.376171
718 0.238941
808 0.884003
838 0.987993
674 14.098304
800 0.421675
824 2.824031
790 1.266273
906 0.968830
835 1.176156
918 0.549558
703 0.418645
802 1.393450
992 3.827377
823 0.286890
967 2.010202
810 0.519536
888 0.591147
858 1.031434
946 3.347462
720 1.079517
855 2.023461
850 0.167420
780 0.485596
888 0.139840
1074 0.964585
845 1.105317
856 2.548723
838 0.352625
884 0.561775
924 0.896524
948 1.845659
852 0.366736
893 0.546470
