777 2.399454
917 0.977375
1003 2.177326
785 8.821715
766 2.466062
764 12.149056
859 0.670120
969 4.161376
1008 4.664045
781 7.017898
868 0.894060
935 2.044298
890 0.814955
937 0.842357
809 3.663681
867 2.264631
810 1.125664
718 0.719044
808 2.255526
838 2.781910
674 33.559566
800 1.515490
824 7.207235
790 4.575139
906 2.369660
835 3.121220
918 1.426368
703 1.742457
802 3.429476
992 9.670681
823 0.695534
967 4.808250
810 1.444612
888 1.925370
858 2.442155
946 8.166136
720 2.396754
855 4.618341
850 0.777716
780 1.204821
888 0.617100
1074 2.672076
845 3.176319
856 4.844166
838 0.765136
884 1.872784
924 2.065625
948 6.463171
852 0.875060
893 1.632630
