777 0.231579
917 0.053756
1003 0.188636
785 0.937781
766 0.217686
764 0.959135
859 0.049476
969 0.399897
1008 0.396486
781 0.551444
868 0.056897
935 0.202022
890 0.075958
937 0.076982
809 0.276704
867 0.192956
810 0.089659
718 0.056433
808 0.203510
838 0.223102
674 3.267845
800 0.102218
824 0.620401
790 0.291342
906 0.221223
835 0.275646
918 0.130910
703 0.099492
802 0.338701
992 0.887120
823 0.068788
967 0.474043
810 0.141076
888 0.136023
858 0.250160
946 0.784025
720 0.256791
855 0.490098
850 0.039653
780 0.130681
888 0.034742
1074 0.223326
845 0.263997
856 0.597869
838 0.094983
884 0.137495
924 0.218161
948 0.438106
852 0.088535
893 0.136342
