991 0.596693
881 2.069879
927 1.867138
997 4.687548
937 0.327328
962 0.509929
870 2.040041
920 3.982692
932 0.381975
934 1.383381
865 0.498722
875 0.592570
919 2.975565
999 0.499524
897 0.570991
827 3.469668
842 1.799734
1006 0.883176
885 0.226295
884 1.794031
907 0.403913
870 0.665105
1020 0.471016
889 0.537914
842 1.643526
855 1.287724
836 0.345016
997 4.241901
925 0.408376
965 1.611231
854 2.212752
693 0.460681
908 0.967256
944 0.270958
1005 1.107668
976 1.082193
902 1.375185
851 0.389421
887 0.595073
946 0.586514
945 2.685978
828 2.844825
858 1.229759
885 0.937157
863 0.498401
1057 0.889108
852 0.321267
837 2.826523
876 4.496073
862 2.419270
