991 1.608692
881 5.794993
927 5.362258
997 13.566324
937 0.902229
962 1.399162
870 4.416289
920 11.182953
932 1.055747
934 3.914251
865 1.377321
875 1.661113
919 8.317611
999 1.323801
897 1.629115
827 9.784020
842 5.139006
1006 2.563450
885 0.644162
884 4.962160
907 1.133208
870 1.861784
1020 1.219134
889 1.519260
842 4.692621
855 3.555001
836 0.967235
997 11.796651
925 1.255915
965 4.794698
854 6.264545
693 1.341291
908 2.615949
944 0.760126
1005 3.045032
976 2.898564
902 3.929242
851 1.090973
887 1.649845
946 1.561935
945 7.549830
828 7.341982
858 3.275455
885 2.653361
863 1.381674
1057 2.107957
852 0.918328
837 4.587084
876 12.401767
862 6.995324
