777 0.331447
917 0.075456
1003 0.268630
785 1.361697
766 0.314253
764 1.392655
859 0.061743
969 0.578493
1008 0.575061
781 0.788870
868 0.080176
935 0.293381
890 0.102484
937 0.109164
809 0.398507
867 0.269179
810 0.126790
718 0.080611
808 0.297081
838 0.322663
674 4.781658
800 0.144155
824 0.882191
790 0.427820
906 0.325016
835 0.394770
918 0.185178
703 0.140338
802 0.466770
992 1.275877
823 0.096764
967 0.681640
810 0.175350
888 0.195105
858 0.348667
946 1.130064
720 0.363898
855 0.684369
850 0.057181
780 0.161322
888 0.048091
1074 0.320360
845 0.379072
856 0.841596
838 0.140471
884 0.183418
924 0.300905
948 0.622087
852 0.124353
893 0.183180
