991 4.806530
881 16.270529
927 14.917657
997 38.320789
937 2.442926
962 3.900647
870 12.108254
920 30.843972
932 2.876188
934 10.880222
865 3.913356
875 4.540649
919 23.101925
999 3.681226
897 4.395650
827 27.242283
842 14.151042
1006 7.107380
885 1.709687
884 13.855902
907 3.111444
870 5.080782
1020 3.328272
889 4.140986
842 12.948132
855 9.801277
836 2.637450
997 32.960919
925 3.487585
965 13.240585
854 17.405609
693 3.678097
908 7.339164
944 2.046342
1005 8.389183
976 7.920247
902 10.825557
851 3.007907
887 4.647549
946 4.260467
945 20.817676
828 20.259647
858 8.974174
885 7.244353
863 3.673168
1057 5.878969
852 2.549109
837 12.635424
876 34.414538
862 19.439930
