991 2.087023
881 6.631688
927 6.045039
997 16.017532
937 1.182023
962 1.620154
870 5.556324
920 12.691496
932 1.257706
934 4.380553
865 1.751722
875 2.034809
919 9.498199
999 1.634823
897 1.883287
827 11.152974
842 6.120606
1006 2.946251
885 0.834966
884 5.791797
907 1.352954
870 2.220308
1020 1.524739
889 1.756829
842 5.662218
855 4.053776
836 1.199855
997 13.771639
925 1.505698
965 5.750306
854 7.081145
693 1.718165
908 3.055588
944 1.024005
1005 3.857770
976 3.452901
902 4.727995
851 1.275865
887 1.921933
946 1.821420
945 8.500500
828 8.626758
858 3.788502
885 2.942964
863 1.624768
1057 2.507681
852 1.104638
837 5.829098
876 14.076072
862 8.355078
