991 5.950536
881 19.457375
927 17.606590
997 45.893583
937 3.015196
962 4.706911
870 14.418000
920 36.419412
932 3.506982
934 12.814244
865 4.806288
875 5.492849
919 27.562924
999 4.522635
897 5.315962
827 32.410374
842 16.738673
1006 8.434002
885 2.132925
884 16.720890
907 3.827640
870 6.250986
1020 4.076566
889 5.011497
842 15.410677
855 11.806639
836 3.238976
997 40.128714
925 4.272216
965 16.190189
854 20.900635
693 4.520371
908 8.860636
944 2.520992
1005 10.256102
976 9.712817
902 12.790397
851 3.699956
887 5.584271
946 5.203124
945 24.697877
828 24.172632
858 10.877861
885 8.625855
863 4.447798
1057 7.181443
852 3.187158
837 15.398813
876 40.960769
862 23.440490
