777 0.504554
917 0.131054
1003 0.405951
785 1.905588
766 0.468171
764 1.944752
859 0.111807
969 0.829342
1008 0.795609
781 1.109788
868 0.125728
935 0.420048
890 0.158576
937 0.164870
809 0.535898
867 0.414706
810 0.203561
718 0.133664
808 0.463649
838 0.462626
674 6.410455
800 0.218163
824 1.243164
790 0.685043
906 0.456724
835 0.615840
918 0.267506
703 0.214383
802 0.645391
992 1.774779
823 0.154147
967 1.022282
810 0.282427
888 0.284995
858 0.512361
946 1.546320
720 0.517662
855 0.933668
850 0.098890
780 0.258483
888 0.091123
1074 0.452234
845 0.680513
856 1.153233
838 0.219522
884 0.271741
924 0.430057
948 0.845293
852 0.197027
893 0.274684
