991 1.659173
881 5.046895
927 4.638991
997 12.325160
937 0.940128
962 1.255360
870 4.733799
920 9.820479
932 0.969132
934 3.348512
865 1.411979
875 1.643891
919 7.241671
999 1.294976
897 1.494950
827 8.663064
842 4.763802
1006 2.194372
885 0.698595
884 4.507861
907 1.042530
870 1.661641
1020 1.206246
889 1.388372
842 4.429628
855 3.125927
836 0.976926
997 10.637575
925 1.120027
965 4.499046
854 5.365338
693 1.290789
908 2.385699
944 0.832074
1005 3.051696
976 2.693192
902 3.676674
851 1.024612
887 1.497943
946 1.441836
945 6.511055
828 6.928940
858 2.955727
885 2.253893
863 1.270956
1057 2.040137
852 0.869796
837 4.687920
876 10.763351
862 6.471422
