777 0.616310
917 0.152171
1003 0.487422
785 2.352759
766 0.573166
764 2.375869
859 0.130691
969 1.003763
1008 0.965745
781 1.358425
868 0.154340
935 0.507402
890 0.192537
937 0.205243
809 0.662225
867 0.501992
810 0.242345
718 0.158444
808 0.546426
838 0.560216
674 7.916754
800 0.261479
824 1.528466
790 0.795100
906 0.562299
835 0.746490
918 0.327933
703 0.256402
802 0.801982
992 2.194658
823 0.191181
967 1.243198
810 0.337873
888 0.344926
858 0.628987
946 1.906377
720 0.633119
855 1.155097
850 0.120375
780 0.305769
888 0.111414
1074 0.551296
845 0.788344
856 1.421538
838 0.262874
884 0.334517
924 0.532427
948 1.035830
852 0.237900
893 0.340209
