1015 0.136964
847 0.108035
942 0.151244
770 0.174961
799 0.097756
867 0.067920
877 0.195579
787 0.042315
937 0.206579
949 0.148164
638 0.070177
787 0.176969
711 0.085043
876 0.578547
821 0.103034
786 0.058232
876 0.284792
910 0.392962
809 0.168963
690 0.429660
849 0.115996
715 0.091607
908 0.094197
831 0.104574
724 0.193579
748 0.517350
880 0.099094
814 0.206632
829 0.156287
894 0.091488
959 0.082353
779 0.055274
844 0.257484
906 0.082769
829 0.143624
1009 0.086395
946 0.275673
737 0.415672
879 0.080621
787 0.149539
1046 0.163771
931 0.097094
850 0.116890
817 0.229053
819 0.195691
837 0.339445
876 0.078876
1008 0.070802
911 0.103741
817 0.046700
