991 1.397558
881 4.113961
927 3.789596
997 10.031117
937 0.792887
962 1.018201
870 4.009072
920 8.035153
932 0.808808
934 2.694407
865 1.143954
875 1.382791
919 5.867108
999 1.081141
897 1.235643
827 7.117218
842 3.914231
1006 1.790582
885 0.609473
884 3.716554
907 0.884368
870 1.381886
1020 1.017710
889 1.163356
842 3.787044
855 2.526478
836 0.851860
997 8.581335
925 0.923614
965 3.671885
854 4.346517
693 1.042876
908 1.947660
944 0.717609
1005 2.598775
976 2.211232
902 3.115901
851 0.857055
887 1.217897
946 1.219431
945 5.327147
828 5.702130
858 2.412396
885 1.845949
863 1.096722
1057 1.701928
852 0.711130
837 3.934360
876 8.712765
862 5.439144
