777 2.203210
917 0.530000
1003 1.811553
785 8.930939
766 2.013573
764 8.838115
859 0.443195
969 3.577188
1008 3.615698
781 5.099700
868 0.556672
935 1.907691
890 0.700239
937 0.765710
809 2.544430
867 1.784938
810 0.852474
718 0.546933
808 1.892687
838 2.107223
674 30.791295
800 0.958658
824 5.828360
790 2.732477
906 2.127716
835 2.547969
918 1.229180
703 0.939211
802 3.107513
992 8.357340
823 0.666029
967 4.361061
810 1.159512
888 1.282514
858 2.340305
946 7.274139
720 2.399107
855 4.370888
850 0.403091
780 1.130582
888 0.339311
1074 2.098133
845 2.428239
856 5.393050
838 0.974943
884 1.283543
924 2.025104
948 3.954935
852 0.839226
893 1.258569
