777 0.300221
917 0.090271
1003 0.233234
785 1.071475
766 0.290114
764 1.159004
859 0.072325
969 0.516048
1008 0.476080
781 0.632608
868 0.083031
935 0.250134
890 0.100740
937 0.095406
809 0.331846
867 0.249703
810 0.141648
718 0.083558
808 0.298007
838 0.279598
674 3.483550
800 0.146295
824 0.703768
790 0.458246
906 0.256989
835 0.394798
918 0.157929
703 0.136714
802 0.364511
992 0.973314
823 0.098540
967 0.630724
810 0.189644
888 0.162960
858 0.296302
946 0.922408
720 0.295727
855 0.538836
850 0.067457
780 0.180089
888 0.068006
1074 0.276515
845 0.419437
856 0.677399
838 0.122837
884 0.159990
924 0.241107
948 0.507738
852 0.116049
893 0.168256
