1015 0.484275
847 0.399871
942 0.586680
770 0.667181
799 0.364495
867 0.237089
877 0.725706
787 0.138715
937 0.772689
949 0.544107
638 0.253866
787 0.648264
711 0.308097
876 2.194443
821 0.328697
786 0.200357
876 1.016763
910 1.441768
809 0.613476
690 1.665397
849 0.447732
715 0.306889
908 0.355573
831 0.387973
724 0.690831
748 1.906818
880 0.378801
814 0.794882
829 0.572674
894 0.349235
959 0.285687
779 0.205147
844 0.980366
906 0.312569
829 0.543184
1009 0.332939
946 1.041917
737 1.597207
879 0.267560
787 0.561323
1046 0.634436
931 0.333707
850 0.440342
817 0.882626
819 0.745940
837 1.255685
876 0.262276
1008 0.270154
911 0.385983
817 0.168022
