991 0.940654
881 2.222696
927 2.232435
997 5.836143
937 0.574218
962 0.629886
870 2.876028
920 4.672070
932 0.496965
934 1.580861
865 0.683670
875 1.179936
919 3.169741
999 0.712805
897 0.778697
827 4.064033
842 2.518804
1006 1.055226
885 0.499944
884 2.370249
907 0.576940
870 0.836037
1020 0.674773
889 0.733723
842 2.323198
855 1.436432
836 0.637910
997 4.718940
925 0.545735
965 1.914948
854 2.321523
693 0.651123
908 1.130890
944 0.467576
1005 1.804237
976 1.283454
902 1.904118
851 0.584187
887 0.706603
946 0.773872
945 3.016663
828 3.634674
858 1.370983
885 1.225140
863 0.663818
1057 1.194678
852 0.387866
837 4.001529
876 4.848197
862 3.374790
