777 0.785895
917 0.187172
1003 0.647340
785 3.103363
766 0.729481
764 3.049326
859 0.159726
969 1.305596
1008 1.256165
781 1.769194
868 0.198263
935 0.656092
890 0.248231
937 0.267407
809 0.871091
867 0.632494
810 0.306524
718 0.205843
808 0.691234
838 0.717239
674 10.444330
800 0.339046
824 1.984091
790 0.983431
906 0.731508
835 0.928052
918 0.426236
703 0.328308
802 1.060433
992 2.881042
823 0.238916
967 1.576962
810 0.431122
888 0.447073
858 0.814641
946 2.506732
720 0.829228
855 1.501635
850 0.153082
780 0.391386
888 0.131964
1074 0.713215
845 1.008203
856 1.860844
838 0.343337
884 0.436001
924 0.690229
948 1.360234
852 0.304285
893 0.426689
