777 1.143324
917 0.279339
1003 0.937712
785 4.492137
766 1.029999
764 4.453275
859 0.228942
969 1.888027
1008 1.829935
781 2.579922
868 0.281178
935 0.973680
890 0.362220
937 0.398582
809 1.290164
867 0.926233
810 0.435021
718 0.286718
808 0.979813
838 1.071695
674 15.406594
800 0.490191
824 2.919015
790 1.406023
906 1.071954
835 1.303393
918 0.621324
703 0.475259
802 1.555643
992 4.184941
823 0.341725
967 2.230505
810 0.607544
888 0.642281
858 1.182776
946 3.650721
720 1.213064
855 2.200043
850 0.213508
780 0.566663
888 0.176818
1074 1.052627
845 1.349624
856 2.722319
838 0.499308
884 0.651102
924 1.013936
948 1.986872
852 0.432035
893 0.638259
