1015 0.113165
847 0.087652
942 0.121214
770 0.140906
799 0.080530
867 0.056515
877 0.161380
787 0.035262
937 0.168902
949 0.121748
638 0.058301
787 0.145488
711 0.074612
876 0.471447
821 0.086921
786 0.048657
876 0.230989
910 0.322919
809 0.143470
690 0.349658
849 0.093803
715 0.076267
908 0.078742
831 0.087145
724 0.161798
748 0.424408
880 0.081256
814 0.167116
829 0.129805
894 0.075588
959 0.069062
779 0.044778
844 0.212623
906 0.067716
829 0.115740
1009 0.071367
946 0.224367
737 0.335139
879 0.066349
787 0.121436
1046 0.133143
931 0.082965
850 0.095389
817 0.186966
819 0.157976
837 0.278499
876 0.067793
1008 0.057287
911 0.085284
817 0.038611
