1015 0.065132
847 0.050653
942 0.066893
770 0.081954
799 0.049859
867 0.038127
877 0.095232
787 0.024839
937 0.098793
949 0.077200
638 0.036909
787 0.095265
711 0.056176
876 0.270575
821 0.061774
786 0.035913
876 0.141975
910 0.198618
809 0.094588
690 0.187673
849 0.054057
715 0.048807
908 0.045339
831 0.052427
724 0.103884
748 0.249990
880 0.046092
814 0.089934
829 0.080845
894 0.044769
959 0.047073
779 0.028143
844 0.124711
906 0.039308
829 0.067144
1009 0.042057
946 0.129034
737 0.189049
879 0.040960
787 0.075092
1046 0.080667
931 0.053355
850 0.053619
817 0.105245
819 0.089227
837 0.163368
876 0.046094
1008 0.032635
911 0.048263
817 0.024355
