991 3.092593
881 9.839984
927 8.803844
997 23.405732
937 1.656534
962 2.411496
870 7.730239
920 18.572938
932 1.797254
934 6.421192
865 2.403442
875 2.846742
919 13.855978
999 2.316809
897 2.706520
827 16.364067
842 8.772838
1006 4.287213
885 1.134496
884 8.357885
907 1.946418
870 3.187056
1020 2.168305
889 2.544412
842 8.065101
855 5.961690
836 1.704147
997 20.091732
925 2.153528
965 8.271312
854 10.478548
693 2.455043
908 4.514267
944 1.366515
1005 5.378310
976 4.963585
902 6.653922
851 1.851641
887 2.868581
946 2.663396
945 12.438361
828 12.325463
858 5.485543
885 4.349067
863 2.286999
1057 3.723529
852 1.598162
837 8.128875
876 20.609458
862 11.887290
