1015 0.253002
847 0.208756
942 0.298237
770 0.339142
799 0.182997
867 0.122302
877 0.366472
787 0.073841
937 0.391093
949 0.278466
638 0.129229
787 0.333871
711 0.160962
876 1.106645
821 0.182064
786 0.105213
876 0.518861
910 0.729035
809 0.313037
690 0.833121
849 0.224130
715 0.163085
908 0.181526
831 0.197308
724 0.355521
748 0.973557
880 0.191041
814 0.399293
829 0.292142
894 0.177507
959 0.149940
779 0.105416
844 0.495080
906 0.159117
829 0.272407
1009 0.166571
946 0.521892
737 0.802703
879 0.140648
787 0.287239
1046 0.322635
931 0.173649
850 0.225438
817 0.443547
819 0.375219
837 0.631884
876 0.138335
1008 0.136343
911 0.198733
817 0.089794
