1015 0.169818
847 0.140669
942 0.202304
770 0.226043
799 0.125964
867 0.086365
877 0.252993
787 0.052281
937 0.269424
949 0.190434
638 0.088966
787 0.232422
711 0.114002
876 0.749183
821 0.129220
786 0.073770
876 0.362692
910 0.504708
809 0.220202
690 0.569076
849 0.152794
715 0.115934
908 0.121023
831 0.135965
724 0.246605
748 0.670787
880 0.130114
814 0.271384
829 0.201139
894 0.119611
959 0.104626
779 0.072448
844 0.343445
906 0.105612
829 0.185790
1009 0.114012
946 0.360522
737 0.551878
879 0.100736
787 0.195427
1046 0.214636
931 0.123261
850 0.154413
817 0.300270
819 0.257985
837 0.434661
876 0.098038
1008 0.092770
911 0.132695
817 0.060555
