1015 0.445299
847 0.364678
942 0.547464
770 0.634294
799 0.331940
867 0.200175
877 0.699294
787 0.107177
937 0.744267
949 0.507532
638 0.219653
787 0.622602
711 0.273129
876 2.241142
821 0.293067
786 0.163626
876 0.993289
910 1.447094
809 0.578591
690 1.677292
849 0.413661
715 0.267229
908 0.315571
831 0.347058
724 0.658406
748 1.941490
880 0.342734
814 0.767898
829 0.539466
894 0.309473
959 0.250117
779 0.168925
844 0.961865
906 0.273226
829 0.506420
1009 0.290329
946 1.028800
737 1.604973
879 0.231335
787 0.533597
1046 0.602641
931 0.299911
850 0.407611
817 0.865651
819 0.714482
837 1.227235
876 0.223806
1008 0.231250
911 0.349096
817 0.135149
