991 5.993644
881 19.878624
927 17.903736
997 47.619062
937 2.956456
962 4.704674
870 14.586408
920 37.482221
932 3.458268
934 13.042606
865 4.790021
875 5.482475
919 28.323268
999 4.482895
897 5.331854
827 33.471889
842 17.048607
1006 8.519205
885 2.058543
884 17.028208
907 3.803834
870 6.267113
1020 4.039815
889 4.990045
842 15.704225
855 11.949392
836 3.187321
997 41.308749
925 4.249203
965 16.461936
854 21.360858
693 4.475742
908 8.923545
944 2.473049
1005 10.367061
976 9.828244
902 13.073898
851 3.666899
887 5.598649
946 5.154222
945 25.259026
828 24.568505
858 11.027350
885 8.670847
863 4.421231
1057 7.164259
852 3.143281
837 15.565350
876 42.256157
862 23.990367
