777 2.196609
917 0.481405
1003 1.782360
785 9.199728
766 1.978829
764 9.158369
859 0.397263
969 3.585115
1008 3.657807
781 5.195010
868 0.502764
935 1.883697
890 0.654272
937 0.718594
809 2.542678
867 1.751967
810 0.805671
718 0.493597
808 1.870059
838 2.078661
674 31.938691
800 0.907963
824 5.913693
790 2.717387
906 2.106619
835 2.529202
918 1.193528
703 0.887316
802 3.102565
992 8.511826
823 0.627720
967 4.391781
810 1.118267
888 1.235440
858 2.316061
946 7.461179
720 2.395697
855 4.406316
850 0.350973
780 1.087169
888 0.285135
1074 2.076396
845 2.420776
856 5.481500
838 0.935826
884 1.247474
924 2.001849
948 4.000697
852 0.796119
893 1.211186
