777 0.505132
917 0.131701
1003 0.408929
785 1.908423
766 0.470554
764 1.946228
859 0.112459
969 0.829286
1008 0.795069
781 1.110345
868 0.126581
935 0.420526
890 0.159143
937 0.165794
809 0.535971
867 0.415742
810 0.204360
718 0.133627
808 0.464734
838 0.462955
674 6.414287
800 0.218358
824 1.243962
790 0.685354
906 0.456154
835 0.615909
918 0.267188
703 0.213953
802 0.644719
992 1.774494
823 0.154623
967 1.021810
810 0.282885
888 0.284383
858 0.512873
946 1.546782
720 0.517136
855 0.933594
850 0.099259
780 0.258402
888 0.091822
1074 0.452840
845 0.678765
856 1.153578
838 0.219352
884 0.271493
924 0.429439
948 0.845285
852 0.196851
893 0.275108
