991 0.930416
881 2.224964
927 2.239248
997 5.833122
937 0.573868
962 0.630164
870 2.874713
920 4.674975
932 0.493809
934 1.579211
865 0.687522
875 1.183289
919 3.171129
999 0.704329
897 0.781014
827 4.058165
842 2.518782
1006 1.058697
885 0.499518
884 2.370140
907 0.576905
870 0.836547
1020 0.676759
889 0.733382
842 2.322020
855 1.436674
836 0.638145
997 4.721312
925 0.546088
965 1.910287
854 2.321828
693 0.653261
908 1.131478
944 0.469683
1005 1.800964
976 1.280626
902 1.904906
851 0.586936
887 0.706191
946 0.773297
945 3.016402
828 3.635188
858 1.370815
885 1.224797
863 0.663166
1057 1.191661
852 0.388023
837 3.981084
876 4.854494
862 3.404081
