1015 0.064907
847 0.050182
942 0.066318
770 0.082527
799 0.049941
867 0.037302
877 0.095334
787 0.024664
937 0.098602
949 0.077210
638 0.037010
787 0.095276
711 0.056259
876 0.270273
821 0.059776
786 0.035496
876 0.141624
910 0.198360
809 0.094471
690 0.187923
849 0.053652
715 0.049392
908 0.045151
831 0.052830
724 0.103714
748 0.250159
880 0.045663
814 0.091119
829 0.080731
894 0.044297
959 0.047201
779 0.028014
844 0.124992
906 0.039062
829 0.068334
1009 0.042187
946 0.129030
737 0.189486
879 0.040685
787 0.074585
1046 0.080799
931 0.053121
850 0.053373
817 0.105186
819 0.089716
837 0.164717
876 0.046133
1008 0.032747
911 0.048162
817 0.024769
