777 2.207216
917 0.531808
1003 1.815409
785 8.956500
766 2.015699
764 8.838638
859 0.442911
969 3.582204
1008 3.609178
781 5.095539
868 0.557440
935 1.912322
890 0.700386
937 0.765719
809 2.546276
867 1.786249
810 0.852070
718 0.546347
808 1.894181
838 2.105496
674 30.782208
800 0.959246
824 5.825113
790 2.733734
906 2.128151
835 2.548315
918 1.230521
703 0.942558
802 3.105175
992 8.358370
823 0.665258
967 4.355614
810 1.160546
888 1.282530
858 2.339941
946 7.272672
720 2.402120
855 4.373744
850 0.403667
780 1.129998
888 0.339791
1074 2.096452
845 2.432944
856 5.390975
838 0.974850
884 1.281673
924 2.024299
948 3.956313
852 0.839653
893 1.257023
