1015 0.171884
847 0.140844
942 0.203754
770 0.226790
799 0.126287
867 0.086706
877 0.253469
787 0.052859
937 0.269247
949 0.192447
638 0.089235
787 0.233182
711 0.114054
876 0.750381
821 0.130365
786 0.074078
876 0.364637
910 0.505233
809 0.220228
690 0.569822
849 0.153686
715 0.116844
908 0.122164
831 0.137258
724 0.247878
748 0.670739
880 0.130903
814 0.271646
829 0.202111
894 0.120934
959 0.104681
779 0.073740
844 0.341687
906 0.106821
829 0.187298
1009 0.115374
946 0.361084
737 0.552610
879 0.101040
787 0.196002
1046 0.215414
931 0.124010
850 0.154837
817 0.301256
819 0.258727
837 0.436718
876 0.098912
1008 0.093605
911 0.133844
817 0.061328
