991 2.087438
881 6.626128
927 6.043434
997 16.003514
937 1.180411
962 1.620377
870 5.549312
920 12.679528
932 1.256468
934 4.377632
865 1.750335
875 2.030327
919 9.491802
999 1.632314
897 1.883811
827 11.142969
842 6.114763
1006 2.944343
885 0.835372
884 5.785165
907 1.350950
870 2.220151
1020 1.520256
889 1.754601
842 5.606181
855 4.050222
836 1.200200
997 13.765260
925 1.504091
965 5.799993
854 7.076719
693 1.717042
908 3.046691
944 1.023087
1005 3.856865
976 3.436180
902 4.727190
851 1.274324
887 1.922432
946 1.822706
945 8.488647
828 8.618098
858 3.783046
885 2.942220
863 1.623855
1057 2.504126
852 1.106308
837 5.820946
876 14.067058
862 8.345875
