991 1.657417
881 5.046006
927 4.632647
997 12.323289
937 0.940489
962 1.255590
870 4.732068
920 9.826118
932 0.968612
934 3.348197
865 1.412969
875 1.643233
919 7.239692
999 1.293872
897 1.494757
827 8.666261
842 4.826199
1006 2.204166
885 0.699165
884 4.537989
907 1.054406
870 1.664638
1020 1.225504
889 1.392173
842 4.435817
855 3.123862
836 0.976737
997 10.634425
925 1.120434
965 4.541078
854 8.164967
693 1.717397
908 3.332156
944 1.165562
1005 3.938637
976 3.063995
902 4.213252
851 1.145462
887 1.552113
946 1.450829
945 6.507899
828 6.929666
858 2.960771
885 2.255940
863 1.271760
1057 2.039306
852 0.869946
837 4.689523
876 10.758534
862 6.468901
