1015 0.486038
847 0.401632
942 0.587644
770 0.669210
799 0.366533
867 0.238935
877 0.725203
787 0.138937
937 0.774769
949 0.546544
638 0.255160
787 0.649095
711 0.309415
876 2.199296
821 0.327732
786 0.201108
876 1.019568
910 1.443692
809 0.613753
690 1.668144
849 0.449351
715 0.306918
908 0.356146
831 0.388808
724 0.692605
748 1.919190
880 0.378500
814 0.795322
829 0.575458
894 0.351094
959 0.285758
779 0.204961
844 0.983042
906 0.313705
829 0.542804
1009 0.333591
946 1.045038
737 1.598305
879 0.267973
787 0.561917
1046 0.636771
931 0.337863
850 0.450379
817 0.897299
819 0.747768
837 1.278716
876 0.263687
1008 0.274723
911 0.401889
817 0.174617
