991 1.396958
881 4.113844
927 3.783125
997 10.028473
937 0.792503
962 1.017709
870 4.006854
920 8.029859
932 0.809232
934 2.693815
865 1.144872
875 1.382423
919 5.866385
999 1.080755
897 1.236150
827 7.115664
842 3.913816
1006 1.790563
885 0.609613
884 3.714945
907 0.884523
870 1.382497
1020 1.018373
889 1.163880
842 3.800525
855 2.523464
836 0.851690
997 8.581038
925 0.925227
965 3.670546
854 4.347360
693 1.042340
908 1.944999
944 0.719657
1005 2.599171
976 2.206130
902 3.115243
851 0.857185
887 1.217752
946 1.219348
945 5.327421
828 5.698588
858 2.412440
885 1.847171
863 1.094872
1057 1.700442
852 0.709603
837 3.935622
876 8.717894
862 5.437040
