1015 0.113757
847 0.088248
942 0.121590
770 0.141177
799 0.080260
867 0.056054
877 0.160704
787 0.035199
937 0.168797
949 0.122479
638 0.058196
787 0.145302
711 0.073616
876 0.471166
821 0.086802
786 0.048798
876 0.231403
910 0.322654
809 0.143103
690 0.349319
849 0.094197
715 0.076157
908 0.078144
831 0.087474
724 0.161542
748 0.424971
880 0.081441
814 0.167409
829 0.129688
894 0.076279
959 0.068901
779 0.045166
844 0.212372
906 0.067964
829 0.116317
1009 0.070937
946 0.223432
737 0.334021
879 0.066005
787 0.121428
1046 0.133150
931 0.083110
850 0.095318
817 0.186580
819 0.158442
837 0.278034
876 0.065224
1008 0.056826
911 0.085151
817 0.037419
