777 0.614613
917 0.151638
1003 0.486792
785 2.350993
766 0.571237
764 2.374062
859 0.129794
969 1.000647
1008 0.964336
781 1.356312
868 0.153086
935 0.506401
890 0.191624
937 0.204133
809 0.661341
867 0.500815
810 0.241901
718 0.157571
808 0.545068
838 0.559728
674 7.915275
800 0.261915
824 1.525912
790 0.794778
906 0.561937
835 0.745970
918 0.327686
703 0.256437
802 0.802696
992 2.194082
823 0.189650
967 1.239971
810 0.338240
888 0.345327
858 0.630014
946 1.905634
720 0.632659
855 1.153001
850 0.119930
780 0.305309
888 0.110885
1074 0.551014
845 0.788125
856 1.421323
838 0.263409
884 0.333890
924 0.534797
948 1.037410
852 0.237781
893 0.339243
