777 1.141525
917 0.279934
1003 0.936841
785 4.493119
766 1.027889
764 4.449927
859 0.228190
969 1.886742
1008 1.826935
781 2.577996
868 0.280822
935 0.972215
890 0.361178
937 0.398174
809 1.287365
867 0.924587
810 0.435691
718 0.285760
808 0.978455
838 1.071741
674 15.404001
800 0.489394
824 2.912664
790 1.404315
906 1.069720
835 1.301450
918 0.624175
703 0.474464
802 1.554842
992 4.182815
823 0.341141
967 2.231254
810 0.607847
888 0.642681
858 1.181012
946 3.649697
720 1.211599
855 2.198978
850 0.213343
780 0.564542
888 0.176432
1074 1.049889
845 1.345417
856 2.723962
838 0.499156
884 0.651087
924 1.013541
948 1.985810
852 0.432984
893 0.637240
