777 0.788462
917 0.189188
1003 0.647474
785 3.094750
766 0.728214
764 3.042866
859 0.160916
969 1.304187
1008 1.254307
781 1.767072
868 0.198807
935 0.655485
890 0.246684
937 0.266864
809 0.870776
867 0.632481
810 0.304971
718 0.206606
808 0.689896
838 0.716640
674 10.433454
800 0.336851
824 1.980956
790 0.984909
906 0.731263
835 0.926839
918 0.425325
703 0.327786
802 1.057235
992 2.876787
823 0.238973
967 1.576376
810 0.431234
888 0.446778
858 0.814445
946 2.503807
720 0.827992
855 1.500785
850 0.152925
780 0.391324
888 0.133566
1074 0.713858
845 1.007019
856 1.856892
838 0.342845
884 0.435159
924 0.689324
948 1.359869
852 0.303569
893 0.427317
