1015 0.138432
847 0.109244
942 0.152345
770 0.175679
799 0.098954
867 0.069283
877 0.197070
787 0.043325
937 0.207731
949 0.150602
638 0.070557
787 0.178691
711 0.085885
876 0.579433
821 0.104275
786 0.059212
876 0.286047
910 0.394264
809 0.170333
690 0.431145
849 0.117302
715 0.093517
908 0.095284
831 0.105799
724 0.195601
748 0.518388
880 0.101026
814 0.207932
829 0.157954
894 0.093062
959 0.083052
779 0.056306
844 0.261104
906 0.084456
829 0.145713
1009 0.088212
946 0.277982
737 0.416923
879 0.081516
787 0.151471
1046 0.164977
931 0.098667
850 0.118093
817 0.230862
819 0.197371
837 0.342405
876 0.079703
1008 0.072064
911 0.105645
817 0.047563
