991 3.090279
881 9.836283
927 8.804196
997 23.402828
937 1.657279
962 2.412142
870 7.731695
920 18.566132
932 1.796659
934 6.417925
865 2.403506
875 2.848811
919 13.852356
999 2.314223
897 2.705496
827 16.359618
842 8.773996
1006 4.285496
885 1.134974
884 8.357597
907 1.947254
870 3.186031
1020 2.164682
889 2.541316
842 8.059848
855 5.974983
836 1.771062
997 20.155736
925 2.154391
965 8.271418
854 10.464792
693 2.460843
908 4.507792
944 1.366672
1005 5.374173
976 4.961774
902 6.648441
851 1.850557
887 2.866133
946 2.662452
945 12.431948
828 12.327242
858 5.482592
885 4.348914
863 2.287001
1057 3.724333
852 1.596302
837 8.126900
876 20.608165
862 11.882557
