1015 0.251619
847 0.206083
942 0.296650
770 0.340623
799 0.183877
867 0.124473
877 0.367900
787 0.074233
937 0.392657
949 0.279980
638 0.128822
787 0.334265
711 0.161751
876 1.106048
821 0.182664
786 0.105493
876 0.520616
910 0.731100
809 0.318925
690 0.833517
849 0.225342
715 0.164856
908 0.183697
831 0.198796
724 0.355996
748 0.975428
880 0.193034
814 0.400933
829 0.293770
894 0.179022
959 0.151010
779 0.106110
844 0.496197
906 0.159813
829 0.274029
1009 0.167869
946 0.524509
737 0.802841
879 0.142172
787 0.286656
1046 0.321953
931 0.173348
850 0.224703
817 0.443563
819 0.374762
837 0.631726
876 0.138324
1008 0.136844
911 0.198491
817 0.089950
