777 0.298105
917 0.087632
1003 0.228964
785 1.066441
766 0.286842
764 1.156398
859 0.073052
969 0.515132
1008 0.473710
781 0.631408
868 0.083054
935 0.249128
890 0.099320
937 0.095173
809 0.330804
867 0.249035
810 0.139370
718 0.083441
808 0.297556
838 0.278691
674 3.480723
800 0.145661
824 0.703425
790 0.457564
906 0.256103
835 0.393423
918 0.157764
703 0.136866
802 0.372830
992 0.973154
823 0.098662
967 0.629135
810 0.189600
888 0.161877
858 0.295362
946 0.922030
720 0.295221
855 0.538197
850 0.067866
780 0.178694
888 0.068105
1074 0.275924
845 0.415693
856 0.674646
838 0.120114
884 0.158186
924 0.238832
948 0.504887
852 0.116444
893 0.168049
