991 5.955127
881 19.455102
927 17.599403
997 45.890399
937 3.012071
962 4.707230
870 14.405275
920 36.421112
932 3.508884
934 12.808225
865 4.801936
875 5.490713
919 27.549741
999 4.524552
897 5.307915
827 32.399019
842 16.726724
1006 8.425304
885 2.131624
884 16.708848
907 3.826552
870 6.248026
1020 4.072105
889 5.003084
842 15.405872
855 11.802541
836 3.237524
997 40.110350
925 4.266636
965 16.177639
854 20.884951
693 4.518199
908 8.854546
944 2.518954
1005 10.255639
976 9.709662
902 12.781685
851 3.701416
887 5.580041
946 5.202672
945 24.684310
828 24.165101
858 10.862710
885 8.621956
863 4.439652
1057 7.180472
852 3.186747
837 15.385177
876 40.923405
862 23.433535
