1015 0.445295
847 0.366784
942 0.553429
770 0.636757
799 0.332205
867 0.199773
877 0.699169
787 0.107238
937 0.743719
949 0.507925
638 0.219562
787 0.623886
711 0.273017
876 2.243496
821 0.293312
786 0.163982
876 0.994828
910 1.447431
809 0.578496
690 1.669676
849 0.413565
715 0.266704
908 0.315608
831 0.348380
724 0.656170
748 1.947975
880 0.342752
814 0.769217
829 0.539230
894 0.309689
959 0.249918
779 0.169068
844 0.961573
906 0.273554
829 0.507436
1009 0.287671
946 1.019453
737 1.602497
879 0.231521
787 0.532827
1046 0.601877
931 0.299716
850 0.407455
817 0.870046
819 0.717083
837 1.238434
876 0.226012
1008 0.231843
911 0.348947
817 0.135137
