777 2.194967
917 0.481648
1003 1.780088
785 9.195566
766 1.961955
764 9.148668
859 0.396307
969 3.605081
1008 3.639539
781 5.183530
868 0.502888
935 1.882480
890 0.650003
937 0.714672
809 2.535621
867 1.756220
810 0.804097
718 0.489999
808 1.856015
838 2.085622
674 31.921928
800 0.909617
824 5.954208
790 2.727247
906 2.120055
835 2.538974
918 1.193864
703 0.889125
802 3.104322
992 8.582877
823 0.627572
967 4.425197
810 1.118191
888 1.235988
858 2.301536
946 7.447021
720 2.392602
855 4.425323
850 0.350806
780 1.090146
888 0.285349
1074 2.081979
845 2.421749
856 5.492443
838 0.937293
884 1.250081
924 1.987523
948 3.993641
852 0.799196
893 1.216377
