991 5.997237
881 19.862978
927 17.950337
997 47.289592
937 2.980909
962 4.710786
870 14.577395
920 37.560202
932 3.469983
934 13.047444
865 4.769532
875 5.495699
919 28.308746
999 4.491752
897 5.331248
827 33.494066
842 17.151779
1006 8.539116
885 2.064250
884 17.009893
907 3.805727
870 6.242874
1020 4.043004
889 4.971946
842 15.694588
855 11.949937
836 3.190072
997 41.303592
925 4.232018
965 16.464567
854 21.375211
693 4.453583
908 8.927525
944 2.474374
1005 10.374038
976 9.851056
902 13.051148
851 3.660098
887 5.597870
946 5.162623
945 25.210913
828 24.554894
858 11.017977
885 8.646947
863 4.417124
1057 7.167203
852 3.123696
837 15.550632
876 42.191316
862 23.917081
