1015 0.483676
847 0.400281
942 0.588069
770 0.667401
799 0.365027
867 0.236002
877 0.725872
787 0.139153
937 0.772048
949 0.544377
638 0.252280
787 0.646602
711 0.307944
876 2.194850
821 0.326076
786 0.200038
876 1.016429
910 1.440787
809 0.614233
690 1.662610
849 0.446508
715 0.307391
908 0.354663
831 0.388039
724 0.691242
748 1.916664
880 0.378773
814 0.794412
829 0.573896
894 0.350577
959 0.285165
779 0.204914
844 0.981117
906 0.312459
829 0.544266
1009 0.334027
946 1.043796
737 1.596360
879 0.266451
787 0.561465
1046 0.635812
931 0.334376
850 0.440242
817 0.882834
819 0.744623
837 1.255428
876 0.262652
1008 0.270392
911 0.387046
817 0.168564
