991 1.660708
881 5.043588
927 4.631330
997 12.318936
937 0.940690
962 1.255003
870 4.731092
920 9.815750
932 0.970438
934 3.345685
865 1.412856
875 1.642816
919 7.236836
999 1.293133
897 1.494561
827 8.661847
842 4.760444
1006 2.194997
885 0.698039
884 4.503763
907 1.041202
870 1.659559
1020 1.207367
889 1.389229
842 4.430007
855 3.124514
836 0.977440
997 10.627947
925 1.118446
965 4.498172
854 5.364082
693 1.289274
908 2.384129
944 0.831803
1005 3.046823
976 2.692079
902 3.672401
851 1.024615
887 1.499168
946 1.440883
945 6.509508
828 6.924337
858 2.955058
885 2.254762
863 1.271110
1057 2.041200
852 0.869251
837 4.686739
876 10.759954
862 6.470806
