1015 0.170926
847 0.140355
942 0.203758
770 0.227319
799 0.125764
867 0.086780
877 0.254330
787 0.052613
937 0.272028
949 0.191699
638 0.089130
787 0.233324
711 0.114587
876 0.750194
821 0.129952
786 0.074183
876 0.363641
910 0.507415
809 0.221544
690 0.570058
849 0.153700
715 0.117352
908 0.121743
831 0.137230
724 0.247683
748 0.670855
880 0.131842
814 0.273923
829 0.202320
894 0.120420
959 0.104753
779 0.073164
844 0.342160
906 0.106348
829 0.187457
1009 0.114675
946 0.360649
737 0.552819
879 0.101395
787 0.196392
1046 0.215093
931 0.124103
850 0.155026
817 0.301073
819 0.259726
837 0.435861
876 0.099038
1008 0.093349
911 0.133713
817 0.060976
