991 5.950601
881 19.459726
927 17.601519
997 45.896603
937 3.006756
962 4.706092
870 14.415257
920 36.419860
932 3.512322
934 12.818918
865 4.805897
875 5.491762
919 27.578409
999 4.527468
897 5.318288
827 32.434719
842 16.749081
1006 8.433168
885 2.131978
884 16.724762
907 3.828138
870 6.254330
1020 4.075539
889 5.010209
842 15.418263
855 11.812287
836 3.241897
997 40.137498
925 4.271560
965 16.190920
854 20.920496
693 4.520416
908 8.861288
944 2.522685
1005 10.262351
976 9.717319
902 12.793556
851 3.703636
887 5.586049
946 5.206366
945 24.704789
828 24.188602
858 10.877428
885 8.632706
863 4.444754
1057 7.183680
852 3.189322
837 15.409198
876 40.969691
862 23.454657
