1015 0.112822
847 0.087479
942 0.121052
770 0.141666
799 0.081200
867 0.056655
877 0.161433
787 0.036118
937 0.169452
949 0.124333
638 0.058258
787 0.145903
711 0.073912
876 0.470959
821 0.086930
786 0.049900
876 0.231718
910 0.323122
809 0.143823
690 0.350291
849 0.094804
715 0.076787
908 0.079284
831 0.087822
724 0.162482
748 0.425110
880 0.082466
814 0.167739
829 0.129863
894 0.075819
959 0.069168
779 0.045037
844 0.212702
906 0.068528
829 0.116383
1009 0.072192
946 0.224395
737 0.335134
879 0.066107
787 0.121829
1046 0.133265
931 0.083435
850 0.096025
817 0.186406
819 0.159242
837 0.279363
876 0.065418
1008 0.057281
911 0.086200
817 0.038025
