991 3.095103
881 9.841037
927 8.801854
997 23.410095
937 1.656571
962 2.412951
870 7.733212
920 18.567268
932 1.796743
934 6.419186
865 2.403363
875 2.846294
919 13.860704
999 2.315771
897 2.707766
827 16.368350
842 8.774450
1006 4.288354
885 1.132813
884 8.370349
907 1.946603
870 3.188224
1020 2.167881
889 2.544845
842 8.067509
855 5.963470
836 1.702452
997 20.096427
925 2.151751
965 8.276753
854 10.475086
693 2.460695
908 4.511290
944 1.362171
1005 5.375097
976 4.967068
902 6.654344
851 1.852431
887 2.863881
946 2.664803
945 12.440071
828 12.332104
858 5.490605
885 4.352396
863 2.285961
1057 3.721584
852 1.597951
837 8.131904
876 22.403514
862 13.761757
