777 0.792236
917 0.189190
1003 0.651833
785 3.109709
766 0.733861
764 3.060663
859 0.159820
969 1.313195
1008 1.264212
781 1.813268
868 0.199881
935 0.658538
890 0.247814
937 0.361329
809 1.160060
867 0.847690
810 0.504949
718 0.283827
808 0.971756
838 0.934296
674 14.192144
800 0.476076
824 2.713752
790 1.299974
906 0.929801
835 0.934458
918 0.428632
703 0.329404
802 1.066009
992 2.891036
823 0.239763
967 1.584687
810 0.433264
888 0.451564
858 0.819852
946 2.517899
720 0.834944
855 1.511336
850 0.153085
780 0.393517
888 0.132119
1074 0.718524
845 1.014536
856 1.873092
838 0.347628
884 0.438690
924 0.694621
948 1.373323
852 0.304047
893 0.430784
