777 0.615107
917 0.152173
1003 0.487474
785 2.353029
766 0.572682
764 2.374837
859 0.130527
969 1.000930
1008 0.964791
781 1.356728
868 0.153649
935 0.507140
890 0.192150
937 0.204736
809 0.661939
867 0.500904
810 0.241845
718 0.158563
808 0.545485
838 0.559301
674 7.913118
800 0.261115
824 1.526826
790 0.794083
906 0.561449
835 0.745691
918 0.327516
703 0.256403
802 0.802698
992 2.194394
823 0.191023
967 1.240389
810 0.337356
888 0.345305
858 0.629042
946 1.905603
720 0.633344
855 1.153833
850 0.120682
780 0.306097
888 0.111080
1074 0.551029
845 0.787544
856 1.422095
838 0.263247
884 0.334394
924 0.532818
948 1.037755
852 0.237956
893 0.339407
