777 1.137800
917 0.277559
1003 0.934258
785 4.488058
766 1.026412
764 4.448015
859 0.226213
969 1.884021
1008 1.824368
781 2.567992
868 0.277048
935 0.975687
890 0.361339
937 0.398439
809 1.292853
867 0.924346
810 0.434888
718 0.286012
808 0.976845
838 1.070705
674 15.395348
800 0.489810
824 2.924458
790 1.405316
906 1.071265
835 1.302489
918 0.618150
703 0.476126
802 1.554672
992 4.182881
823 0.340782
967 2.232440
810 0.608138
888 0.642526
858 1.179703
946 3.650374
720 1.211334
855 2.202705
850 0.212771
780 0.566526
888 0.177162
1074 1.053358
845 1.348541
856 2.722703
838 0.497986
884 0.652393
924 1.014869
948 1.986384
852 0.432067
893 0.637322
