1015 0.254420
847 0.209186
942 0.299621
770 0.341154
799 0.184202
867 0.123777
877 0.367629
787 0.074373
937 0.392202
949 0.280079
638 0.128849
787 0.333579
711 0.161339
876 1.106679
821 0.181545
786 0.105531
876 0.519783
910 0.730870
809 0.313746
690 0.833818
849 0.225565
715 0.164351
908 0.183853
831 0.199317
724 0.357556
748 0.974584
880 0.192935
814 0.400205
829 0.293688
894 0.178632
959 0.150998
779 0.106178
844 0.495772
906 0.160513
829 0.274391
1009 0.167997
946 0.523320
737 0.801871
879 0.141979
787 0.286565
1046 0.321512
931 0.173219
850 0.224761
817 0.442256
819 0.374796
837 0.632029
876 0.138123
1008 0.136463
911 0.198317
817 0.089826
