777 0.299758
917 0.088284
1003 0.230613
785 1.073252
766 0.288001
764 1.155919
859 0.072564
969 0.512668
1008 0.475277
781 0.630137
868 0.083755
935 0.248695
890 0.099612
937 0.095493
809 0.330187
867 0.249822
810 0.139783
718 0.083401
808 0.297442
838 0.278494
674 3.474081
800 0.144489
824 0.701725
790 0.455346
906 0.255826
835 0.391408
918 0.155435
703 0.135753
802 0.362059
992 0.969831
823 0.096679
967 0.627590
810 0.188091
888 0.160376
858 0.292909
946 0.920710
720 0.292941
855 0.533185
850 0.070102
780 0.178045
888 0.067849
1074 0.274935
845 0.415436
856 0.675062
838 0.123401
884 0.157987
924 0.238306
948 0.502745
852 0.115112
893 0.166767
