1015 0.065169
847 0.052838
942 0.066481
770 0.082665
799 0.049869
867 0.037700
877 0.095148
787 0.024732
937 0.098910
949 0.077998
638 0.037206
787 0.095774
711 0.056390
876 0.271640
821 0.062369
786 0.036134
876 0.143318
910 0.200141
809 0.095726
690 0.189004
849 0.054422
715 0.050052
908 0.045431
831 0.052978
724 0.104480
748 0.251680
880 0.045872
814 0.090261
829 0.081563
894 0.045973
959 0.049443
779 0.028511
844 0.125926
906 0.039180
829 0.067835
1009 0.042335
946 0.130133
737 0.190484
879 0.041211
787 0.076082
1046 0.081776
931 0.053701
850 0.053862
817 0.106843
819 0.090050
837 0.164044
876 0.046686
1008 0.032532
911 0.048687
817 0.024145
