991 2.086314
881 6.627030
927 6.038487
997 16.011623
937 1.182045
962 1.619644
870 5.553949
920 12.682761
932 1.255802
934 4.376042
865 1.749126
875 2.030331
919 9.465155
999 1.634007
897 1.905601
827 11.141845
842 6.113170
1006 2.945369
885 0.835127
884 5.789816
907 1.350554
870 2.220259
1020 1.522194
889 1.758079
842 5.660701
855 4.050679
836 1.201855
997 13.762199
925 1.505584
965 5.748474
854 7.081602
693 1.717156
908 3.054596
944 1.023899
1005 3.854834
976 3.436889
902 4.726947
851 1.274369
887 1.922046
946 1.820349
945 8.493227
828 8.618787
858 3.787989
885 2.944993
863 1.626557
1057 2.508485
852 1.104918
837 5.825678
876 14.069964
862 8.348440
