991 0.945414
881 2.224925
927 2.233714
997 5.834640
937 0.574836
962 0.630113
870 2.918628
920 4.678185
932 0.494197
934 1.580729
865 0.683627
875 1.186766
919 3.170070
999 0.704993
897 0.781936
827 4.064251
842 2.521950
1006 1.053922
885 0.505211
884 2.373680
907 0.577207
870 0.837918
1020 0.674360
889 0.720101
842 2.324808
855 1.437785
836 0.638223
997 4.734100
925 0.546489
965 1.911473
854 2.322712
693 0.651514
908 1.131994
944 0.468134
1005 1.801643
976 1.279636
902 1.906509
851 0.586200
887 0.709776
946 0.773882
945 3.010557
828 3.657897
858 1.372552
885 1.225184
863 0.663616
1057 1.194041
852 0.388259
837 3.984075
876 4.858264
862 3.378605
