1015 0.137378
847 0.108301
942 0.151723
770 0.175361
799 0.098041
867 0.068339
877 0.196270
787 0.042664
937 0.207220
949 0.149354
638 0.070236
787 0.177554
711 0.085838
876 0.579228
821 0.104067
786 0.058848
876 0.284949
910 0.393891
809 0.169325
690 0.430812
849 0.116337
715 0.092667
908 0.095150
831 0.105012
724 0.195031
748 0.518054
880 0.100661
814 0.206863
829 0.157248
894 0.092488
959 0.082764
779 0.056244
844 0.259315
906 0.083908
829 0.144629
1009 0.087360
946 0.276177
737 0.419758
879 0.081636
787 0.151432
1046 0.165020
931 0.098142
850 0.118292
817 0.231089
819 0.196831
837 0.342061
876 0.079725
1008 0.072191
911 0.105537
817 0.047316
