777 2.206136
917 0.532092
1003 1.813030
785 8.943795
766 2.016688
764 8.851557
859 0.443758
969 3.581744
1008 3.619966
781 5.104903
868 0.557655
935 1.912340
890 0.700483
937 0.765676
809 2.550572
867 1.788584
810 0.854246
718 0.546870
808 1.899736
838 2.109392
674 30.837412
800 0.960032
824 5.833485
790 2.737647
906 2.131111
835 2.552010
918 1.229961
703 0.940188
802 3.112105
992 8.364243
823 0.664960
967 4.364556
810 1.161233
888 1.284186
858 2.341588
946 7.282272
720 2.401540
855 4.375702
850 0.403854
780 1.131229
888 0.339012
1074 2.098757
845 2.435491
856 5.399061
838 0.977354
884 1.284214
924 2.027430
948 3.961019
852 0.841061
893 1.257530
