777 0.504508
917 0.130742
1003 0.406418
785 1.900149
766 0.468325
764 1.943591
859 0.111016
969 0.828347
1008 0.793897
781 1.109509
868 0.124417
935 0.420231
890 0.159002
937 0.166001
809 0.536002
867 0.414718
810 0.204027
718 0.133948
808 0.464269
838 0.462098
674 6.410371
800 0.218870
824 1.244902
790 0.685352
906 0.455935
835 0.615882
918 0.267351
703 0.214091
802 0.645153
992 1.773684
823 0.154475
967 1.020776
810 0.282839
888 0.284058
858 0.512975
946 1.545600
720 0.516018
855 0.934066
850 0.099034
780 0.258211
888 0.091158
1074 0.452463
845 0.681365
856 1.152180
838 0.219258
884 0.270441
924 0.428598
948 0.844578
852 0.196435
893 0.273530
