991 1.396667
881 4.114658
927 3.785529
997 10.030005
937 0.791965
962 1.016578
870 4.009346
920 8.031759
932 0.808416
934 2.695095
865 1.145454
875 1.385093
919 5.867981
999 1.081208
897 1.236841
827 7.112097
842 3.917974
1006 1.791433
885 0.609810
884 3.717058
907 0.882477
870 1.384802
1020 1.018598
889 1.163888
842 3.801637
855 2.524833
836 0.853183
997 8.584194
925 0.925821
965 3.671614
854 4.349912
693 1.041398
908 1.946495
944 0.718518
1005 2.599912
976 2.206730
902 3.116127
851 0.857499
887 1.219524
946 1.219081
945 5.327093
828 5.701783
858 2.415011
885 1.847910
863 1.096879
1057 1.702250
852 0.710055
837 3.936700
876 8.716593
862 5.436510
