1015 0.445130
847 0.366388
942 0.552005
770 0.636107
799 0.332266
867 0.199918
877 0.699889
787 0.107268
937 0.744595
949 0.507799
638 0.220025
787 0.622804
711 0.272588
876 2.239793
821 0.291105
786 0.162960
876 0.991046
910 1.442975
809 0.579529
690 1.671315
849 0.413667
715 0.266909
908 0.315274
831 0.347441
724 0.656915
748 1.941082
880 0.342568
814 0.764465
829 0.535141
894 0.307561
959 0.247607
779 0.167868
844 0.954469
906 0.270614
829 0.502642
1009 0.287796
946 1.023537
737 1.606007
879 0.231886
787 0.532652
1046 0.601845
931 0.299539
850 0.407734
817 0.865819
819 0.716635
837 1.237940
876 0.225443
1008 0.233356
911 0.351655
817 0.136491
