991 6.007298
881 19.902401
927 17.944326
997 47.417608
937 2.950157
962 4.681077
870 14.632069
920 37.593822
932 3.469862
934 13.031466
865 4.794786
875 5.503693
919 28.356791
999 4.498999
897 5.317506
827 33.548622
842 17.095370
1006 8.502082
885 2.048096
884 17.070224
907 3.812543
870 6.278081
1020 4.043070
889 4.978971
842 15.731431
855 11.982632
836 3.193856
997 41.423831
925 4.259737
965 16.501161
854 21.401201
693 4.474106
908 8.903036
944 2.458602
1005 10.380810
976 9.866527
902 13.104733
851 3.675942
887 5.592837
946 5.185411
945 25.211538
828 24.627620
858 11.030672
885 8.667715
863 4.423355
1057 7.170411
852 3.129105
837 15.566049
876 42.321870
862 24.052160
