777 2.195314
917 0.481097
1003 1.780718
785 9.175163
766 1.972460
764 9.092633
859 0.393595
969 3.592862
1008 3.626553
781 5.196714
868 0.502789
935 1.880708
890 0.654700
937 0.718584
809 2.541600
867 1.753037
810 0.804788
718 0.492995
808 1.870095
838 2.065180
674 31.935937
800 0.907878
824 5.939497
790 2.719708
906 2.120385
835 2.540397
918 1.195308
703 0.886503
802 3.107319
992 8.546498
823 0.626277
967 4.400218
810 1.109250
888 1.232143
858 2.318340
946 7.460313
720 2.396246
855 4.410787
850 0.351029
780 1.087782
888 0.285048
1074 2.073124
845 2.401841
856 5.471510
838 0.935673
884 1.243244
924 1.987391
948 3.985098
852 0.794944
893 1.202059
