1015 0.254821
847 0.209523
942 0.299363
770 0.339760
799 0.183493
867 0.123575
877 0.367737
787 0.074036
937 0.392417
949 0.279840
638 0.129178
787 0.333326
711 0.161423
876 1.106491
821 0.182794
786 0.105214
876 0.520323
910 0.731214
809 0.313453
690 0.834109
849 0.225506
715 0.164244
908 0.183490
831 0.199544
724 0.357550
748 0.975942
880 0.193047
814 0.400099
829 0.295950
894 0.178882
959 0.150959
779 0.105760
844 0.496965
906 0.160760
829 0.274538
1009 0.168038
946 0.523144
737 0.803029
879 0.141283
787 0.285739
1046 0.322245
931 0.173298
850 0.224398
817 0.442287
819 0.374429
837 0.631710
876 0.138802
1008 0.136745
911 0.199143
817 0.089545
