991 1.658987
881 5.050073
927 4.639906
997 12.338374
937 0.941374
962 1.255336
870 4.732043
920 9.829178
932 0.969119
934 3.348623
865 1.411967
875 1.643399
919 7.243947
999 1.294583
897 1.494596
827 8.668330
842 4.765721
1006 2.196651
885 0.699574
884 4.506614
907 1.042763
870 1.660536
1020 1.207606
889 1.392042
842 4.433158
855 3.124897
836 0.977037
997 10.628850
925 1.120498
965 4.502460
854 5.367065
693 1.290924
908 2.388455
944 0.833735
1005 3.049829
976 2.708677
902 3.677458
851 1.029472
887 1.498209
946 1.442596
945 6.510654
828 6.929557
858 2.956578
885 2.254427
863 1.275166
1057 2.040495
852 0.870732
837 4.692280
876 10.759598
862 6.478253
