1015 0.171133
847 0.141012
942 0.203803
770 0.226437
799 0.126311
867 0.087557
877 0.253793
787 0.053027
937 0.269388
949 0.192026
638 0.088976
787 0.233320
711 0.114135
876 0.750953
821 0.130016
786 0.074239
876 0.363527
910 0.506159
809 0.220719
690 0.569735
849 0.153585
715 0.117863
908 0.121861
831 0.137171
724 0.248029
748 0.670806
880 0.131463
814 0.272152
829 0.202111
894 0.120450
959 0.104880
779 0.073357
844 0.342024
906 0.106764
829 0.187057
1009 0.115151
946 0.361235
737 0.552425
879 0.101284
787 0.196562
1046 0.215604
931 0.123985
850 0.154550
817 0.301039
819 0.258841
837 0.436115
876 0.099020
1008 0.093593
911 0.134182
817 0.060871
