1015 0.484930
847 0.399942
942 0.588025
770 0.667900
799 0.364106
867 0.238448
877 0.727028
787 0.138899
937 0.772972
949 0.544259
638 0.254168
787 0.650278
711 0.307935
876 2.197063
821 0.327429
786 0.200089
876 1.014351
910 1.440891
809 0.614510
690 1.665562
849 0.448031
715 0.306845
908 0.354721
831 0.388576
724 0.690925
748 1.916595
880 0.379069
814 0.797865
829 0.573426
894 0.350173
959 0.285502
779 0.205540
844 0.981965
906 0.313053
829 0.543428
1009 0.333233
946 1.041556
737 1.597390
879 0.267435
787 0.561428
1046 0.636030
931 0.334144
850 0.440169
817 0.882754
819 0.745826
837 1.257210
876 0.262642
1008 0.270079
911 0.386804
817 0.167411
