777 0.789684
917 0.188773
1003 0.648758
785 3.102007
766 0.727223
764 3.045070
859 0.160473
969 1.302891
1008 1.254237
781 1.767103
868 0.198635
935 0.655452
890 0.247300
937 0.266642
809 0.869209
867 0.631769
810 0.305545
718 0.206434
808 0.689315
838 0.717304
674 10.435821
800 0.336854
824 1.979655
790 0.983431
906 0.731199
835 0.926253
918 0.426425
703 0.328231
802 1.057521
992 2.877472
823 0.238662
967 1.575915
810 0.431385
888 0.446376
858 0.814127
946 2.503906
720 0.827442
855 1.500059
850 0.150438
780 0.390404
888 0.130627
1074 0.712257
845 1.006166
856 1.856639
838 0.341771
884 0.433643
924 0.687417
948 1.358176
852 0.303707
893 0.425477
