991 3.095283
881 9.845933
927 8.812504
997 23.416258
937 1.660033
962 2.414233
870 7.734970
920 18.585691
932 1.800716
934 6.426380
865 2.405310
875 2.854599
919 13.872383
999 2.319905
897 2.711128
827 16.370765
842 8.782203
1006 4.291478
885 1.135642
884 8.368357
907 1.948903
870 3.188969
1020 2.168788
889 2.550272
842 8.072983
855 5.966223
836 1.703458
997 20.095360
925 2.156528
965 8.275497
854 10.484967
693 2.462272
908 4.516621
944 1.368269
1005 5.380571
976 4.965292
902 6.658902
851 1.853282
887 2.870404
946 2.666278
945 12.446491
828 13.733325
858 6.307471
885 4.662123
863 2.286430
1057 3.740113
852 1.620034
837 9.387686
876 21.217372
862 11.889788
