1015 0.064764
847 0.051106
942 0.066739
770 0.082468
799 0.050132
867 0.036677
877 0.094817
787 0.025194
937 0.098113
949 0.077095
638 0.037086
787 0.095516
711 0.055946
876 0.271608
821 0.062069
786 0.035795
876 0.142127
910 0.198856
809 0.094603
690 0.193428
849 0.053969
715 0.049456
908 0.045222
831 0.052622
724 0.105965
748 0.251760
880 0.046203
814 0.091499
829 0.081567
894 0.045013
959 0.047610
779 0.028488
844 0.125779
906 0.039657
829 0.067882
1009 0.042509
946 0.129471
737 0.190465
879 0.041451
787 0.076200
1046 0.081803
931 0.053216
850 0.054035
817 0.106724
819 0.089890
837 0.166255
876 0.046535
1008 0.032726
911 0.048086
817 0.024704
