991 5.957630
881 19.465564
927 17.601010
997 45.895762
937 3.015991
962 4.705636
870 14.417758
920 36.423683
932 3.507703
934 12.809026
865 4.805269
875 5.491958
919 27.571232
999 4.528596
897 5.313902
827 32.415581
842 16.737979
1006 8.426464
885 2.130822
884 16.712188
907 3.825166
870 6.253236
1020 4.071615
889 5.006625
842 15.406983
855 11.804797
836 3.240206
997 40.111671
925 4.270182
965 16.186258
854 20.899646
693 4.511028
908 8.854606
944 2.521073
1005 10.254326
976 9.710454
902 12.785829
851 3.700553
887 5.584142
946 5.196214
945 24.689681
828 24.166765
858 10.868294
885 8.630093
863 4.440986
1057 7.179148
852 3.186552
837 15.399284
876 40.943817
862 23.442032
