991 2.087998
881 6.637253
927 6.051674
997 16.026367
937 1.183352
962 1.621752
870 5.604494
920 12.703153
932 1.258060
934 4.382584
865 1.753416
875 2.033175
919 9.476416
999 1.634925
897 1.884058
827 11.159780
842 6.123618
1006 2.947931
885 0.835419
884 5.795341
907 1.353382
870 2.222235
1020 1.522359
889 1.754015
842 5.667818
855 4.053999
836 1.200853
997 13.786289
925 1.508267
965 5.805723
854 7.087580
693 1.719283
908 3.055086
944 1.022890
1005 3.861075
976 3.440639
902 4.735092
851 1.275220
887 1.925157
946 1.825285
945 8.505495
828 8.634470
858 3.793899
885 2.946772
863 1.628049
1057 2.508419
852 1.106433
837 5.833703
876 14.090824
862 8.363202
