1015 0.138045
847 0.108900
942 0.152497
770 0.176087
799 0.098910
867 0.068982
877 0.196851
787 0.043397
937 0.207990
949 0.150134
638 0.070330
787 0.177976
711 0.086387
876 0.578770
821 0.104804
786 0.059133
876 0.285978
910 0.394286
809 0.170249
690 0.431072
849 0.117074
715 0.095360
908 0.095665
831 0.106042
724 0.195872
748 0.520481
880 0.101112
814 0.207983
829 0.158424
894 0.093537
959 0.082717
779 0.056716
844 0.260162
906 0.084274
829 0.146096
1009 0.088511
946 0.276440
737 0.417277
879 0.081647
787 0.151139
1046 0.164918
931 0.098452
850 0.118319
817 0.230663
819 0.197072
837 0.341963
876 0.079686
1008 0.072121
911 0.105338
817 0.047110
