1015 0.113507
847 0.087804
942 0.121381
770 0.141468
799 0.080320
867 0.056712
877 0.161423
787 0.035840
937 0.168920
949 0.122376
638 0.058784
787 0.146547
711 0.073832
876 0.471066
821 0.087231
786 0.049679
876 0.231358
910 0.322909
809 0.143878
690 0.350046
849 0.093922
715 0.076509
908 0.079053
831 0.087918
724 0.162886
748 0.425347
880 0.081596
814 0.167338
829 0.129760
894 0.075970
959 0.068694
779 0.045271
844 0.212923
906 0.068562
829 0.116641
1009 0.071656
946 0.223871
737 0.334481
879 0.066470
787 0.121745
1046 0.133380
931 0.082661
850 0.095931
817 0.186827
819 0.159059
837 0.278322
876 0.065198
1008 0.057853
911 0.085655
817 0.038220
