991 0.942033
881 2.222142
927 2.235229
997 5.837572
937 0.573984
962 0.630640
870 2.873522
920 4.683966
932 0.494153
934 1.579360
865 0.684384
875 1.184085
919 3.171763
999 0.705422
897 0.778710
827 4.059280
842 2.521145
1006 1.054824
885 0.499794
884 2.369978
907 0.578302
870 0.841646
1020 0.675726
889 0.732954
842 2.322905
855 1.434814
836 0.636351
997 4.724674
925 0.547037
965 1.910080
854 2.323139
693 0.650098
908 1.131852
944 0.467130
1005 1.802283
976 1.281377
902 1.910663
851 0.587346
887 0.706343
946 0.773819
945 3.014489
828 3.635435
858 1.371378
885 1.223729
863 0.662743
1057 1.192421
852 0.388599
837 3.983880
876 4.857291
862 3.405726
