991 1.397449
881 4.119227
927 3.789052
997 10.041367
937 0.793099
962 1.017318
870 4.013564
920 8.037997
932 0.809736
934 2.697305
865 1.149271
875 1.384184
919 5.871459
999 1.080980
897 1.237439
827 7.125265
842 3.918242
1006 1.794450
885 0.612551
884 3.719732
907 0.884133
870 1.384030
1020 1.019422
889 1.164428
842 3.792106
855 2.524721
836 0.852965
997 8.593582
925 0.925440
965 3.672823
854 4.351443
693 1.041638
908 1.946182
944 0.717660
1005 2.600183
976 2.207538
902 3.122908
851 0.857578
887 1.218927
946 1.219425
945 5.329591
828 5.703834
858 2.415935
885 1.849489
863 1.097010
1057 1.703735
852 0.710573
837 3.943278
876 8.724103
862 5.441606
