777 0.615103
917 0.151699
1003 0.486823
785 2.352884
766 0.572965
764 2.375905
859 0.130362
969 1.002228
1008 0.965439
781 1.357112
868 0.154740
935 0.506543
890 0.192388
937 0.205484
809 0.662224
867 0.501649
810 0.242915
718 0.158167
808 0.546341
838 0.559931
674 7.916821
800 0.261951
824 1.526354
790 0.794469
906 0.561998
835 0.745745
918 0.327925
703 0.256688
802 0.801273
992 2.194193
823 0.190074
967 1.240040
810 0.337603
888 0.345010
858 0.628657
946 1.905739
720 0.632828
855 1.153459
850 0.120484
780 0.305304
888 0.110854
1074 0.550717
845 0.787768
856 1.424878
838 0.263069
884 0.333952
924 0.532676
948 1.035823
852 0.237905
893 0.339723
