777 0.504410
917 0.130751
1003 0.407077
785 1.905493
766 0.468633
764 1.944619
859 0.111345
969 0.828502
1008 0.797677
781 1.109732
868 0.125997
935 0.420225
890 0.159505
937 0.166114
809 0.536487
867 0.415491
810 0.204414
718 0.133580
808 0.463674
838 0.462320
674 6.408499
800 0.219547
824 1.244301
790 0.686374
906 0.455341
835 0.615188
918 0.267400
703 0.213538
802 0.644728
992 1.774520
823 0.154509
967 1.020906
810 0.282981
888 0.284184
858 0.512313
946 1.546095
720 0.517025
855 0.936412
850 0.099894
780 0.258640
888 0.092739
1074 0.452795
845 0.678995
856 1.152648
838 0.219641
884 0.271263
924 0.429184
948 0.844585
852 0.197436
893 0.274540
