777 1.142461
917 0.280180
1003 0.937778
785 4.490426
766 1.027993
764 4.450429
859 0.229113
969 1.886477
1008 1.827409
781 2.578001
868 0.280745
935 0.971532
890 0.361199
937 0.398435
809 1.289108
867 0.924579
810 0.435521
718 0.286245
808 0.979259
838 1.071676
674 15.401735
800 0.489616
824 2.915820
790 1.404089
906 1.071703
835 1.302401
918 0.619785
703 0.475339
802 1.550948
992 4.181773
823 0.341502
967 2.229070
810 0.608239
888 0.641938
858 1.181195
946 3.645607
720 1.212328
855 2.198105
850 0.212810
780 0.566373
888 0.176958
1074 1.052173
845 1.348098
856 2.718926
838 0.499187
884 0.650426
924 1.014314
948 1.985473
852 0.431872
893 0.636959
