777 0.300571
917 0.087121
1003 0.228180
785 1.067721
766 0.287300
764 1.155916
859 0.073193
969 0.514904
1008 0.472561
781 0.632331
868 0.082868
935 0.249270
890 0.099328
937 0.094378
809 0.330039
867 0.248260
810 0.139018
718 0.083722
808 0.297873
838 0.278167
674 3.477296
800 0.143946
824 0.701975
790 0.456597
906 0.255999
835 0.393992
918 0.157977
703 0.136429
802 0.366162
992 0.973592
823 0.098364
967 0.629651
810 0.189717
888 0.162406
858 0.294461
946 0.921465
720 0.295306
855 0.539110
850 0.067511
780 0.179937
888 0.068316
1074 0.275697
845 0.423395
856 0.677297
838 0.122536
884 0.158416
924 0.240031
948 0.504957
852 0.117955
893 0.168475
