777 2.205411
917 0.530542
1003 1.812248
785 8.928324
766 2.014025
764 8.842524
859 0.443861
969 3.578186
1008 3.617590
781 5.098612
868 0.557138
935 1.911411
890 0.699561
937 0.766178
809 2.544558
867 1.786552
810 0.852314
718 0.547564
808 1.888430
838 2.105794
674 30.791882
800 0.958815
824 5.828126
790 2.734653
906 2.129413
835 2.549730
918 1.229844
703 0.940730
802 3.108080
992 8.364241
823 0.668086
967 4.354782
810 1.160781
888 1.283352
858 2.339901
946 7.273348
720 2.401739
855 4.372113
850 0.403586
780 1.130089
888 0.339459
1074 2.098322
845 2.431393
856 5.396656
838 0.977754
884 1.283324
924 2.025380
948 3.957036
852 0.840084
893 1.258591
