1015 0.445343
847 0.366406
942 0.552551
770 0.635517
799 0.331387
867 0.200144
877 0.699504
787 0.107271
937 0.745032
949 0.507895
638 0.219482
787 0.623022
711 0.273438
876 2.240830
821 0.290878
786 0.162396
876 0.986292
910 1.438844
809 0.574542
690 1.660786
849 0.410589
715 0.264675
908 0.315337
831 0.346875
724 0.657688
748 1.928659
880 0.339953
814 0.765909
829 0.538953
894 0.309467
959 0.249792
779 0.168938
844 0.961894
906 0.272759
829 0.501991
1009 0.287220
946 1.026606
737 1.603531
879 0.231393
787 0.533448
1046 0.601025
931 0.299789
850 0.407319
817 0.866613
819 0.716229
837 1.229483
876 0.226220
1008 0.233603
911 0.351647
817 0.136273
