777 2.194515
917 0.480923
1003 1.780228
785 9.171544
766 1.979592
764 9.132285
859 0.396030
969 3.589070
1008 3.652837
781 5.155585
868 0.498952
935 1.871911
890 0.654565
937 0.718968
809 2.543745
867 1.752323
810 0.800066
718 0.489879
808 1.854570
838 2.078228
674 31.962728
800 0.907547
824 5.938062
790 2.714529
906 2.114826
835 2.524082
918 1.197935
703 0.896582
802 3.136974
992 8.547961
823 0.627395
967 4.414851
810 1.118443
888 1.240720
858 2.317438
946 7.434100
720 2.395843
855 4.388062
850 0.350448
780 1.087477
888 0.284983
1074 2.075981
845 2.418789
856 5.472982
838 0.935170
884 1.247011
924 2.002194
948 3.977212
852 0.792228
893 1.212498
