991 5.987806
881 19.822335
927 17.944734
997 47.319117
937 2.933962
962 4.693199
870 14.566299
920 37.533001
932 3.468971
934 13.013032
865 4.791213
875 5.505725
919 28.342319
999 4.467627
897 5.331017
827 33.478725
842 17.046265
1006 8.517974
885 2.059162
884 17.049761
907 3.795986
870 6.259213
1020 4.037770
889 4.988774
842 15.658829
855 11.926996
836 3.171841
997 41.277306
925 4.249725
965 16.458742
854 21.345381
693 4.476733
908 8.929317
944 2.474292
1005 10.358138
976 9.826087
902 13.026175
851 3.653846
887 5.604785
946 5.169132
945 25.194042
828 24.550265
858 11.027265
885 8.672013
863 4.401818
1057 7.153332
852 3.139916
837 15.545113
876 42.334379
862 23.926666
