991 2.091469
881 6.638806
927 6.048344
997 16.029220
937 1.182513
962 1.622623
870 5.601238
920 12.699326
932 1.257826
934 4.383091
865 1.752319
875 2.033906
919 9.507644
999 1.634837
897 1.884421
827 11.157617
842 6.124752
1006 2.949666
885 0.837001
884 5.791586
907 1.351482
870 2.221343
1020 1.524100
889 1.757374
842 5.666514
855 4.055213
836 1.199057
997 13.771237
925 1.507455
965 5.805157
854 7.087943
693 1.718309
908 3.056584
944 1.023006
1005 3.858258
976 3.452570
902 4.730625
851 1.275542
887 1.922262
946 1.823304
945 8.497219
828 8.625251
858 3.790809
885 2.945789
863 1.626647
1057 2.509738
852 1.105682
837 5.827352
876 14.078432
862 8.358966
