1015 0.483860
847 0.401093
942 0.587108
770 0.667475
799 0.364887
867 0.238565
877 0.725829
787 0.138863
937 0.773059
949 0.544724
638 0.253413
787 0.649614
711 0.307752
876 2.197906
821 0.326947
786 0.200698
876 1.018863
910 1.441301
809 0.612994
690 1.663366
849 0.447421
715 0.308057
908 0.355226
831 0.387318
724 0.690856
748 1.916589
880 0.378003
814 0.794418
829 0.573546
894 0.349899
959 0.285343
779 0.205199
844 0.980600
906 0.312999
829 0.544095
1009 0.332797
946 1.043524
737 1.595853
879 0.266095
787 0.561233
1046 0.634638
931 0.333331
850 0.439866
817 0.883995
819 0.746342
837 1.257090
876 0.261736
1008 0.271503
911 0.386442
817 0.168596
