1015 0.254830
847 0.209688
942 0.299475
770 0.340809
799 0.183642
867 0.123795
877 0.367922
787 0.074377
937 0.393158
949 0.283178
638 0.129707
787 0.333854
711 0.161950
876 1.108178
821 0.182707
786 0.105433
876 0.520342
910 0.731704
809 0.314278
690 0.835459
849 0.226849
715 0.164712
908 0.183419
831 0.199230
724 0.357215
748 0.975273
880 0.193655
814 0.400948
829 0.293726
894 0.178996
959 0.150842
779 0.106297
844 0.496125
906 0.160485
829 0.274430
1009 0.168044
946 0.523529
737 0.803512
879 0.141587
787 0.286925
1046 0.322449
931 0.173617
850 0.224921
817 0.442819
819 0.375594
837 0.631806
876 0.137873
1008 0.136676
911 0.198166
817 0.090137
