991 3.091867
881 9.840093
927 8.797056
997 23.404712
937 1.657794
962 2.412323
870 7.729677
920 18.559436
932 1.795428
934 6.417084
865 2.402589
875 2.849799
919 13.850635
999 2.317182
897 2.705342
827 16.354594
842 8.770778
1006 4.284167
885 1.134618
884 8.356331
907 1.950003
870 3.184669
1020 2.166780
889 2.544189
842 8.058660
855 5.961293
836 1.703597
997 20.100092
925 2.150926
965 8.265563
854 10.472540
693 2.461853
908 4.513446
944 1.366364
1005 5.374994
976 4.960136
902 6.651172
851 1.852331
887 2.867277
946 2.657965
945 12.434225
828 12.324856
858 5.486859
885 4.351501
863 2.289297
1057 3.723506
852 1.596974
837 8.125970
876 20.602856
862 11.882358
