777 0.505702
917 0.131466
1003 0.407827
785 1.906237
766 0.469695
764 1.945790
859 0.112018
969 0.829872
1008 0.794445
781 1.108622
868 0.125358
935 0.420420
890 0.159043
937 0.165492
809 0.536043
867 0.414812
810 0.203615
718 0.133521
808 0.464342
838 0.465036
674 6.411778
800 0.218849
824 1.244305
790 0.686012
906 0.455843
835 0.615985
918 0.267374
703 0.214654
802 0.645796
992 1.775093
823 0.154453
967 1.021731
810 0.283377
888 0.284881
858 0.512595
946 1.546679
720 0.517543
855 0.933643
850 0.099330
780 0.258875
888 0.091245
1074 0.453086
845 0.680698
856 1.152583
838 0.219880
884 0.271291
924 0.430561
948 0.846779
852 0.196957
893 0.274511
