777 0.787201
917 0.188095
1003 0.647168
785 3.101733
766 0.727368
764 3.046683
859 0.159979
969 1.304425
1008 1.255751
781 1.767926
868 0.198122
935 0.655537
890 0.246767
937 0.266898
809 0.868751
867 0.631599
810 0.304833
718 0.206497
808 0.690268
838 0.716925
674 10.434355
800 0.337476
824 1.980674
790 0.984219
906 0.731659
835 0.926841
918 0.426851
703 0.327120
802 1.058012
992 2.876988
823 0.238765
967 1.576008
810 0.430545
888 0.446199
858 0.814263
946 2.504755
720 0.829321
855 1.497758
850 0.153210
780 0.391076
888 0.132479
1074 0.713991
845 1.008163
856 1.860679
838 0.342233
884 0.434713
924 0.689073
948 1.359580
852 0.304199
893 0.426926
