777 0.295449
917 0.087335
1003 0.228790
785 1.068636
766 0.288702
764 1.156649
859 0.072172
969 0.515817
1008 0.473719
781 0.631283
868 0.083001
935 0.248937
890 0.099696
937 0.094660
809 0.330475
867 0.248076
810 0.139764
718 0.083508
808 0.298136
838 0.278019
674 3.475161
800 0.143274
824 0.698506
790 0.455181
906 0.253338
835 0.391826
918 0.156022
703 0.135650
802 0.361915
992 0.970010
823 0.097832
967 0.625854
810 0.188469
888 0.159961
858 0.293598
946 0.917601
720 0.292804
855 0.532751
850 0.067562
780 0.179901
888 0.067415
1074 0.273974
845 0.415730
856 0.677724
838 0.122967
884 0.159540
924 0.239608
948 0.505731
852 0.117057
893 0.167949
