991 1.658775
881 5.043823
927 4.631908
997 12.321051
937 0.940559
962 1.254731
870 4.729965
920 9.818811
932 0.967517
934 3.350635
865 1.411440
875 1.643594
919 7.235669
999 1.293104
897 1.494244
827 8.661168
842 4.762025
1006 2.194019
885 0.698993
884 4.504709
907 1.041656
870 1.659534
1020 1.206122
889 1.388682
842 4.428449
855 3.124632
836 0.976321
997 10.626405
925 1.119835
965 4.495508
854 5.361683
693 1.290024
908 2.385283
944 0.832160
1005 3.046918
976 2.705512
902 3.671904
851 1.024260
887 1.497023
946 1.440945
945 6.509388
828 6.919574
858 2.954907
885 2.253924
863 1.270725
1057 2.038026
852 0.869269
837 4.686921
876 10.755868
862 6.470856
