1015 0.113672
847 0.088164
942 0.121580
770 0.144113
799 0.080805
867 0.056664
877 0.161881
787 0.035834
937 0.169603
949 0.122749
638 0.058206
787 0.146435
711 0.074257
876 0.472438
821 0.087296
786 0.049021
876 0.232113
910 0.323957
809 0.144154
690 0.349737
849 0.095320
715 0.076891
908 0.079174
831 0.088230
724 0.162823
748 0.424953
880 0.082336
814 0.168109
829 0.129992
894 0.075848
959 0.068588
779 0.045392
844 0.213422
906 0.068831
829 0.116777
1009 0.072008
946 0.224597
737 0.335394
879 0.066316
787 0.122158
1046 0.133280
931 0.082976
850 0.096137
817 0.186416
819 0.158358
837 0.279442
876 0.065729
1008 0.057807
911 0.086084
817 0.038632
