777 1.140409
917 0.277294
1003 0.934190
785 4.493431
766 1.029110
764 4.447194
859 0.228700
969 1.886482
1008 1.827226
781 2.577493
868 0.280594
935 0.972589
890 0.361722
937 0.398262
809 1.289850
867 0.925946
810 0.436055
718 0.286757
808 0.978665
838 1.071437
674 15.393277
800 0.489359
824 2.915894
790 1.404234
906 1.070701
835 1.303349
918 0.621025
703 0.474663
802 1.555272
992 4.182070
823 0.341057
967 2.230115
810 0.607782
888 0.642118
858 1.180571
946 3.650544
720 1.213298
855 2.197873
850 0.213029
780 0.565951
888 0.176274
1074 1.050161
845 1.348040
856 2.720112
838 0.499744
884 0.650971
924 1.012807
948 1.986610
852 0.432065
893 0.638351
