777 2.204230
917 0.529855
1003 1.812943
785 8.932570
766 2.016140
764 8.840791
859 0.443540
969 3.581149
1008 3.616138
781 5.099085
868 0.557417
935 1.910790
890 0.700077
937 0.766746
809 2.544789
867 1.787591
810 0.851895
718 0.546756
808 1.893590
838 2.106439
674 30.797921
800 0.960618
824 5.830355
790 2.735212
906 2.126535
835 2.551466
918 1.230382
703 0.941769
802 3.109862
992 8.363101
823 0.666527
967 4.360877
810 1.159853
888 1.283497
858 2.339128
946 7.277842
720 2.402352
855 4.372537
850 0.402597
780 1.129814
888 0.337490
1074 2.099451
845 2.432893
856 5.394877
838 0.975013
884 1.283745
924 2.024376
948 3.958694
852 0.839363
893 1.258929
