1015 0.065248
847 0.050685
942 0.066839
770 0.082805
799 0.049891
867 0.037187
877 0.095428
787 0.024973
937 0.099063
949 0.077521
638 0.036919
787 0.095055
711 0.055841
876 0.270077
821 0.062416
786 0.035995
876 0.142541
910 0.198976
809 0.094763
690 0.187140
849 0.053988
715 0.049047
908 0.045042
831 0.052603
724 0.104354
748 0.252517
880 0.046581
814 0.089937
829 0.080920
894 0.045188
959 0.047752
779 0.027971
844 0.125555
906 0.039376
829 0.067395
1009 0.042241
946 0.129622
737 0.188538
879 0.040750
787 0.075054
1046 0.080592
931 0.052818
850 0.053246
817 0.105616
819 0.089924
837 0.168897
876 0.046418
1008 0.032205
911 0.047956
817 0.024539
