777 0.615069
917 0.152741
1003 0.487422
785 2.353488
766 0.572756
764 2.376125
859 0.131003
969 1.001581
1008 0.965799
781 1.358925
868 0.155157
935 0.507378
890 0.192854
937 0.204873
809 0.662615
867 0.501375
810 0.242644
718 0.158313
808 0.545971
838 0.560402
674 7.918616
800 0.261697
824 1.525763
790 0.795061
906 0.563096
835 0.745301
918 0.328082
703 0.256593
802 0.801196
992 2.194669
823 0.189800
967 1.239129
810 0.337762
888 0.345176
858 0.630027
946 1.905664
720 0.634275
855 1.152823
850 0.120297
780 0.305963
888 0.110490
1074 0.551959
845 0.788464
856 1.421547
838 0.263944
884 0.333993
924 0.533367
948 1.036656
852 0.237275
893 0.341376
