1015 0.170339
847 0.140879
942 0.202941
770 0.226047
799 0.124446
867 0.085804
877 0.251911
787 0.052336
937 0.266837
949 0.189358
638 0.088120
787 0.231962
711 0.112441
876 0.747831
821 0.128616
786 0.072615
876 0.361540
910 0.502504
809 0.218859
690 0.567032
849 0.151338
715 0.115219
908 0.119435
831 0.135029
724 0.245000
748 0.669115
880 0.128463
814 0.269615
829 0.200066
894 0.118237
959 0.103933
779 0.070959
844 0.339525
906 0.104759
829 0.185644
1009 0.113289
946 0.358826
737 0.549810
879 0.100403
787 0.194133
1046 0.213292
931 0.122198
850 0.153012
817 0.298717
819 0.255896
837 0.433174
876 0.097289
1008 0.092113
911 0.132100
817 0.060449
