991 0.931919
881 2.220322
927 2.233894
997 5.835572
937 0.572037
962 0.628035
870 2.882839
920 4.672318
932 0.511529
934 1.598659
865 0.692900
875 1.185928
919 3.202734
999 0.702723
897 0.775547
827 4.058132
842 2.515744
1006 1.053011
885 0.498950
884 2.366388
907 0.575696
870 0.834173
1020 0.673936
889 0.732998
842 2.325741
855 1.434375
836 0.640806
997 4.722787
925 0.546535
965 1.908938
854 2.321847
693 0.651588
908 1.131597
944 0.466954
1005 1.799104
976 1.281804
902 1.904834
851 0.586350
887 0.705459
946 0.780451
945 3.013794
828 3.639754
858 1.370798
885 1.330585
863 0.662531
1057 1.192109
852 0.388147
837 3.977935
876 4.850835
862 3.378620
