1015 0.138469
847 0.109418
942 0.152417
770 0.176369
799 0.098889
867 0.068833
877 0.197630
787 0.043071
937 0.207887
949 0.150469
638 0.070320
787 0.177953
711 0.085911
876 0.579568
821 0.104128
786 0.059501
876 0.286012
910 0.393582
809 0.170305
690 0.430681
849 0.116889
715 0.093484
908 0.095379
831 0.106194
724 0.196263
748 0.518437
880 0.101091
814 0.208337
829 0.157842
894 0.093207
959 0.082749
779 0.056792
844 0.260669
906 0.084550
829 0.145530
1009 0.088115
946 0.276926
737 0.417030
879 0.081328
787 0.150770
1046 0.164993
931 0.098484
850 0.122034
817 0.230514
819 0.196507
837 0.342398
876 0.079650
1008 0.072212
911 0.105201
817 0.046994
