991 5.953349
881 19.469927
927 17.599490
997 45.891172
937 3.007334
962 4.708307
870 14.422487
920 36.423442
932 3.509770
934 12.815247
865 4.805553
875 5.497339
919 27.579596
999 4.527338
897 5.317550
827 32.426463
842 16.742539
1006 8.430856
885 2.131893
884 16.728857
907 3.827961
870 6.255716
1020 4.075489
889 5.014488
842 15.414293
855 11.811234
836 3.241381
997 40.146580
925 4.272647
965 16.192965
854 20.914217
693 4.521441
908 8.861651
944 2.519794
1005 10.263011
976 9.719477
902 12.791704
851 3.703256
887 5.588193
946 5.211815
945 24.703012
828 24.171046
858 10.879693
885 8.629374
863 4.442585
1057 7.182589
852 3.189258
837 15.403069
876 40.958716
862 23.454274
