991 1.396165
881 4.110291
927 3.782250
997 10.028970
937 0.793376
962 1.015240
870 4.009697
920 8.026022
932 0.807806
934 2.692392
865 1.144041
875 1.381834
919 5.864428
999 1.081544
897 1.235066
827 7.110042
842 3.912432
1006 1.788809
885 0.609908
884 3.716206
907 0.881469
870 1.383400
1020 1.016788
889 1.162200
842 3.798887
855 2.522204
836 0.851595
997 8.581312
925 0.924063
965 3.670778
854 4.344778
693 1.041495
908 1.942014
944 0.717314
1005 2.597897
976 2.204113
902 3.113936
851 0.857322
887 1.216125
946 1.221273
945 5.327490
828 5.698863
858 2.412417
885 1.845161
863 1.095489
1057 1.700506
852 0.709879
837 3.937629
876 8.714488
862 5.435317
