777 2.187049
917 0.477601
1003 1.767913
785 9.201113
766 1.978790
764 9.143988
859 0.396266
969 3.600511
1008 3.652543
781 5.171650
868 0.502424
935 1.871843
890 0.649169
937 0.712666
809 2.523508
867 1.740124
810 0.798646
718 0.493498
808 1.869855
838 2.068188
674 31.972069
800 0.908730
824 5.943544
790 2.718532
906 2.121722
835 2.539917
918 1.203054
703 0.894272
802 3.123323
992 8.552616
823 0.627573
967 4.418103
810 1.118494
888 1.240578
858 2.325991
946 7.465074
720 2.379965
855 4.424870
850 0.351732
780 1.087212
888 0.286440
1074 2.077072
845 2.421238
856 5.442239
838 0.932062
884 1.246293
924 1.995997
948 3.977200
852 0.793785
893 1.211963
