1015 0.445005
847 0.365921
942 0.552779
770 0.637190
799 0.332066
867 0.199766
877 0.696773
787 0.106426
937 0.737295
949 0.504540
638 0.219462
787 0.623394
711 0.272934
876 2.249521
821 0.294833
786 0.164931
876 0.993352
910 1.441142
809 0.573568
690 1.665053
849 0.414004
715 0.266503
908 0.315559
831 0.347805
724 0.657866
748 1.941888
880 0.341377
814 0.760903
829 0.535237
894 0.306984
959 0.248148
779 0.167673
844 0.954967
906 0.272875
829 0.506639
1009 0.288553
946 1.022103
737 1.602963
879 0.231570
787 0.527813
1046 0.597613
931 0.297285
850 0.403874
817 0.858428
819 0.716992
837 1.237397
876 0.225506
1008 0.233653
911 0.351347
817 0.136268
