991 5.990975
881 19.876850
927 17.939444
997 47.402190
937 2.960783
962 4.707790
870 14.600162
920 37.525545
932 3.442701
934 12.999140
865 4.769698
875 5.505277
919 28.342525
999 4.491132
897 5.329835
827 33.459198
842 17.049862
1006 8.512121
885 2.059029
884 17.005585
907 3.800536
870 6.267500
1020 4.018968
889 4.983022
842 15.680012
855 11.946761
836 3.185917
997 41.311438
925 4.249829
965 16.459057
854 21.370054
693 4.475759
908 8.905079
944 2.459302
1005 10.319999
976 9.808311
902 13.038369
851 3.644328
887 5.593100
946 5.154964
945 25.206606
828 24.524293
858 10.957840
885 8.655960
863 4.397435
1057 7.163071
852 3.135323
837 15.521454
876 42.153772
862 23.901096
