991 3.092288
881 9.831368
927 8.803557
997 23.401753
937 1.657415
962 2.412359
870 7.729994
920 18.564872
932 1.796672
934 6.417866
865 2.401184
875 2.847510
919 13.851902
999 2.320992
897 2.705006
827 16.354927
842 8.772854
1006 4.283228
885 1.133883
884 8.349540
907 1.948784
870 3.186027
1020 2.166467
889 2.542605
842 8.059356
855 5.962391
836 1.701125
997 20.075613
925 2.148916
965 8.270840
854 10.469800
693 2.460493
908 4.511191
944 1.365565
1005 5.374267
976 4.958491
902 6.650531
851 1.851962
887 2.867080
946 2.660963
945 12.434693
828 12.326009
858 5.480724
885 4.346670
863 2.289544
1057 3.722545
852 1.596830
837 8.125883
876 20.604529
862 11.881536
