777 2.205861
917 0.530665
1003 1.810629
785 8.932745
766 2.014364
764 8.841963
859 0.443121
969 3.577892
1008 3.616174
781 5.100633
868 0.556570
935 1.908591
890 0.700858
937 0.765982
809 2.545444
867 1.786650
810 0.853195
718 0.547310
808 1.894644
838 2.105903
674 30.801879
800 0.960657
824 5.826803
790 2.735004
906 2.128494
835 2.550437
918 1.229249
703 0.940303
802 3.107974
992 8.358960
823 0.667197
967 4.357037
810 1.160984
888 1.283073
858 2.340800
946 7.275341
720 2.399618
855 4.372490
850 0.403656
780 1.129193
888 0.340357
1074 2.097581
845 2.430309
856 5.391991
838 0.976297
884 1.283804
924 2.023380
948 3.957111
852 0.837861
893 1.256618
