777 0.788556
917 0.188959
1003 0.647819
785 3.102326
766 0.728315
764 3.043558
859 0.160029
969 1.305078
1008 1.255300
781 1.768237
868 0.200402
935 0.656134
890 0.247682
937 0.266561
809 0.870357
867 0.631266
810 0.305385
718 0.206570
808 0.690468
838 0.717053
674 10.433669
800 0.337162
824 1.983159
790 0.983418
906 0.730846
835 0.927306
918 0.426265
703 0.327547
802 1.059219
992 2.882043
823 0.238365
967 1.575654
810 0.430193
888 0.446722
858 0.814328
946 2.504020
720 0.828477
855 1.500041
850 0.152547
780 0.392109
888 0.132593
1074 0.713399
845 1.008280
856 1.855620
838 0.343669
884 0.434236
924 0.688720
948 1.360507
852 0.304233
893 0.427323
