991 0.943612
881 2.225445
927 2.236377
997 5.846806
937 0.574376
962 0.631575
870 2.873603
920 4.679932
932 0.494286
934 1.580874
865 0.684024
875 1.184337
919 3.168979
999 0.705643
897 0.779258
827 4.065688
842 2.520751
1006 1.055713
885 0.501502
884 2.373937
907 0.576162
870 0.835535
1020 0.674699
889 0.733333
842 2.316748
855 1.434304
836 0.637134
997 4.723056
925 0.546301
965 1.913236
854 2.321466
693 0.649761
908 1.132466
944 0.467400
1005 1.799829
976 1.284502
902 1.905671
851 0.585447
887 0.705843
946 0.774889
945 3.016790
828 3.638159
858 1.373183
885 1.223428
863 0.663066
1057 1.195388
852 0.389156
837 3.979542
876 4.855033
862 3.378069
