1015 0.138092
847 0.108253
942 0.151547
770 0.175502
799 0.098506
867 0.068379
877 0.196351
787 0.042223
937 0.207041
949 0.149814
638 0.070049
787 0.177573
711 0.085313
876 0.579850
821 0.104066
786 0.059092
876 0.285435
910 0.393189
809 0.169383
690 0.431028
849 0.116842
715 0.092694
908 0.094690
831 0.105218
724 0.195031
748 0.518095
880 0.100281
814 0.206548
829 0.157005
894 0.092524
959 0.082108
779 0.056146
844 0.259426
906 0.083768
829 0.144512
1009 0.087639
946 0.276130
737 0.416914
879 0.081055
787 0.150339
1046 0.163853
931 0.097348
850 0.117947
817 0.229897
819 0.196217
837 0.341337
876 0.079238
1008 0.071285
911 0.104295
817 0.047026
