1015 0.065381
847 0.050860
942 0.066791
770 0.082673
799 0.049810
867 0.037483
877 0.095197
787 0.025346
937 0.098229
949 0.077585
638 0.037077
787 0.096298
711 0.056589
876 0.280371
821 0.062760
786 0.036252
876 0.143045
910 0.200110
809 0.095695
690 0.188796
849 0.054355
715 0.049426
908 0.045956
831 0.053475
724 0.104893
748 0.249952
880 0.045470
814 0.089612
829 0.080897
894 0.044477
959 0.047654
779 0.028279
844 0.124839
906 0.039647
829 0.067820
1009 0.042044
946 0.130159
737 0.188874
879 0.041072
787 0.075070
1046 0.080599
931 0.052669
850 0.053748
817 0.105401
819 0.090125
837 0.162995
876 0.046270
1008 0.032436
911 0.048162
817 0.024807
