777 1.143351
917 0.280226
1003 0.936917
785 4.492311
766 1.028682
764 4.451689
859 0.228561
969 1.886008
1008 1.828023
781 2.580949
868 0.280453
935 0.972565
890 0.361071
937 0.398576
809 1.288689
867 0.924101
810 0.435542
718 0.286817
808 0.978910
838 1.071841
674 15.408669
800 0.489284
824 2.914478
790 1.405492
906 1.070883
835 1.301534
918 0.619595
703 0.475264
802 1.555273
992 4.181654
823 0.340817
967 2.230111
810 0.606926
888 0.641750
858 1.180359
946 3.654136
720 1.211893
855 2.196504
850 0.212687
780 0.567561
888 0.176882
1074 1.052865
845 1.348748
856 2.721105
838 0.499449
884 0.649800
924 1.014124
948 1.983777
852 0.431913
893 0.636495
