777 0.613919
917 0.151374
1003 0.486790
785 2.351703
766 0.571726
764 2.374711
859 0.129552
969 1.000930
1008 0.964892
781 1.355362
868 0.153600
935 0.506739
890 0.191348
937 0.203983
809 0.661273
867 0.499734
810 0.242010
718 0.157551
808 0.544872
838 0.558855
674 7.916333
800 0.261253
824 1.526932
790 0.793642
906 0.561923
835 0.745476
918 0.328776
703 0.256869
802 0.801101
992 2.192466
823 0.189533
967 1.241533
810 0.337476
888 0.345186
858 0.628645
946 1.904022
720 0.632192
855 1.153621
850 0.120436
780 0.305083
888 0.112558
1074 0.551485
845 0.786871
856 1.420872
838 0.262651
884 0.333978
924 0.532250
948 1.037214
852 0.237162
893 0.339805
