1015 0.171629
847 0.141679
942 0.203755
770 0.227136
799 0.126217
867 0.087213
877 0.253607
787 0.052364
937 0.269532
949 0.191956
638 0.089339
787 0.233324
711 0.114289
876 0.751149
821 0.129513
786 0.074577
876 0.363635
910 0.505560
809 0.220622
690 0.572120
849 0.153334
715 0.117514
908 0.121719
831 0.137600
724 0.248360
748 0.671846
880 0.131664
814 0.270918
829 0.202166
894 0.120877
959 0.104970
779 0.073462
844 0.342312
906 0.106446
829 0.187476
1009 0.115421
946 0.361700
737 0.551563
879 0.101249
787 0.196395
1046 0.215516
931 0.124216
850 0.154967
817 0.301004
819 0.258335
837 0.436535
876 0.099218
1008 0.093751
911 0.133846
817 0.060930
