991 5.948878
881 19.446839
927 17.596266
997 45.888797
937 3.012815
962 4.707390
870 14.409407
920 36.422543
932 3.507473
934 12.811065
865 4.802317
875 5.492817
919 27.576756
999 4.527132
897 5.311738
827 32.427880
842 16.735064
1006 8.433740
885 2.132677
884 16.720514
907 3.825584
870 6.248752
1020 4.075412
889 5.010702
842 15.407142
855 11.809707
836 3.232845
997 40.131529
925 4.269676
965 16.182193
854 20.909668
693 4.519730
908 8.854715
944 2.519168
1005 10.262423
976 9.713064
902 12.792689
851 3.703062
887 5.585849
946 5.199352
945 24.699238
828 24.174911
858 10.875625
885 8.625784
863 4.442572
1057 7.178315
852 3.187923
837 15.406668
876 40.970833
862 23.445907
