777 0.507650
917 0.131172
1003 0.406411
785 1.906827
766 0.468584
764 1.945322
859 0.111405
969 0.828576
1008 0.793680
781 1.109316
868 0.124305
935 0.418986
890 0.159069
937 0.165047
809 0.536305
867 0.414784
810 0.203331
718 0.133089
808 0.464142
838 0.463040
674 6.411345
800 0.218387
824 1.238160
790 0.684981
906 0.454491
835 0.616743
918 0.267743
703 0.214067
802 0.644767
992 1.774110
823 0.154582
967 1.020329
810 0.282701
888 0.284471
858 0.513161
946 1.547107
720 0.515862
855 0.932761
850 0.098334
780 0.257316
888 0.089363
1074 0.451784
845 0.680221
856 1.152157
838 0.218706
884 0.271601
924 0.428999
948 0.844635
852 0.196679
893 0.274433
