1015 0.483914
847 0.400271
942 0.587301
770 0.667541
799 0.365170
867 0.239020
877 0.725977
787 0.139337
937 0.774139
949 0.544830
638 0.253450
787 0.650224
711 0.308413
876 2.195833
821 0.326913
786 0.200487
876 1.017216
910 1.441623
809 0.613566
690 1.665410
849 0.448487
715 0.307752
908 0.354758
831 0.387355
724 0.691931
748 1.918236
880 0.378967
814 0.796016
829 0.574086
894 0.351157
959 0.285623
779 0.205406
844 0.980925
906 0.312886
829 0.542901
1009 0.349133
946 1.043023
737 1.595896
879 0.268128
787 0.561727
1046 0.636675
931 0.334474
850 0.440766
817 0.883126
819 0.746866
837 1.256327
876 0.262709
1008 0.270121
911 0.388087
817 0.169034
