991 2.089549
881 6.630319
927 6.044347
997 16.009773
937 1.180340
962 1.623080
870 5.592178
920 12.684725
932 1.256760
934 4.378214
865 1.750197
875 2.030348
919 9.461336
999 1.633865
897 1.904744
827 11.146227
842 6.117854
1006 2.945761
885 0.835496
884 5.787818
907 1.351692
870 2.221407
1020 1.521616
889 1.756058
842 5.661178
855 4.056040
836 1.199480
997 13.758228
925 1.504517
965 5.802001
854 7.084190
693 1.718592
908 3.047395
944 1.023103
1005 3.855562
976 3.438109
902 4.725424
851 1.275383
887 1.924244
946 1.820447
945 8.487375
828 8.624313
858 3.788807
885 2.942773
863 1.625394
1057 2.505031
852 1.105165
837 5.825931
876 14.070316
862 8.350387
