991 1.396456
881 4.115464
927 3.786621
997 10.032908
937 0.794609
962 1.016891
870 4.010503
920 8.037370
932 0.808670
934 2.696070
865 1.145769
875 1.382943
919 5.866307
999 1.081739
897 1.251118
827 7.122716
842 3.916756
1006 1.791166
885 0.610722
884 3.719533
907 0.882377
870 1.381668
1020 1.018416
889 1.162681
842 3.803876
855 2.523252
836 0.852179
997 8.586657
925 0.925087
965 3.669105
854 4.350943
693 1.042787
908 1.946956
944 0.717420
1005 2.601122
976 2.206847
902 3.118445
851 0.856452
887 1.217275
946 1.220263
945 5.329513
828 5.702295
858 2.414094
885 1.847378
863 1.096204
1057 1.703449
852 0.710940
837 3.937195
876 8.717307
862 5.440980
