1015 0.113462
847 0.087302
942 0.120915
770 0.140568
799 0.079965
867 0.055814
877 0.160806
787 0.035078
937 0.168295
949 0.121673
638 0.057561
787 0.145446
711 0.073075
876 0.471489
821 0.086347
786 0.048855
876 0.230214
910 0.323120
809 0.142808
690 0.350047
849 0.093620
715 0.075217
908 0.077693
831 0.086997
724 0.161719
748 0.424442
880 0.080842
814 0.167063
829 0.128473
894 0.074619
959 0.068552
779 0.043836
844 0.212374
906 0.067449
829 0.115475
1009 0.071195
946 0.224020
737 0.335453
879 0.065730
787 0.120929
1046 0.132835
931 0.082244
850 0.095309
817 0.185639
819 0.157688
837 0.277720
876 0.064401
1008 0.057333
911 0.085004
817 0.037441
