777 0.297364
917 0.087799
1003 0.228754
785 1.065763
766 0.287272
764 1.155824
859 0.072372
969 0.515419
1008 0.473428
781 0.629771
868 0.083302
935 0.249792
890 0.099903
937 0.095110
809 0.330319
867 0.248336
810 0.140330
718 0.083102
808 0.297583
838 0.279853
674 3.479685
800 0.144197
824 0.701233
790 0.455414
906 0.254710
835 0.391980
918 0.155909
703 0.135241
802 0.364397
992 0.968489
823 0.097242
967 0.626882
810 0.188228
888 0.160448
858 0.293260
946 0.920046
720 0.293353
855 0.535661
850 0.068065
780 0.177690
888 0.068623
1074 0.275306
845 0.418077
856 0.675532
838 0.122209
884 0.159555
924 0.239287
948 0.506064
852 0.116547
893 0.167955
