991 1.657763
881 5.044052
927 4.636708
997 12.321743
937 0.941505
962 1.254683
870 4.732678
920 9.821901
932 0.968282
934 3.346156
865 1.412340
875 1.643794
919 7.238367
999 1.292989
897 1.494572
827 8.663760
842 4.762940
1006 2.193950
885 0.697764
884 4.506261
907 1.041208
870 1.661032
1020 1.207819
889 1.386964
842 4.426663
855 3.124753
836 0.975230
997 10.630210
925 1.120980
965 4.496775
854 5.360019
693 1.290226
908 2.386016
944 0.831891
1005 3.049713
976 2.705599
902 3.674995
851 1.025394
887 1.496339
946 1.440869
945 6.509675
828 6.923603
858 2.953691
885 2.255121
863 1.270156
1057 2.040198
852 0.869353
837 4.686114
876 10.757390
862 6.470083
