1015 0.254192
847 0.209711
942 0.299656
770 0.340316
799 0.183683
867 0.124112
877 0.367371
787 0.074493
937 0.392531
949 0.279493
638 0.129200
787 0.333906
711 0.161443
876 1.107506
821 0.182276
786 0.105948
876 0.520315
910 0.730628
809 0.313886
690 0.833349
849 0.224445
715 0.163170
908 0.181528
831 0.197453
724 0.355540
748 0.971977
880 0.191891
814 0.399572
829 0.291586
894 0.177217
959 0.149808
779 0.105529
844 0.494114
906 0.159333
829 0.272027
1009 0.166649
946 0.521320
737 0.800384
879 0.140919
787 0.284972
1046 0.320228
931 0.172685
850 0.224057
817 0.441614
819 0.373442
837 0.629582
876 0.137286
1008 0.135634
911 0.196275
817 0.089582
