1015 0.445662
847 0.365917
942 0.552874
770 0.631165
799 0.329380
867 0.200312
877 0.698659
787 0.107259
937 0.743387
949 0.508209
638 0.219409
787 0.622813
711 0.270753
876 2.224150
821 0.290775
786 0.163199
876 0.988441
910 1.435210
809 0.573459
690 1.662340
849 0.411238
715 0.267212
908 0.315792
831 0.348316
724 0.656571
748 1.941625
880 0.343210
814 0.768638
829 0.539659
894 0.310093
959 0.249913
779 0.168989
844 0.957407
906 0.273239
829 0.506642
1009 0.290732
946 1.027845
737 1.603254
879 0.231579
787 0.532771
1046 0.602081
931 0.299671
850 0.407978
817 0.865480
819 0.717241
837 1.239858
876 0.226091
1008 0.234220
911 0.353742
817 0.136828
