991 5.993832
881 19.826695
927 17.939107
997 47.308124
937 2.957708
962 4.704883
870 14.588515
920 37.543265
932 3.468872
934 13.014523
865 4.780919
875 5.507253
919 28.327645
999 4.492902
897 5.314675
827 33.414472
842 17.074971
1006 8.522265
885 2.059736
884 16.963460
907 3.798808
870 6.270067
1020 4.026810
889 4.983873
842 15.638576
855 11.920297
836 3.188494
997 41.358880
925 4.251734
965 16.443339
854 21.372933
693 4.481652
908 8.926367
944 2.473083
1005 10.372965
976 9.846859
902 13.045031
851 3.668200
887 5.599641
946 5.168956
945 25.234515
828 24.659906
858 11.074083
885 8.714332
863 4.427618
1057 7.139230
852 3.142165
837 15.511964
876 42.170207
862 23.995159
