777 2.193036
917 0.480972
1003 1.771316
785 9.164113
766 1.978641
764 9.118744
859 0.396186
969 3.583885
1008 3.634117
781 5.182204
868 0.499866
935 1.873491
890 0.651287
937 0.716968
809 2.540250
867 1.753025
810 0.805000
718 0.493291
808 1.868624
838 2.072226
674 31.878482
800 0.900992
824 5.940148
790 2.717290
906 2.119353
835 2.539370
918 1.203529
703 0.894520
802 3.113399
992 8.528634
823 0.623118
967 4.402791
810 1.109446
888 1.230981
858 2.299025
946 7.453523
720 2.383954
855 4.380083
850 0.348177
780 1.081600
888 0.285334
1074 2.076943
845 2.420903
856 5.479039
838 0.935836
884 1.247010
924 1.996281
948 3.982499
852 0.796932
893 1.211597
