777 2.202692
917 0.532389
1003 1.813345
785 8.932349
766 2.016899
764 8.823838
859 0.443405
969 3.580599
1008 3.619211
781 5.101799
868 0.558249
935 1.911991
890 0.701109
937 0.766118
809 2.546610
867 1.787519
810 0.852413
718 0.549799
808 1.897461
838 2.108446
674 30.787592
800 0.959837
824 5.829562
790 2.736929
906 2.131541
835 2.550448
918 1.230332
703 0.942415
802 3.108651
992 8.359119
823 0.666774
967 4.357490
810 1.163498
888 1.285196
858 2.342501
946 7.281626
720 2.403584
855 4.377918
850 0.404705
780 1.130662
888 0.340466
1074 2.101607
845 2.435402
856 5.398047
838 0.978357
884 1.284001
924 2.027160
948 3.962080
852 0.840340
893 1.259850
