991 3.086206
881 9.829796
927 8.804566
997 23.411351
937 1.657274
962 2.412437
870 7.733285
920 18.569185
932 1.797216
934 6.419055
865 2.403472
875 2.848135
919 13.860692
999 2.317192
897 2.707950
827 16.362280
842 8.768239
1006 4.280375
885 1.134654
884 8.361122
907 1.945176
870 3.187449
1020 2.166727
889 2.545967
842 8.061934
855 5.961061
836 1.702582
997 20.075621
925 2.154102
965 8.269575
854 10.475757
693 2.461050
908 4.511408
944 1.364621
1005 5.377869
976 4.961254
902 6.651637
851 1.851311
887 2.864981
946 2.661796
945 12.425411
828 12.327484
858 5.489576
885 4.349039
863 2.285253
1057 3.722949
852 1.596635
837 8.127657
876 20.602260
862 11.877510
