777 0.505802
917 0.131741
1003 0.407744
785 1.907594
766 0.470380
764 1.946124
859 0.111828
969 0.830738
1008 0.794817
781 1.112704
868 0.125428
935 0.420951
890 0.159360
937 0.166980
809 0.537931
867 0.415915
810 0.204571
718 0.133302
808 0.464351
838 0.463014
674 6.420851
800 0.219825
824 1.245218
790 0.686729
906 0.455904
835 0.615834
918 0.267442
703 0.214251
802 0.645886
992 1.775755
823 0.155375
967 1.021820
810 0.282866
888 0.285279
858 0.513908
946 1.548170
720 0.517683
855 0.935405
850 0.099449
780 0.258698
888 0.091500
1074 0.453205
845 0.682694
856 1.153670
838 0.220390
884 0.271535
924 0.430694
948 0.847070
852 0.196754
893 0.275466
