1015 0.113813
847 0.087293
942 0.121418
770 0.144406
799 0.080604
867 0.056403
877 0.161919
787 0.036495
937 0.169278
949 0.123251
638 0.058369
787 0.145585
711 0.074160
876 0.471199
821 0.087606
786 0.049309
876 0.231317
910 0.323095
809 0.143982
690 0.350093
849 0.095140
715 0.077077
908 0.079099
831 0.088191
724 0.162902
748 0.425328
880 0.082327
814 0.167273
829 0.130171
894 0.076307
959 0.068940
779 0.045095
844 0.213456
906 0.068230
829 0.117260
1009 0.071681
946 0.224568
737 0.334542
879 0.066359
787 0.122114
1046 0.133572
931 0.082832
850 0.096522
817 0.186331
819 0.158297
837 0.279254
876 0.065420
1008 0.057303
911 0.086378
817 0.037848
