777 0.612829
917 0.150808
1003 0.485639
785 2.352276
766 0.571853
764 2.374355
859 0.129087
969 1.000101
1008 0.963668
781 1.355928
868 0.152334
935 0.505637
890 0.191076
937 0.202845
809 0.661020
867 0.500163
810 0.240995
718 0.156672
808 0.544394
838 0.559149
674 7.915442
800 0.260669
824 1.530395
790 0.794631
906 0.562298
835 0.745639
918 0.328169
703 0.256480
802 0.802659
992 2.194205
823 0.190929
967 1.239775
810 0.338316
888 0.344794
858 0.630421
946 1.905075
720 0.633285
855 1.152813
850 0.119761
780 0.305248
888 0.110650
1074 0.551414
845 0.787386
856 1.421404
838 0.263037
884 0.334334
924 0.531817
948 1.037846
852 0.237159
893 0.339210
