991 1.657614
881 5.044330
927 4.634344
997 12.324828
937 0.939604
962 1.254772
870 4.731375
920 9.820505
932 0.968519
934 3.348508
865 1.410825
875 1.644788
919 7.237333
999 1.294008
897 1.495180
827 8.661730
842 4.761411
1006 2.195469
885 0.698702
884 4.506579
907 1.042264
870 1.660857
1020 1.207711
889 1.388599
842 4.428312
855 3.124753
836 0.976932
997 10.629829
925 1.120006
965 4.498911
854 5.363306
693 1.290054
908 2.386498
944 0.832221
1005 3.048756
976 2.691775
902 3.674874
851 1.024248
887 1.498048
946 1.439919
945 6.509847
828 6.921215
858 2.955247
885 2.252988
863 1.270058
1057 2.041200
852 0.870656
837 4.685085
876 10.758593
862 6.471187
