991 0.940004
881 2.221539
927 2.232943
997 5.837138
937 0.574135
962 0.630498
870 2.874728
920 4.672804
932 0.494012
934 1.579661
865 0.684173
875 1.188418
919 3.167254
999 0.704823
897 0.781586
827 4.065405
842 2.518079
1006 1.055763
885 0.499833
884 2.369253
907 0.576181
870 0.836492
1020 0.675092
889 0.736025
842 2.315618
855 1.434440
836 0.640164
997 4.722296
925 0.546073
965 1.908960
854 2.320045
693 0.649583
908 1.130913
944 0.467397
1005 1.800528
976 1.281915
902 1.904877
851 0.585596
887 0.708709
946 0.773505
945 3.004631
828 3.662177
858 1.371836
885 1.223480
863 0.662759
1057 1.190998
852 0.387275
837 3.982503
876 4.854972
862 3.377834
