1015 0.172386
847 0.141597
942 0.204031
770 0.227655
799 0.126426
867 0.087204
877 0.254498
787 0.052957
937 0.269777
949 0.191937
638 0.088991
787 0.233128
711 0.114619
876 0.751051
821 0.130356
786 0.073987
876 0.363562
910 0.505933
809 0.221027
690 0.569580
849 0.153680
715 0.117216
908 0.121600
831 0.137238
724 0.248168
748 0.671396
880 0.131419
814 0.272183
829 0.202470
894 0.120505
959 0.104702
779 0.073555
844 0.342792
906 0.106790
829 0.187306
1009 0.115303
946 0.361321
737 0.553168
879 0.101097
787 0.196520
1046 0.214990
931 0.123952
850 0.155109
817 0.301306
819 0.258834
837 0.435993
876 0.099037
1008 0.093939
911 0.133859
817 0.060795
