1015 0.065847
847 0.051112
942 0.067961
770 0.083716
799 0.050087
867 0.037991
877 0.095924
787 0.024922
937 0.099631
949 0.078272
638 0.037259
787 0.095152
711 0.056348
876 0.271512
821 0.063143
786 0.036149
876 0.143215
910 0.199633
809 0.095879
690 0.189087
849 0.054212
715 0.049538
908 0.045668
831 0.053371
724 0.104545
748 0.251725
880 0.046286
814 0.090504
829 0.080676
894 0.045686
959 0.048031
779 0.028257
844 0.125363
906 0.039576
829 0.067866
1009 0.042266
946 0.133571
737 0.190604
879 0.040984
787 0.076143
1046 0.082024
931 0.053485
850 0.054255
817 0.107104
819 0.090344
837 0.164130
876 0.046442
1008 0.032576
911 0.048378
817 0.030603
