1015 0.254677
847 0.214168
942 0.299838
770 0.340538
799 0.183645
867 0.123771
877 0.367225
787 0.074511
937 0.393239
949 0.280008
638 0.129173
787 0.333989
711 0.161752
876 1.108070
821 0.182247
786 0.105639
876 0.519886
910 0.730935
809 0.313778
690 0.833492
849 0.225776
715 0.164685
908 0.183909
831 0.199667
724 0.356920
748 0.975614
880 0.193292
814 0.400900
829 0.293170
894 0.178580
959 0.151498
779 0.106236
844 0.496613
906 0.160360
829 0.274081
1009 0.168852
946 0.522989
737 0.802738
879 0.141916
787 0.286338
1046 0.322117
931 0.173500
850 0.225100
817 0.443198
819 0.374932
837 0.632160
876 0.137864
1008 0.136903
911 0.197961
817 0.089920
