1015 0.484386
847 0.400983
942 0.586379
770 0.668820
799 0.364181
867 0.238032
877 0.724051
787 0.139234
937 0.772217
949 0.544510
638 0.253533
787 0.649058
711 0.307262
876 2.197307
821 0.327440
786 0.200193
876 1.016743
910 1.441050
809 0.612071
690 1.664310
849 0.448024
715 0.307588
908 0.354916
831 0.388261
724 0.692137
748 1.916998
880 0.379150
814 0.794467
829 0.573913
894 0.350482
959 0.286050
779 0.204997
844 0.980739
906 0.313448
829 0.542470
1009 0.334085
946 1.043598
737 1.595971
879 0.266941
787 0.561441
1046 0.635195
931 0.334572
850 0.440492
817 0.882757
819 0.745783
837 1.255539
876 0.262642
1008 0.269590
911 0.387598
817 0.168704
