991 5.948230
881 19.464696
927 17.611852
997 45.905479
937 3.014248
962 4.706556
870 14.424586
920 36.439094
932 3.510665
934 12.805179
865 4.808163
875 5.496639
919 27.585450
999 4.532564
897 5.317325
827 32.425990
842 16.746665
1006 8.431754
885 2.135144
884 16.727345
907 3.827871
870 6.258994
1020 4.077185
889 5.012297
842 15.423602
855 11.816948
836 3.244713
997 40.131888
925 4.273317
965 16.197823
854 20.920013
693 4.526375
908 8.859363
944 2.522025
1005 10.265068
976 9.719218
902 12.787771
851 3.706379
887 5.586215
946 5.206289
945 24.696579
828 24.177725
858 10.870021
885 8.629695
863 4.443319
1057 7.185530
852 3.184295
837 15.411238
876 40.979393
862 23.455959
