777 1.142706
917 0.279307
1003 0.935529
785 4.491331
766 1.028924
764 4.451555
859 0.228856
969 1.887613
1008 1.828969
781 2.578671
868 0.281353
935 0.972205
890 0.361627
937 0.398893
809 1.289068
867 0.924612
810 0.436502
718 0.287184
808 0.978868
838 1.071990
674 15.403594
800 0.490386
824 2.916692
790 1.405186
906 1.071868
835 1.303184
918 0.619971
703 0.475418
802 1.554618
992 4.182908
823 0.340841
967 2.229934
810 0.606842
888 0.642009
858 1.182587
946 3.649754
720 1.212056
855 2.200827
850 0.212404
780 0.566958
888 0.177000
1074 1.052834
845 1.349000
856 2.721240
838 0.498729
884 0.650392
924 1.015032
948 1.986348
852 0.432251
893 0.636480
