991 2.087226
881 6.631957
927 6.046422
997 16.025700
937 1.180814
962 1.621223
870 5.602103
920 12.694702
932 1.257605
934 4.380630
865 1.755381
875 2.034654
919 9.502409
999 1.635371
897 1.906539
827 11.153170
842 6.121374
1006 2.947610
885 0.834864
884 5.789654
907 1.352938
870 2.222893
1020 1.524497
889 1.756470
842 5.609044
855 4.054897
836 1.201411
997 13.780581
925 1.507023
965 5.803452
854 7.083982
693 1.721358
908 3.051434
944 1.024697
1005 3.859696
976 3.454151
902 4.728361
851 1.275599
887 1.923992
946 1.820338
945 8.505285
828 8.618383
858 3.788951
885 2.946173
863 1.629128
1057 2.507852
852 1.105068
837 5.827179
876 14.094008
862 8.357405
