777 0.788680
917 0.188572
1003 0.647809
785 3.100425
766 0.728282
764 3.046618
859 0.160956
969 1.305033
1008 1.254088
781 1.768350
868 0.198627
935 0.656045
890 0.247329
937 0.266805
809 0.870009
867 0.631354
810 0.305736
718 0.207408
808 0.689420
838 0.717025
674 10.438456
800 0.338473
824 1.982307
790 0.983495
906 0.731036
835 0.927195
918 0.426063
703 0.327280
802 1.058539
992 2.877451
823 0.238432
967 1.576255
810 0.430656
888 0.446273
858 0.813663
946 2.503377
720 0.829431
855 1.499818
850 0.152902
780 0.391690
888 0.132373
1074 0.712972
845 1.007815
856 1.859685
838 0.342992
884 0.435157
924 0.690108
948 1.360513
852 0.304403
893 0.427767
