1015 0.137458
847 0.108814
942 0.151969
770 0.175369
799 0.098469
867 0.068544
877 0.196746
787 0.042567
937 0.207082
949 0.149004
638 0.070309
787 0.178105
711 0.085348
876 0.579806
821 0.103468
786 0.059073
876 0.285201
910 0.393600
809 0.169436
690 0.430379
849 0.117089
715 0.092864
908 0.094612
831 0.105721
724 0.194271
748 0.518366
880 0.100362
814 0.206977
829 0.157124
894 0.092213
959 0.083041
779 0.056221
844 0.259475
906 0.083297
829 0.144804
1009 0.087253
946 0.276442
737 0.416360
879 0.081293
787 0.150201
1046 0.165757
931 0.098918
850 0.118148
817 0.230632
819 0.197420
837 0.342325
876 0.079889
1008 0.071934
911 0.105134
817 0.047231
