777 0.305014
917 0.087450
1003 0.229045
785 1.071850
766 0.287906
764 1.156532
859 0.072840
969 0.537095
1008 0.475594
781 0.631630
868 0.083685
935 0.251415
890 0.101404
937 0.096399
809 0.332282
867 0.250983
810 0.140113
718 0.084049
808 0.299181
838 0.280950
674 3.478680
800 0.144875
824 0.702785
790 0.457220
906 0.258340
835 0.393433
918 0.159743
703 0.136331
802 0.364917
992 0.972144
823 0.099438
967 0.631385
810 0.189963
888 0.161701
858 0.294953
946 0.921255
720 0.294747
855 0.535384
850 0.067604
780 0.179676
888 0.067748
1074 0.276310
845 0.417468
856 0.677068
838 0.123177
884 0.160219
924 0.241821
948 0.504411
852 0.116473
893 0.168892
