991 1.396786
881 4.112908
927 3.785951
997 10.030961
937 0.791944
962 1.015676
870 4.009619
920 8.028904
932 0.807814
934 2.694310
865 1.145609
875 1.383934
919 5.867308
999 1.081167
897 1.237007
827 7.114542
842 3.915833
1006 1.791438
885 0.610711
884 3.719231
907 0.882037
870 1.383224
1020 1.018071
889 1.163095
842 3.800575
855 2.522910
836 0.851948
997 8.580709
925 0.925096
965 3.668563
854 4.347491
693 1.040607
908 1.944672
944 0.718151
1005 2.598969
976 2.205050
902 3.116495
851 0.857244
887 1.219969
946 1.219242
945 5.324944
828 5.699698
858 2.411434
885 1.846318
863 1.095881
1057 1.701348
852 0.710580
837 3.937322
876 8.716555
862 5.435914
