1015 0.446953
847 0.364450
942 0.552632
770 0.639592
799 0.334279
867 0.200856
877 0.701993
787 0.108204
937 0.747792
949 0.510353
638 0.220690
787 0.624785
711 0.271945
876 2.251587
821 0.294339
786 0.164845
876 0.998140
910 1.453143
809 0.581575
690 1.683984
849 0.415184
715 0.268047
908 0.317038
831 0.349602
724 0.660231
748 1.945036
880 0.346357
814 0.773386
829 0.541777
894 0.312135
959 0.251138
779 0.170056
844 0.967217
906 0.274561
829 0.509129
1009 0.292006
946 1.031508
737 1.612483
879 0.232485
787 0.535166
1046 0.605535
931 0.300826
850 0.409798
817 0.870080
819 0.721005
837 1.242674
876 0.226780
1008 0.234701
911 0.353213
817 0.136973
