777 2.193047
917 0.481237
1003 1.778948
785 9.162265
766 1.973369
764 9.130437
859 0.397029
969 3.598913
1008 3.654101
781 5.197915
868 0.502592
935 1.885442
890 0.655580
937 0.719007
809 2.547478
867 1.753037
810 0.805574
718 0.492610
808 1.871057
838 2.079278
674 31.994728
800 0.905383
824 5.915438
790 2.713464
906 2.112488
835 2.536174
918 1.202116
703 0.895157
802 3.125154
992 8.573860
823 0.627580
967 4.415641
810 1.118246
888 1.241109
858 2.318230
946 7.445295
720 2.385183
855 4.395718
850 0.347515
780 1.079318
888 0.284048
1074 2.078854
845 2.422146
856 5.455726
838 0.935796
884 1.247223
924 2.002436
948 3.994261
852 0.796140
893 1.211725
