991 5.977619
881 19.886554
927 17.894067
997 47.293188
937 2.947402
962 4.682646
870 14.575844
920 37.520766
932 3.459675
934 12.969793
865 4.754344
875 5.471480
919 28.296728
999 4.469854
897 5.331329
827 33.428988
842 17.079220
1006 8.517992
885 2.059515
884 17.170359
907 3.800646
870 6.252071
1020 4.031417
889 4.985235
842 15.716710
855 11.960646
836 3.184791
997 41.456450
925 4.270110
965 16.484067
854 21.344299
693 4.470208
908 8.908964
944 2.473681
1005 10.366857
976 9.844226
902 13.071859
851 3.657588
887 5.605148
946 5.172995
945 25.253004
828 24.569769
858 11.027032
885 8.664961
863 4.419018
1057 7.157051
852 3.140952
837 15.542245
876 42.223351
862 24.000768
