1015 0.064508
847 0.050786
942 0.066488
770 0.082422
799 0.049919
867 0.036608
877 0.095144
787 0.024426
937 0.098818
949 0.076780
638 0.037055
787 0.095263
711 0.056408
876 0.271758
821 0.060519
786 0.035951
876 0.141900
910 0.198434
809 0.094690
690 0.187121
849 0.053825
715 0.049542
908 0.045177
831 0.052519
724 0.104320
748 0.249878
880 0.046748
814 0.089878
829 0.080675
894 0.044607
959 0.047158
779 0.028242
844 0.124629
906 0.039402
829 0.066967
1009 0.041697
946 0.129368
737 0.188914
879 0.040964
787 0.074855
1046 0.080778
931 0.053306
850 0.053223
817 0.105649
819 0.089465
837 0.162566
876 0.045978
1008 0.035246
911 0.048683
817 0.024186
