777 0.506855
917 0.131464
1003 0.407893
785 1.907864
766 0.470355
764 1.946788
859 0.112765
969 0.830483
1008 0.794886
781 1.110757
868 0.126260
935 0.421245
890 0.160014
937 0.166621
809 0.538274
867 0.414758
810 0.203897
718 0.133957
808 0.463839
838 0.463165
674 6.413616
800 0.219479
824 1.246158
790 0.685986
906 0.455483
835 0.616611
918 0.267646
703 0.214491
802 0.645926
992 1.776045
823 0.154747
967 1.021053
810 0.283498
888 0.283709
858 0.513312
946 1.546877
720 0.517185
855 0.935712
850 0.099193
780 0.257856
888 0.091435
1074 0.452917
845 0.680890
856 1.153829
838 0.221565
884 0.272004
924 0.430052
948 0.845875
852 0.196905
893 0.275704
