991 0.931432
881 2.216577
927 2.233138
997 5.838116
937 0.572360
962 0.628753
870 2.890704
920 4.677310
932 0.494503
934 1.577193
865 0.680868
875 1.194219
919 3.166663
999 0.703117
897 0.778979
827 4.062811
842 2.517456
1006 1.051748
885 0.500745
884 2.364436
907 0.575661
870 0.834174
1020 0.680022
889 0.731413
842 2.315154
855 1.430790
836 0.634532
997 4.722442
925 0.546169
965 1.912110
854 2.321457
693 0.651747
908 1.130865
944 0.468086
1005 1.800260
976 1.280273
902 1.905381
851 0.585318
887 0.706662
946 0.775612
945 3.011941
828 3.632373
858 1.371662
885 1.227247
863 0.663525
1057 1.194688
852 0.387885
837 4.009616
876 4.853497
862 3.368428
