991 2.088406
881 6.642346
927 6.050080
997 16.043560
937 1.181463
962 1.624042
870 5.601197
920 12.703407
932 1.258895
934 4.385464
865 1.752612
875 2.034651
919 9.513643
999 1.635147
897 1.885793
827 11.156949
842 6.127472
1006 2.952709
885 0.835442
884 5.793487
907 1.351729
870 2.222940
1020 1.522642
889 1.758027
842 5.613889
855 4.059211
836 1.201379
997 13.772398
925 1.510094
965 5.807348
854 7.087677
693 1.720251
908 3.055925
944 1.024619
1005 3.863837
976 3.456566
902 4.733243
851 1.276934
887 1.924441
946 1.824585
945 8.502070
828 8.671892
858 3.792200
885 2.946619
863 1.627067
1057 2.508930
852 1.105764
837 5.834380
876 14.090625
862 8.359542
