1015 0.114141
847 0.088103
942 0.121527
770 0.141922
799 0.080876
867 0.056249
877 0.161269
787 0.036101
937 0.169516
949 0.122879
638 0.058870
787 0.145996
711 0.074309
876 0.472093
821 0.087389
786 0.049344
876 0.232051
910 0.322780
809 0.143933
690 0.350031
849 0.094892
715 0.076649
908 0.079536
831 0.087664
724 0.161758
748 0.425203
880 0.082566
814 0.167108
829 0.129607
894 0.076209
959 0.069078
779 0.045429
844 0.213209
906 0.067948
829 0.116884
1009 0.071567
946 0.224685
737 0.334776
879 0.067125
787 0.121860
1046 0.133548
931 0.083328
850 0.096215
817 0.186169
819 0.158653
837 0.279300
876 0.065458
1008 0.058073
911 0.085875
817 0.038520
