777 2.203095
917 0.530010
1003 1.810540
785 8.928080
766 2.015050
764 8.841184
859 0.443102
969 3.579072
1008 3.615507
781 5.098013
868 0.557280
935 1.910930
890 0.700022
937 0.765657
809 2.544371
867 1.786075
810 0.852554
718 0.546454
808 1.895102
838 2.106667
674 30.780328
800 0.958878
824 5.825667
790 2.736468
906 2.129682
835 2.547879
918 1.228105
703 0.940488
802 3.103109
992 8.352631
823 0.666485
967 4.352689
810 1.161530
888 1.281247
858 2.340133
946 7.275211
720 2.402160
855 4.373074
850 0.403780
780 1.129639
888 0.339928
1074 2.099622
845 2.432127
856 5.395274
838 0.976184
884 1.283260
924 2.027245
948 3.961343
852 0.840962
893 1.259326
