777 0.612741
917 0.150634
1003 0.485917
785 2.351435
766 0.574724
764 2.375518
859 0.129797
969 1.004139
1008 0.964265
781 1.357206
868 0.153378
935 0.505872
890 0.192248
937 0.204056
809 0.661672
867 0.500825
810 0.242023
718 0.157684
808 0.545360
838 0.559152
674 7.914519
800 0.260862
824 1.526577
790 0.793511
906 0.561938
835 0.745093
918 0.326634
703 0.256133
802 0.805182
992 2.196447
823 0.189624
967 1.241879
810 0.337795
888 0.345255
858 0.628742
946 1.906788
720 0.632069
855 1.155144
850 0.120097
780 0.305347
888 0.110742
1074 0.550950
845 0.788680
856 1.421900
838 0.263422
884 0.334132
924 0.532953
948 1.036687
852 0.237980
893 0.339755
