1015 0.251150
847 0.206902
942 0.297219
770 0.336811
799 0.180825
867 0.121389
877 0.365994
787 0.073175
937 0.389758
949 0.277521
638 0.127924
787 0.330976
711 0.160095
876 1.104561
821 0.179823
786 0.103671
876 0.517186
910 0.727556
809 0.311369
690 0.832144
849 0.227437
715 0.164084
908 0.184237
831 0.199141
724 0.357133
748 0.977002
880 0.193274
814 0.400468
829 0.293368
894 0.178644
959 0.150427
779 0.106095
844 0.496598
906 0.160090
829 0.274386
1009 0.168065
946 0.523913
737 0.803285
879 0.141881
787 0.286734
1046 0.322179
931 0.173441
850 0.224994
817 0.443371
819 0.374983
837 0.632021
876 0.137958
1008 0.136763
911 0.198121
817 0.090092
