777 0.789936
917 0.187958
1003 0.648674
785 3.098896
766 0.728325
764 3.050437
859 0.160802
969 1.307053
1008 1.261327
781 1.781624
868 0.198628
935 0.656935
890 0.247842
937 0.267551
809 0.870720
867 0.633527
810 0.306218
718 0.206567
808 0.691762
838 0.717862
674 10.446778
800 0.336919
824 1.986192
790 0.986730
906 0.732409
835 0.931323
918 0.426926
703 0.327594
802 1.059771
992 2.883809
823 0.238973
967 1.577903
810 0.431273
888 0.446985
858 0.816655
946 2.508879
720 0.829191
855 1.503738
850 0.153869
780 0.391761
888 0.132433
1074 0.715886
845 1.009110
856 1.864457
838 0.342898
884 0.436237
924 0.691415
948 1.362459
852 0.304934
893 0.428743
