991 1.397062
881 4.118370
927 3.790170
997 10.033823
937 0.792483
962 1.016921
870 4.008756
920 8.034801
932 0.808723
934 2.698494
865 1.145175
875 1.383629
919 5.870546
999 1.081423
897 1.237999
827 7.120548
842 3.917170
1006 1.791812
885 0.611019
884 3.720037
907 0.882784
870 1.382581
1020 1.017758
889 1.164259
842 3.804288
855 2.525687
836 0.853555
997 8.583876
925 0.926418
965 3.670608
854 4.351193
693 1.042136
908 1.947706
944 0.718741
1005 2.599696
976 2.210983
902 3.117492
851 0.855946
887 1.219531
946 1.221026
945 5.328958
828 5.704662
858 2.414110
885 1.847807
863 1.096473
1057 1.703190
852 0.710062
837 3.936053
876 8.719837
862 5.438535
