991 3.091102
881 9.835084
927 8.801603
997 23.406378
937 1.657285
962 2.427830
870 7.735598
920 18.566852
932 1.796589
934 6.415985
865 2.402899
875 2.847631
919 13.860304
999 2.317936
897 2.705346
827 16.361592
842 8.772510
1006 4.287399
885 1.133462
884 8.360666
907 1.947145
870 3.185839
1020 2.168376
889 2.545605
842 8.063765
855 5.960291
836 1.702851
997 20.094583
925 2.153304
965 8.273291
854 10.478082
693 2.461057
908 4.513807
944 1.367654
1005 5.378633
976 4.963089
902 6.647369
851 1.851811
887 2.867541
946 2.661520
945 12.438395
828 12.329717
858 5.489257
885 4.352023
863 2.287939
1057 3.723829
852 1.597511
837 8.132128
876 20.608458
862 11.883175
