991 5.953605
881 19.463953
927 17.614758
997 45.913267
937 3.014094
962 4.709897
870 14.420566
920 36.435287
932 3.509469
934 12.803304
865 4.804653
875 5.491688
919 27.568312
999 4.526482
897 5.314042
827 32.418473
842 16.737058
1006 8.432590
885 2.132094
884 16.722585
907 3.827896
870 6.258346
1020 4.075031
889 5.010432
842 15.414583
855 11.807226
836 3.242312
997 40.123642
925 4.271296
965 16.185792
854 20.909389
693 4.518653
908 8.855465
944 2.519337
1005 10.263711
976 9.710504
902 12.787596
851 3.698683
887 5.583876
946 5.205482
945 24.691707
828 24.167022
858 10.873652
885 8.626719
863 4.441313
1057 7.178721
852 3.187509
837 15.403919
876 40.951221
862 23.447072
