991 1.658629
881 5.046029
927 4.635195
997 12.325179
937 0.940679
962 1.255631
870 4.738347
920 9.825030
932 0.967820
934 3.346805
865 1.411984
875 1.643223
919 7.242189
999 1.293731
897 1.493250
827 8.668033
842 4.762611
1006 2.196847
885 0.698992
884 4.508676
907 1.042755
870 1.660848
1020 1.207106
889 1.386839
842 4.427575
855 3.123226
836 0.975934
997 10.637632
925 1.119493
965 4.499877
854 5.362738
693 1.293680
908 2.387399
944 0.832194
1005 3.050759
976 2.708141
902 3.674330
851 1.025661
887 1.498344
946 1.440585
945 6.510281
828 6.931304
858 2.955739
885 2.253952
863 1.271175
1057 2.040933
852 0.869368
837 4.688844
876 10.761559
862 6.472086
