1015 0.138006
847 0.108476
942 0.151790
770 0.175273
799 0.098166
867 0.068516
877 0.196741
787 0.042590
937 0.207263
949 0.149632
638 0.070452
787 0.177439
711 0.085533
876 0.578785
821 0.104135
786 0.059050
876 0.284913
910 0.392809
809 0.169262
690 0.430788
849 0.116542
715 0.092441
908 0.094583
831 0.105413
724 0.195116
748 0.518319
880 0.100108
814 0.206902
829 0.157717
894 0.092454
959 0.082760
779 0.056371
844 0.259477
906 0.083434
829 0.145148
1009 0.087668
946 0.276225
737 0.416360
879 0.081278
787 0.150624
1046 0.163925
931 0.097504
850 0.118167
817 0.230312
819 0.196179
837 0.341377
876 0.079494
1008 0.071383
911 0.104436
817 0.046888
