1015 0.170376
847 0.141417
942 0.202726
770 0.226567
799 0.126116
867 0.086917
877 0.253455
787 0.052502
937 0.268386
949 0.190791
638 0.088691
787 0.235238
711 0.114025
876 0.749042
821 0.129765
786 0.074049
876 0.363107
910 0.505038
809 0.220215
690 0.568544
849 0.152375
715 0.116768
908 0.121367
831 0.136206
724 0.247728
748 0.671195
880 0.130293
814 0.271612
829 0.201642
894 0.119536
959 0.104652
779 0.073055
844 0.341773
906 0.106331
829 0.186364
1009 0.114078
946 0.360062
737 0.551477
879 0.100707
787 0.195168
1046 0.214785
931 0.123376
850 0.153281
817 0.300703
819 0.258330
837 0.434557
876 0.098915
1008 0.093340
911 0.133903
817 0.060720
