777 1.141580
917 0.277364
1003 0.935278
785 4.492933
766 1.029325
764 4.451320
859 0.228661
969 1.889131
1008 1.828513
781 2.579662
868 0.281652
935 0.973238
890 0.361620
937 0.399026
809 1.289268
867 0.925616
810 0.435801
718 0.286932
808 0.980371
838 1.071434
674 15.409097
800 0.488887
824 2.919292
790 1.406024
906 1.071963
835 1.304366
918 0.619490
703 0.475080
802 1.555752
992 4.182855
823 0.341081
967 2.230179
810 0.608583
888 0.641720
858 1.182415
946 3.652201
720 1.212112
855 2.200187
850 0.212779
780 0.567449
888 0.176884
1074 1.053554
845 1.349351
856 2.718198
838 0.498646
884 0.650312
924 1.014616
948 1.986552
852 0.433247
893 0.637379
