777 0.302503
917 0.087356
1003 0.228930
785 1.064576
766 0.288365
764 1.155641
859 0.072573
969 0.513051
1008 0.473131
781 0.629028
868 0.084516
935 0.249372
890 0.100141
937 0.095233
809 0.330394
867 0.251520
810 0.139731
718 0.084110
808 0.296954
838 0.278896
674 3.479097
800 0.143848
824 0.701651
790 0.454551
906 0.254099
835 0.391078
918 0.156363
703 0.136043
802 0.362455
992 0.969334
823 0.097001
967 0.626530
810 0.188926
888 0.160271
858 0.292413
946 0.919868
720 0.293504
855 0.540999
850 0.067074
780 0.180603
888 0.067477
1074 0.275021
845 0.416864
856 0.669005
838 0.121535
884 0.157505
924 0.238111
948 0.502563
852 0.114805
893 0.167439
