1015 0.483841
847 0.400466
942 0.588084
770 0.667562
799 0.364048
867 0.238191
877 0.725404
787 0.138415
937 0.772861
949 0.546042
638 0.254565
787 0.649333
711 0.307922
876 2.195738
821 0.326997
786 0.200424
876 1.015770
910 1.440870
809 0.613999
690 1.663013
849 0.449178
715 0.307594
908 0.355070
831 0.388840
724 0.690569
748 1.915983
880 0.379222
814 0.794960
829 0.573490
894 0.350242
959 0.285417
779 0.205991
844 0.980531
906 0.313139
829 0.542017
1009 0.333239
946 1.044593
737 1.598613
879 0.267195
787 0.559809
1046 0.637178
931 0.333538
850 0.438103
817 0.878090
819 0.746153
837 1.256036
876 0.262288
1008 0.273447
911 0.385563
817 0.168032
