777 2.194667
917 0.477451
1003 1.766021
785 9.185825
766 1.978991
764 9.118219
859 0.396415
969 3.602569
1008 3.642718
781 5.176900
868 0.502980
935 1.885703
890 0.654721
937 0.718473
809 2.544412
867 1.751825
810 0.805007
718 0.493494
808 1.869280
838 2.083463
674 31.975313
800 0.908084
824 5.934549
790 2.716171
906 2.116219
835 2.527789
918 1.198130
703 0.895092
802 3.114299
992 8.574871
823 0.625222
967 4.412602
810 1.120007
888 1.239873
858 2.323948
946 7.495581
720 2.395363
855 4.396909
850 0.352167
780 1.090032
888 0.285209
1074 2.078788
845 2.421132
856 5.490679
838 0.935880
884 1.251511
924 2.002040
948 3.996375
852 0.797132
893 1.211792
