1015 0.447606
847 0.367244
942 0.553358
770 0.635732
799 0.329130
867 0.198231
877 0.693743
787 0.106759
937 0.739301
949 0.503993
638 0.219563
787 0.623802
711 0.273538
876 2.246026
821 0.293333
786 0.163879
876 0.988244
910 1.433642
809 0.573903
690 1.671710
849 0.413655
715 0.266567
908 0.315636
831 0.347019
724 0.655153
748 1.925353
880 0.339706
814 0.763871
829 0.534544
894 0.308214
959 0.250840
779 0.168534
844 0.955691
906 0.273342
829 0.507241
1009 0.290072
946 1.028204
737 1.603787
879 0.231432
787 0.532432
1046 0.598129
931 0.296830
850 0.408024
817 0.865953
819 0.716752
837 1.229951
876 0.224052
1008 0.231666
911 0.351591
817 0.136356
