991 5.993058
881 19.866904
927 17.928978
997 47.359923
937 2.957871
962 4.703621
870 14.607257
920 37.604713
932 3.449991
934 13.046827
865 4.789568
875 5.491041
919 28.295886
999 4.499628
897 5.337715
827 33.478178
842 17.099570
1006 8.529508
885 2.060417
884 17.055379
907 3.804791
870 6.275535
1020 4.041556
889 5.005155
842 15.683405
855 11.951239
836 3.165582
997 41.338600
925 4.251979
965 16.473228
854 21.373161
693 4.482309
908 8.922832
944 2.481445
1005 10.514431
976 9.837551
902 13.045384
851 3.669931
887 5.589197
946 5.166121
945 25.244931
828 24.570499
858 11.033140
885 8.664464
863 4.389123
1057 7.165681
852 3.140358
837 15.545874
876 42.211324
862 24.020943
