991 1.401144
881 4.129575
927 3.804026
997 10.056049
937 0.796337
962 1.021520
870 4.018855
920 8.049136
932 0.812202
934 2.706296
865 1.151837
875 1.388029
919 5.885035
999 1.085479
897 1.244018
827 7.139088
842 3.928361
1006 1.800379
885 0.613188
884 3.727112
907 0.886087
870 1.388614
1020 1.023800
889 1.169468
842 3.819805
855 2.532196
836 0.856125
997 8.599844
925 0.928976
965 3.676735
854 4.355022
693 1.044503
908 1.957506
944 0.720999
1005 2.606694
976 2.213195
902 3.128570
851 0.859393
887 1.224491
946 1.226024
945 5.342404
828 5.715590
858 2.424667
885 1.858731
863 1.100616
1057 1.706865
852 0.713691
837 3.946632
876 8.747765
862 5.452557
