991 3.100817
881 9.848422
927 8.813138
997 23.450260
937 1.661481
962 2.429620
870 7.739393
920 18.594167
932 1.798309
934 6.424692
865 2.400174
875 2.850737
919 13.879770
999 2.319201
897 2.709111
827 16.394352
842 8.778361
1006 4.292200
885 1.134802
884 8.368178
907 1.948288
870 3.191569
1020 2.168769
889 2.549501
842 8.070550
855 5.968574
836 1.705748
997 20.123569
925 2.155685
965 8.286307
854 10.486882
693 2.461587
908 4.510934
944 1.367100
1005 5.385167
976 4.967905
902 6.660416
851 1.852418
887 2.868411
946 2.664664
945 12.454715
828 12.405371
858 5.496392
885 4.354008
863 2.288532
1057 3.726996
852 1.598314
837 8.142256
876 20.640502
862 11.886653
