1015 0.485183
847 0.400287
942 0.586472
770 0.665775
799 0.365206
867 0.238444
877 0.726051
787 0.138209
937 0.772821
949 0.544440
638 0.253276
787 0.648226
711 0.306857
876 2.194264
821 0.327191
786 0.200742
876 1.017529
910 1.440836
809 0.612690
690 1.664539
849 0.447565
715 0.308120
908 0.355101
831 0.388027
724 0.689691
748 1.916621
880 0.377959
814 0.795488
829 0.573103
894 0.349336
959 0.285381
779 0.204940
844 0.980767
906 0.313206
829 0.543079
1009 0.332746
946 1.043078
737 1.596561
879 0.268335
787 0.560441
1046 0.636282
931 0.333870
850 0.439338
817 0.882929
819 0.746287
837 1.257458
876 0.261539
1008 0.269796
911 0.386222
817 0.168204
