1015 0.138809
847 0.109579
942 0.152793
770 0.176593
799 0.098986
867 0.069199
877 0.196940
787 0.043009
937 0.208002
949 0.150564
638 0.070747
787 0.178058
711 0.086518
876 0.580359
821 0.104755
786 0.059149
876 0.286261
910 0.394682
809 0.170474
690 0.432059
849 0.117229
715 0.093142
908 0.096083
831 0.106212
724 0.195710
748 0.521165
880 0.100899
814 0.208311
829 0.157976
894 0.092841
959 0.083305
779 0.056770
844 0.259968
906 0.084387
829 0.145950
1009 0.088122
946 0.277462
737 0.418086
879 0.081449
787 0.151587
1046 0.164917
931 0.098686
850 0.118616
817 0.230603
819 0.197618
837 0.342698
876 0.080386
1008 0.072334
911 0.104894
817 0.047026
