1015 0.171261
847 0.141210
942 0.203954
770 0.226871
799 0.126407
867 0.086792
877 0.254467
787 0.052916
937 0.269639
949 0.191791
638 0.089317
787 0.235332
711 0.114573
876 0.749568
821 0.129906
786 0.074519
876 0.363284
910 0.505777
809 0.220786
690 0.570222
849 0.153408
715 0.117399
908 0.121696
831 0.137306
724 0.247965
748 0.671851
880 0.131648
814 0.272169
829 0.201798
894 0.122914
959 0.104680
779 0.073242
844 0.342261
906 0.106843
829 0.187188
1009 0.115307
946 0.361604
737 0.552274
879 0.101477
787 0.196550
1046 0.215890
931 0.123827
850 0.154579
817 0.301202
819 0.258380
837 0.435530
876 0.099057
1008 0.093687
911 0.133982
817 0.061258
