777 1.139515
917 0.277241
1003 0.933375
785 4.490296
766 1.026655
764 4.448965
859 0.225919
969 1.883925
1008 1.824633
781 2.579209
868 0.281086
935 0.972114
890 0.361697
937 0.397860
809 1.287958
867 0.925320
810 0.435985
718 0.285918
808 0.979197
838 1.064593
674 15.398501
800 0.488977
824 2.917091
790 1.403137
906 1.070192
835 1.302294
918 0.619608
703 0.475136
802 1.554413
992 4.179898
823 0.341082
967 2.230286
810 0.607832
888 0.641608
858 1.181756
946 3.647349
720 1.212054
855 2.198214
850 0.212381
780 0.566711
888 0.177026
1074 1.051981
845 1.348975
856 2.721050
838 0.498373
884 0.650814
924 1.014789
948 1.985483
852 0.432495
893 0.636247
