1015 0.113869
847 0.088176
942 0.122084
770 0.141414
799 0.080484
867 0.056571
877 0.161207
787 0.036090
937 0.169719
949 0.122837
638 0.058200
787 0.145924
711 0.074405
876 0.471831
821 0.087256
786 0.049203
876 0.231325
910 0.323389
809 0.144010
690 0.350970
849 0.094914
715 0.076794
908 0.079335
831 0.088165
724 0.162710
748 0.427333
880 0.083128
814 0.167328
829 0.129838
894 0.076024
959 0.069302
779 0.044754
844 0.213184
906 0.068391
829 0.116431
1009 0.071675
946 0.224210
737 0.337547
879 0.066684
787 0.121886
1046 0.133497
931 0.083974
850 0.096234
817 0.186273
819 0.158768
837 0.278680
876 0.065525
1008 0.057478
911 0.085901
817 0.038396
