777 0.506080
917 0.132147
1003 0.408536
785 1.907423
766 0.469880
764 1.945400
859 0.111707
969 0.829584
1008 0.796888
781 1.110922
868 0.125886
935 0.420839
890 0.159356
937 0.166165
809 0.536092
867 0.416027
810 0.203822
718 0.133737
808 0.464469
838 0.462642
674 6.411063
800 0.219152
824 1.246496
790 0.685667
906 0.455736
835 0.615615
918 0.267691
703 0.213911
802 0.645394
992 1.776195
823 0.154692
967 1.020209
810 0.283091
888 0.284728
858 0.513420
946 1.546016
720 0.517526
855 0.935639
850 0.099502
780 0.258245
888 0.090997
1074 0.452926
845 0.680172
856 1.153137
838 0.219650
884 0.271269
924 0.429763
948 0.845370
852 0.196753
893 0.274518
