991 5.965381
881 19.490308
927 17.639560
997 45.971369
937 3.022118
962 4.716900
870 14.444956
920 36.483685
932 3.520925
934 12.848424
865 4.815807
875 5.504235
919 27.638092
999 4.537092
897 5.329200
827 32.471836
842 16.788552
1006 8.455493
885 2.141163
884 16.750914
907 3.834121
870 6.268959
1020 4.080141
889 5.025316
842 15.458917
855 11.837463
836 3.247372
997 40.175514
925 4.282088
965 16.219736
854 20.946038
693 4.530449
908 8.880360
944 2.526989
1005 10.286901
976 9.734248
902 12.822838
851 3.711224
887 5.593383
946 5.216792
945 24.744539
828 24.213427
858 10.907966
885 8.651174
863 4.456782
1057 7.197327
852 3.191033
837 15.428398
876 41.033599
862 23.486487
