777 0.614409
917 0.151688
1003 0.486546
785 2.354999
766 0.572393
764 2.381611
859 0.130122
969 1.002265
1008 0.965470
781 1.358612
868 0.153364
935 0.506840
890 0.191902
937 0.204110
809 0.662282
867 0.501244
810 0.242794
718 0.157615
808 0.545017
838 0.559496
674 7.926838
800 0.261962
824 1.529079
790 0.795474
906 0.563109
835 0.746619
918 0.327836
703 0.256606
802 0.802924
992 2.199481
823 0.189872
967 1.241642
810 0.336912
888 0.344803
858 0.629083
946 1.907707
720 0.633087
855 1.154449
850 0.119179
780 0.304652
888 0.110007
1074 0.551602
845 0.786927
856 1.424637
838 0.262023
884 0.334321
924 0.532692
948 1.036464
852 0.236841
893 0.338777
