1015 0.064729
847 0.051027
942 0.067301
770 0.082868
799 0.050050
867 0.037060
877 0.095050
787 0.025232
937 0.098314
949 0.076769
638 0.037200
787 0.096613
711 0.068521
876 0.271911
821 0.062501
786 0.036185
876 0.143079
910 0.199759
809 0.095326
690 0.189575
849 0.053958
715 0.049693
908 0.045618
831 0.052974
724 0.104106
748 0.252186
880 0.046520
814 0.090625
829 0.080698
894 0.044223
959 0.047932
779 0.028398
844 0.125582
906 0.039514
829 0.067561
1009 0.041887
946 0.129393
737 0.192033
879 0.041423
787 0.076114
1046 0.081359
931 0.053524
850 0.054107
817 0.106497
819 0.090576
837 0.164057
876 0.046588
1008 0.032535
911 0.047756
817 0.024196
