777 2.210385
917 0.531557
1003 1.817243
785 8.952647
766 2.020118
764 8.859938
859 0.442899
969 3.587912
1008 3.629656
781 5.107252
868 0.557497
935 1.914343
890 0.703279
937 0.768688
809 2.551296
867 1.790948
810 0.855124
718 0.549297
808 1.899970
838 2.113142
674 30.839646
800 0.961394
824 5.839948
790 2.742803
906 2.136335
835 2.555302
918 1.232089
703 0.942193
802 3.116246
992 8.376388
823 0.668688
967 4.370203
810 1.164702
888 1.286126
858 2.347289
946 7.291818
720 2.408981
855 4.385809
850 0.403777
780 1.132669
888 0.339130
1074 2.106758
845 2.436817
856 5.409208
838 0.977914
884 1.286915
924 2.030107
948 3.970775
852 0.840745
893 1.264301
