777 0.788456
917 0.187573
1003 0.646468
785 3.099356
766 0.727870
764 3.046420
859 0.160074
969 1.304942
1008 1.256420
781 1.767297
868 0.198783
935 0.656631
890 0.247856
937 0.266559
809 0.871406
867 0.632240
810 0.305816
718 0.206450
808 0.689760
838 0.716794
674 10.433174
800 0.338686
824 1.980311
790 0.983936
906 0.731249
835 0.930384
918 0.427069
703 0.328300
802 1.058741
992 2.879979
823 0.238851
967 1.576480
810 0.429995
888 0.446941
858 0.815268
946 2.503537
720 0.829286
855 1.500375
850 0.153400
780 0.393090
888 0.131977
1074 0.713161
845 1.007825
856 1.857504
838 0.342815
884 0.436156
924 0.689384
948 1.359784
852 0.304955
893 0.427901
