777 0.298875
917 0.087336
1003 0.229311
785 1.066482
766 0.287835
764 1.156800
859 0.072661
969 0.515002
1008 0.474278
781 0.631193
868 0.083489
935 0.251210
890 0.100426
937 0.096045
809 0.334174
867 0.251628
810 0.139880
718 0.085672
808 0.300449
838 0.280995
674 3.478962
800 0.144899
824 0.701993
790 0.457650
906 0.256462
835 0.393305
918 0.157842
703 0.137116
802 0.365006
992 0.972573
823 0.098267
967 0.631804
810 0.189887
888 0.161841
858 0.293670
946 0.921454
720 0.295285
855 0.540719
850 0.067577
780 0.178367
888 0.067887
1074 0.276756
845 0.417965
856 0.676064
838 0.122508
884 0.159064
924 0.241248
948 0.505117
852 0.116556
893 0.168184
