991 2.088024
881 6.631767
927 6.045054
997 16.015446
937 1.179474
962 1.622357
870 5.552176
920 12.688664
932 1.256869
934 4.380171
865 1.753376
875 2.033270
919 9.498071
999 1.634646
897 1.884017
827 11.148058
842 6.120220
1006 2.945951
885 0.833928
884 5.789245
907 1.350630
870 2.221045
1020 1.522247
889 1.756262
842 5.662535
855 4.053613
836 1.200746
997 13.769533
925 1.508181
965 5.746991
854 7.084757
693 1.717534
908 3.048661
944 1.023568
1005 3.861705
976 3.437449
902 4.728000
851 1.275693
887 1.922811
946 1.822855
945 8.493408
828 8.663521
858 3.788629
885 2.944286
863 1.626309
1057 2.505126
852 1.104590
837 5.830042
876 14.074482
862 8.354494
