1015 0.254819
847 0.209847
942 0.300631
770 0.339459
799 0.183377
867 0.123805
877 0.367537
787 0.074504
937 0.392086
949 0.279303
638 0.128438
787 0.334141
711 0.161919
876 1.108215
821 0.182613
786 0.105356
876 0.520558
910 0.731028
809 0.314009
690 0.834635
849 0.226026
715 0.164429
908 0.183469
831 0.199126
724 0.356977
748 0.976451
880 0.193290
814 0.400367
829 0.293211
894 0.178877
959 0.149962
779 0.106166
844 0.495865
906 0.160270
829 0.273721
1009 0.168028
946 0.523593
737 0.802507
879 0.141648
787 0.287109
1046 0.321631
931 0.173250
850 0.224206
817 0.442904
819 0.374795
837 0.631509
876 0.138682
1008 0.136865
911 0.198510
817 0.089843
