991 1.656396
881 5.046296
927 4.634116
997 12.327553
937 0.941482
962 1.255657
870 4.734959
920 9.824397
932 0.967105
934 3.347168
865 1.413054
875 1.643469
919 7.240027
999 1.294411
897 1.494352
827 8.666459
842 4.763128
1006 2.197204
885 0.699745
884 4.506960
907 1.041987
870 1.659844
1020 1.206936
889 1.391724
842 4.427367
855 3.123169
836 0.976856
997 10.631041
925 1.119918
965 4.501412
854 5.362898
693 1.290720
908 2.386975
944 0.833120
1005 3.047974
976 2.693114
902 3.674136
851 1.025301
887 1.499006
946 1.440166
945 6.514039
828 6.928201
858 2.955376
885 2.257384
863 1.270841
1057 2.040319
852 0.869631
837 4.690787
876 10.761505
862 6.477754
