991 0.930184
881 2.222831
927 2.233151
997 5.840475
937 0.575353
962 0.629127
870 2.873667
920 4.675444
932 0.493866
934 1.580593
865 0.683118
875 1.185594
919 3.172213
999 0.704358
897 0.776379
827 4.066383
842 2.520394
1006 1.056331
885 0.498555
884 2.370849
907 0.579246
870 0.837965
1020 0.673749
889 0.734719
842 2.322731
855 1.434106
836 0.638193
997 4.722630
925 0.548690
965 1.910498
854 2.322203
693 0.650106
908 1.131693
944 0.467739
1005 1.801548
976 1.279960
902 1.909083
851 0.585076
887 0.708704
946 0.774615
945 3.014619
828 3.635773
858 1.370835
885 1.228604
863 0.664536
1057 1.192274
852 0.388964
837 4.006101
876 4.861728
862 3.403060
