777 2.189266
917 0.478733
1003 1.770196
785 9.230939
766 1.975935
764 9.150287
859 0.396835
969 3.584583
1008 3.634429
781 5.190218
868 0.500280
935 1.886364
890 0.655141
937 0.719916
809 2.537350
867 1.749200
810 0.806673
718 0.494187
808 1.870498
838 2.081023
674 31.990384
800 0.909292
824 5.927873
790 2.715138
906 2.116147
835 2.528089
918 1.204015
703 0.894035
802 3.121936
992 8.568638
823 0.627620
967 4.409124
810 1.118630
888 1.235492
858 2.317622
946 7.445076
720 2.394533
855 4.399582
850 0.347942
780 1.082326
888 0.285045
1074 2.078468
845 2.422022
856 5.467392
838 0.936282
884 1.249212
924 2.002597
948 4.001058
852 0.797032
893 1.208888
