991 5.993588
881 19.920348
927 17.950098
997 47.440379
937 2.956590
962 4.719425
870 14.629842
920 37.668495
932 3.468667
934 13.068808
865 4.785782
875 5.501802
919 28.335538
999 4.498995
897 5.331947
827 33.553309
842 17.038869
1006 8.530652
885 2.056976
884 17.078139
907 3.786600
870 6.280102
1020 4.020710
889 4.969587
842 15.678728
855 11.931807
836 3.187731
997 41.409966
925 4.252661
965 16.497647
854 21.368692
693 4.485235
908 8.897117
944 2.478852
1005 10.396044
976 9.867078
902 13.083776
851 3.675927
887 5.583285
946 5.185550
945 25.233803
828 24.658254
858 11.032741
885 8.660971
863 4.422303
1057 7.318831
852 3.125208
837 15.578629
876 42.245779
862 24.044536
