1015 0.445489
847 0.366255
942 0.552909
770 0.637204
799 0.331491
867 0.199893
877 0.698914
787 0.107271
937 0.744255
949 0.507657
638 0.219462
787 0.622886
711 0.273368
876 2.244048
821 0.293655
786 0.163880
876 0.994830
910 1.452524
809 0.582551
690 1.677596
849 0.413386
715 0.266899
908 0.315811
831 0.347320
724 0.656774
748 1.941233
880 0.342943
814 0.767697
829 0.539092
894 0.309943
959 0.249796
779 0.168960
844 0.963989
906 0.270847
829 0.504522
1009 0.289960
946 1.028507
737 1.616391
879 0.230889
787 0.534120
1046 0.602212
931 0.299684
850 0.407764
817 0.870688
819 0.717851
837 1.235745
876 0.224850
1008 0.232485
911 0.350537
817 0.136075
