777 0.787992
917 0.188874
1003 0.648705
785 3.100659
766 0.727999
764 3.045380
859 0.160321
969 1.304712
1008 1.256247
781 1.767421
868 0.199180
935 0.655802
890 0.246942
937 0.266029
809 0.869726
867 0.631351
810 0.305660
718 0.206031
808 0.691006
838 0.716714
674 10.435776
800 0.338062
824 1.979633
790 0.983336
906 0.731892
835 0.927617
918 0.425733
703 0.327798
802 1.057862
992 2.877675
823 0.237626
967 1.578928
810 0.430705
888 0.446872
858 0.815278
946 2.507977
720 0.829331
855 1.499122
850 0.153158
780 0.392282
888 0.132272
1074 0.712986
845 1.008210
856 1.856097
838 0.342355
884 0.435262
924 0.689285
948 1.360102
852 0.303905
893 0.427228
