1015 0.171179
847 0.140616
942 0.202933
770 0.226327
799 0.125648
867 0.086552
877 0.253099
787 0.052202
937 0.268658
949 0.191397
638 0.088977
787 0.232778
711 0.113694
876 0.748869
821 0.129326
786 0.073384
876 0.363058
910 0.505082
809 0.219427
690 0.569899
849 0.151965
715 0.116305
908 0.120946
831 0.136380
724 0.246015
748 0.670955
880 0.130363
814 0.271620
829 0.201371
894 0.119475
959 0.104161
779 0.072443
844 0.341493
906 0.105906
829 0.186360
1009 0.113928
946 0.364941
737 0.552718
879 0.101096
787 0.196200
1046 0.215474
931 0.124413
850 0.154745
817 0.300248
819 0.259156
837 0.436348
876 0.098579
1008 0.093288
911 0.134275
817 0.061127
