777 0.615982
917 0.152418
1003 0.488483
785 2.359262
766 0.573068
764 2.380949
859 0.130443
969 1.003020
1008 0.966748
781 1.360204
868 0.154431
935 0.508175
890 0.192511
937 0.205507
809 0.663482
867 0.502555
810 0.242892
718 0.158505
808 0.546122
838 0.561271
674 7.933409
800 0.261989
824 1.531373
790 0.795796
906 0.563035
835 0.747674
918 0.328292
703 0.256911
802 0.802918
992 2.199684
823 0.190182
967 1.242965
810 0.338845
888 0.345447
858 0.631399
946 1.911699
720 0.633322
855 1.155713
850 0.120400
780 0.305975
888 0.111609
1074 0.552366
845 0.789571
856 1.425225
838 0.263760
884 0.333823
924 0.533298
948 1.037802
852 0.236533
893 0.339519
