777 2.204167
917 0.528845
1003 1.814009
785 8.930960
766 2.016128
764 8.832233
859 0.443778
969 3.579402
1008 3.617212
781 5.101147
868 0.556068
935 1.910091
890 0.699978
937 0.764418
809 2.544776
867 1.786310
810 0.852293
718 0.546070
808 1.894624
838 2.106666
674 30.793837
800 0.958824
824 5.830080
790 2.736809
906 2.129348
835 2.548236
918 1.230549
703 0.939739
802 3.108050
992 8.361162
823 0.665706
967 4.356919
810 1.161000
888 1.282427
858 2.340287
946 7.279880
720 2.403154
855 4.372543
850 0.402036
780 1.130625
888 0.337439
1074 2.098977
845 2.431635
856 5.395874
838 0.974713
884 1.282645
924 2.024883
948 3.959218
852 0.838388
893 1.258370
