1015 0.112920
847 0.088301
942 0.121770
770 0.141440
799 0.080524
867 0.056820
877 0.161470
787 0.035706
937 0.169210
949 0.122211
638 0.057830
787 0.146077
711 0.073639
876 0.470980
821 0.087814
786 0.049027
876 0.231830
910 0.322963
809 0.143694
690 0.350706
849 0.094850
715 0.076482
908 0.078590
831 0.087943
724 0.162605
748 0.425118
880 0.081753
814 0.167363
829 0.129638
894 0.075606
959 0.069255
779 0.044972
844 0.212841
906 0.068363
829 0.116346
1009 0.071578
946 0.223536
737 0.334904
879 0.066178
787 0.121381
1046 0.133365
931 0.085197
850 0.096035
817 0.187486
819 0.158656
837 0.278799
876 0.065636
1008 0.057277
911 0.085580
817 0.037849
