1015 0.137606
847 0.108977
942 0.151509
770 0.175295
799 0.098283
867 0.068012
877 0.196218
787 0.042594
937 0.207016
949 0.149485
638 0.070132
787 0.177028
711 0.085349
876 0.579539
821 0.103518
786 0.058579
876 0.284856
910 0.393235
809 0.169647
690 0.430189
849 0.116240
715 0.092727
908 0.094834
831 0.105146
724 0.194349
748 0.518612
880 0.100370
814 0.207141
829 0.157389
894 0.092515
959 0.082623
779 0.055966
844 0.259111
906 0.084352
829 0.144594
1009 0.087137
946 0.276081
737 0.416334
879 0.081187
787 0.150630
1046 0.163947
931 0.097744
850 0.117686
817 0.229613
819 0.196015
837 0.343990
876 0.080012
1008 0.072459
911 0.105793
817 0.047479
