777 0.297345
917 0.087738
1003 0.230368
785 1.068694
766 0.287613
764 1.157535
859 0.072258
969 0.515021
1008 0.709717
781 0.629836
868 0.082827
935 0.249059
890 0.099938
937 0.094653
809 0.331387
867 0.250008
810 0.139615
718 0.082888
808 0.296508
838 0.280884
674 3.481783
800 0.145568
824 0.702696
790 0.457668
906 0.258693
835 0.393802
918 0.157793
703 0.136291
802 0.366381
992 0.971964
823 0.098505
967 0.629114
810 0.189617
888 0.161673
858 0.294321
946 0.921422
720 0.295434
855 0.538060
850 0.067790
780 0.179069
888 0.068746
1074 0.275264
845 0.418357
856 0.675208
838 0.128630
884 0.159123
924 0.240010
948 0.505389
852 0.116880
893 0.168356
