1015 0.062041
847 0.051281
942 0.068166
770 0.083348
799 0.049882
867 0.036913
877 0.095486
787 0.025695
937 0.098840
949 0.077120
638 0.037168
787 0.095852
711 0.056189
876 0.270086
821 0.061843
786 0.035795
876 0.142450
910 0.198648
809 0.094606
690 0.187976
849 0.053920
715 0.049233
908 0.045128
831 0.053057
724 0.104379
748 0.250356
880 0.045990
814 0.090064
829 0.080830
894 0.044570
959 0.047174
779 0.027989
844 0.125138
906 0.039349
829 0.068104
1009 0.041916
946 0.129343
737 0.189725
879 0.040939
787 0.075001
1046 0.080843
931 0.053446
850 0.053694
817 0.105810
819 0.089386
837 0.163042
876 0.046151
1008 0.032321
911 0.048183
817 0.024523
