777 0.504894
917 0.130710
1003 0.406035
785 1.907762
766 0.469587
764 1.944517
859 0.110977
969 0.828431
1008 0.793228
781 1.109034
868 0.124570
935 0.419595
890 0.158943
937 0.165289
809 0.535126
867 0.414138
810 0.203274
718 0.132623
808 0.465493
838 0.462466
674 6.409053
800 0.218430
824 1.245759
790 0.686076
906 0.455550
835 0.616792
918 0.267747
703 0.214139
802 0.645805
992 1.775171
823 0.154163
967 1.021423
810 0.283938
888 0.284950
858 0.514381
946 1.548246
720 0.516953
855 0.934336
850 0.099132
780 0.258003
888 0.090841
1074 0.452764
845 0.680192
856 1.153523
838 0.220474
884 0.271326
924 0.430940
948 0.846918
852 0.197383
893 0.274645
