1015 0.254504
847 0.209406
942 0.299593
770 0.340325
799 0.183946
867 0.124035
877 0.367371
787 0.074043
937 0.392978
949 0.280181
638 0.129173
787 0.332972
711 0.161391
876 1.105529
821 0.182437
786 0.105180
876 0.519033
910 0.730837
809 0.314148
690 0.834281
849 0.226205
715 0.164500
908 0.183178
831 0.198950
724 0.357276
748 0.976128
880 0.193129
814 0.400066
829 0.293745
894 0.178992
959 0.150556
779 0.106313
844 0.495573
906 0.159608
829 0.274445
1009 0.167789
946 0.523093
737 0.803471
879 0.141838
787 0.286896
1046 0.321294
931 0.172955
850 0.225255
817 0.443158
819 0.375090
837 0.631031
876 0.138062
1008 0.136328
911 0.198472
817 0.090225
