991 1.398647
881 4.118636
927 3.787099
997 10.039434
937 0.792452
962 1.016568
870 4.010901
920 8.034448
932 0.810936
934 2.698009
865 1.146129
875 1.383313
919 5.870950
999 1.083243
897 1.236824
827 7.121429
842 3.917874
1006 1.792784
885 0.610912
884 3.720598
907 0.882744
870 1.382869
1020 1.018355
889 1.165371
842 3.803646
855 2.524039
836 0.852282
997 8.587428
925 0.926147
965 3.671703
854 4.351687
693 1.041850
908 1.945767
944 0.718701
1005 2.601439
976 2.213096
902 3.117929
851 0.857742
887 1.219708
946 1.221071
945 5.332337
828 5.703936
858 2.415756
885 1.850654
863 1.096860
1057 1.702893
852 0.709986
837 3.938713
876 8.720691
862 5.439170
