1015 0.484130
847 0.399956
942 0.587547
770 0.666837
799 0.364984
867 0.238655
877 0.726211
787 0.139402
937 0.773467
949 0.545371
638 0.253278
787 0.649073
711 0.307586
876 2.196924
821 0.327030
786 0.200075
876 1.018532
910 1.441173
809 0.613868
690 1.664875
849 0.446978
715 0.307746
908 0.354530
831 0.387632
724 0.692039
748 1.918710
880 0.378504
814 0.794882
829 0.574487
894 0.350031
959 0.285327
779 0.205518
844 0.979540
906 0.311309
829 0.542568
1009 0.332584
946 1.042586
737 1.598969
879 0.267590
787 0.561264
1046 0.634412
931 0.334357
850 0.440869
817 0.883034
819 0.745959
837 1.256575
876 0.262037
1008 0.270100
911 0.388428
817 0.166624
