991 2.086949
881 6.636824
927 6.050662
997 16.022677
937 1.181272
962 1.620604
870 5.552945
920 12.697935
932 1.257336
934 4.378760
865 1.752562
875 2.034712
919 9.502657
999 1.637604
897 1.907546
827 11.151424
842 6.121258
1006 2.946307
885 0.838587
884 5.787686
907 1.350850
870 2.221419
1020 1.522591
889 1.758424
842 5.664454
855 4.058309
836 1.200067
997 13.774959
925 1.515367
965 5.805421
854 7.090823
693 1.717301
908 3.053968
944 1.023943
1005 3.860285
976 3.437671
902 4.730518
851 1.275366
887 1.921492
946 1.823577
945 8.494985
828 8.629974
858 3.790351
885 2.944878
863 1.625970
1057 2.508199
852 1.105179
837 5.828826
876 14.082258
862 8.360910
