777 1.137610
917 0.275648
1003 0.934999
785 4.490531
766 1.025244
764 4.450061
859 0.225667
969 1.884872
1008 1.825276
781 2.576876
868 0.276386
935 0.969219
890 0.358347
937 0.394851
809 1.290428
867 0.924977
810 0.435250
718 0.285771
808 0.979417
838 1.071218
674 15.409265
800 0.488906
824 2.921085
790 1.404929
906 1.070925
835 1.304602
918 0.619478
703 0.475092
802 1.556616
992 4.183000
823 0.341538
967 2.230254
810 0.607020
888 0.642401
858 1.181083
946 3.650662
720 1.216109
855 2.200382
850 0.212473
780 0.566329
888 0.176659
1074 1.052293
845 1.348348
856 2.720484
838 0.498447
884 0.650650
924 1.014179
948 1.986191
852 0.431828
893 0.635503
