991 5.955213
881 19.461194
927 17.604972
997 45.904528
937 3.014617
962 4.708124
870 14.414818
920 36.423727
932 3.504829
934 12.809559
865 4.801636
875 5.491962
919 27.555854
999 4.525106
897 5.311074
827 32.405768
842 16.737277
1006 8.431257
885 2.131640
884 16.724134
907 3.826199
870 6.252532
1020 4.074463
889 5.008737
842 15.404794
855 11.808194
836 3.235269
997 40.129180
925 4.270171
965 16.180962
854 20.901900
693 4.521199
908 8.857765
944 2.518132
1005 10.254223
976 9.711031
902 12.794160
851 3.701275
887 5.583170
946 5.202617
945 24.689944
828 24.154312
858 10.874259
885 8.623051
863 4.440410
1057 7.173163
852 3.186919
837 15.389688
876 40.955500
862 23.435279
