991 3.093795
881 9.839283
927 8.800460
997 23.404155
937 1.657861
962 2.413605
870 7.732249
920 18.566197
932 1.797743
934 6.417742
865 2.404457
875 2.847365
919 13.859984
999 2.314509
897 2.708727
827 16.366510
842 8.771072
1006 4.287335
885 1.133235
884 8.360363
907 1.946396
870 3.185967
1020 2.168310
889 2.546660
842 8.063520
855 5.962672
836 1.703082
997 20.080959
925 2.153347
965 8.268913
854 10.474472
693 2.459088
908 4.511384
944 1.366224
1005 5.375798
976 4.961502
902 6.649348
851 1.851316
887 2.868034
946 2.662543
945 12.436632
828 12.324442
858 5.487773
885 4.351336
863 2.285454
1057 3.723370
852 1.597532
837 8.126592
876 20.595853
862 11.884820
