991 1.658259
881 5.045531
927 4.631770
997 12.327325
937 0.941095
962 1.256045
870 4.732258
920 9.827286
932 0.969356
934 3.348397
865 1.411846
875 1.644195
919 7.239924
999 1.293235
897 1.495116
827 8.667218
842 4.762381
1006 2.196007
885 0.699270
884 4.505840
907 1.043094
870 1.660805
1020 1.207364
889 1.389312
842 4.431945
855 3.125321
836 0.977185
997 10.636222
925 1.120261
965 4.498937
854 5.366014
693 1.291106
908 2.386383
944 0.832043
1005 3.051756
976 2.693819
902 3.676466
851 1.025585
887 1.497712
946 1.441382
945 6.512647
828 6.923371
858 2.956438
885 2.255369
863 1.272175
1057 2.040304
852 0.872110
837 4.689600
876 10.763328
862 6.472230
