991 0.935147
881 2.223677
927 2.234325
997 5.834513
937 0.574628
962 0.629270
870 2.876920
920 4.674701
932 0.494861
934 1.581845
865 0.682982
875 1.184300
919 3.171839
999 0.705431
897 0.776317
827 4.071917
842 2.519072
1006 1.059123
885 0.500943
884 2.373991
907 0.576605
870 0.838330
1020 0.672574
889 0.734774
842 2.325086
855 1.434323
836 0.638636
997 4.721596
925 0.546127
965 1.910108
854 2.320733
693 0.649680
908 1.130545
944 0.470042
1005 1.800384
976 1.281352
902 1.905546
851 0.584651
887 0.707200
946 0.776015
945 3.016540
828 3.632950
858 1.371268
885 1.223382
863 0.664398
1057 1.191412
852 0.389729
837 3.979815
876 4.857046
862 3.376234
