777 2.195118
917 0.480801
1003 1.779542
785 9.195667
766 1.971717
764 9.123826
859 0.396718
969 3.578669
1008 3.626937
781 5.175822
868 0.499040
935 1.869197
890 0.650004
937 0.712321
809 2.529500
867 1.756775
810 0.808005
718 0.493589
808 1.871199
838 2.084065
674 31.918586
800 0.907934
824 5.941977
790 2.717726
906 2.111166
835 2.519337
918 1.199959
703 0.893974
802 3.120977
992 8.572037
823 0.627599
967 4.415911
810 1.118261
888 1.240967
858 2.318500
946 7.442932
720 2.396305
855 4.415508
850 0.350542
780 1.087193
888 0.285119
1074 2.076033
845 2.420100
856 5.464472
838 0.928099
884 1.239019
924 2.002068
948 3.980395
852 0.797008
893 1.211774
