991 5.993757
881 19.834842
927 17.922227
997 47.388203
937 2.955910
962 4.711313
870 14.596412
920 37.567969
932 3.468132
934 13.036056
865 4.789786
875 5.513728
919 28.310717
999 4.493246
897 5.331619
827 33.502940
842 17.088990
1006 8.532224
885 2.060081
884 17.041314
907 3.802719
870 6.252931
1020 4.024163
889 4.988646
842 15.707305
855 11.946098
836 3.163065
997 41.341410
925 4.233322
965 16.437238
854 21.350694
693 4.479841
908 8.880294
944 2.482079
1005 10.376311
976 9.821953
902 13.046263
851 3.672229
887 5.606489
946 5.182763
945 25.240783
828 24.610527
858 11.027080
885 8.686669
863 4.421101
1057 7.173404
852 3.139952
837 15.572966
876 42.215148
862 23.966425
