1015 0.445742
847 0.365945
942 0.552257
770 0.636246
799 0.330321
867 0.197891
877 0.693622
787 0.106218
937 0.737504
949 0.503468
638 0.219378
787 0.622880
711 0.273752
876 2.242628
821 0.293539
786 0.163855
876 0.991130
910 1.438352
809 0.573252
690 1.661586
849 0.413311
715 0.266907
908 0.315252
831 0.347540
724 0.657604
748 1.934769
880 0.341900
814 0.768203
829 0.539318
894 0.309440
959 0.249832
779 0.168867
844 0.962663
906 0.272938
829 0.507097
1009 0.290457
946 1.028015
737 1.601524
879 0.231477
787 0.532469
1046 0.602410
931 0.299507
850 0.408089
817 0.867100
819 0.717089
837 1.240303
876 0.225748
1008 0.233600
911 0.351887
817 0.136271
