777 0.232400
917 0.054003
1003 0.188573
785 0.942248
766 0.219831
764 0.959565
859 0.049327
969 0.400817
1008 0.400114
781 0.556009
868 0.057318
935 0.202087
890 0.075915
937 0.077227
809 0.280082
867 0.194353
810 0.089314
718 0.056656
808 0.204328
838 0.226027
674 3.277794
800 0.103111
824 0.626201
790 0.290638
906 0.223904
835 0.276049
918 0.132339
703 0.099589
802 0.340454
992 0.885898
823 0.069425
967 0.475970
810 0.140077
888 0.135346
858 0.250636
946 0.782842
720 0.255788
855 0.489820
850 0.039611
780 0.128712
888 0.035230
1074 0.224201
845 0.265274
856 0.596151
838 0.097124
884 0.137578
924 0.217857
948 0.436871
852 0.088940
893 0.134978
