777 0.272780
917 0.062634
1003 0.220812
785 1.112787
766 0.254603
764 1.129726
859 0.051759
969 0.472970
1008 0.463097
781 0.642054
868 0.067071
935 0.236587
890 0.085968
937 0.089252
809 0.326020
867 0.221426
810 0.103840
718 0.066155
808 0.236014
838 0.260859
674 3.867429
800 0.119628
824 0.720702
790 0.342908
906 0.262024
835 0.322101
918 0.153069
703 0.114618
802 0.385685
992 1.039789
823 0.080292
967 0.553422
810 0.142868
888 0.157583
858 0.287941
946 0.911097
720 0.299140
855 0.566035
850 0.046903
780 0.131062
888 0.040829
1074 0.260444
845 0.310397
856 0.704105
838 0.116643
884 0.154445
924 0.248500
948 0.498711
852 0.102768
893 0.153655
