777 0.332948
917 0.075833
1003 0.270577
785 1.369446
766 0.316688
764 1.402054
859 0.062119
969 0.577367
1008 0.573537
781 0.788424
868 0.080938
935 0.294149
890 0.103742
937 0.109392
809 0.400382
867 0.270575
810 0.126861
718 0.081137
808 0.298194
838 0.323878
674 4.802350
800 0.144883
824 0.886235
790 0.432289
906 0.327420
835 0.396003
918 0.186815
703 0.142157
802 0.468680
992 1.280280
823 0.097191
967 0.684043
810 0.176680
888 0.195776
858 0.350961
946 1.135777
720 0.367441
855 0.690043
850 0.057777
780 0.162464
888 0.048507
1074 0.322511
845 0.380339
856 0.847878
838 0.142267
884 0.184948
924 0.302940
948 0.624308
852 0.125175
893 0.184783
