777 0.658417
917 0.147061
1003 0.540759
785 2.674240
766 0.617000
764 2.737231
859 0.120523
969 1.124759
1008 1.119527
781 1.550742
868 0.156523
935 0.577251
890 0.202245
937 0.213618
809 0.776420
867 0.528757
810 0.251005
718 0.158312
808 0.584000
838 0.636361
674 9.331411
800 0.279467
824 1.749069
790 0.843052
906 0.638338
835 0.775495
918 0.364794
703 0.277112
802 0.911193
992 2.514463
823 0.190748
967 1.328883
810 0.343338
888 0.378849
858 0.686754
946 2.227078
720 0.718358
855 1.341723
850 0.111124
780 0.317671
888 0.092359
1074 0.626984
845 0.730248
856 1.652925
838 0.275597
884 0.360128
924 0.592648
948 1.225013
852 0.246053
893 0.356738
