1015 0.358945
847 0.298653
942 0.449202
770 0.514753
799 0.266608
867 0.161777
877 0.568039
787 0.086022
937 0.603177
949 0.411878
638 0.180461
787 0.506678
711 0.223706
876 1.834255
821 0.237634
786 0.131831
876 0.813575
910 1.188301
809 0.475447
690 1.357004
849 0.332616
715 0.216085
908 0.254513
831 0.278085
724 0.543793
748 1.612765
880 0.279535
814 0.617486
829 0.446459
894 0.255991
959 0.204364
779 0.139724
844 0.796498
906 0.224630
829 0.426286
1009 0.239355
946 0.848036
737 1.347970
879 0.192597
787 0.438945
1046 0.500058
931 0.244372
850 0.329479
817 0.719475
819 0.596105
837 1.027980
876 0.184300
1008 0.191957
911 0.290201
817 0.111178
