1015 0.138052
847 0.111472
942 0.175313
770 0.195070
799 0.105096
867 0.068387
877 0.218690
787 0.034938
937 0.230826
949 0.161630
638 0.071047
787 0.189109
711 0.085567
876 0.691899
821 0.092448
786 0.053830
876 0.312199
910 0.451315
809 0.183828
690 0.511731
849 0.126027
715 0.087399
908 0.096184
831 0.109588
724 0.206203
748 0.597937
880 0.106580
814 0.232622
829 0.169009
894 0.097935
959 0.078109
779 0.054539
844 0.292830
906 0.085800
829 0.154716
1009 0.091543
946 0.310202
737 0.487715
879 0.073201
787 0.165577
1046 0.190644
931 0.094688
850 0.124719
817 0.268601
819 0.225522
837 0.378952
876 0.075381
1008 0.074173
911 0.108235
817 0.043395
