991 0.601364
881 2.079227
927 1.881595
997 4.713082
937 0.328286
962 0.514359
870 2.035722
920 3.988836
932 0.383932
934 1.387555
865 0.503190
875 0.598111
919 2.987569
999 0.500470
897 0.575691
827 3.482478
842 1.813986
1006 0.895580
885 0.228862
884 1.793559
907 0.404695
870 0.665487
1020 0.475463
889 0.540354
842 1.655164
855 1.287407
836 0.346242
997 4.262314
925 0.410238
965 1.608923
854 2.221754
693 0.461628
908 0.970703
944 0.273846
1005 1.122183
976 1.091799
902 1.395349
851 0.391360
887 0.595506
946 0.589334
945 2.703257
828 2.832219
858 1.238682
885 0.942538
863 0.503909
1057 0.892222
852 0.321209
837 2.828726
876 4.477492
862 2.430224
