991 0.827476
881 2.993487
927 2.731812
997 6.901416
937 0.456491
962 0.716105
870 2.257484
920 5.714682
932 0.540656
934 2.003210
865 0.704359
875 0.851464
919 4.291439
999 0.686607
897 0.847591
827 5.011814
842 2.640194
1006 1.278278
885 0.332805
884 2.523946
907 0.576319
870 0.931689
1020 0.620029
889 0.777798
842 2.393196
855 1.835696
836 0.491974
997 6.023341
925 0.585984
965 2.425545
854 3.172981
693 0.631758
908 1.365948
944 0.390931
1005 1.568268
976 1.503329
902 2.011596
851 0.559521
887 0.856547
946 0.823590
945 3.905070
828 3.806442
858 1.697953
885 1.352426
863 0.729727
1057 1.077695
852 0.466870
837 2.417885
876 6.410419
862 3.553810
