777 0.331208
917 0.075191
1003 0.268337
785 1.363129
766 0.315042
764 1.392605
859 0.061671
969 0.576346
1008 0.573337
781 0.785098
868 0.080132
935 0.292421
890 0.102894
937 0.109083
809 0.398216
867 0.269502
810 0.126588
718 0.080818
808 0.296149
838 0.322299
674 4.785262
800 0.144017
824 0.883608
790 0.427903
906 0.325538
835 0.394723
918 0.186443
703 0.140429
802 0.466459
992 1.272773
823 0.097114
967 0.680360
810 0.175052
888 0.193878
858 0.348581
946 1.132000
720 0.364755
855 0.686483
850 0.057260
780 0.161424
888 0.048315
1074 0.320190
845 0.377671
856 0.843908
838 0.140501
884 0.184003
924 0.301042
948 0.623397
852 0.124713
893 0.183197
