991 7.796588
881 20.553740
927 36.612839
997 51.322178
937 5.202950
962 5.025096
870 15.896177
920 49.673869
932 4.255867
934 13.264659
865 6.087952
875 6.263796
919 26.762880
999 5.850175
897 7.004250
827 54.340711
842 16.535204
1006 10.113419
885 4.272174
884 19.951655
907 4.942402
870 6.417316
1020 3.719901
889 7.515658
842 15.512602
855 11.751661
836 7.470669
997 45.815329
925 4.763389
965 15.700504
854 20.041864
693 5.013824
908 8.761785
944 3.530567
1005 10.552904
976 9.856303
902 17.660299
851 7.204662
887 7.264985
946 5.289560
945 31.757717
828 26.482650
858 11.838752
885 10.187316
863 7.201390
1057 8.558381
852 3.280970
837 15.705997
876 43.813063
862 27.363490
