991 2.653181
881 8.946929
927 8.173569
997 21.475558
937 1.351436
962 2.157603
870 6.617458
920 16.762722
932 1.592062
934 5.935076
865 2.220507
875 2.487596
919 12.491664
999 2.018574
897 2.423319
827 14.801308
842 7.743037
1006 4.055995
885 0.967771
884 7.497618
907 1.701678
870 2.783715
1020 1.827796
889 2.271782
842 7.037373
855 5.335935
836 1.448013
997 17.787324
925 1.899424
965 7.250993
854 9.561804
693 2.054498
908 4.066313
944 1.135521
1005 4.559021
976 4.335397
902 5.899697
851 1.663968
887 2.478054
946 2.354578
945 11.353842
828 11.164131
858 4.916488
885 3.994239
863 2.079226
1057 3.230698
852 1.426402
837 6.953759
876 18.639932
862 10.618246
