1015 0.050650
847 0.040612
942 0.058122
770 0.069505
799 0.035847
867 0.026069
877 0.074776
787 0.012729
937 0.083390
949 0.055607
638 0.028228
787 0.094345
711 0.027081
876 0.237096
821 0.036746
786 0.018291
876 0.107811
910 0.152146
809 0.067189
690 0.173588
849 0.047627
715 0.030822
908 0.035007
831 0.040179
724 0.085187
748 0.201146
880 0.040688
814 0.084526
829 0.057360
894 0.032971
959 0.031906
779 0.020803
844 0.098324
906 0.029846
829 0.055238
1009 0.032280
946 0.114004
737 0.158661
879 0.028078
787 0.060809
1046 0.065466
931 0.032928
850 0.043827
817 0.090694
819 0.078183
837 0.126048
876 0.025735
1008 0.025893
911 0.035651
817 0.015471
