777 0.229977
917 0.054210
1003 0.187166
785 0.939528
766 0.219679
764 0.957648
859 0.049527
969 0.401373
1008 0.399160
781 0.556754
868 0.057054
935 0.202306
890 0.074204
937 0.077162
809 0.275938
867 0.193240
810 0.089479
718 0.055988
808 0.203294
838 0.223779
674 3.264831
800 0.102334
824 0.617112
790 0.290486
906 0.222135
835 0.273597
918 0.131533
703 0.098008
802 0.337686
992 0.890031
823 0.068791
967 0.472828
810 0.141464
888 0.136542
858 0.249363
946 0.779332
720 0.257259
855 0.483817
850 0.040036
780 0.129100
888 0.034973
1074 0.223181
845 0.265500
856 0.597226
838 0.094520
884 0.138607
924 0.217688
948 0.421176
852 0.088576
893 0.136782
