1015 0.072300
847 0.055988
942 0.084882
770 0.099242
799 0.053311
867 0.036230
877 0.110617
787 0.017945
937 0.117908
949 0.081394
638 0.035846
787 0.095239
711 0.040535
876 0.350434
821 0.048133
786 0.027590
876 0.158062
910 0.229284
809 0.093173
690 0.260214
849 0.065929
715 0.045127
908 0.049838
831 0.057041
724 0.104923
748 0.302535
880 0.055604
814 0.119271
829 0.086491
894 0.050117
959 0.041204
779 0.027859
844 0.145932
906 0.043701
829 0.079873
1009 0.047201
946 0.158670
737 0.248911
879 0.037055
787 0.085652
1046 0.097450
931 0.048274
850 0.063268
817 0.135812
819 0.114014
837 0.189561
876 0.040834
1008 0.037798
911 0.051847
817 0.022171
