991 0.605262
881 2.075832
927 1.894151
997 4.724485
937 0.335564
962 0.512821
870 2.038083
920 4.000221
932 0.387072
934 1.382284
865 0.501040
875 0.597677
919 2.975254
999 0.506960
897 0.572738
827 3.477969
842 1.820482
1006 0.889410
885 0.228554
884 1.802881
907 0.411921
870 0.668517
1020 0.474315
889 0.542598
842 1.668184
855 1.289157
836 0.347445
997 4.304800
925 0.414359
965 1.621385
854 2.233642
693 0.470298
908 0.968673
944 0.271153
1005 1.118938
976 1.086946
902 1.380177
851 0.393251
887 0.605704
946 0.598718
945 2.693379
828 2.897171
858 1.238997
885 0.941161
863 0.501524
1057 0.889295
852 0.322481
837 2.844264
876 4.506876
862 2.450523
