1015 0.465960
847 0.372222
942 0.573975
770 0.764798
799 0.405228
867 0.384430
877 0.956866
787 0.136793
937 0.827494
949 0.742585
638 0.235068
787 0.664487
711 0.405774
876 2.319957
821 0.329726
786 0.250496
876 1.112937
910 1.723696
809 0.828428
690 1.630020
849 0.379232
715 0.295551
908 0.461490
831 0.420838
724 0.762053
748 2.126887
880 0.330129
814 0.703484
829 0.783269
894 0.392766
959 0.297196
779 0.179411
844 1.251449
906 0.309233
829 0.610720
1009 0.332899
946 1.093544
737 1.935815
879 0.229508
787 0.586208
1046 0.798348
931 0.380184
850 0.435763
817 0.986733
819 0.783902
837 1.294094
876 0.339692
1008 0.223283
911 0.309529
817 0.176206
