777 2.403225
917 0.975505
1003 2.186711
785 8.812589
766 2.471828
764 12.201115
859 0.669472
969 4.169874
1008 4.668376
781 7.036729
868 0.896743
935 2.052660
890 0.817206
937 0.843201
809 3.677344
867 2.259091
810 1.123136
718 0.721998
808 2.267687
838 2.780182
674 33.558238
800 1.521917
824 7.224394
790 4.580825
906 2.375379
835 3.134278
918 1.426810
703 1.745789
802 3.437894
992 9.694722
823 0.698410
967 4.826670
810 1.452053
888 1.932471
858 2.465712
946 8.182941
720 2.400589
855 4.620729
850 0.774417
780 1.208899
888 0.619287
1074 2.668006
845 3.174100
856 4.842549
838 0.766990
884 1.877862
924 2.061140
948 6.463858
852 0.883266
893 1.644204
