1015 0.364719
847 0.304702
942 0.467291
770 0.533527
799 0.278201
867 0.167774
877 0.584351
787 0.088365
937 0.623210
949 0.427270
638 0.185122
787 0.515239
711 0.228867
876 1.889282
821 0.239802
786 0.135302
876 0.833297
910 1.222503
809 0.487493
690 1.400443
849 0.342397
715 0.221427
908 0.261777
831 0.285121
724 0.557260
748 1.651480
880 0.281180
814 0.632412
829 0.452398
894 0.257320
959 0.208003
779 0.140164
844 0.803743
906 0.226459
829 0.426110
1009 0.241051
946 0.849828
737 1.352714
879 0.193463
787 0.444913
1046 0.507132
931 0.248125
850 0.333639
817 0.730480
819 0.604952
837 1.037765
876 0.186805
1008 0.193392
911 0.292726
817 0.112358
