777 0.271837
917 0.063058
1003 0.221189
785 1.106067
766 0.254377
764 1.133685
859 0.051609
969 0.472434
1008 0.465094
781 0.642536
868 0.065984
935 0.237467
890 0.086178
937 0.089797
809 0.323118
867 0.224062
810 0.105022
718 0.065882
808 0.238708
838 0.260696
674 3.844457
800 0.118970
824 0.715801
790 0.344370
906 0.265427
835 0.319962
918 0.153300
703 0.113709
802 0.387209
992 1.037511
823 0.079954
967 0.555977
810 0.142399
888 0.158118
858 0.289032
946 0.912335
720 0.298668
855 0.570093
850 0.046700
780 0.131609
888 0.040525
1074 0.259372
845 0.306038
856 0.672853
838 0.115409
884 0.154661
924 0.248228
948 0.497627
852 0.102765
893 0.153895
