777 0.231790
917 0.054576
1003 0.189246
785 0.940070
766 0.218971
764 0.957644
859 0.048461
969 0.398744
1008 0.397371
781 0.557981
868 0.056989
935 0.203169
890 0.074710
937 0.077791
809 0.277275
867 0.194405
810 0.090258
718 0.056480
808 0.203635
838 0.224868
674 3.267369
800 0.103356
824 0.619953
790 0.290762
906 0.221501
835 0.276044
918 0.132512
703 0.099387
802 0.342352
992 0.886041
823 0.069394
967 0.473713
810 0.142775
888 0.135102
858 0.252350
946 0.783973
720 0.257625
855 0.484941
850 0.040178
780 0.132174
888 0.034915
1074 0.224134
845 0.265246
856 0.596415
838 0.095883
884 0.138044
924 0.218932
948 0.422824
852 0.089458
893 0.136656
