991 1.630049
881 5.857111
927 5.401810
997 13.634267
937 0.910732
962 1.410824
870 4.439297
920 11.204236
932 1.062567
934 3.950471
865 1.382388
875 1.668510
919 8.355279
999 1.332346
897 1.633977
827 9.827096
842 5.164347
1006 2.577558
885 0.647509
884 4.982387
907 1.139898
870 1.860057
1020 1.219957
889 1.523756
842 4.712334
855 3.574113
836 0.974260
997 11.870778
925 1.268670
965 4.824517
854 6.283892
693 1.350540
908 2.627134
944 0.766677
1005 3.063243
976 2.910382
902 3.939882
851 1.099091
887 1.659019
946 1.580321
945 7.591330
828 7.392807
858 3.299008
885 2.675816
863 1.393016
1057 2.127864
852 0.923663
837 4.612298
876 12.472875
862 7.034711
