991 0.686298
881 2.431072
927 2.212380
997 5.574087
937 0.380715
962 0.588799
870 1.833754
920 4.659625
932 0.446695
934 1.626900
865 0.583270
875 0.696540
919 3.481883
999 0.576963
897 0.694002
827 4.083322
842 2.127044
1006 1.046102
885 0.276853
884 2.081233
907 0.477316
870 0.765913
1020 0.513505
889 0.634968
842 1.955325
855 1.511933
836 0.403335
997 4.986266
925 0.478980
965 1.910309
854 2.603190
693 0.527362
908 1.121622
944 0.321590
1005 1.290495
976 1.241133
902 1.628091
851 0.458202
887 0.702670
946 0.675767
945 3.157740
828 3.169016
858 1.408899
885 1.101351
863 0.576211
1057 0.886952
852 0.382366
837 2.407900
876 5.221967
862 2.885018
