777 1.771652
917 0.389894
1003 1.442920
785 7.512952
766 1.653360
764 7.568240
859 0.324588
969 3.007158
1008 3.052440
781 4.256259
868 0.411089
935 1.562934
890 0.537397
937 0.591797
809 2.117722
867 1.435468
810 0.667474
718 0.406472
808 1.552974
838 1.738552
674 26.039842
800 0.741438
824 4.910139
790 2.281219
906 1.734905
835 2.101146
918 0.977510
703 0.738310
802 2.535004
992 6.982069
823 0.510450
967 3.644628
810 0.922692
888 1.021400
858 1.887736
946 6.112318
720 1.955277
855 3.659678
850 0.284415
780 0.894949
888 0.233831
1074 1.713649
845 1.999021
856 4.574835
838 0.758073
884 0.999612
924 1.635010
948 3.332589
852 0.652329
893 0.975321
