991 1.628024
881 5.856790
927 5.393149
997 13.630367
937 0.908088
962 1.411119
870 4.425631
920 11.199731
932 1.061635
934 3.941397
865 1.383640
875 1.664527
919 8.339535
999 1.329428
897 1.631638
827 9.835862
842 5.155408
1006 2.570113
885 0.647360
884 4.986863
907 1.138854
870 1.864957
1020 1.220366
889 1.519972
842 4.700503
855 3.571483
836 0.971391
997 11.836214
925 1.266406
965 4.820588
854 6.297841
693 1.345282
908 2.619337
944 0.762088
1005 3.047631
976 2.920473
902 3.932023
851 1.092874
887 1.653626
946 1.577898
945 7.584405
828 7.381383
858 3.295961
885 2.669772
863 1.391944
1057 2.120287
852 0.924296
837 4.615321
876 12.469251
862 7.015844
