991 0.601248
881 2.083030
927 1.887372
997 4.721852
937 0.331138
962 0.513057
870 2.037491
920 4.008085
932 0.384530
934 1.388971
865 0.502553
875 0.597167
919 2.991316
999 0.502027
897 0.576300
827 3.485031
842 1.827989
1006 0.894854
885 0.227131
884 1.793514
907 0.407289
870 0.668103
1020 0.474472
889 0.540100
842 1.653926
855 1.291386
836 0.345109
997 4.275059
925 0.409817
965 1.611758
854 2.223834
693 0.466969
908 0.973269
944 0.271448
1005 1.115523
976 1.090747
902 1.397043
851 0.393405
887 0.602519
946 0.592829
945 2.708175
828 2.824839
858 1.236913
885 0.939444
863 0.504005
1057 0.892634
852 0.324747
837 2.850230
876 4.479552
862 2.445095
