777 0.274032
917 0.062810
1003 0.220474
785 1.110870
766 0.260036
764 1.130320
859 0.050955
969 0.473239
1008 0.468291
781 0.649078
868 0.067126
935 0.237791
890 0.085423
937 0.089967
809 0.322300
867 0.224915
810 0.103670
718 0.066664
808 0.237118
838 0.262647
674 3.876394
800 0.118893
824 0.726235
790 0.344501
906 0.265826
835 0.321926
918 0.153806
703 0.115070
802 0.388542
992 1.045086
823 0.080000
967 0.556331
810 0.143319
888 0.160306
858 0.289992
946 0.915510
720 0.297903
855 0.571065
850 0.046657
780 0.132243
888 0.040905
1074 0.261476
845 0.308466
856 0.705018
838 0.119438
884 0.153021
924 0.251470
948 0.502284
852 0.103227
893 0.157472
