991 2.684087
881 9.038979
927 8.235917
997 21.625300
937 1.358524
962 2.174011
870 6.679459
920 16.855321
932 1.599278
934 5.995949
865 2.234290
875 2.498751
919 12.558846
999 2.042270
897 2.445000
827 14.793519
842 7.752340
1006 4.080363
885 0.973261
884 7.537238
907 1.716507
870 2.805595
1020 1.841141
889 2.288903
842 7.082384
855 5.386349
836 1.461143
997 17.852796
925 1.913125
965 7.271468
854 9.590195
693 2.065221
908 4.100153
944 1.146671
1005 4.581860
976 4.360274
902 5.935836
851 1.685095
887 2.494318
946 2.367141
945 11.391642
828 11.207994
858 4.919435
885 4.022947
863 2.101918
1057 3.239138
852 1.430769
837 6.973778
876 18.658061
862 10.654749
