991 0.827138
881 2.992226
927 2.734660
997 6.915035
937 0.456131
962 0.715602
870 2.254142
920 5.711839
932 0.540397
934 1.995784
865 0.704861
875 0.850578
919 4.287448
999 0.684243
897 0.847036
827 4.997781
842 2.623085
1006 1.274696
885 0.332086
884 2.512911
907 0.574684
870 0.929371
1020 0.618379
889 0.774853
842 2.382568
855 1.828016
836 0.488926
997 5.993912
925 0.585336
965 2.423585
854 3.167131
693 0.631776
908 1.364625
944 0.391081
1005 1.564901
976 1.503257
902 2.006708
851 0.559108
887 0.855331
946 0.821750
945 3.892191
828 3.793603
858 1.694778
885 1.349203
863 0.728238
1057 1.075635
852 0.465740
837 2.426524
876 6.380432
862 3.550582
