777 1.783311
917 0.395419
1003 1.479977
785 7.527540
766 1.653421
764 7.567971
859 0.327319
969 3.020897
1008 3.062596
781 4.262495
868 0.414461
935 1.558110
890 0.536392
937 0.594227
809 2.120936
867 1.437748
810 0.669385
718 0.408533
808 1.557862
838 1.731205
674 26.037747
800 0.741479
824 4.886699
790 2.266528
906 1.739071
835 2.102316
918 0.978937
703 0.740833
802 2.539138
992 6.958817
823 0.510317
967 3.642175
810 0.918837
888 1.021713
858 1.883393
946 6.108580
720 1.958621
855 3.676994
850 0.285379
780 0.898562
888 0.236250
1074 1.729641
845 2.000842
856 4.575195
838 0.757307
884 1.003653
924 1.642456
948 3.333921
852 0.661238
893 0.981328
