991 4.836268
881 16.272221
927 14.979124
997 38.310993
937 2.439484
962 3.896424
870 12.092003
920 30.894149
932 2.857697
934 10.776469
865 3.907881
875 4.541356
919 23.088319
999 3.668695
897 4.395401
827 27.265707
842 14.182559
1006 7.103213
885 1.712279
884 13.800312
907 3.099158
870 5.058226
1020 3.308759
889 4.128545
842 12.949188
855 9.774129
836 2.636974
997 33.008769
925 3.486273
965 13.234927
854 17.418187
693 3.637211
908 7.291050
944 2.038381
1005 8.364591
976 7.866713
902 10.785806
851 2.993039
887 4.638007
946 4.264684
945 20.817847
828 20.188593
858 8.944744
885 7.219855
863 3.649005
1057 5.856524
852 2.543800
837 12.616206
876 34.297287
862 19.400363
