1015 0.071711
847 0.055464
942 0.084612
770 0.099036
799 0.052864
867 0.036114
877 0.110195
787 0.017730
937 0.117279
949 0.081258
638 0.035768
787 0.094728
711 0.040461
876 0.348444
821 0.047778
786 0.027475
876 0.157310
910 0.228263
809 0.092302
690 0.259912
849 0.065661
715 0.045153
908 0.049800
831 0.056682
724 0.104590
748 0.302121
880 0.055383
814 0.118820
829 0.086027
894 0.049518
959 0.040854
779 0.027677
844 0.145389
906 0.043722
829 0.079840
1009 0.046982
946 0.157863
737 0.248784
879 0.037029
787 0.085404
1046 0.097389
931 0.047699
850 0.062866
817 0.136439
819 0.113352
837 0.188585
876 0.040683
1008 0.037808
911 0.051846
817 0.022054
