1015 0.465707
847 0.373609
942 0.576743
770 0.763168
799 0.408654
867 0.381745
877 0.960324
787 0.137091
937 0.827650
949 0.743882
638 0.234741
787 0.663519
711 0.404909
876 2.328177
821 0.329417
786 0.250887
876 1.120916
910 1.726871
809 0.829353
690 1.622773
849 0.380889
715 0.295705
908 0.462803
831 0.421811
724 0.762421
748 2.124577
880 0.332238
814 0.706857
829 0.784043
894 0.394209
959 0.298763
779 0.180732
844 1.252703
906 0.310936
829 0.609542
1009 0.333654
946 1.088715
737 1.938856
879 0.229794
787 0.582291
1046 0.798855
931 0.380594
850 0.438411
817 0.991956
819 0.784417
837 1.295355
876 0.339806
1008 0.223235
911 0.309421
817 0.175227
