777 0.271715
917 0.063700
1003 0.222402
785 1.097758
766 0.255736
764 1.131823
859 0.051132
969 0.474628
1008 0.463475
781 0.644306
868 0.067123
935 0.237689
890 0.088731
937 0.089113
809 0.327168
867 0.225017
810 0.103594
718 0.066436
808 0.237171
838 0.261405
674 3.849935
800 0.119726
824 0.717728
790 0.346652
906 0.263293
835 0.325124
918 0.152833
703 0.114639
802 0.391896
992 1.046681
823 0.081203
967 0.552760
810 0.143494
888 0.160087
858 0.290378
946 0.920466
720 0.297886
855 0.567330
850 0.046794
780 0.131968
888 0.039817
1074 0.263540
845 0.311675
856 0.673233
838 0.116038
884 0.155583
924 0.250589
948 0.500027
852 0.103243
893 0.156598
