991 0.600013
881 2.082391
927 1.881857
997 4.727075
937 0.329204
962 0.516435
870 2.022002
920 3.996308
932 0.387307
934 1.389420
865 0.506114
875 0.598212
919 2.998966
999 0.501805
897 0.575600
827 3.478583
842 1.818067
1006 0.895650
885 0.226658
884 1.804370
907 0.408394
870 0.666201
1020 0.474667
889 0.541261
842 1.660017
855 1.294609
836 0.347155
997 4.260617
925 0.410531
965 1.619720
854 2.229592
693 0.462893
908 0.977139
944 0.273386
1005 1.120037
976 1.093869
902 1.389087
851 0.392674
887 0.598837
946 0.593197
945 2.710403
828 2.843876
858 1.236147
885 0.942002
863 0.507313
1057 0.889055
852 0.322339
837 2.826838
876 4.481938
862 2.443378
