991 0.688216
881 2.432549
927 2.203015
997 5.578161
937 0.376069
962 0.584376
870 2.084491
920 4.624344
932 0.439619
934 1.614713
865 0.580125
875 0.690448
919 3.512118
999 0.571956
897 0.692120
827 4.103606
842 2.130763
1006 1.038692
885 0.270494
884 2.083337
907 0.473380
870 0.768206
1020 0.510284
889 0.630589
842 1.940397
855 1.503598
836 0.401913
997 4.962021
925 0.479289
965 1.893696
854 2.579697
693 0.522234
908 1.126743
944 0.314787
1005 1.287969
976 1.238916
902 1.621768
851 0.457793
887 0.693067
946 0.669573
945 3.194256
828 3.111592
858 1.410531
885 1.098826
863 0.576293
1057 0.879375
852 0.381020
837 2.411086
876 5.221997
862 2.848044
