991 7.797364
881 20.570119
927 36.689373
997 51.371481
937 5.193144
962 4.996753
870 15.889064
920 49.715990
932 4.272619
934 13.301998
865 6.062108
875 6.227715
919 26.621862
999 5.819662
897 6.966747
827 53.964012
842 16.465163
1006 10.116686
885 4.247928
884 19.841565
907 4.904739
870 6.380796
1020 3.695124
889 7.496252
842 15.427417
855 11.657924
836 7.420845
997 45.490010
925 4.713896
965 15.538157
854 19.936325
693 4.965161
908 8.711893
944 3.506274
1005 10.466241
976 9.781697
902 17.570865
851 7.171349
887 7.218911
946 5.241895
945 31.543674
828 26.268720
858 11.755893
885 10.120144
863 7.152747
1057 8.485986
852 3.253516
837 15.612151
876 43.539929
862 27.176294
