991 0.824760
881 2.989793
927 2.724207
997 6.893622
937 0.456973
962 0.715262
870 2.258828
920 5.720546
932 0.537476
934 2.001337
865 0.703208
875 0.851851
919 4.289413
999 0.682955
897 0.845795
827 5.006484
842 2.626481
1006 1.273699
885 0.330076
884 2.512448
907 0.573976
870 0.929380
1020 0.618193
889 0.775509
842 2.380229
855 1.832348
836 0.490507
997 5.990065
925 0.583240
965 2.424405
854 3.169229
693 0.631948
908 1.364274
944 0.390791
1005 1.566841
976 1.501858
902 2.012112
851 0.556929
887 0.853121
946 0.822241
945 3.901005
828 3.796994
858 1.696937
885 1.350138
863 0.727186
1057 1.072971
852 0.464886
837 2.411479
876 6.402304
862 3.553519
