777 0.230699
917 0.053945
1003 0.187217
785 0.935991
766 0.217606
764 0.949286
859 0.049238
969 0.398807
1008 0.396503
781 0.554534
868 0.057123
935 0.203813
890 0.075731
937 0.076930
809 0.276964
867 0.191653
810 0.089512
718 0.056681
808 0.201927
838 0.224813
674 3.260495
800 0.102813
824 0.616426
790 0.289713
906 0.221890
835 0.277108
918 0.131884
703 0.098584
802 0.335603
992 0.886886
823 0.069841
967 0.472912
810 0.139168
888 0.135677
858 0.251324
946 0.784079
720 0.255740
855 0.481693
850 0.040225
780 0.129503
888 0.034622
1074 0.223654
845 0.263673
856 0.593544
838 0.095780
884 0.138583
924 0.220090
948 0.421838
852 0.088524
893 0.137608
