777 2.396115
917 0.984504
1003 2.177052
785 8.829062
766 2.468620
764 12.165262
859 0.670189
969 4.158933
1008 4.658269
781 7.028505
868 0.897746
935 2.049183
890 0.815433
937 0.843576
809 3.662046
867 2.249538
810 1.120848
718 0.721534
808 2.260497
838 2.777999
674 33.605806
800 1.524864
824 7.211153
790 4.599287
906 2.366296
835 3.120629
918 1.425144
703 1.751936
802 3.425698
992 9.682669
823 0.694256
967 4.812886
810 1.448178
888 1.915921
858 2.447368
946 8.138963
720 2.389382
855 4.605937
850 0.781825
780 1.207323
888 0.621342
1074 2.672029
845 3.168393
856 4.816137
838 0.763434
884 1.872741
924 2.062756
948 6.458117
852 0.874468
893 1.637656
