991 2.681055
881 9.007799
927 8.237917
997 21.598225
937 1.354302
962 2.162727
870 6.640212
920 16.853808
932 1.601830
934 5.980605
865 2.233193
875 2.502123
919 12.536225
999 2.034806
897 2.435208
827 14.794028
842 7.731805
1006 4.056618
885 0.963548
884 7.518731
907 1.709409
870 2.794947
1020 1.830306
889 2.284207
842 7.079253
855 5.363458
836 1.455276
997 17.876766
925 1.917417
965 7.282383
854 9.599524
693 2.060233
908 4.115338
944 1.148038
1005 4.597173
976 4.381785
902 5.941314
851 1.680600
887 2.494822
946 2.374423
945 11.409891
828 11.199562
858 4.932349
885 4.024152
863 2.096037
1057 3.250596
852 1.441532
837 6.971111
876 18.695997
862 10.682247
