1015 0.136885
847 0.110013
942 0.173499
770 0.194017
799 0.104458
867 0.067674
877 0.217534
787 0.034600
937 0.231525
949 0.160814
638 0.071033
787 0.188491
711 0.085479
876 0.689106
821 0.092367
786 0.053400
876 0.311225
910 0.449938
809 0.183045
690 0.510753
849 0.125849
715 0.087465
908 0.096396
831 0.108877
724 0.206655
748 0.596437
880 0.105712
814 0.230868
829 0.169144
894 0.097881
959 0.077916
779 0.054189
844 0.292076
906 0.085881
829 0.156013
1009 0.091619
946 0.309885
737 0.487351
879 0.073018
787 0.166454
1046 0.190656
931 0.093795
850 0.124878
817 0.268234
819 0.225366
837 0.376348
876 0.075602
1008 0.074097
911 0.107610
817 0.043079
