991 4.869290
881 16.297557
927 14.919283
997 38.444442
937 2.441784
962 3.893531
870 12.147347
920 30.902993
932 2.865584
934 10.837861
865 3.925246
875 4.547013
919 23.213498
999 3.692514
897 4.421951
827 27.473859
842 14.259152
1006 7.127292
885 1.714881
884 13.940551
907 3.129266
870 5.116098
1020 3.347974
889 4.157019
842 13.018321
855 9.852649
836 2.645357
997 33.198238
925 3.512748
965 13.331022
854 17.499968
693 3.681636
908 7.355675
944 2.055197
1005 8.435356
976 7.989271
902 10.876091
851 3.016203
887 4.671774
946 4.284802
945 20.917872
828 20.409547
858 9.046412
885 7.292454
863 3.687465
1057 5.898689
852 2.567446
837 12.771441
876 34.674793
862 19.547920
