991 2.670390
881 8.997913
927 8.255633
997 21.654440
937 1.357423
962 2.173245
870 6.686544
920 16.851434
932 1.600361
934 6.005199
865 2.227762
875 2.501974
919 12.528731
999 2.036820
897 2.441016
827 14.843934
842 7.775480
1006 4.078913
885 0.969729
884 7.529259
907 1.717896
870 2.807121
1020 1.841374
889 2.290222
842 7.080755
855 5.388318
836 1.456665
997 17.867115
925 1.917931
965 7.275867
854 9.599565
693 2.063648
908 4.113994
944 1.147493
1005 4.595275
976 4.376692
902 5.930157
851 1.679141
887 2.498068
946 2.367342
945 11.385654
828 11.203480
858 4.932433
885 4.025551
863 2.097637
1057 3.265627
852 1.443523
837 6.994584
876 18.662308
862 10.657718
