777 0.270709
917 0.062554
1003 0.219873
785 1.109556
766 0.258509
764 1.130582
859 0.051465
969 0.474868
1008 0.463921
781 0.648165
868 0.066286
935 0.237486
890 0.087256
937 0.090383
809 0.322506
867 0.223343
810 0.104306
718 0.066254
808 0.237211
838 0.264945
674 3.847755
800 0.117591
824 0.718821
790 0.345974
906 0.264002
835 0.323070
918 0.153627
703 0.114577
802 0.394278
992 1.043978
823 0.079977
967 0.555763
810 0.141778
888 0.159673
858 0.291203
946 0.921228
720 0.301603
855 0.559218
850 0.046826
780 0.131456
888 0.039893
1074 0.262375
845 0.313098
856 0.674884
838 0.117969
884 0.153376
924 0.248378
948 0.497428
852 0.103411
893 0.153054
