1015 0.059922
847 0.045914
942 0.068649
770 0.081311
799 0.042947
867 0.029987
877 0.089306
787 0.014760
937 0.096269
949 0.065308
638 0.030167
787 0.078380
711 0.032815
876 0.280148
821 0.039796
786 0.022112
876 0.126370
910 0.181358
809 0.073989
690 0.206194
849 0.055204
715 0.036465
908 0.040891
831 0.047599
724 0.083610
748 0.240970
880 0.045849
814 0.099022
829 0.068955
894 0.040307
959 0.036479
779 0.024016
844 0.120668
906 0.035675
829 0.064985
1009 0.038246
946 0.133252
737 0.189815
879 0.030411
787 0.069821
1046 0.078274
931 0.039364
850 0.051348
817 0.108860
819 0.090915
837 0.152700
876 0.033453
1008 0.031151
911 0.042502
817 0.018006
