777 0.231034
917 0.054358
1003 0.187640
785 0.938770
766 0.219821
764 0.958755
859 0.048327
969 0.401639
1008 0.397460
781 0.554011
868 0.057244
935 0.204119
890 0.075030
937 0.076636
809 0.276201
867 0.191591
810 0.088428
718 0.056580
808 0.203843
838 0.222995
674 3.265324
800 0.102434
824 0.616478
790 0.293174
906 0.220979
835 0.275121
918 0.131838
703 0.099130
802 0.340250
992 0.888189
823 0.068422
967 0.471725
810 0.139500
888 0.135539
858 0.250916
946 0.781370
720 0.256791
855 0.490846
850 0.039689
780 0.129538
888 0.034673
1074 0.223015
845 0.263591
856 0.593143
838 0.094951
884 0.137742
924 0.220170
948 0.420904
852 0.088980
893 0.136216
