777 0.332566
917 0.075874
1003 0.269365
785 1.367671
766 0.316181
764 1.400315
859 0.062056
969 0.579989
1008 0.574590
781 0.788088
868 0.080176
935 0.293568
890 0.103092
937 0.108465
809 0.398342
867 0.269189
810 0.126737
718 0.080958
808 0.296352
838 0.323463
674 4.797529
800 0.144731
824 0.884617
790 0.427514
906 0.325941
835 0.394909
918 0.185219
703 0.140464
802 0.466117
992 1.274837
823 0.096545
967 0.679924
810 0.175693
888 0.195226
858 0.350325
946 1.135507
720 0.364798
855 0.688572
850 0.057714
780 0.161828
888 0.048432
1074 0.320968
845 0.379454
856 0.847244
838 0.140362
884 0.183334
924 0.301397
948 0.624285
852 0.124798
893 0.183475
