1015 0.050650
847 0.040336
942 0.058163
770 0.069806
799 0.035841
867 0.026216
877 0.074875
787 0.012734
937 0.082621
949 0.054909
638 0.027402
787 0.088369
711 0.026952
876 0.236428
821 0.036496
786 0.018297
876 0.106864
910 0.153259
809 0.066626
690 0.174481
849 0.047414
715 0.030687
908 0.034687
831 0.039989
724 0.085243
748 0.201620
880 0.040144
814 0.084064
829 0.058189
894 0.032391
959 0.032011
779 0.021383
844 0.097162
906 0.030058
829 0.055365
1009 0.032106
946 0.116349
737 0.158807
879 0.027703
787 0.060992
1046 0.065203
931 0.033149
850 0.043422
817 0.090487
819 0.077913
837 0.126194
876 0.025476
1008 0.026078
911 0.035268
817 0.015419
