991 1.624002
881 5.834801
927 5.386063
997 13.609700
937 0.906808
962 1.407513
870 4.431516
920 11.167610
932 1.062845
934 3.933995
865 1.385985
875 1.671217
919 8.356501
999 1.327055
897 1.627412
827 9.804185
842 5.153352
1006 2.576959
885 0.649140
884 4.974043
907 1.143648
870 1.867421
1020 1.223565
889 1.529278
842 4.704875
855 3.564436
836 0.975838
997 11.843174
925 1.267985
965 4.820678
854 6.299602
693 1.354523
908 2.624580
944 0.764841
1005 3.067548
976 2.913295
902 3.939545
851 1.096750
887 1.657021
946 1.577039
945 7.591101
828 7.357625
858 3.293131
885 2.679163
863 1.390855
1057 2.118158
852 0.920601
837 4.598019
876 12.421882
862 7.004036
