777 2.392682
917 0.981778
1003 2.184918
785 8.800793
766 2.477106
764 12.188976
859 0.670129
969 4.153815
1008 4.654128
781 7.034216
868 0.897594
935 2.042083
890 0.817814
937 0.840429
809 3.684354
867 2.259856
810 1.126988
718 0.723420
808 2.262354
838 2.782856
674 33.595369
800 1.524436
824 7.192725
790 4.601563
906 2.375150
835 3.120365
918 1.429934
703 1.751538
802 3.418368
992 9.704462
823 0.697851
967 4.826551
810 1.456141
888 1.926960
858 2.456762
946 8.205641
720 2.409230
855 4.643653
850 0.781764
780 1.204983
888 0.619292
1074 2.680566
845 3.172253
856 4.853476
838 0.768373
884 1.881887
924 2.077265
948 6.508016
852 0.878211
893 1.644607
