1015 0.366761
847 0.304054
942 0.461352
770 0.533902
799 0.274635
867 0.167855
877 0.585174
787 0.089298
937 0.621727
949 0.428156
638 0.185292
787 0.517792
711 0.228563
876 1.887402
821 0.244639
786 0.137048
876 0.835867
910 1.221666
809 0.485990
690 1.401919
849 0.343114
715 0.221216
908 0.258712
831 0.283763
724 0.555061
748 1.644202
880 0.281311
814 0.633288
829 0.447622
894 0.256486
959 0.206834
779 0.140514
844 0.802461
906 0.228480
829 0.427238
1009 0.241587
946 0.847926
737 1.356656
879 0.192411
787 0.442209
1046 0.504322
931 0.246746
850 0.334059
817 0.723779
819 0.597664
837 1.033216
876 0.186953
1008 0.193231
911 0.291198
817 0.111994
