1015 0.135930
847 0.110443
942 0.174027
770 0.194231
799 0.104419
867 0.067601
877 0.217286
787 0.034522
937 0.230681
949 0.160843
638 0.070595
787 0.188110
711 0.085179
876 0.687547
821 0.091461
786 0.053442
876 0.309653
910 0.451367
809 0.183857
690 0.512182
849 0.125963
715 0.087014
908 0.096132
831 0.109025
724 0.206785
748 0.594230
880 0.105819
814 0.231231
829 0.168614
894 0.098350
959 0.077460
779 0.054124
844 0.291238
906 0.085741
829 0.155067
1009 0.091345
946 0.309276
737 0.487098
879 0.073140
787 0.165792
1046 0.190831
931 0.094139
850 0.124734
817 0.268549
819 0.224838
837 0.376013
876 0.075569
1008 0.074005
911 0.107351
817 0.043175
