1015 0.050616
847 0.040527
942 0.057688
770 0.069424
799 0.035693
867 0.025967
877 0.074772
787 0.012713
937 0.082371
949 0.055387
638 0.027135
787 0.089643
711 0.026907
876 0.238890
821 0.036914
786 0.018221
876 0.107070
910 0.151673
809 0.065647
690 0.173271
849 0.047692
715 0.030897
908 0.035115
831 0.039961
724 0.084042
748 0.201182
880 0.040547
814 0.082768
829 0.057592
894 0.032815
959 0.032284
779 0.020558
844 0.097930
906 0.029918
829 0.054939
1009 0.032291
946 0.113278
737 0.158600
879 0.027663
787 0.059785
1046 0.065455
931 0.032749
850 0.043439
817 0.090280
819 0.077306
837 0.126142
876 0.025813
1008 0.026182
911 0.035389
817 0.015476
