777 0.661022
917 0.148178
1003 0.542855
785 2.690048
766 0.619471
764 2.753533
859 0.121862
969 1.131193
1008 1.124278
781 1.555522
868 0.157025
935 0.579569
890 0.203665
937 0.215085
809 0.783369
867 0.532812
810 0.252363
718 0.160436
808 0.589270
838 0.640638
674 9.399893
800 0.282124
824 1.760598
790 0.845445
906 0.641374
835 0.777092
918 0.366564
703 0.279643
802 0.919083
992 2.531919
823 0.192132
967 1.342053
810 0.345875
888 0.381581
858 0.693090
946 2.242746
720 0.722440
855 1.352294
850 0.112384
780 0.321523
888 0.093573
1074 0.635290
845 0.741038
856 1.664801
838 0.277711
884 0.363603
924 0.598847
948 1.229328
852 0.245792
893 0.359596
