1015 0.072317
847 0.055794
942 0.084314
770 0.098934
799 0.053165
867 0.036344
877 0.110788
787 0.017887
937 0.117782
949 0.081523
638 0.035853
787 0.095267
711 0.040483
876 0.349128
821 0.047986
786 0.027767
876 0.157810
910 0.228961
809 0.092710
690 0.260392
849 0.065907
715 0.045242
908 0.049875
831 0.056947
724 0.104927
748 0.302451
880 0.055639
814 0.119415
829 0.086370
894 0.050118
959 0.041244
779 0.027781
844 0.146171
906 0.044099
829 0.080004
1009 0.047404
946 0.157883
737 0.248651
879 0.037403
787 0.085646
1046 0.097479
931 0.048281
850 0.063590
817 0.136369
819 0.114147
837 0.189107
876 0.040850
1008 0.037920
911 0.052078
817 0.022170
