1015 0.470986
847 0.373790
942 0.577753
770 0.763584
799 0.406995
867 0.383618
877 0.962515
787 0.137633
937 0.827288
949 0.742114
638 0.234941
787 0.660281
711 0.406400
876 2.324103
821 0.331626
786 0.249048
876 1.122777
910 1.726458
809 0.832973
690 1.628918
849 0.380354
715 0.297286
908 0.462929
831 0.419715
724 0.758713
748 2.118737
880 0.330661
814 0.702709
829 0.786188
894 0.392346
959 0.296693
779 0.181246
844 1.244744
906 0.313119
829 0.614644
1009 0.335540
946 1.089461
737 1.938506
879 0.231119
787 0.584162
1046 0.798229
931 0.379153
850 0.436028
817 0.988109
819 0.788980
837 1.289754
876 0.338878
1008 0.223219
911 0.311636
817 0.175573
