777 1.754372
917 0.385668
1003 1.441261
785 7.359573
766 1.632508
764 7.476443
859 0.324966
969 2.991442
1008 3.044927
781 4.239156
868 0.409507
935 1.558479
890 0.533736
937 0.590809
809 2.113243
867 1.439378
810 0.667678
718 0.408770
808 1.553855
838 1.733990
674 26.104766
800 0.742813
824 4.898724
790 2.278073
906 1.740750
835 2.099320
918 0.977890
703 0.740800
802 2.538095
992 6.969105
823 0.510444
967 3.646177
810 0.919640
888 1.025395
858 1.884327
946 6.116137
720 1.954162
855 3.671465
850 0.285514
780 0.897074
888 0.234013
1074 1.715711
845 1.988519
856 4.564827
838 0.756986
884 1.005028
924 1.634643
948 3.325892
852 0.657191
893 0.976940
