1015 0.354915
847 0.298424
942 0.452218
770 0.522068
799 0.272912
867 0.163831
877 0.575894
787 0.086049
937 0.609899
949 0.417404
638 0.181050
787 0.509796
711 0.224006
876 1.860376
821 0.238821
786 0.133213
876 0.820671
910 1.202764
809 0.476137
690 1.378389
849 0.338269
715 0.219942
908 0.259238
831 0.282344
724 0.551553
748 1.635812
880 0.280959
814 0.629887
829 0.444708
894 0.255226
959 0.204627
779 0.139209
844 0.796707
906 0.224631
829 0.422916
1009 0.240552
946 0.848136
737 1.347930
879 0.193495
787 0.439143
1046 0.501839
931 0.245982
850 0.331376
817 0.716779
819 0.598788
837 1.029716
876 0.185988
1008 0.191068
911 0.290778
817 0.111381
