991 1.213449
881 3.664828
927 3.406128
997 8.820729
937 0.702073
962 0.913147
870 3.567195
920 7.180131
932 0.722731
934 2.439938
865 1.006844
875 1.230862
919 5.223205
999 0.950556
897 1.116888
827 6.332876
842 3.517578
1006 1.624576
885 0.546712
884 3.281568
907 0.779310
870 1.212475
1020 0.909641
889 1.043960
842 3.393293
855 2.240155
836 0.756651
997 7.442578
925 0.821162
965 3.186267
854 3.839831
693 0.904742
908 1.734975
944 0.643804
1005 2.280948
976 1.942427
902 2.800593
851 0.754670
887 1.103199
946 1.082574
945 4.748084
828 5.074687
858 2.146246
885 1.677106
863 0.986212
1057 1.499546
852 0.621459
837 3.428619
876 7.762193
862 4.764724
