1015 0.088482
847 0.073465
942 0.108008
770 0.123824
799 0.069535
867 0.047717
877 0.143422
787 0.025688
937 0.150471
949 0.107791
638 0.047669
787 0.124240
711 0.062565
876 0.429860
821 0.071563
786 0.038055
876 0.207679
910 0.293320
809 0.127274
690 0.316829
849 0.078653
715 0.067407
908 0.066732
831 0.074850
724 0.142482
748 0.385552
880 0.068892
814 0.146455
829 0.113891
894 0.064932
959 0.055765
779 0.035314
844 0.189330
906 0.057930
829 0.100679
1009 0.060712
946 0.197080
737 0.305061
879 0.054506
787 0.106997
1046 0.119235
931 0.069946
850 0.081485
817 0.167153
819 0.142538
837 0.248678
876 0.053853
1008 0.047654
911 0.072077
817 0.028148
