777 0.438196
917 0.113367
1003 0.360590
785 1.694753
766 0.423836
764 1.750306
859 0.094946
969 0.750324
1008 0.722059
781 0.994198
868 0.108321
935 0.375947
890 0.136935
937 0.146369
809 0.483510
867 0.367145
810 0.178438
718 0.116882
808 0.420695
838 0.418417
674 5.692573
800 0.191504
824 1.109803
790 0.619686
906 0.409515
835 0.551533
918 0.237596
703 0.190348
802 0.574998
992 1.575813
823 0.136494
967 0.915889
810 0.249465
888 0.253126
858 0.450837
946 1.381447
720 0.462395
855 0.844683
850 0.083502
780 0.227241
888 0.077760
1074 0.404408
845 0.606598
856 1.043972
838 0.189253
884 0.235984
924 0.376532
948 0.768794
852 0.171165
893 0.236951
