1015 0.107280
847 0.089030
942 0.132107
770 0.151632
799 0.082971
867 0.055961
877 0.172571
787 0.029132
937 0.181731
949 0.128831
638 0.056158
787 0.149593
711 0.070541
876 0.524041
821 0.084344
786 0.044139
876 0.251569
910 0.352090
809 0.147187
690 0.385076
849 0.096048
715 0.078896
908 0.078818
831 0.088044
724 0.168363
748 0.463929
880 0.082786
814 0.179110
829 0.136078
894 0.077641
959 0.065701
779 0.043080
844 0.226154
906 0.069409
829 0.123129
1009 0.073155
946 0.239885
737 0.374864
879 0.065194
787 0.129892
1046 0.144901
931 0.080166
850 0.098277
817 0.202936
819 0.173209
837 0.298268
876 0.063750
1008 0.057875
911 0.086268
817 0.034466
