1015 0.138868
847 0.116421
942 0.177749
770 0.196026
799 0.107447
867 0.071126
877 0.221603
787 0.037110
937 0.236056
949 0.165729
638 0.071845
787 0.197037
711 0.095044
876 0.679810
821 0.106141
786 0.056830
876 0.322462
910 0.453615
809 0.192488
690 0.513015
849 0.126621
715 0.098749
908 0.101342
831 0.115282
724 0.215894
748 0.601730
880 0.107282
814 0.236695
829 0.174919
894 0.100327
959 0.084695
779 0.056479
844 0.301111
906 0.088039
829 0.159437
1009 0.096205
946 0.313129
737 0.497086
879 0.080856
787 0.169115
1046 0.189661
931 0.102365
850 0.129783
817 0.267537
819 0.230011
837 0.386993
876 0.080417
1008 0.076583
911 0.111031
817 0.045538
