777 1.011955
917 0.238644
1003 0.838375
785 4.046015
766 0.938709
764 4.045303
859 0.193581
969 1.718196
1008 1.673415
781 2.316400
868 0.238929
935 0.873912
890 0.311957
937 0.350573
809 1.168247
867 0.822432
810 0.382544
718 0.248746
808 0.889507
838 0.976865
674 13.731360
800 0.428840
824 2.633755
790 1.274500
906 0.961627
835 1.168010
918 0.551303
703 0.421620
802 1.388558
992 3.728361
823 0.292951
967 2.012300
810 0.536232
888 0.573368
858 1.039897
946 3.268211
720 1.085003
855 1.996556
850 0.176241
780 0.497991
888 0.145505
1074 0.944220
845 1.208233
856 2.484371
838 0.431640
884 0.570430
924 0.892700
948 1.818497
852 0.374442
893 0.550401
