777 0.331630
917 0.097928
1003 0.263136
785 1.217882
766 0.334091
764 1.323640
859 0.080013
969 0.590918
1008 0.541593
781 0.736454
868 0.092633
935 0.286579
890 0.111877
937 0.107639
809 0.378139
867 0.287652
810 0.154477
718 0.093800
808 0.346748
838 0.322338
674 3.957175
800 0.162558
824 0.807662
790 0.538359
906 0.293727
835 0.446045
918 0.179962
703 0.155293
802 0.411093
992 1.094275
823 0.106360
967 0.730672
810 0.213625
888 0.186141
858 0.334014
946 1.076811
720 0.333457
855 0.620248
850 0.073899
780 0.186494
888 0.074077
1074 0.315109
845 0.471242
856 0.781385
838 0.138307
884 0.181047
924 0.270896
948 0.578578
852 0.128224
893 0.187522
