991 5.243250
881 17.378563
927 15.853499
997 40.332849
937 2.672769
962 4.228867
870 12.859873
920 32.482919
932 3.152455
934 11.591971
865 4.220704
875 4.897286
919 24.415324
999 3.991352
897 4.731006
827 28.772997
842 15.048033
1006 7.631367
885 1.907403
884 14.811613
907 3.373521
870 5.452499
1020 3.637004
889 4.500560
842 13.826257
855 10.491654
836 2.873576
997 34.762621
925 3.780576
965 14.045248
854 18.560110
693 3.909752
908 7.910697
944 2.263615
1005 9.010510
976 8.505559
902 11.518724
851 3.281576
887 5.034111
946 4.622376
945 22.004243
828 21.546893
858 9.650906
885 7.811783
863 4.001656
1057 6.310364
852 2.763348
837 13.398224
876 36.395583
862 20.515710
