991 1.798517
881 5.838298
927 5.376219
997 13.922685
937 1.035309
962 1.437716
870 4.920204
920 11.193692
932 1.111720
934 3.902138
865 1.518959
875 1.782799
919 8.339945
999 1.421731
897 1.677488
827 9.802701
842 5.442137
1006 2.628858
885 0.734391
884 5.063974
907 1.176434
870 1.924536
1020 1.339905
889 1.557919
842 5.018807
855 3.555039
836 1.051729
997 11.809547
925 1.323356
965 4.990384
854 6.198187
693 1.471262
908 2.701951
944 0.909433
1005 3.355219
976 2.990383
902 4.208410
851 1.109186
887 1.719557
946 1.591176
945 7.499360
828 7.620832
858 3.328821
885 2.639044
863 1.446502
1057 2.187679
852 0.947802
837 5.037890
876 12.426651
862 7.260317
