1015 0.072224
847 0.059419
942 0.080142
770 0.097661
799 0.061601
867 0.041394
877 0.114813
787 0.023854
937 0.120904
949 0.092774
638 0.041809
787 0.114742
711 0.065384
876 0.331241
821 0.081248
786 0.038818
876 0.174066
910 0.244151
809 0.112778
690 0.235186
849 0.063120
715 0.057083
908 0.053210
831 0.062039
724 0.126582
748 0.311071
880 0.053461
814 0.108999
829 0.097777
894 0.051774
959 0.054546
779 0.028883
844 0.148997
906 0.044841
829 0.083344
1009 0.050119
946 0.157255
737 0.242766
879 0.045449
787 0.092440
1046 0.099318
931 0.062991
850 0.062334
817 0.130238
819 0.110660
837 0.196416
876 0.051101
1008 0.036362
911 0.056514
817 0.023370
