991 1.140938
881 2.568667
927 2.588070
997 6.589812
937 0.664871
962 0.731276
870 3.329881
920 5.430069
932 0.569013
934 1.830793
865 0.795713
875 1.382389
919 3.663412
999 0.810273
897 0.812160
827 4.556424
842 2.754199
1006 1.233593
885 0.592548
884 2.715712
907 0.655401
870 0.920751
1020 0.797354
889 0.846106
842 2.700130
855 1.637734
836 0.729596
997 5.363226
925 0.627719
965 2.192912
854 2.664381
693 0.774129
908 1.313818
944 0.537247
1005 2.056788
976 1.448582
902 2.171362
851 0.670238
887 0.821954
946 0.885565
945 3.467285
828 4.266938
858 1.579267
885 1.425374
863 0.767309
1057 1.354447
852 0.445580
837 4.641410
876 5.554386
862 3.872273
