1015 0.203802
847 0.171331
942 0.258335
770 0.290412
799 0.154748
867 0.098556
877 0.318578
787 0.053470
937 0.340434
949 0.239689
638 0.103605
787 0.279324
711 0.133192
876 0.995936
821 0.147959
786 0.080983
876 0.459591
910 0.654737
809 0.272684
690 0.745155
849 0.184218
715 0.135192
908 0.151051
831 0.163770
724 0.306621
748 0.872539
880 0.156797
814 0.342857
829 0.251171
894 0.147917
959 0.121304
779 0.080970
844 0.431691
906 0.131231
829 0.231092
1009 0.137720
946 0.451033
737 0.721347
879 0.111409
787 0.246802
1046 0.281148
931 0.142645
850 0.191949
817 0.392444
819 0.330419
837 0.554633
876 0.112065
1008 0.110072
911 0.162150
817 0.066471
