777 0.530967
917 0.127897
1003 0.428130
785 2.078591
766 0.512349
764 2.124367
859 0.108356
969 0.896688
1008 0.868978
781 1.201936
868 0.129726
935 0.449364
890 0.163080
937 0.177111
809 0.594071
867 0.441768
810 0.210222
718 0.136123
808 0.489882
838 0.503038
674 6.968724
800 0.225202
824 1.363877
790 0.713749
906 0.499767
835 0.661692
918 0.288678
703 0.225149
802 0.705367
992 1.927639
823 0.159897
967 1.104999
810 0.295164
888 0.304696
858 0.549816
946 1.685033
720 0.559817
855 1.035385
850 0.098507
780 0.264881
888 0.090155
1074 0.487654
845 0.700943
856 1.281293
838 0.222365
884 0.287635
924 0.461259
948 0.938017
852 0.200973
893 0.289452
