777 1.937524
917 0.447303
1003 1.601747
785 7.965709
766 1.818623
764 7.930172
859 0.376728
969 3.224868
1008 3.275797
781 4.541225
868 0.473157
935 1.705879
890 0.602464
937 0.669601
809 2.289816
867 1.570149
810 0.744446
718 0.472743
808 1.704760
838 1.899850
674 27.265007
800 0.833707
824 5.221750
790 2.459525
906 1.902097
835 2.271865
918 1.082646
703 0.826851
802 2.758581
992 7.425364
823 0.571815
967 3.919337
810 1.021226
888 1.133064
858 2.046154
946 6.467661
720 2.141571
855 3.963414
850 0.335892
780 0.995158
888 0.279709
1074 1.871591
845 2.176507
856 4.885475
838 0.840991
884 1.118240
924 1.776689
948 3.606103
852 0.724099
893 1.083927
