991 2.683015
881 8.708279
927 7.885246
997 20.491289
937 1.457224
962 2.152262
870 6.891341
920 16.539726
932 1.607526
934 5.790317
865 2.107367
875 2.526732
919 12.335414
999 2.024094
897 2.448411
827 14.491860
842 7.870540
1006 3.876511
885 1.004314
884 7.361088
907 1.706938
870 2.771671
1020 1.920900
889 2.266888
842 7.205838
855 5.251028
836 1.503661
997 17.352352
925 1.901596
965 7.156029
854 9.221796
693 2.125930
908 3.998446
944 1.215411
1005 4.699589
976 4.317583
902 5.954262
851 1.622075
887 2.554310
946 2.325019
945 11.057348
828 11.007071
858 4.851842
885 3.921576
863 2.046212
1057 3.260143
852 1.382218
837 7.055274
876 18.272314
862 10.345554
