991 1.439143
881 4.465743
927 4.139218
997 10.779773
937 0.829711
962 1.122867
870 4.193032
920 8.727068
932 0.863310
934 3.012774
865 1.231957
875 1.457885
919 6.403911
999 1.129606
897 1.340290
827 7.657518
842 4.272558
1006 1.979986
885 0.621535
884 3.962736
907 0.909372
870 1.442027
1020 1.068523
889 1.240923
842 3.944054
855 2.762606
836 0.863463
997 9.183192
925 0.990425
965 3.888062
854 4.737961
693 1.114476
908 2.120769
944 0.742236
1005 2.661618
976 2.366735
902 3.293049
851 0.899324
887 1.344880
946 1.268101
945 5.784724
828 6.132045
858 2.622275
885 2.032576
863 1.135962
1057 1.780283
852 0.754320
837 4.079543
876 9.534538
862 5.654513
