777 0.685357
917 0.157199
1003 0.569213
785 2.738673
766 0.650437
764 2.718361
859 0.132756
969 1.167973
1008 1.130194
781 1.563093
868 0.167052
935 0.579522
890 0.209796
937 0.229286
809 0.774774
867 0.552899
810 0.262464
718 0.177074
808 0.625151
838 0.641461
674 9.169513
800 0.292079
824 1.763995
790 0.879770
906 0.647676
835 0.819884
918 0.373149
703 0.286215
802 0.930833
992 2.532677
823 0.200801
967 1.404062
810 0.375317
888 0.393678
858 0.708897
946 2.217027
720 0.734158
855 1.348264
850 0.125634
780 0.341771
888 0.107385
1074 0.633404
845 0.892435
856 1.671114
838 0.292001
884 0.376017
924 0.598178
948 1.225996
852 0.257407
893 0.363033
