1015 0.404372
847 0.327633
942 0.505204
770 0.570706
799 0.309111
867 0.192600
877 0.628470
787 0.101775
937 0.667182
949 0.466233
638 0.205365
787 0.543046
711 0.253811
876 1.968294
821 0.263171
786 0.155372
876 0.893400
910 1.287408
809 0.530631
690 1.478326
849 0.366971
715 0.251978
908 0.291532
831 0.317421
724 0.590456
748 1.715534
880 0.309952
814 0.681261
829 0.492849
894 0.290526
959 0.230054
779 0.159495
844 0.853856
906 0.257175
829 0.458796
1009 0.273231
946 0.899949
737 1.428872
879 0.213251
787 0.480975
1046 0.554211
931 0.275040
850 0.368051
817 0.773482
819 0.653745
837 1.098958
876 0.212889
1008 0.218125
911 0.315985
817 0.126228
