1015 0.107901
847 0.089145
942 0.132544
770 0.151230
799 0.083620
867 0.056245
877 0.172946
787 0.029426
937 0.181457
949 0.129464
638 0.056406
787 0.149299
711 0.070831
876 0.522048
821 0.083614
786 0.044488
876 0.251255
910 0.351448
809 0.148240
690 0.385416
849 0.096222
715 0.078798
908 0.079507
831 0.089021
724 0.168163
748 0.463630
880 0.083125
814 0.179314
829 0.136387
894 0.077757
959 0.065861
779 0.043378
844 0.227094
906 0.070144
829 0.123794
1009 0.073657
946 0.239711
737 0.374831
879 0.065192
787 0.130027
1046 0.145132
931 0.080561
850 0.098659
817 0.204190
819 0.174126
837 0.299728
876 0.064331
1008 0.058655
911 0.086517
817 0.034584
