777 0.332625
917 0.099256
1003 0.262032
785 1.212945
766 0.334532
764 1.319994
859 0.083611
969 0.589054
1008 0.547614
781 0.727984
868 0.093593
935 0.285568
890 0.109829
937 0.107774
809 0.376469
867 0.272193
810 0.154915
718 0.093413
808 0.339296
838 0.320064
674 3.935539
800 0.162873
824 0.806696
790 0.521294
906 0.296852
835 0.450278
918 0.179546
703 0.153867
802 0.423227
992 1.115918
823 0.106754
967 0.730009
810 0.214036
888 0.183478
858 0.334801
946 1.045543
720 0.332684
855 0.621825
850 0.074146
780 0.183813
888 0.074642
1074 0.315913
845 0.478280
856 0.736896
838 0.138898
884 0.180956
924 0.275333
948 0.581988
852 0.127639
893 0.186631
