991 1.124224
881 2.543782
927 2.573940
997 6.522243
937 0.660753
962 0.727425
870 3.354689
920 5.332453
932 0.572810
934 1.836201
865 0.783809
875 1.419074
919 3.672278
999 0.833207
897 0.886953
827 4.646806
842 2.891402
1006 1.228836
885 0.584499
884 2.676774
907 0.663222
870 0.929980
1020 0.801787
889 0.826329
842 2.681338
855 1.655134
836 0.728597
997 5.381432
925 0.627320
965 2.191597
854 2.645507
693 0.780595
908 1.283915
944 0.540477
1005 2.102123
976 1.464739
902 2.238848
851 0.670611
887 0.812712
946 0.911457
945 3.496265
828 4.273777
858 1.598271
885 1.418506
863 0.755217
1057 1.363832
852 0.449567
837 4.417019
876 5.569832
862 3.839917
