777 0.999804
917 0.234753
1003 0.828828
785 4.012838
766 0.928939
764 4.005457
859 0.191244
969 1.702122
1008 1.661381
781 2.305872
868 0.236403
935 0.865835
890 0.309257
937 0.347618
809 1.159470
867 0.816675
810 0.378794
718 0.246210
808 0.883378
838 0.968244
674 13.750825
800 0.425449
824 2.635434
790 1.264957
906 0.958144
835 1.162154
918 0.548195
703 0.419465
802 1.385991
992 3.728803
823 0.292066
967 2.010757
810 0.534221
888 0.571907
858 1.035841
946 3.268144
720 1.082954
855 1.998978
850 0.174472
780 0.495539
888 0.144202
1074 0.939842
845 1.206932
856 2.463601
838 0.426438
884 0.567204
924 0.888151
948 1.812122
852 0.371007
893 0.546937
