1015 0.137492
847 0.115525
942 0.176984
770 0.195916
799 0.106283
867 0.071240
877 0.223223
787 0.037071
937 0.236951
949 0.165865
638 0.072364
787 0.196325
711 0.094767
876 0.680123
821 0.105006
786 0.056624
876 0.321859
910 0.453987
809 0.192303
690 0.511245
849 0.126590
715 0.098453
908 0.101050
831 0.114083
724 0.214842
748 0.601841
880 0.107550
814 0.235986
829 0.175137
894 0.100513
959 0.084014
779 0.056677
844 0.300765
906 0.087925
829 0.159621
1009 0.095609
946 0.314167
737 0.496470
879 0.081363
787 0.168627
1046 0.188837
931 0.101490
850 0.128922
817 0.265403
819 0.228911
837 0.383230
876 0.080054
1008 0.075545
911 0.109865
817 0.044963
