1015 0.088834
847 0.073120
942 0.106691
770 0.122597
799 0.069128
867 0.048113
877 0.142814
787 0.025410
937 0.150690
949 0.107289
638 0.047738
787 0.123970
711 0.062294
876 0.428301
821 0.071177
786 0.037913
876 0.207233
910 0.293321
809 0.127085
690 0.315451
849 0.079321
715 0.067539
908 0.066536
831 0.074886
724 0.142486
748 0.383915
880 0.068319
814 0.147167
829 0.113860
894 0.064944
959 0.056468
779 0.035447
844 0.189475
906 0.058093
829 0.100989
1009 0.060873
946 0.197070
737 0.305206
879 0.054546
787 0.107584
1046 0.119235
931 0.070095
850 0.081277
817 0.166752
819 0.142819
837 0.247720
876 0.054049
1008 0.047790
911 0.072055
817 0.028212
