991 1.424017
881 4.431732
927 4.127570
997 10.741593
937 0.822475
962 1.116081
870 4.178242
920 8.701052
932 0.860768
934 3.003709
865 1.231671
875 1.448044
919 6.374272
999 1.126385
897 1.333701
827 7.615519
842 4.249382
1006 1.967558
885 0.614540
884 3.947927
907 0.910160
870 1.435238
1020 1.064075
889 1.234517
842 3.901915
855 2.744336
836 0.856902
997 9.145361
925 0.983004
965 3.869327
854 4.707414
693 1.108868
908 2.112800
944 0.737297
1005 2.653271
976 2.347059
902 3.274895
851 0.892953
887 1.338298
946 1.257551
945 5.753181
828 6.085285
858 2.596898
885 2.020368
863 1.129569
1057 1.771721
852 0.747432
837 4.058749
876 9.482829
862 5.647248
