777 0.533318
917 0.127698
1003 0.427324
785 2.077566
766 0.512257
764 2.120118
859 0.108310
969 0.897005
1008 0.868641
781 1.202307
868 0.129660
935 0.449787
890 0.163878
937 0.176864
809 0.592826
867 0.440532
810 0.209434
718 0.136788
808 0.490085
838 0.501030
674 6.963390
800 0.225327
824 1.359609
790 0.710509
906 0.497128
835 0.658937
918 0.286852
703 0.225754
802 0.703075
992 1.924800
823 0.160082
967 1.103758
810 0.295262
888 0.304162
858 0.546084
946 1.687385
720 0.560856
855 1.039146
850 0.098611
780 0.264972
888 0.091432
1074 0.486618
845 0.694899
856 1.280331
838 0.224136
884 0.288189
924 0.460645
948 0.933278
852 0.201455
893 0.288518
