777 0.686963
917 0.157277
1003 0.565903
785 2.731702
766 0.648380
764 2.717105
859 0.132692
969 1.163433
1008 1.127780
781 1.561736
868 0.166094
935 0.576954
890 0.208419
937 0.228800
809 0.773244
867 0.551163
810 0.262224
718 0.176281
808 0.615782
838 0.638407
674 9.180796
800 0.289408
824 1.761282
790 0.878320
906 0.649097
835 0.822774
918 0.372098
703 0.285818
802 0.930138
992 2.532912
823 0.199594
967 1.393279
810 0.373753
888 0.390076
858 0.707207
946 2.211523
720 0.733609
855 1.346747
850 0.125706
780 0.338709
888 0.108079
1074 0.628628
845 0.889582
856 1.664965
838 0.290059
884 0.374267
924 0.595554
948 1.217513
852 0.257367
893 0.361621
