777 0.441082
917 0.113474
1003 0.362443
785 1.701763
766 0.425212
764 1.754102
859 0.095122
969 0.749259
1008 0.721787
781 0.993766
868 0.108690
935 0.376899
890 0.138028
937 0.147069
809 0.487626
867 0.369074
810 0.179380
718 0.117654
808 0.421238
838 0.421147
674 5.724536
800 0.193510
824 1.116207
790 0.623809
906 0.411507
835 0.552973
918 0.238823
703 0.191194
802 0.577054
992 1.583969
823 0.137255
967 0.920491
810 0.250572
888 0.255014
858 0.452545
946 1.386691
720 0.464102
855 0.847031
850 0.083629
780 0.228155
888 0.078343
1074 0.405802
845 0.609889
856 1.051903
838 0.189921
884 0.238233
924 0.378399
948 0.772880
852 0.170781
893 0.238165
