991 2.692711
881 8.767347
927 7.932042
997 20.614192
937 1.459345
962 2.173791
870 6.890558
920 16.555353
932 1.606384
934 5.805205
865 2.115103
875 2.538348
919 12.353775
999 2.036894
897 2.451909
827 14.543386
842 7.897057
1006 3.870075
885 1.010693
884 7.374472
907 1.704128
870 2.775268
1020 1.925850
889 2.283431
842 7.218556
855 5.287718
836 1.504037
997 17.408229
925 1.905314
965 7.167551
854 9.272273
693 2.130549
908 4.035043
944 1.222383
1005 4.722093
976 4.340940
902 5.987871
851 1.624102
887 2.575120
946 2.350025
945 11.090907
828 11.035469
858 4.880394
885 3.935684
863 2.051165
1057 3.266104
852 1.381479
837 7.115943
876 18.338830
862 10.405266
