991 1.215459
881 3.659546
927 3.410856
997 8.825721
937 0.700094
962 0.916492
870 3.576781
920 7.170829
932 0.725438
934 2.439531
865 1.010101
875 1.235359
919 5.231856
999 0.945036
897 1.107886
827 6.326925
842 3.523557
1006 1.619673
885 0.546070
884 3.305167
907 0.778323
870 1.210186
1020 0.907563
889 1.045037
842 3.402995
855 2.238086
836 0.757489
997 7.480739
925 0.822762
965 3.183116
854 3.858621
693 0.907420
908 1.744677
944 0.648240
1005 2.282734
976 1.939303
902 2.801245
851 0.756437
887 1.098876
946 1.078891
945 4.760310
828 5.086942
858 2.145146
885 1.675730
863 0.988703
1057 1.499295
852 0.617040
837 3.433022
876 7.807304
862 4.792904
