991 5.215512
881 17.362280
927 15.829235
997 40.403069
937 2.667281
962 4.236883
870 12.864596
920 32.566490
932 3.143243
934 11.544951
865 4.249323
875 4.906953
919 24.523230
999 3.985247
897 4.756289
827 28.794059
842 15.087825
1006 7.637865
885 1.909155
884 14.767533
907 3.393976
870 5.476850
1020 3.654901
889 4.523602
842 13.872255
855 10.465685
836 2.880813
997 34.851858
925 3.799282
965 14.088561
854 18.580802
693 3.927924
908 7.906543
944 2.267154
1005 9.004662
976 8.513365
902 11.469002
851 3.259968
887 5.052850
946 4.614144
945 21.991685
828 21.527986
858 9.668734
885 7.820434
863 3.999487
1057 6.335690
852 2.775611
837 13.441547
876 36.448083
862 20.571514
