777 1.918551
917 0.441651
1003 1.570751
785 7.844374
766 1.791924
764 7.867990
859 0.367319
969 3.169471
1008 3.224318
781 4.471785
868 0.462930
935 1.671393
890 0.590027
937 0.654896
809 2.253638
867 1.543410
810 0.727223
718 0.460065
808 1.679747
838 1.871032
674 26.830657
800 0.818775
824 5.133540
790 2.428051
906 1.859492
835 2.234737
918 1.057364
703 0.813272
802 2.698319
992 7.267233
823 0.555895
967 3.832065
810 1.001008
888 1.111458
858 2.005918
946 6.363644
720 2.093631
855 3.876972
850 0.328731
780 0.970865
888 0.270959
1074 1.827487
845 2.130598
856 4.796883
838 0.823774
884 1.091442
924 1.732695
948 3.522573
852 0.704687
893 1.060028
