991 1.807367
881 5.853915
927 5.400605
997 13.961425
937 1.038020
962 1.450390
870 4.902029
920 11.251164
932 1.117781
934 3.909210
865 1.527647
875 1.798456
919 8.385313
999 1.428800
897 1.683425
827 9.833372
842 5.445687
1006 2.637757
885 0.737488
884 5.077057
907 1.183204
870 1.931838
1020 1.348984
889 1.567401
842 4.995850
855 3.572922
836 1.059330
997 11.885191
925 1.327432
965 5.014878
854 6.253964
693 1.486096
908 2.712446
944 0.913300
1005 3.367115
976 3.001294
902 4.220260
851 1.114627
887 1.721962
946 1.597531
945 7.527728
828 7.654227
858 3.356024
885 2.649856
863 1.455349
1057 2.191661
852 0.957199
837 5.052974
876 12.489434
862 7.300339
