1015 0.411124
847 0.331607
942 0.515826
770 0.577604
799 0.312249
867 0.196679
877 0.642007
787 0.104800
937 0.686584
949 0.477196
638 0.211779
787 0.551486
711 0.257728
876 1.989032
821 0.266915
786 0.157663
876 0.903668
910 1.300947
809 0.540219
690 1.498062
849 0.372408
715 0.256115
908 0.297353
831 0.325768
724 0.604650
748 1.727730
880 0.315045
814 0.697168
829 0.499912
894 0.296263
959 0.234480
779 0.162241
844 0.871865
906 0.262981
829 0.470915
1009 0.279411
946 0.910730
737 1.444555
879 0.217066
787 0.492151
1046 0.562156
931 0.280477
850 0.374919
817 0.779168
819 0.664650
837 1.113279
876 0.216962
1008 0.223592
911 0.321363
817 0.130139
