1015 0.206207
847 0.174165
942 0.263877
770 0.295905
799 0.158017
867 0.100646
877 0.324152
787 0.054859
937 0.346966
949 0.246179
638 0.106841
787 0.284253
711 0.135038
876 1.006898
821 0.150010
786 0.082629
876 0.462526
910 0.662192
809 0.273886
690 0.751921
849 0.186442
715 0.136964
908 0.153767
831 0.166585
724 0.311447
748 0.881757
880 0.161008
814 0.350624
829 0.255211
894 0.151052
959 0.123920
779 0.082722
844 0.438984
906 0.134219
829 0.236119
1009 0.140311
946 0.457812
737 0.732961
879 0.114499
787 0.251817
1046 0.285954
931 0.145336
850 0.191251
817 0.396886
819 0.333907
837 0.563311
876 0.113778
1008 0.112302
911 0.164636
817 0.067942
