1015 0.066578
847 0.059731
942 0.074716
770 0.091734
799 0.052484
867 0.039799
877 0.107665
787 0.020909
937 0.107754
949 0.086906
638 0.042554
787 0.112429
711 0.058877
876 0.309043
821 0.062413
786 0.033861
876 0.158026
910 0.225790
809 0.104477
690 0.213561
849 0.058415
715 0.052493
908 0.048774
831 0.055983
724 0.113360
748 0.284462
880 0.050714
814 0.101524
829 0.089086
894 0.047833
959 0.049351
779 0.027765
844 0.141191
906 0.041800
829 0.083643
1009 0.045294
946 0.151867
737 0.216650
879 0.042198
787 0.084144
1046 0.090235
931 0.056388
850 0.057235
817 0.118261
819 0.100902
837 0.184933
876 0.046253
1008 0.033260
911 0.051359
817 0.021310
