1015 0.205887
847 0.172790
942 0.260804
770 0.293009
799 0.155679
867 0.100881
877 0.321642
787 0.054364
937 0.343751
949 0.242210
638 0.105382
787 0.282586
711 0.134136
876 1.000383
821 0.149017
786 0.081882
876 0.459960
910 0.654985
809 0.272420
690 0.745497
849 0.185324
715 0.135943
908 0.151477
831 0.165686
724 0.307975
748 0.875314
880 0.158300
814 0.346490
829 0.252757
894 0.149754
959 0.121213
779 0.082268
844 0.435383
906 0.131954
829 0.232329
1009 0.138284
946 0.454301
737 0.725089
879 0.112112
787 0.248915
1046 0.283308
931 0.143566
850 0.188413
817 0.392202
819 0.332308
837 0.558756
876 0.112524
1008 0.111411
911 0.163380
817 0.067779
