777 0.333880
917 0.098123
1003 0.261535
785 1.208163
766 0.329064
764 1.327677
859 0.083505
969 0.588810
1008 0.545774
781 0.729705
868 0.094808
935 0.281731
890 0.111838
937 0.107515
809 0.376640
867 0.273243
810 0.153865
718 0.093024
808 0.340381
838 0.321137
674 3.934647
800 0.163625
824 0.801246
790 0.532823
906 0.290343
835 0.448498
918 0.178563
703 0.152358
802 0.418900
992 1.120581
823 0.106954
967 0.727969
810 0.210524
888 0.183800
858 0.337247
946 1.072002
720 0.335354
855 0.619428
850 0.074473
780 0.212975
888 0.074427
1074 0.316334
845 0.465315
856 0.732213
838 0.137264
884 0.181406
924 0.272370
948 0.581490
852 0.129309
893 0.188686
