1015 0.136854
847 0.114728
942 0.175974
770 0.193379
799 0.106183
867 0.070580
877 0.219806
787 0.036584
937 0.233517
949 0.164187
638 0.071320
787 0.194420
711 0.093803
876 0.673195
821 0.104726
786 0.055932
876 0.319540
910 0.450157
809 0.190863
690 0.506679
849 0.125228
715 0.097282
908 0.099685
831 0.113132
724 0.212041
748 0.597667
880 0.106983
814 0.232985
829 0.173284
894 0.099366
959 0.082980
779 0.055728
844 0.297212
906 0.087125
829 0.158394
1009 0.094733
946 0.309421
737 0.492632
879 0.079884
787 0.166253
1046 0.187090
931 0.100485
850 0.127293
817 0.264515
819 0.226424
837 0.379566
876 0.079224
1008 0.075358
911 0.108750
817 0.044554
