777 0.436496
917 0.112107
1003 0.357705
785 1.687094
766 0.420864
764 1.742771
859 0.094395
969 0.745129
1008 0.718139
781 0.985452
868 0.107469
935 0.372885
890 0.136038
937 0.144657
809 0.480510
867 0.363469
810 0.177083
718 0.116042
808 0.417859
838 0.414706
674 5.655243
800 0.190082
824 1.108564
790 0.616091
906 0.405376
835 0.547261
918 0.235195
703 0.188635
802 0.568837
992 1.565280
823 0.135687
967 0.909560
810 0.248132
888 0.251874
858 0.448058
946 1.369106
720 0.457534
855 0.838980
850 0.082704
780 0.225281
888 0.077258
1074 0.402416
845 0.603291
856 1.038451
838 0.187923
884 0.235384
924 0.373746
948 0.762935
852 0.168827
893 0.236328
