1015 0.066809
847 0.055240
942 0.073742
770 0.091599
799 0.053335
867 0.039453
877 0.105872
787 0.021292
937 0.107874
949 0.086336
638 0.043314
787 0.109676
711 0.059233
876 0.310936
821 0.069456
786 0.033657
876 0.162189
910 0.225419
809 0.104808
690 0.213094
849 0.060344
715 0.052709
908 0.048791
831 0.057668
724 0.115480
748 0.284385
880 0.050348
814 0.099872
829 0.088332
894 0.046908
959 0.052511
779 0.028136
844 0.139542
906 0.041845
829 0.074096
1009 0.045241
946 0.153668
737 0.211753
879 0.042793
787 0.084077
1046 0.090355
931 0.057044
850 0.057271
817 0.117105
819 0.100352
837 0.185730
876 0.045972
1008 0.033940
911 0.051444
817 0.021288
