777 0.533628
917 0.128986
1003 0.431147
785 2.090590
766 0.514554
764 2.126809
859 0.109207
969 0.900261
1008 0.871826
781 1.207324
868 0.130519
935 0.452511
890 0.164440
937 0.178654
809 0.595292
867 0.442135
810 0.210701
718 0.137198
808 0.492360
838 0.505875
674 7.016509
800 0.228208
824 1.374859
790 0.716688
906 0.504649
835 0.668118
918 0.290504
703 0.228508
802 0.710608
992 1.952040
823 0.161592
967 1.112555
810 0.298119
888 0.307251
858 0.553554
946 1.690925
720 0.566649
855 1.040406
850 0.099891
780 0.267567
888 0.092029
1074 0.492147
845 0.701220
856 1.287056
838 0.226296
884 0.291020
924 0.465799
948 0.940013
852 0.203073
893 0.292887
