991 1.418041
881 4.414713
927 4.114433
997 10.668193
937 0.819706
962 1.110903
870 4.157568
920 8.651227
932 0.853658
934 2.991530
865 1.223157
875 1.447014
919 6.358779
999 1.120685
897 1.315373
827 7.588192
842 4.221639
1006 1.957157
885 0.613563
884 3.919741
907 0.904010
870 1.428537
1020 1.061418
889 1.227387
842 3.905543
855 2.724451
836 0.850375
997 9.090717
925 0.979000
965 3.842498
854 4.685546
693 1.101513
908 2.103832
944 0.736156
1005 2.638218
976 2.321798
902 3.257118
851 0.887947
887 1.330027
946 1.252798
945 5.719293
828 6.052901
858 2.579184
885 2.005112
863 1.120888
1057 1.757006
852 0.742851
837 4.017547
876 9.431361
862 5.583105
