1015 0.088161
847 0.073193
942 0.106649
770 0.122608
799 0.068779
867 0.047350
877 0.142755
787 0.025307
937 0.149840
949 0.106588
638 0.047221
787 0.123220
711 0.061753
876 0.426863
821 0.071102
786 0.037707
876 0.205421
910 0.291023
809 0.125089
690 0.314412
849 0.078484
715 0.066842
908 0.066146
831 0.074408
724 0.140017
748 0.381479
880 0.068440
814 0.145644
829 0.113274
894 0.064474
959 0.056060
779 0.035128
844 0.187349
906 0.057691
829 0.100019
1009 0.060380
946 0.196015
737 0.302778
879 0.054025
787 0.106936
1046 0.118100
931 0.069371
850 0.080582
817 0.165805
819 0.140949
837 0.246053
876 0.053378
1008 0.047633
911 0.071470
817 0.027833
