991 5.220452
881 17.280235
927 15.771842
997 40.223332
937 2.661632
962 4.212280
870 12.854744
920 32.449327
932 3.135480
934 11.578230
865 4.205840
875 4.871388
919 24.390063
999 3.975544
897 4.726135
827 28.672943
842 15.066887
1006 7.597600
885 1.894248
884 14.772910
907 3.371901
870 5.452158
1020 3.610946
889 4.470371
842 13.795923
855 10.451864
836 2.867454
997 34.715992
925 3.798539
965 14.009828
854 18.435280
693 3.911720
908 7.888638
944 2.242462
1005 8.950765
976 8.459886
902 11.456313
851 3.227120
887 4.996072
946 4.568877
945 21.863123
828 21.459642
858 9.604665
885 7.792822
863 3.967873
1057 6.307483
852 2.773477
837 13.388914
876 36.341364
862 20.563761
