777 0.998537
917 0.234264
1003 0.824101
785 3.986490
766 0.923025
764 3.992233
859 0.191039
969 1.700995
1008 1.654557
781 2.294696
868 0.235370
935 0.867407
890 0.307301
937 0.345062
809 1.158052
867 0.814192
810 0.377268
718 0.246468
808 0.883338
838 0.967581
674 13.658078
800 0.423362
824 2.616727
790 1.263138
906 0.954055
835 1.160059
918 0.544524
703 0.416664
802 1.377832
992 3.704403
823 0.289041
967 1.995369
810 0.531838
888 0.568887
858 1.031320
946 3.246386
720 1.075789
855 1.988478
850 0.175090
780 0.495031
888 0.143165
1074 0.935420
845 1.198594
856 2.455947
838 0.426400
884 0.563351
924 0.884746
948 1.802312
852 0.370872
893 0.545112
