991 2.685735
881 8.750481
927 7.937059
997 20.531992
937 1.462593
962 2.159019
870 6.904436
920 16.573366
932 1.600505
934 5.796545
865 2.108212
875 2.536381
919 12.329480
999 2.029405
897 2.411256
827 14.522213
842 7.883981
1006 3.876235
885 1.009349
884 7.387166
907 1.701690
870 2.763100
1020 1.921825
889 2.282779
842 7.231643
855 5.272686
836 1.511597
997 17.387932
925 1.900013
965 7.154364
854 9.263453
693 2.130741
908 4.021142
944 1.219458
1005 4.712826
976 4.356794
902 5.970989
851 1.630226
887 2.574160
946 2.343930
945 11.067208
828 10.950423
858 4.864835
885 3.928015
863 2.046467
1057 3.267767
852 1.385378
837 7.092203
876 18.301394
862 10.391072
