991 1.199738
881 3.617613
927 3.366514
997 8.747940
937 0.693933
962 0.902452
870 3.541442
920 7.101280
932 0.716959
934 2.408747
865 0.996615
875 1.217565
919 5.162380
999 0.942206
897 1.094799
827 6.251726
842 3.481055
1006 1.603715
885 0.539175
884 3.250579
907 0.766923
870 1.193864
1020 0.894809
889 1.031430
842 3.361687
855 2.212389
836 0.746772
997 7.372706
925 0.811247
965 3.144553
854 3.802656
693 0.894728
908 1.720648
944 0.634929
1005 2.261490
976 1.918910
902 2.774815
851 0.745597
887 1.085734
946 1.064738
945 4.714373
828 5.015753
858 2.122126
885 1.655251
863 0.974974
1057 1.480680
852 0.610924
837 3.395869
876 7.704268
862 4.716592
