777 0.683522
917 0.157264
1003 0.567037
785 2.726387
766 0.646805
764 2.717937
859 0.132204
969 1.167536
1008 1.126854
781 1.572366
868 0.166009
935 0.576488
890 0.208533
937 0.229585
809 0.773164
867 0.549411
810 0.261710
718 0.177008
808 0.615739
838 0.641237
674 9.182330
800 0.290471
824 1.770347
790 0.883774
906 0.652580
835 0.824808
918 0.374139
703 0.286984
802 0.932858
992 2.537729
823 0.201586
967 1.405208
810 0.374542
888 0.392722
858 0.704970
946 2.217212
720 0.734427
855 1.343216
850 0.125518
780 0.339273
888 0.108013
1074 0.630031
845 0.893153
856 1.670814
838 0.291539
884 0.375975
924 0.596312
948 1.222789
852 0.257904
893 0.364444
