991 1.133691
881 2.548714
927 2.561113
997 6.630495
937 0.654770
962 0.735338
870 3.013220
920 5.377565
932 0.566594
934 1.810307
865 0.782539
875 1.405850
919 3.602128
999 0.826017
897 0.889480
827 4.550729
842 2.888948
1006 1.201850
885 0.590407
884 2.673348
907 0.668855
870 0.962285
1020 0.779839
889 0.836093
842 2.670512
855 1.626469
836 0.737861
997 5.357544
925 0.624933
965 2.176901
854 2.655207
693 0.784872
908 1.298610
944 0.538852
1005 2.059524
976 1.440724
902 2.222635
851 0.663686
887 0.817154
946 0.889058
945 3.450060
828 4.119068
858 1.583447
885 1.415559
863 0.759106
1057 1.350816
852 0.441787
837 3.520422
876 5.477162
862 3.830412
