1015 0.413637
847 0.334468
942 0.513531
770 0.578590
799 0.316254
867 0.196956
877 0.642163
787 0.104625
937 0.680698
949 0.475687
638 0.209907
787 0.553102
711 0.257351
876 1.992541
821 0.267585
786 0.159040
876 0.907394
910 1.294715
809 0.533662
690 1.487725
849 0.369495
715 0.257168
908 0.296227
831 0.325332
724 0.600929
748 1.715020
880 0.312664
814 0.689422
829 0.496458
894 0.294301
959 0.233282
779 0.161829
844 0.864637
906 0.261105
829 0.463610
1009 0.277553
946 0.907725
737 1.442896
879 0.216224
787 0.487548
1046 0.561203
931 0.279966
850 0.371875
817 0.783300
819 0.661618
837 1.113472
876 0.215310
1008 0.221812
911 0.320489
817 0.129730
