991 1.811214
881 5.859668
927 5.411161
997 13.988204
937 1.038047
962 1.444575
870 4.906388
920 11.264632
932 1.121028
934 3.933048
865 1.527692
875 1.801308
919 8.395330
999 1.423351
897 1.690119
827 9.830961
842 5.461187
1006 2.645050
885 0.741612
884 5.065808
907 1.177131
870 1.922805
1020 1.345393
889 1.569818
842 4.991269
855 3.562205
836 1.057372
997 11.878627
925 1.325585
965 5.006477
854 6.244483
693 1.478601
908 2.707970
944 0.910889
1005 3.351073
976 2.976573
902 4.222258
851 1.113361
887 1.720671
946 1.594803
945 7.522264
828 7.624698
858 3.335653
885 2.646166
863 1.452359
1057 2.191011
852 0.952071
837 5.052065
876 12.448888
862 7.280392
