777 1.953241
917 0.449452
1003 1.600941
785 7.947096
766 1.805682
764 7.951686
859 0.373975
969 3.226142
1008 3.278839
781 4.547358
868 0.471880
935 1.704529
890 0.604534
937 0.668480
809 2.291235
867 1.567519
810 0.740248
718 0.469243
808 1.706975
838 1.906578
674 27.269118
800 0.833611
824 5.226261
790 2.472808
906 1.911701
835 2.274208
918 1.088821
703 0.827486
802 2.767502
992 7.431272
823 0.571857
967 3.908711
810 1.022439
888 1.140579
858 2.060014
946 6.484849
720 2.142172
855 3.951196
850 0.333384
780 0.990949
888 0.277280
1074 1.882407
845 2.180104
856 4.881872
838 0.839925
884 1.114469
924 1.772320
948 3.595690
852 0.727447
893 1.083859
