1015 0.107593
847 0.089177
942 0.132283
770 0.150621
799 0.083037
867 0.056011
877 0.172420
787 0.029191
937 0.181675
949 0.129677
638 0.056329
787 0.150297
711 0.070585
876 0.523040
821 0.084285
786 0.044276
876 0.251903
910 0.351560
809 0.147426
690 0.385261
849 0.096423
715 0.078744
908 0.079468
831 0.088521
724 0.168193
748 0.463548
880 0.082952
814 0.180122
829 0.136157
894 0.077660
959 0.065888
779 0.043574
844 0.227791
906 0.070103
829 0.123432
1009 0.073298
946 0.239545
737 0.374937
879 0.064761
787 0.130038
1046 0.145143
931 0.080488
850 0.098404
817 0.203352
819 0.173891
837 0.300106
876 0.064242
1008 0.058543
911 0.086602
817 0.034576
