1015 0.107327
847 0.088733
942 0.132238
770 0.150795
799 0.082893
867 0.056546
877 0.172145
787 0.029319
937 0.181665
949 0.129008
638 0.056237
787 0.149519
711 0.070764
876 0.523222
821 0.084252
786 0.044452
876 0.253374
910 0.353397
809 0.148864
690 0.385524
849 0.096464
715 0.078978
908 0.079250
831 0.088563
724 0.168796
748 0.463376
880 0.083626
814 0.179871
829 0.136295
894 0.077773
959 0.066160
779 0.043547
844 0.226814
906 0.069573
829 0.123541
1009 0.073162
946 0.240088
737 0.375796
879 0.064680
787 0.129752
1046 0.144582
931 0.080292
850 0.098753
817 0.203581
819 0.174966
837 0.299938
876 0.064142
1008 0.058305
911 0.087129
817 0.034714
