1015 0.202827
847 0.171029
942 0.258515
770 0.289418
799 0.154828
867 0.099434
877 0.318796
787 0.053474
937 0.341345
949 0.240967
638 0.104932
787 0.280367
711 0.133142
876 1.000628
821 0.148329
786 0.080564
876 0.457525
910 0.653211
809 0.272152
690 0.743486
849 0.184555
715 0.135641
908 0.150811
831 0.164599
724 0.306295
748 0.874195
880 0.157571
814 0.342747
829 0.249826
894 0.147842
959 0.120394
779 0.080505
844 0.430546
906 0.130216
829 0.231407
1009 0.137319
946 0.451251
737 0.718177
879 0.111965
787 0.245496
1046 0.279108
931 0.141809
850 0.186605
817 0.389989
819 0.330328
837 0.553922
876 0.111630
1008 0.110139
911 0.161777
817 0.066934
