1015 0.065969
847 0.055319
942 0.074547
770 0.091409
799 0.052899
867 0.040003
877 0.107506
787 0.021340
937 0.108964
949 0.086115
638 0.043028
787 0.112610
711 0.059334
876 0.301881
821 0.071713
786 0.034648
876 0.160677
910 0.227343
809 0.102737
690 0.213835
849 0.060576
715 0.052401
908 0.048624
831 0.057233
724 0.114117
748 0.281456
880 0.050373
814 0.101482
829 0.087710
894 0.047999
959 0.047059
779 0.028444
844 0.140989
906 0.041414
829 0.083700
1009 0.045633
946 0.153560
737 0.214911
879 0.042860
787 0.084597
1046 0.090144
931 0.058125
850 0.057159
817 0.117117
819 0.101000
837 0.183185
876 0.044958
1008 0.033426
911 0.051715
817 0.021621
