777 1.963831
917 0.453582
1003 1.618183
785 7.990102
766 1.808898
764 7.950783
859 0.375798
969 3.229273
1008 3.293171
781 4.557973
868 0.472828
935 1.707809
890 0.603901
937 0.670909
809 2.305590
867 1.575679
810 0.747032
718 0.471183
808 1.706556
838 1.903958
674 27.325921
800 0.837817
824 5.249297
790 2.467205
906 1.903959
835 2.281119
918 1.079817
703 0.831495
802 2.751826
992 7.432900
823 0.575829
967 3.920633
810 1.021309
888 1.135881
858 2.053557
946 6.471907
720 2.147452
855 3.960668
850 0.335726
780 0.989438
888 0.278827
1074 1.880294
845 2.177249
856 4.897000
838 0.839132
884 1.121881
924 1.773348
948 3.593723
852 0.725722
893 1.081877
