991 1.822371
881 5.920945
927 5.432714
997 14.075440
937 1.041320
962 1.457719
870 4.935809
920 11.309211
932 1.123714
934 3.948926
865 1.545079
875 1.814012
919 8.439036
999 1.437625
897 1.683185
827 9.896649
842 5.485499
1006 2.665040
885 0.745370
884 5.120367
907 1.190591
870 1.935602
1020 1.354208
889 1.575949
842 5.019739
855 3.593030
836 1.062318
997 11.950017
925 1.334280
965 5.036149
854 6.280642
693 1.487916
908 2.719910
944 0.916452
1005 3.385613
976 3.015112
902 4.246390
851 1.122245
887 1.727929
946 1.610768
945 7.572833
828 7.670036
858 3.374214
885 2.668500
863 1.464999
1057 2.206647
852 0.959070
837 5.074581
876 12.532909
862 7.331031
