991 1.434828
881 4.469649
927 4.151989
997 10.783188
937 0.828668
962 1.123131
870 4.187356
920 8.725428
932 0.863438
934 3.001919
865 1.234386
875 1.457188
919 6.408432
999 1.130105
897 1.334474
827 7.654143
842 4.259715
1006 1.974707
885 0.618187
884 3.955647
907 0.910613
870 1.442167
1020 1.070234
889 1.241852
842 3.954166
855 2.759782
836 0.858296
997 9.171436
925 0.989890
965 3.881021
854 4.723572
693 1.114595
908 2.119977
944 0.742649
1005 2.667981
976 2.356208
902 3.280614
851 0.900290
887 1.346502
946 1.269601
945 5.774877
828 6.125435
858 2.615315
885 2.030783
863 1.134197
1057 1.782627
852 0.751328
837 4.071261
876 9.536941
862 5.658643
