777 0.434735
917 0.111870
1003 0.357874
785 1.684381
766 0.419925
764 1.737839
859 0.093877
969 0.742371
1008 0.714867
781 0.979734
868 0.106922
935 0.373694
890 0.135031
937 0.143711
809 0.478871
867 0.364744
810 0.176714
718 0.115962
808 0.416816
838 0.415069
674 5.643457
800 0.190103
824 1.112663
790 0.614184
906 0.402965
835 0.545121
918 0.233980
703 0.187552
802 0.566243
992 1.565030
823 0.135272
967 0.912615
810 0.247149
888 0.251148
858 0.449207
946 1.370433
720 0.456670
855 0.836144
850 0.082880
780 0.224331
888 0.077220
1074 0.400827
845 0.601139
856 1.042131
838 0.187492
884 0.233692
924 0.372205
948 0.761810
852 0.168395
893 0.235374
