991 5.113790
881 16.976458
927 15.597674
997 39.631245
937 2.621247
962 4.146610
870 12.654900
920 32.067591
932 3.084464
934 11.379900
865 4.136800
875 4.817602
919 24.086322
999 3.906219
897 4.644151
827 28.340575
842 14.824814
1006 7.494562
885 1.863045
884 14.525049
907 3.294730
870 5.339603
1020 3.541715
889 4.411493
842 13.576379
855 10.262751
836 2.824745
997 34.108983
925 3.708983
965 13.788456
854 18.124361
693 3.831477
908 7.740011
944 2.205036
1005 8.821993
976 8.299954
902 11.329421
851 3.179439
887 4.922253
946 4.523238
945 21.659461
828 21.064574
858 9.492417
885 7.656639
863 3.904234
1057 6.169152
852 2.714121
837 13.177288
876 35.840778
862 20.187541
