1015 0.088506
847 0.073174
942 0.107365
770 0.123551
799 0.069653
867 0.047841
877 0.143878
787 0.025665
937 0.151407
949 0.107494
638 0.047583
787 0.124424
711 0.062511
876 0.427837
821 0.071330
786 0.038174
876 0.206929
910 0.293711
809 0.127143
690 0.316027
849 0.079174
715 0.067350
908 0.066686
831 0.074916
724 0.141998
748 0.384254
880 0.069703
814 0.147870
829 0.114436
894 0.065215
959 0.056662
779 0.035568
844 0.189404
906 0.057921
829 0.100856
1009 0.060819
946 0.196468
737 0.304902
879 0.054951
787 0.108269
1046 0.119574
931 0.070112
850 0.081666
817 0.166795
819 0.142655
837 0.248438
876 0.053896
1008 0.047839
911 0.072056
817 0.028174
