991 2.718194
881 8.813173
927 7.959541
997 20.736308
937 1.476748
962 2.179250
870 6.940328
920 16.687921
932 1.622293
934 5.833628
865 2.121525
875 2.557425
919 12.467866
999 2.049893
897 2.478903
827 14.619560
842 7.941078
1006 3.905344
885 1.016834
884 7.442245
907 1.715024
870 2.794469
1020 1.942617
889 2.300305
842 7.268629
855 5.332174
836 1.522734
997 17.532939
925 1.927424
965 7.240156
854 9.355364
693 2.149174
908 4.053093
944 1.229503
1005 4.752035
976 4.371981
902 6.022808
851 1.642473
887 2.599397
946 2.372222
945 11.137860
828 11.039904
858 4.915688
885 3.971229
863 2.068358
1057 3.310444
852 1.395919
837 7.168070
876 18.485779
862 10.490895
