777 0.331509
917 0.098182
1003 0.259339
785 1.208525
766 0.328622
764 1.265722
859 0.084123
969 0.587017
1008 0.537020
781 0.719757
868 0.092450
935 0.282533
890 0.109775
937 0.107295
809 0.379102
867 0.286358
810 0.149384
718 0.091835
808 0.323674
838 0.320517
674 3.861091
800 0.160685
824 0.803296
790 0.515464
906 0.290061
835 0.434649
918 0.171513
703 0.153635
802 0.417677
992 1.107100
823 0.104548
967 0.715466
810 0.213031
888 0.183785
858 0.325359
946 1.066181
720 0.335100
855 0.611980
850 0.072733
780 0.209540
888 0.074300
1074 0.312627
845 0.472655
856 0.774437
838 0.137954
884 0.179803
924 0.271383
948 0.574407
852 0.125070
893 0.185146
