991 1.210097
881 3.649474
927 3.393986
997 8.765469
937 0.700037
962 0.909355
870 3.555224
920 7.139700
932 0.723207
934 2.429841
865 1.004541
875 1.228868
919 5.216691
999 0.948090
897 1.100698
827 6.292544
842 3.503080
1006 1.614616
885 0.542770
884 3.274088
907 0.776567
870 1.207426
1020 0.901985
889 1.038168
842 3.386348
855 2.227932
836 0.752684
997 7.424034
925 0.818558
965 3.180267
854 3.846623
693 0.903733
908 1.732690
944 0.639737
1005 2.269210
976 1.932208
902 2.797706
851 0.753547
887 1.095554
946 1.077050
945 4.729578
828 5.055201
858 2.139205
885 1.670935
863 0.983508
1057 1.490320
852 0.615226
837 3.414196
876 7.750970
862 4.749449
