1015 0.412914
847 0.332964
942 0.517726
770 0.579843
799 0.314658
867 0.197838
877 0.644380
787 0.104728
937 0.685554
949 0.478013
638 0.211270
787 0.556080
711 0.259758
876 2.008188
821 0.270972
786 0.160589
876 0.910323
910 1.306922
809 0.539677
690 1.502515
849 0.371362
715 0.257507
908 0.298179
831 0.325734
724 0.605913
748 1.730270
880 0.318143
814 0.697436
829 0.496548
894 0.296594
959 0.233517
779 0.161971
844 0.869428
906 0.262170
829 0.469141
1009 0.279809
946 0.911324
737 1.447528
879 0.216808
787 0.490693
1046 0.559476
931 0.279803
850 0.374376
817 0.787164
819 0.664429
837 1.114343
876 0.217133
1008 0.225437
911 0.322880
817 0.131320
