777 0.695355
917 0.159880
1003 0.575004
785 2.776717
766 0.658787
764 2.750981
859 0.134438
969 1.182004
1008 1.138346
781 1.578273
868 0.169040
935 0.585177
890 0.212332
937 0.231720
809 0.783028
867 0.557186
810 0.265374
718 0.179259
808 0.623993
838 0.648491
674 9.257525
800 0.294710
824 1.780575
790 0.887283
906 0.656273
835 0.829605
918 0.378447
703 0.289380
802 0.939577
992 2.560290
823 0.204127
967 1.413857
810 0.378894
888 0.396202
858 0.714555
946 2.229337
720 0.739351
855 1.357704
850 0.127242
780 0.344251
888 0.109547
1074 0.639299
845 0.899473
856 1.683805
838 0.295096
884 0.379281
924 0.603136
948 1.236832
852 0.261161
893 0.366901
