777 0.530388
917 0.127156
1003 0.426181
785 2.071316
766 0.510756
764 2.117708
859 0.107470
969 0.893160
1008 0.865361
781 1.199265
868 0.128313
935 0.447043
890 0.162890
937 0.176345
809 0.588709
867 0.437368
810 0.207712
718 0.136050
808 0.487481
838 0.502527
674 6.950160
800 0.224557
824 1.356502
790 0.709100
906 0.496341
835 0.657613
918 0.286405
703 0.224442
802 0.702196
992 1.919465
823 0.158680
967 1.102988
810 0.292265
888 0.301785
858 0.545847
946 1.676192
720 0.557630
855 1.028409
850 0.097756
780 0.263542
888 0.090584
1074 0.484242
845 0.691402
856 1.270921
838 0.222958
884 0.286414
924 0.457663
948 0.931332
852 0.199685
893 0.286629
