991 1.124933
881 2.546496
927 2.577085
997 6.603139
937 0.658513
962 0.742114
870 3.298196
920 5.416668
932 0.566717
934 1.836592
865 0.782021
875 1.430459
919 3.641210
999 0.785901
897 0.866091
827 4.620400
842 2.896216
1006 1.223943
885 0.582019
884 2.779302
907 0.663492
870 0.916079
1020 0.761901
889 0.848510
842 2.685632
855 1.611827
836 0.741129
997 5.379506
925 0.631629
965 2.181555
854 2.675815
693 0.787271
908 1.310249
944 0.543138
1005 2.057716
976 1.476165
902 2.238173
851 0.666631
887 0.820576
946 0.891591
945 3.487825
828 4.131452
858 1.595383
885 1.417393
863 0.769410
1057 1.357017
852 0.449502
837 3.570600
876 5.591678
862 3.819388
