1015 0.136347
847 0.114499
942 0.174906
770 0.193651
799 0.105774
867 0.070578
877 0.220233
787 0.037060
937 0.234570
949 0.164247
638 0.071547
787 0.194669
711 0.093951
876 0.675119
821 0.105044
786 0.056160
876 0.319363
910 0.448224
809 0.189913
690 0.506692
849 0.125453
715 0.097014
908 0.100017
831 0.113283
724 0.212911
748 0.599564
880 0.107251
814 0.234226
829 0.174011
894 0.099677
959 0.083165
779 0.055788
844 0.297828
906 0.086963
829 0.157814
1009 0.094747
946 0.311114
737 0.495061
879 0.080015
787 0.167301
1046 0.188784
931 0.100575
850 0.127519
817 0.265616
819 0.228014
837 0.380419
876 0.079542
1008 0.075139
911 0.109158
817 0.044723
