777 0.999859
917 0.235362
1003 0.826646
785 3.999909
766 0.918501
764 4.007210
859 0.190633
969 1.698954
1008 1.654170
781 2.290765
868 0.233891
935 0.865239
890 0.307804
937 0.343346
809 1.153270
867 0.815182
810 0.373680
718 0.245116
808 0.878901
838 0.960292
674 13.638366
800 0.423283
824 2.615846
790 1.261766
906 0.950562
835 1.162563
918 0.544222
703 0.417855
802 1.366939
992 3.694313
823 0.289888
967 1.991015
810 0.530518
888 0.567320
858 1.033119
946 3.250278
720 1.073534
855 1.981631
850 0.174911
780 0.493721
888 0.143875
1074 0.934717
845 1.197780
856 2.441308
838 0.422773
884 0.563346
924 0.879926
948 1.798561
852 0.372241
893 0.543814
