991 1.810942
881 5.863808
927 5.392965
997 13.990989
937 1.037474
962 1.445899
870 4.905574
920 11.279567
932 1.115669
934 3.922656
865 1.525400
875 1.804328
919 8.358451
999 1.426689
897 1.663740
827 9.829189
842 5.463748
1006 2.648907
885 0.736059
884 5.084572
907 1.185055
870 1.930192
1020 1.343372
889 1.567497
842 4.984735
855 3.577147
836 1.054611
997 11.879145
925 1.325780
965 4.998963
854 6.229834
693 1.471042
908 2.707517
944 0.909314
1005 3.360627
976 2.985971
902 4.222846
851 1.113015
887 1.721331
946 1.598948
945 7.502884
828 7.606891
858 3.346907
885 2.648326
863 1.449676
1057 2.191995
852 0.952807
837 5.037018
876 12.438787
862 7.299591
