777 0.532878
917 0.128437
1003 0.428704
785 2.084078
766 0.514822
764 2.130478
859 0.109031
969 0.903861
1008 0.873828
781 1.207604
868 0.130755
935 0.451290
890 0.164152
937 0.178782
809 0.595255
867 0.440488
810 0.209928
718 0.136833
808 0.492921
838 0.504941
674 6.976403
800 0.226164
824 1.363985
790 0.712424
906 0.501038
835 0.663829
918 0.287920
703 0.226025
802 0.707859
992 1.930840
823 0.159388
967 1.104256
810 0.295176
888 0.304298
858 0.548917
946 1.685309
720 0.562328
855 1.037142
850 0.099319
780 0.265664
888 0.091431
1074 0.490266
845 0.699091
856 1.279220
838 0.224337
884 0.288671
924 0.462468
948 0.936992
852 0.202789
893 0.291012
