991 2.678076
881 8.721594
927 7.900813
997 20.488329
937 1.456204
962 2.163079
870 6.867371
920 16.538796
932 1.602016
934 5.756398
865 2.095990
875 2.515999
919 12.290101
999 2.022704
897 2.443073
827 14.425877
842 7.840152
1006 3.855120
885 1.001541
884 7.352023
907 1.700963
870 2.773833
1020 1.920246
889 2.273805
842 7.192857
855 5.262826
836 1.508708
997 17.353263
925 1.902924
965 7.158416
854 9.221888
693 2.118632
908 4.005686
944 1.214108
1005 4.698113
976 4.312487
902 5.978568
851 1.622225
887 2.566928
946 2.342616
945 11.009356
828 10.984103
858 4.855793
885 3.911848
863 2.029394
1057 3.252398
852 1.378166
837 7.071460
876 18.290615
862 10.370890
