777 0.687134
917 0.158098
1003 0.571827
785 2.743697
766 0.651484
764 2.723988
859 0.133163
969 1.170809
1008 1.131065
781 1.568857
868 0.167399
935 0.579981
890 0.210004
937 0.230125
809 0.775924
867 0.552327
810 0.262825
718 0.177558
808 0.617264
838 0.641618
674 9.198106
800 0.290020
824 1.765450
790 0.882365
906 0.650165
835 0.821779
918 0.373679
703 0.286299
802 0.936571
992 2.541391
823 0.199941
967 1.405701
810 0.375464
888 0.394058
858 0.711815
946 2.219736
720 0.733754
855 1.343591
850 0.125902
780 0.340217
888 0.108502
1074 0.632968
845 0.891137
856 1.673517
838 0.290534
884 0.374997
924 0.596864
948 1.224031
852 0.260498
893 0.363543
