1015 0.137538
847 0.115806
942 0.176696
770 0.195607
799 0.107051
867 0.071469
877 0.222678
787 0.037357
937 0.237123
949 0.166070
638 0.072602
787 0.197499
711 0.095511
876 0.681389
821 0.106029
786 0.057121
876 0.322716
910 0.455427
809 0.192591
690 0.513134
849 0.127295
715 0.098882
908 0.100921
831 0.115166
724 0.215469
748 0.604590
880 0.108441
814 0.237043
829 0.176098
894 0.101032
959 0.084850
779 0.056720
844 0.301662
906 0.088067
829 0.159695
1009 0.096474
946 0.313869
737 0.498584
879 0.081343
787 0.170166
1046 0.189812
931 0.102316
850 0.129938
817 0.268157
819 0.229113
837 0.387125
876 0.080936
1008 0.076242
911 0.110877
817 0.045540
