1015 0.065714
847 0.054837
942 0.074292
770 0.091917
799 0.053451
867 0.039819
877 0.107727
787 0.021307
937 0.111666
949 0.084860
638 0.042768
787 0.114115
711 0.059687
876 0.312364
821 0.072098
786 0.035073
876 0.160921
910 0.223557
809 0.105470
690 0.211299
849 0.060339
715 0.053101
908 0.047716
831 0.057249
724 0.115619
748 0.286056
880 0.048450
814 0.101533
829 0.090410
894 0.047855
959 0.052447
779 0.028817
844 0.141805
906 0.041747
829 0.087054
1009 0.045651
946 0.152669
737 0.215809
879 0.042054
787 0.084813
1046 0.091133
931 0.056429
850 0.057888
817 0.119316
819 0.102075
837 0.184108
876 0.046977
1008 0.033626
911 0.051882
817 0.021551
