991 1.415729
881 4.421886
927 4.100030
997 10.672415
937 0.817294
962 1.106448
870 4.153641
920 8.630315
932 0.849724
934 2.973791
865 1.219482
875 1.441524
919 6.330299
999 1.115094
897 1.309590
827 7.569197
842 4.209623
1006 1.956256
885 0.612562
884 3.916957
907 0.902253
870 1.432422
1020 1.057245
889 1.225821
842 3.907546
855 2.726823
836 0.850932
997 9.088663
925 0.977091
965 3.847559
854 4.665120
693 1.101298
908 2.095566
944 0.731658
1005 2.636305
976 2.323102
902 3.248702
851 0.888149
887 1.326482
946 1.251078
945 5.718957
828 5.994064
858 2.587372
885 2.006020
863 1.123900
1057 1.757611
852 0.743436
837 4.037316
876 9.435863
862 5.590094
