1015 0.088259
847 0.072720
942 0.106452
770 0.122962
799 0.068919
867 0.047978
877 0.143152
787 0.025344
937 0.150209
949 0.106860
638 0.047375
787 0.123659
711 0.062063
876 0.427324
821 0.071011
786 0.037812
876 0.205239
910 0.290922
809 0.126950
690 0.314726
849 0.078520
715 0.066807
908 0.066082
831 0.074374
724 0.141499
748 0.381724
880 0.068646
814 0.146093
829 0.113430
894 0.064235
959 0.055878
779 0.035065
844 0.188278
906 0.057818
829 0.100248
1009 0.060447
946 0.196936
737 0.303774
879 0.053811
787 0.106680
1046 0.118976
931 0.069544
850 0.081072
817 0.166323
819 0.142290
837 0.246987
876 0.053570
1008 0.047595
911 0.071525
817 0.028010
