777 0.326979
917 0.097538
1003 0.260475
785 1.211906
766 0.328631
764 1.320803
859 0.084321
969 0.589156
1008 0.544909
781 0.731942
868 0.093423
935 0.285596
890 0.112055
937 0.108088
809 0.379802
867 0.288127
810 0.157758
718 0.095132
808 0.346528
838 0.322657
674 3.948481
800 0.162609
824 0.803301
790 0.524833
906 0.292526
835 0.449794
918 0.180708
703 0.155579
802 0.421296
992 1.106665
823 0.106899
967 0.719372
810 0.210625
888 0.184443
858 0.336799
946 1.075903
720 0.337534
855 0.603490
850 0.073182
780 0.209613
888 0.074832
1074 0.314222
845 0.472668
856 0.737523
838 0.137896
884 0.180346
924 0.275533
948 0.584563
852 0.129245
893 0.188964
