1015 0.411385
847 0.332787
942 0.515818
770 0.579050
799 0.313675
867 0.197386
877 0.642720
787 0.105170
937 0.685646
949 0.475792
638 0.211697
787 0.559430
711 0.258367
876 1.993283
821 0.268211
786 0.159507
876 0.909140
910 1.303996
809 0.536614
690 1.500378
849 0.373116
715 0.258060
908 0.297730
831 0.325735
724 0.601910
748 1.724465
880 0.317315
814 0.696710
829 0.499920
894 0.296745
959 0.235271
779 0.162441
844 0.870378
906 0.262706
829 0.467718
1009 0.280121
946 0.908694
737 1.439042
879 0.216919
787 0.489471
1046 0.560786
931 0.281152
850 0.373954
817 0.783450
819 0.666158
837 1.112848
876 0.217199
1008 0.224006
911 0.321581
817 0.130383
