991 1.121674
881 2.536138
927 2.559101
997 6.524681
937 0.655320
962 0.730459
870 3.334350
920 5.346118
932 0.569406
934 1.811382
865 0.781572
875 1.426118
919 3.632848
999 0.816710
897 0.900129
827 4.712134
842 2.736230
1006 1.226456
885 0.588946
884 2.761126
907 0.659473
870 0.971163
1020 0.786661
889 0.837799
842 2.666738
855 1.627369
836 0.728810
997 5.334128
925 0.626609
965 2.183946
854 2.642002
693 0.755295
908 1.300779
944 0.529294
1005 2.050968
976 1.462889
902 2.181611
851 0.668257
887 0.820971
946 0.894847
945 3.457876
828 4.170883
858 1.584077
885 1.395743
863 0.756542
1057 1.354666
852 0.448083
837 3.474040
876 5.573120
862 3.855163
