1015 0.204217
847 0.172571
942 0.260620
770 0.293220
799 0.155765
867 0.100315
877 0.322515
787 0.054003
937 0.343892
949 0.243884
638 0.105588
787 0.283020
711 0.134447
876 1.007444
821 0.148678
786 0.082007
876 0.463092
910 0.658204
809 0.273375
690 0.750933
849 0.186041
715 0.136608
908 0.151903
831 0.165928
724 0.308510
748 0.875361
880 0.158404
814 0.347769
829 0.253562
894 0.149525
959 0.122511
779 0.081696
844 0.434683
906 0.132005
829 0.233383
1009 0.138991
946 0.457362
737 0.727566
879 0.116438
787 0.248056
1046 0.282578
931 0.143634
850 0.188442
817 0.393295
819 0.332888
837 0.558581
876 0.115310
1008 0.111220
911 0.163935
817 0.067298
