991 5.227748
881 17.380930
927 15.878283
997 40.426705
937 2.669293
962 4.226945
870 12.860765
920 32.564393
932 3.141497
934 11.574532
865 4.229894
875 4.922447
919 24.523037
999 3.985209
897 4.742368
827 28.761237
842 15.064705
1006 7.612990
885 1.899958
884 14.772145
907 3.369187
870 5.455716
1020 3.618023
889 4.506098
842 13.854078
855 10.491217
836 2.877072
997 34.850854
925 3.781170
965 14.066251
854 18.482596
693 3.930862
908 7.905652
944 2.266388
1005 9.009067
976 8.509604
902 11.514189
851 3.256574
887 5.042814
946 4.613761
945 21.952373
828 21.561023
858 9.677397
885 7.857036
863 3.994279
1057 6.334396
852 2.769286
837 13.407664
876 36.465544
862 20.585564
