777 1.957523
917 0.450299
1003 1.610502
785 7.998810
766 1.822518
764 7.980537
859 0.375531
969 3.237938
1008 3.282792
781 4.554648
868 0.472359
935 1.705616
890 0.601927
937 0.669188
809 2.291702
867 1.582756
810 0.744986
718 0.472683
808 1.707961
838 1.896836
674 27.292281
800 0.841485
824 5.247640
790 2.463649
906 1.901882
835 2.275838
918 1.088130
703 0.829996
802 2.770892
992 7.402324
823 0.570728
967 3.920074
810 1.023817
888 1.137669
858 2.055409
946 6.487422
720 2.151763
855 3.962505
850 0.336115
780 0.996134
888 0.277153
1074 1.881574
845 2.175584
856 4.900362
838 0.839969
884 1.118040
924 1.781280
948 3.616618
852 0.727622
893 1.082719
