777 0.435653
917 0.111957
1003 0.357661
785 1.690625
766 0.421224
764 1.748038
859 0.094173
969 0.746356
1008 0.717177
781 0.983355
868 0.106941
935 0.373801
890 0.136143
937 0.144990
809 0.480599
867 0.363971
810 0.176825
718 0.116384
808 0.416500
838 0.415989
674 5.636316
800 0.189623
824 1.104386
790 0.613056
906 0.404395
835 0.544547
918 0.234804
703 0.189052
802 0.568977
992 1.558034
823 0.135554
967 0.910211
810 0.248248
888 0.251672
858 0.445188
946 1.366215
720 0.455703
855 0.835612
850 0.082381
780 0.224458
888 0.077234
1074 0.401245
845 0.600750
856 1.034115
838 0.187456
884 0.233956
924 0.372413
948 0.759368
852 0.167910
893 0.234328
