991 1.214475
881 3.658022
927 3.392745
997 8.802657
937 0.701399
962 0.912271
870 3.566245
920 7.158221
932 0.723476
934 2.436281
865 1.007036
875 1.230560
919 5.232694
999 0.951617
897 1.105502
827 6.315632
842 3.522651
1006 1.618865
885 0.545513
884 3.279632
907 0.777784
870 1.210626
1020 0.906094
889 1.045402
842 3.403727
855 2.240092
836 0.756940
997 7.449415
925 0.822251
965 3.185883
854 3.843832
693 0.905464
908 1.733518
944 0.642875
1005 2.276959
976 1.934353
902 2.795353
851 0.753273
887 1.096673
946 1.079485
945 4.743960
828 5.062467
858 2.144893
885 1.670442
863 0.984224
1057 1.495655
852 0.618646
837 3.420220
876 7.752303
862 4.769954
