1015 0.108165
847 0.089536
942 0.133063
770 0.151358
799 0.083634
867 0.056286
877 0.173256
787 0.029300
937 0.182804
949 0.129955
638 0.056718
787 0.149988
711 0.070871
876 0.524585
821 0.084635
786 0.044733
876 0.252977
910 0.352448
809 0.148088
690 0.386033
849 0.096722
715 0.079340
908 0.079875
831 0.089328
724 0.169406
748 0.465679
880 0.084708
814 0.180685
829 0.136824
894 0.078226
959 0.066867
779 0.043685
844 0.227699
906 0.070136
829 0.123928
1009 0.073627
946 0.240944
737 0.376862
879 0.066338
787 0.130655
1046 0.145181
931 0.081082
850 0.098860
817 0.204673
819 0.174532
837 0.301848
876 0.064756
1008 0.058589
911 0.087071
817 0.034696
