777 0.998531
917 0.234800
1003 0.824117
785 3.982344
766 0.921726
764 3.993770
859 0.190294
969 1.698022
1008 1.653358
781 2.284975
868 0.235071
935 0.864100
890 0.306624
937 0.344190
809 1.151917
867 0.808840
810 0.374812
718 0.245842
808 0.880452
838 0.957278
674 13.620241
800 0.421578
824 2.619100
790 1.263495
906 0.952469
835 1.161126
918 0.544931
703 0.418178
802 1.377739
992 3.701128
823 0.288975
967 1.995750
810 0.529947
888 0.565945
858 1.030412
946 3.242449
720 1.074045
855 1.979946
850 0.175275
780 0.493450
888 0.143587
1074 0.933598
845 1.199369
856 2.462027
838 0.424917
884 0.562977
924 0.881310
948 1.799729
852 0.369306
893 0.541166
