777 1.940790
917 0.447942
1003 1.601050
785 7.974719
766 1.814864
764 7.962868
859 0.373080
969 3.222756
1008 3.279930
781 4.536549
868 0.472233
935 1.700800
890 0.603054
937 0.668017
809 2.291450
867 1.583956
810 0.745202
718 0.470433
808 1.696053
838 1.896645
674 27.239837
800 0.835375
824 5.234754
790 2.452499
906 1.902732
835 2.286828
918 1.085256
703 0.830368
802 2.755878
992 7.426113
823 0.573672
967 3.924324
810 1.023143
888 1.141287
858 2.058149
946 6.486540
720 2.138663
855 3.942158
850 0.335383
780 0.994129
888 0.278527
1074 1.879985
845 2.170955
856 4.872984
838 0.837548
884 1.117613
924 1.772665
948 3.595666
852 0.724324
893 1.076122
