1015 0.065473
847 0.055136
942 0.074382
770 0.090640
799 0.052228
867 0.040152
877 0.106363
787 0.020963
937 0.107947
949 0.084664
638 0.042964
787 0.111548
711 0.059196
876 0.311604
821 0.072750
786 0.033829
876 0.163201
910 0.223666
809 0.103977
690 0.212396
849 0.057839
715 0.053259
908 0.048538
831 0.057491
724 0.115637
748 0.285344
880 0.047607
814 0.099995
829 0.088412
894 0.047155
959 0.048298
779 0.027750
844 0.137221
906 0.041446
829 0.081351
1009 0.045645
946 0.149801
737 0.215013
879 0.042247
787 0.085356
1046 0.089636
931 0.056172
850 0.057104
817 0.116981
819 0.101686
837 0.183233
876 0.046874
1008 0.033056
911 0.051949
817 0.021497
