991 2.686444
881 8.759584
927 7.911767
997 20.549897
937 1.460752
962 2.175933
870 6.860345
920 16.522806
932 1.601992
934 5.772555
865 2.105220
875 2.524297
919 12.301735
999 2.018614
897 2.448454
827 14.471647
842 7.859158
1006 3.848142
885 1.002661
884 7.352379
907 1.701364
870 2.770377
1020 1.919511
889 2.270230
842 7.216771
855 5.266197
836 1.500783
997 17.344066
925 1.897843
965 7.144077
854 9.257305
693 2.116678
908 3.999309
944 1.214851
1005 4.696793
976 4.330677
902 5.973772
851 1.621671
887 2.560337
946 2.343331
945 11.052998
828 11.004759
858 4.854873
885 3.914459
863 2.039469
1057 3.265746
852 1.374912
837 7.086851
876 18.303141
862 10.374126
