777 0.692817
917 0.159187
1003 0.574295
785 2.762306
766 0.659108
764 2.734458
859 0.134069
969 1.180198
1008 1.137070
781 1.575349
868 0.168810
935 0.583793
890 0.211840
937 0.231709
809 0.781437
867 0.554273
810 0.264511
718 0.178330
808 0.621947
838 0.646519
674 9.243560
800 0.293020
824 1.777284
790 0.886627
906 0.655932
835 0.828225
918 0.378111
703 0.289618
802 0.938853
992 2.546522
823 0.202619
967 1.415936
810 0.380337
888 0.396155
858 0.712647
946 2.230422
720 0.738372
855 1.355784
850 0.126745
780 0.342951
888 0.109354
1074 0.635704
845 0.895529
856 1.678926
838 0.294403
884 0.377535
924 0.602142
948 1.236283
852 0.262682
893 0.366877
