777 0.331912
917 0.098032
1003 0.260556
785 1.211052
766 0.326341
764 1.320712
859 0.084471
969 0.588828
1008 0.540076
781 0.723069
868 0.091971
935 0.282708
890 0.113347
937 0.108183
809 0.380999
867 0.289322
810 0.154569
718 0.093301
808 0.338426
838 0.318539
674 3.937838
800 0.162179
824 0.803673
790 0.521867
906 0.294309
835 0.447964
918 0.178430
703 0.152523
802 0.421554
992 1.103034
823 0.107605
967 0.724469
810 0.210417
888 0.184045
858 0.337066
946 1.048561
720 0.337743
855 0.621151
850 0.074289
780 0.208611
888 0.074177
1074 0.313189
845 0.465513
856 0.770842
838 0.139758
884 0.177712
924 0.273424
948 0.573260
852 0.127947
893 0.188878
