991 1.127804
881 2.566984
927 2.569250
997 6.518767
937 0.651087
962 0.738258
870 3.310213
920 5.420276
932 0.568839
934 1.839599
865 0.782105
875 1.384117
919 3.659597
999 0.835788
897 0.896606
827 4.639318
842 2.735323
1006 1.224708
885 0.588605
884 2.635235
907 0.657708
870 0.956510
1020 0.783513
889 0.836659
842 2.623236
855 1.630776
836 0.742307
997 5.364103
925 0.624154
965 2.176709
854 2.660148
693 0.694633
908 1.315451
944 0.537252
1005 2.087839
976 1.459940
902 2.169026
851 0.672140
887 0.815898
946 0.882089
945 3.500069
828 4.122887
858 1.583062
885 1.403169
863 0.760424
1057 1.355059
852 0.444562
837 4.606229
876 5.541927
862 3.649900
