991 1.409755
881 4.398980
927 4.085658
997 10.623337
937 0.812677
962 1.104270
870 4.136097
920 8.606625
932 0.847475
934 2.964878
865 1.213045
875 1.438753
919 6.311826
999 1.112253
897 1.315800
827 7.565557
842 4.192014
1006 1.944560
885 0.609426
884 3.893988
907 0.897129
870 1.420677
1020 1.053594
889 1.219766
842 3.887711
855 2.721700
836 0.850866
997 9.051087
925 0.974274
965 3.824808
854 4.647957
693 1.094522
908 2.083759
944 0.731509
1005 2.622734
976 2.321128
902 3.249990
851 0.883030
887 1.319362
946 1.246005
945 5.717284
828 6.031548
858 2.575571
885 2.003803
863 1.119080
1057 1.749715
852 0.740826
837 4.022519
876 9.402224
862 5.576370
