1015 0.088351
847 0.073285
942 0.106928
770 0.123237
799 0.069433
867 0.047469
877 0.143278
787 0.025535
937 0.151046
949 0.107929
638 0.047730
787 0.124090
711 0.062357
876 0.428105
821 0.071559
786 0.038058
876 0.207934
910 0.293189
809 0.126577
690 0.317303
849 0.079194
715 0.067539
908 0.066551
831 0.074943
724 0.142923
748 0.384752
880 0.068872
814 0.147658
829 0.114088
894 0.064934
959 0.056047
779 0.035481
844 0.188799
906 0.058155
829 0.101467
1009 0.061060
946 0.196309
737 0.304628
879 0.054855
787 0.107533
1046 0.119650
931 0.070260
850 0.081583
817 0.167159
819 0.142286
837 0.248324
876 0.054177
1008 0.047828
911 0.071632
817 0.028355
