777 0.436193
917 0.112190
1003 0.357986
785 1.689690
766 0.420838
764 1.745742
859 0.094197
969 0.748542
1008 0.719858
781 0.987457
868 0.107678
935 0.373963
890 0.136308
937 0.145464
809 0.481230
867 0.365463
810 0.177411
718 0.116341
808 0.417013
838 0.416039
674 5.661687
800 0.190762
824 1.108795
790 0.616146
906 0.405249
835 0.549041
918 0.235055
703 0.188320
802 0.568813
992 1.564100
823 0.131352
967 0.911411
810 0.247834
888 0.252505
858 0.447683
946 1.368784
720 0.457945
855 0.838223
850 0.083101
780 0.225453
888 0.076640
1074 0.402100
845 0.602768
856 1.037487
838 0.188150
884 0.235639
924 0.374429
948 0.763046
852 0.168974
893 0.234968
