1015 0.404818
847 0.329419
942 0.505631
770 0.568766
799 0.308072
867 0.193119
877 0.630778
787 0.101939
937 0.670027
949 0.465329
638 0.205222
787 0.541771
711 0.253087
876 1.970106
821 0.262127
786 0.154987
876 0.891823
910 1.281053
809 0.524946
690 1.468695
849 0.364968
715 0.250956
908 0.289771
831 0.319262
724 0.591755
748 1.707577
880 0.307021
814 0.681403
829 0.487243
894 0.289090
959 0.227956
779 0.158118
844 0.849449
906 0.257254
829 0.459346
1009 0.272309
946 0.893339
737 1.422621
879 0.211947
787 0.479267
1046 0.551118
931 0.272981
850 0.366995
817 0.769643
819 0.651036
837 1.090556
876 0.211368
1008 0.217596
911 0.316348
817 0.126423
