777 0.531513
917 0.127469
1003 0.426386
785 2.078431
766 0.512085
764 2.121887
859 0.108714
969 0.898783
1008 0.869329
781 1.202796
868 0.129867
935 0.448469
890 0.162877
937 0.177046
809 0.589846
867 0.437635
810 0.208657
718 0.135834
808 0.489236
838 0.502170
674 6.976442
800 0.225462
824 1.359035
790 0.710640
906 0.498480
835 0.659415
918 0.287445
703 0.225367
802 0.704956
992 1.936534
823 0.160526
967 1.103029
810 0.295598
888 0.303932
858 0.549214
946 1.689214
720 0.559043
855 1.033245
850 0.098473
780 0.265410
888 0.091144
1074 0.488081
845 0.695734
856 1.275180
838 0.222772
884 0.287589
924 0.461623
948 0.934511
852 0.201320
893 0.290481
