991 1.202121
881 3.634780
927 3.381300
997 8.770830
937 0.694240
962 0.907664
870 3.545135
920 7.131978
932 0.720344
934 2.421965
865 0.998653
875 1.221811
919 5.181861
999 0.944998
897 1.095196
827 6.280701
842 3.502792
1006 1.612545
885 0.540759
884 3.245955
907 0.772284
870 1.201078
1020 0.898940
889 1.036462
842 3.371752
855 2.218236
836 0.747609
997 7.398285
925 0.815485
965 3.163018
854 3.815287
693 0.899900
908 1.725305
944 0.638351
1005 2.266206
976 1.919636
902 2.782308
851 0.748265
887 1.089815
946 1.069968
945 4.720669
828 5.032724
858 2.124892
885 1.655068
863 0.977305
1057 1.482137
852 0.610806
837 3.401593
876 7.721424
862 4.725810
