1015 0.205566
847 0.171659
942 0.259535
770 0.293344
799 0.155780
867 0.100372
877 0.321184
787 0.054083
937 0.344485
949 0.241849
638 0.105698
787 0.283469
711 0.134219
876 1.005465
821 0.148831
786 0.081776
876 0.463093
910 0.657994
809 0.275034
690 0.751068
849 0.185561
715 0.135949
908 0.151739
831 0.165569
724 0.308921
748 0.874823
880 0.159147
814 0.347786
829 0.253970
894 0.149862
959 0.122151
779 0.081769
844 0.435809
906 0.132654
829 0.233334
1009 0.138804
946 0.456357
737 0.726954
879 0.112728
787 0.248914
1046 0.282135
931 0.144132
850 0.189486
817 0.394054
819 0.332228
837 0.558863
876 0.112665
1008 0.110456
911 0.163500
817 0.067198
