991 5.117834
881 16.999522
927 15.632646
997 39.720220
937 2.597901
962 4.130042
870 12.680473
920 31.973514
932 3.066952
934 11.390814
865 4.126273
875 4.799418
919 24.051846
999 3.882134
897 4.659243
827 28.305027
842 14.846245
1006 7.508128
885 1.869939
884 14.425988
907 3.292638
870 5.339514
1020 3.580346
889 4.405243
842 13.529377
855 10.263493
836 2.810244
997 34.136696
925 3.726386
965 13.759856
854 18.100514
693 3.825834
908 7.764232
944 2.214295
1005 8.835886
976 8.308712
902 11.334872
851 3.197931
887 4.943365
946 4.516988
945 21.652838
828 21.137307
858 9.481691
885 7.661654
863 3.894212
1057 6.168635
852 2.701671
837 13.205777
876 35.809427
862 20.180544
