1015 0.137749
847 0.115567
942 0.177082
770 0.195213
799 0.106269
867 0.071122
877 0.222206
787 0.037011
937 0.235759
949 0.166042
638 0.072129
787 0.196262
711 0.094820
876 0.678668
821 0.106120
786 0.056926
876 0.323768
910 0.453964
809 0.191905
690 0.511769
849 0.126853
715 0.098151
908 0.101135
831 0.114562
724 0.214539
748 0.602605
880 0.108173
814 0.236446
829 0.175376
894 0.100488
959 0.084332
779 0.056592
844 0.301574
906 0.088161
829 0.159249
1009 0.095826
946 0.312782
737 0.497578
879 0.081064
787 0.169267
1046 0.189874
931 0.102378
850 0.129623
817 0.266660
819 0.228852
837 0.385040
876 0.080542
1008 0.076249
911 0.110152
817 0.045331
