991 1.804204
881 5.839202
927 5.399397
997 13.955656
937 1.035028
962 1.442351
870 4.905665
920 11.245683
932 1.117491
934 3.931495
865 1.528233
875 1.794706
919 8.344032
999 1.423920
897 1.692180
827 9.817973
842 5.460176
1006 2.648305
885 0.741057
884 5.073447
907 1.177553
870 1.926768
1020 1.344978
889 1.563030
842 5.038309
855 3.575475
836 1.059365
997 11.839603
925 1.326636
965 4.996543
854 6.232934
693 1.475045
908 2.698674
944 0.911497
1005 3.361065
976 3.000902
902 4.236552
851 1.116838
887 1.723900
946 1.599181
945 7.508127
828 7.615849
858 3.350801
885 2.650406
863 1.454782
1057 2.189302
852 0.954471
837 5.047902
876 12.443575
862 7.290537
