777 1.005244
917 0.234801
1003 0.823754
785 3.986763
766 0.922878
764 4.001356
859 0.189578
969 1.695290
1008 1.654849
781 2.289162
868 0.234572
935 0.861681
890 0.306758
937 0.344969
809 1.156438
867 0.812229
810 0.374986
718 0.244560
808 0.876177
838 0.963465
674 13.624437
800 0.422165
824 2.618258
790 1.266244
906 0.952407
835 1.155077
918 0.542313
703 0.417134
802 1.370331
992 3.692367
823 0.288375
967 1.990835
810 0.530248
888 0.566762
858 1.027572
946 3.240422
720 1.076609
855 1.979010
850 0.174871
780 0.494073
888 0.143409
1074 0.934908
845 1.200606
856 2.458927
838 0.424626
884 0.564870
924 0.878815
948 1.796802
852 0.373112
893 0.545119
