1015 0.108187
847 0.089397
942 0.132926
770 0.151722
799 0.083319
867 0.056523
877 0.173435
787 0.029479
937 0.182761
949 0.130222
638 0.056736
787 0.149890
711 0.071044
876 0.523194
821 0.084613
786 0.044477
876 0.252791
910 0.352145
809 0.148587
690 0.386179
849 0.096953
715 0.078861
908 0.079193
831 0.088869
724 0.169103
748 0.465343
880 0.084211
814 0.180947
829 0.137051
894 0.078038
959 0.066634
779 0.043652
844 0.228992
906 0.070389
829 0.124206
1009 0.073613
946 0.241085
737 0.374965
879 0.066020
787 0.131068
1046 0.145772
931 0.081055
850 0.098763
817 0.204445
819 0.174553
837 0.300143
876 0.064882
1008 0.058654
911 0.087060
817 0.034791
