777 1.011444
917 0.237647
1003 0.831930
785 4.014838
766 0.931040
764 4.020033
859 0.193333
969 1.711961
1008 1.663106
781 2.304772
868 0.236976
935 0.872685
890 0.309799
937 0.349027
809 1.163496
867 0.820524
810 0.379953
718 0.247961
808 0.890038
838 0.972800
674 13.718401
800 0.426793
824 2.637927
790 1.275766
906 0.964895
835 1.169631
918 0.549234
703 0.419921
802 1.381924
992 3.714762
823 0.292065
967 2.007382
810 0.535551
888 0.572933
858 1.038301
946 3.253882
720 1.083216
855 1.996217
850 0.176561
780 0.498338
888 0.145301
1074 0.941680
845 1.207222
856 2.475126
838 0.429845
884 0.568280
924 0.889680
948 1.810283
852 0.372696
893 0.548933
