1015 0.206087
847 0.173835
942 0.262739
770 0.294550
799 0.157811
867 0.100818
877 0.324318
787 0.054417
937 0.347258
949 0.244450
638 0.105996
787 0.285198
711 0.135645
876 1.009304
821 0.150037
786 0.082920
876 0.467055
910 0.661644
809 0.275690
690 0.751638
849 0.186589
715 0.137199
908 0.152922
831 0.167149
724 0.311393
748 0.879961
880 0.160702
814 0.352135
829 0.256121
894 0.151314
959 0.123425
779 0.082730
844 0.439687
906 0.133868
829 0.235024
1009 0.139596
946 0.457550
737 0.729846
879 0.114232
787 0.251394
1046 0.286259
931 0.144487
850 0.190656
817 0.395728
819 0.334605
837 0.561670
876 0.113808
1008 0.112344
911 0.164860
817 0.068087
