1015 0.408884
847 0.329802
942 0.512400
770 0.574452
799 0.311919
867 0.194773
877 0.639965
787 0.103473
937 0.676746
949 0.474270
638 0.209715
787 0.552001
711 0.256596
876 1.992300
821 0.266444
786 0.157606
876 0.901160
910 1.296773
809 0.531651
690 1.487778
849 0.366109
715 0.253927
908 0.293479
831 0.320628
724 0.598761
748 1.715363
880 0.309155
814 0.680139
829 0.492530
894 0.292665
959 0.231753
779 0.160487
844 0.859868
906 0.258578
829 0.462716
1009 0.276282
946 0.901247
737 1.435390
879 0.213772
787 0.483505
1046 0.559672
931 0.276035
850 0.367824
817 0.776880
819 0.654887
837 1.101123
876 0.213722
1008 0.221653
911 0.318924
817 0.127551
