1015 0.088261
847 0.072887
942 0.107065
770 0.123546
799 0.068938
867 0.048018
877 0.142508
787 0.025382
937 0.149759
949 0.106849
638 0.047307
787 0.123717
711 0.062218
876 0.428643
821 0.071186
786 0.037960
876 0.206531
910 0.291633
809 0.126010
690 0.314764
849 0.078594
715 0.067412
908 0.066602
831 0.075020
724 0.141948
748 0.383629
880 0.069315
814 0.147379
829 0.114057
894 0.064722
959 0.056142
779 0.035250
844 0.189059
906 0.057743
829 0.100568
1009 0.060675
946 0.196143
737 0.306575
879 0.054231
787 0.107735
1046 0.119188
931 0.069994
850 0.081210
817 0.166678
819 0.141474
837 0.247693
876 0.053552
1008 0.047870
911 0.072168
817 0.028177
