991 1.216024
881 3.665484
927 3.401915
997 8.798353
937 0.700683
962 0.909212
870 3.553645
920 7.157160
932 0.723128
934 2.431268
865 1.005396
875 1.230927
919 5.214699
999 0.946692
897 1.103438
827 6.314061
842 3.515364
1006 1.621872
885 0.545192
884 3.282462
907 0.777614
870 1.209881
1020 0.906319
889 1.043012
842 3.400915
855 2.235957
836 0.755291
997 7.446963
925 0.821483
965 3.185485
854 3.851015
693 0.905801
908 1.733911
944 0.640586
1005 2.278885
976 1.935297
902 2.796159
851 0.755010
887 1.097251
946 1.077931
945 4.747044
828 5.071246
858 2.143244
885 1.671172
863 0.981799
1057 1.490079
852 0.614226
837 3.427086
876 7.765326
862 4.767151
