777 0.690608
917 0.158590
1003 0.570141
785 2.744688
766 0.652711
764 2.730759
859 0.133470
969 1.173348
1008 1.132055
781 1.565114
868 0.167309
935 0.579973
890 0.210180
937 0.231027
809 0.780255
867 0.554425
810 0.264152
718 0.178311
808 0.619773
838 0.643590
674 9.197288
800 0.291113
824 1.769148
790 0.884418
906 0.651089
835 0.824006
918 0.373627
703 0.288757
802 0.931773
992 2.540808
823 0.201084
967 1.402826
810 0.376534
888 0.394715
858 0.710951
946 2.216214
720 0.737471
855 1.348881
850 0.125336
780 0.339806
888 0.108103
1074 0.630987
845 0.893797
856 1.675571
838 0.291264
884 0.374953
924 0.596210
948 1.227057
852 0.259891
893 0.364651
