991 1.787363
881 5.783390
927 5.335680
997 13.837031
937 1.026569
962 1.432217
870 4.901095
920 11.128357
932 1.098913
934 3.877350
865 1.503443
875 1.775376
919 8.251333
999 1.405089
897 1.667585
827 9.718298
842 5.381934
1006 2.609348
885 0.727242
884 5.015213
907 1.166077
870 1.898009
1020 1.323898
889 1.545153
842 4.978378
855 3.531060
836 1.040209
997 11.733743
925 1.313141
965 4.934318
854 6.148689
693 1.463381
908 2.669619
944 0.896179
1005 3.322053
976 2.951458
902 4.176114
851 1.100822
887 1.693394
946 1.572394
945 7.460465
828 7.530488
858 3.311122
885 2.615639
863 1.433791
1057 2.161947
852 0.943244
837 4.986734
876 12.316752
862 7.208591
