991 1.426542
881 4.440456
927 4.123474
997 10.738409
937 0.822096
962 1.116957
870 4.188272
920 8.689248
932 0.854717
934 2.994551
865 1.220977
875 1.450177
919 6.377482
999 1.128169
897 1.321999
827 7.614429
842 4.237705
1006 1.965638
885 0.614503
884 3.935461
907 0.905783
870 1.437167
1020 1.062552
889 1.230860
842 3.906614
855 2.743945
836 0.860175
997 9.143151
925 0.985004
965 3.866285
854 4.701171
693 1.103376
908 2.100323
944 0.734255
1005 2.640849
976 2.352484
902 3.277162
851 0.893801
887 1.335934
946 1.261157
945 5.749724
828 6.116530
858 2.598514
885 2.016339
863 1.129934
1057 1.771471
852 0.747719
837 4.053954
876 9.483850
862 5.623684
