777 1.954072
917 0.451123
1003 1.603874
785 7.962335
766 1.814904
764 7.986597
859 0.376867
969 3.235893
1008 3.291838
781 4.545127
868 0.472829
935 1.713368
890 0.601697
937 0.668744
809 2.296016
867 1.577520
810 0.740616
718 0.471731
808 1.709592
838 1.904449
674 27.339455
800 0.839615
824 5.244200
790 2.458944
906 1.896037
835 2.286223
918 1.089019
703 0.826669
802 2.752247
992 7.410256
823 0.571004
967 3.902500
810 1.024810
888 1.137876
858 2.057548
946 6.456372
720 2.143155
855 3.958066
850 0.336180
780 0.992591
888 0.278276
1074 1.871563
845 2.172415
856 4.901687
838 0.841049
884 1.119543
924 1.774438
948 3.603398
852 0.728468
893 1.084262
