777 0.536022
917 0.129145
1003 0.431560
785 2.095703
766 0.514883
764 2.139183
859 0.109234
969 0.903780
1008 0.873573
781 1.218623
868 0.130536
935 0.451320
890 0.164291
937 0.178397
809 0.595850
867 0.442623
810 0.209662
718 0.137488
808 0.493665
838 0.506445
674 7.008267
800 0.227201
824 1.373341
790 0.714914
906 0.501477
835 0.664155
918 0.289644
703 0.226088
802 0.708496
992 1.950683
823 0.161684
967 1.113087
810 0.296825
888 0.305885
858 0.551316
946 1.696227
720 0.563533
855 1.041727
850 0.098819
780 0.266477
888 0.090661
1074 0.490409
845 0.701870
856 1.285991
838 0.224385
884 0.289247
924 0.464177
948 0.939378
852 0.202602
893 0.291442
