1015 0.138482
847 0.116266
942 0.177981
770 0.195173
799 0.107115
867 0.071808
877 0.222679
787 0.037157
937 0.237116
949 0.166338
638 0.072088
787 0.197308
711 0.095393
876 0.680409
821 0.105932
786 0.057128
876 0.322435
910 0.454632
809 0.192511
690 0.511559
849 0.126884
715 0.098555
908 0.101002
831 0.115477
724 0.214748
748 0.604208
880 0.108923
814 0.236548
829 0.175297
894 0.101016
959 0.084533
779 0.056824
844 0.300241
906 0.088465
829 0.159214
1009 0.096300
946 0.313579
737 0.497342
879 0.081198
787 0.169423
1046 0.189578
931 0.101774
850 0.129332
817 0.266446
819 0.228439
837 0.384670
876 0.080704
1008 0.076333
911 0.110881
817 0.045633
