991 5.246367
881 17.391941
927 15.880826
997 40.399275
937 2.685175
962 4.253139
870 12.861642
920 32.580899
932 3.150335
934 11.588351
865 4.225928
875 4.912407
919 24.476593
999 3.999092
897 4.757645
827 28.795197
842 15.052523
1006 7.642371
885 1.905343
884 14.760318
907 3.391338
870 5.467717
1020 3.648786
889 4.503065
842 13.866767
855 10.496983
836 2.890335
997 34.770619
925 3.797031
965 14.022140
854 18.506539
693 3.906827
908 7.898904
944 2.263551
1005 9.027680
976 8.475392
902 11.493368
851 3.273007
887 5.042400
946 4.587617
945 21.952087
828 21.591855
858 9.651944
885 7.833408
863 4.002323
1057 6.337272
852 2.763006
837 13.431950
876 36.457549
862 20.552169
