991 1.118331
881 2.556621
927 2.560220
997 6.587916
937 0.671569
962 0.728720
870 3.392566
920 5.341678
932 0.570532
934 1.815911
865 0.786985
875 1.338247
919 3.612705
999 0.778958
897 0.901296
827 4.600130
842 2.885099
1006 1.220563
885 0.579652
884 2.703183
907 0.667535
870 0.959282
1020 0.792909
889 0.837007
842 2.707498
855 1.651015
836 0.729922
997 5.333669
925 0.623809
965 2.176305
854 2.653873
693 0.783240
908 1.301232
944 0.533773
1005 2.095061
976 1.468334
902 2.224666
851 0.663908
887 0.805168
946 0.886176
945 3.477255
828 4.103428
858 1.585994
885 1.399811
863 0.762464
1057 1.356630
852 0.445767
837 3.494666
876 5.567659
862 3.850760
