1015 0.065674
847 0.055153
942 0.074850
770 0.091027
799 0.052612
867 0.039634
877 0.106100
787 0.022318
937 0.110698
949 0.087114
638 0.042637
787 0.110945
711 0.059007
876 0.304081
821 0.072127
786 0.034541
876 0.159560
910 0.222847
809 0.104984
690 0.212708
849 0.057119
715 0.052995
908 0.048960
831 0.057844
724 0.117012
748 0.283144
880 0.049547
814 0.100520
829 0.091103
894 0.048035
959 0.051582
779 0.028699
844 0.138981
906 0.041633
829 0.080148
1009 0.045060
946 0.135236
737 0.216232
879 0.042607
787 0.084809
1046 0.090472
931 0.055999
850 0.057754
817 0.118355
819 0.101434
837 0.185378
876 0.047282
1008 0.033259
911 0.051510
817 0.021421
