777 0.436504
917 0.112131
1003 0.358740
785 1.683036
766 0.422163
764 1.744000
859 0.094390
969 0.744977
1008 0.717918
781 0.986391
868 0.107373
935 0.373434
890 0.135734
937 0.145085
809 0.481851
867 0.366013
810 0.177883
718 0.116376
808 0.418636
838 0.417005
674 5.665819
800 0.191117
824 1.115508
790 0.617881
906 0.408339
835 0.548335
918 0.236729
703 0.189623
802 0.571842
992 1.575805
823 0.131743
967 0.915352
810 0.250128
888 0.252651
858 0.449380
946 1.373800
720 0.461405
855 0.841542
850 0.083071
780 0.226540
888 0.077077
1074 0.404844
845 0.606635
856 1.042685
838 0.189808
884 0.236470
924 0.375284
948 0.765041
852 0.169687
893 0.237510
