991 2.685421
881 8.733999
927 7.898887
997 20.489360
937 1.456490
962 2.165377
870 6.867024
920 16.554958
932 1.608523
934 5.769794
865 2.102752
875 2.539844
919 12.268174
999 2.018661
897 2.439734
827 14.502575
842 7.871371
1006 3.853155
885 1.006675
884 7.358863
907 1.712664
870 2.782574
1020 1.920604
889 2.277650
842 7.207740
855 5.268104
836 1.503630
997 17.379649
925 1.899736
965 7.159305
854 9.257941
693 2.123619
908 4.017830
944 1.216441
1005 4.716196
976 4.332199
902 5.957858
851 1.627764
887 2.585999
946 2.335904
945 11.056021
828 10.991480
858 4.847371
885 3.918597
863 2.050911
1057 3.267468
852 1.382410
837 7.039178
876 18.335444
862 10.406492
