1015 0.107925
847 0.089572
942 0.133250
770 0.152547
799 0.084163
867 0.056839
877 0.173872
787 0.029551
937 0.182722
949 0.130473
638 0.057063
787 0.151273
711 0.071442
876 0.528917
821 0.085420
786 0.045008
876 0.253868
910 0.355159
809 0.148697
690 0.387579
849 0.097153
715 0.079232
908 0.080118
831 0.089725
724 0.169759
748 0.466627
880 0.084335
814 0.181389
829 0.137771
894 0.078652
959 0.066885
779 0.044107
844 0.229042
906 0.070434
829 0.124614
1009 0.074146
946 0.241728
737 0.378280
879 0.065544
787 0.131885
1046 0.146487
931 0.081335
850 0.099976
817 0.205086
819 0.174987
837 0.303381
876 0.064699
1008 0.059101
911 0.087290
817 0.034801
