777 0.332641
917 0.098251
1003 0.261240
785 1.202511
766 0.333583
764 1.316192
859 0.079510
969 0.587830
1008 0.543457
781 0.734119
868 0.091327
935 0.282820
890 0.112249
937 0.107604
809 0.381484
867 0.286649
810 0.156358
718 0.092719
808 0.340318
838 0.318046
674 3.937984
800 0.163910
824 0.804852
790 0.526166
906 0.287178
835 0.449298
918 0.178557
703 0.152846
802 0.416412
992 1.104354
823 0.105970
967 0.722901
810 0.212125
888 0.183547
858 0.327934
946 1.045817
720 0.339496
855 0.624197
850 0.073631
780 0.214351
888 0.074029
1074 0.314439
845 0.472862
856 0.774876
838 0.138646
884 0.180971
924 0.273118
948 0.579241
852 0.127776
893 0.189756
