777 0.330789
917 0.097866
1003 0.260679
785 1.206234
766 0.329865
764 1.322004
859 0.084723
969 0.589300
1008 0.547537
781 0.734799
868 0.094344
935 0.284123
890 0.111013
937 0.107705
809 0.380178
867 0.285636
810 0.158331
718 0.093320
808 0.350484
838 0.323202
674 3.949210
800 0.164049
824 0.796211
790 0.531262
906 0.296065
835 0.451376
918 0.174975
703 0.157065
802 0.419246
992 1.118492
823 0.107035
967 0.711422
810 0.207216
888 0.183333
858 0.334757
946 1.050548
720 0.331955
855 0.625882
850 0.073835
780 0.212827
888 0.074418
1074 0.313297
845 0.475002
856 0.786753
838 0.137554
884 0.179781
924 0.274719
948 0.580687
852 0.127440
893 0.187148
