1015 0.108336
847 0.089262
942 0.133458
770 0.151725
799 0.083616
867 0.056214
877 0.172666
787 0.029409
937 0.182606
949 0.129268
638 0.056548
787 0.150493
711 0.071106
876 0.524867
821 0.084667
786 0.044395
876 0.252538
910 0.353058
809 0.147873
690 0.385654
849 0.096730
715 0.079199
908 0.079348
831 0.088903
724 0.169610
748 0.464859
880 0.083926
814 0.180836
829 0.136799
894 0.077999
959 0.066354
779 0.043662
844 0.227281
906 0.070335
829 0.123580
1009 0.073516
946 0.240069
737 0.376029
879 0.065095
787 0.130448
1046 0.145924
931 0.080999
850 0.099101
817 0.203248
819 0.174255
837 0.300855
876 0.064768
1008 0.058613
911 0.086960
817 0.034690
