991 1.208595
881 3.651918
927 3.395822
997 8.787584
937 0.700791
962 0.910649
870 3.560134
920 7.152238
932 0.720382
934 2.422328
865 1.005048
875 1.225624
919 5.209425
999 0.948203
897 1.101342
827 6.310893
842 3.502705
1006 1.611340
885 0.544559
884 3.278305
907 0.773099
870 1.201725
1020 0.903757
889 1.042451
842 3.377146
855 2.232607
836 0.751514
997 7.423117
925 0.821639
965 3.174076
854 3.842230
693 0.903142
908 1.731431
944 0.640118
1005 2.270129
976 1.929422
902 2.790189
851 0.752210
887 1.096569
946 1.076638
945 4.737322
828 5.055978
858 2.140808
885 1.670047
863 0.980193
1057 1.488475
852 0.614827
837 3.414983
876 7.737666
862 4.755647
