1015 0.088180
847 0.073024
942 0.107065
770 0.122934
799 0.069199
867 0.047491
877 0.143233
787 0.025602
937 0.150740
949 0.107422
638 0.047204
787 0.123825
711 0.062031
876 0.429444
821 0.071421
786 0.038018
876 0.206283
910 0.292467
809 0.126171
690 0.316156
849 0.078566
715 0.067421
908 0.066431
831 0.074529
724 0.142347
748 0.383247
880 0.069065
814 0.147009
829 0.113611
894 0.064791
959 0.056065
779 0.035284
844 0.188305
906 0.057776
829 0.100921
1009 0.060774
946 0.197070
737 0.304812
879 0.054267
787 0.107818
1046 0.119010
931 0.069863
850 0.081567
817 0.166652
819 0.141466
837 0.247759
876 0.053595
1008 0.047653
911 0.072449
817 0.028294
