991 5.210825
881 17.368887
927 15.881971
997 40.401206
937 2.668369
962 4.245312
870 12.888109
920 32.593025
932 3.140296
934 11.590588
865 4.229518
875 4.893734
919 24.525459
999 3.982739
897 4.758057
827 28.744481
842 15.082364
1006 7.646216
885 1.901875
884 14.777365
907 3.375218
870 5.463820
1020 3.631829
889 4.511451
842 13.809323
855 10.509597
836 2.882267
997 34.777725
925 3.784077
965 14.054550
854 18.517699
693 3.899653
908 7.916189
944 2.267703
1005 9.010574
976 8.529704
902 11.531139
851 3.267540
887 5.039148
946 4.622374
945 22.028408
828 21.528476
858 9.669352
885 7.818633
863 4.011912
1057 6.315671
852 2.779643
837 13.423413
876 36.465555
862 20.587048
