991 1.795360
881 5.824916
927 5.370336
997 13.893901
937 1.030055
962 1.438830
870 4.920520
920 11.160484
932 1.109135
934 3.895878
865 1.515412
875 1.785753
919 8.323731
999 1.418152
897 1.676921
827 9.799687
842 5.449887
1006 2.632448
885 0.733621
884 5.042895
907 1.170876
870 1.915202
1020 1.336387
889 1.556531
842 5.009977
855 3.543393
836 1.050258
997 11.791465
925 1.319053
965 4.968571
854 6.187152
693 1.468569
908 2.679552
944 0.897900
1005 3.336707
976 2.998082
902 4.201507
851 1.106816
887 1.712353
946 1.590542
945 7.483800
828 7.575643
858 3.330018
885 2.632865
863 1.440820
1057 2.172718
852 0.948732
837 5.015189
876 12.383440
862 7.235434
