777 0.687040
917 0.158378
1003 0.568924
785 2.753294
766 0.652744
764 2.735324
859 0.132442
969 1.170145
1008 1.133352
781 1.564268
868 0.167198
935 0.579663
890 0.209605
937 0.229402
809 0.777503
867 0.553577
810 0.263735
718 0.177421
808 0.616899
838 0.642695
674 9.215906
800 0.290088
824 1.773204
790 0.880411
906 0.648698
835 0.822837
918 0.373281
703 0.286816
802 0.932228
992 2.538492
823 0.201419
967 1.403148
810 0.374237
888 0.393133
858 0.706326
946 2.212296
720 0.729012
855 1.345446
850 0.125676
780 0.340540
888 0.108815
1074 0.633638
845 0.892051
856 1.674965
838 0.291387
884 0.373601
924 0.596533
948 1.226233
852 0.258941
893 0.363090
