1015 0.205317
847 0.172916
942 0.261616
770 0.293939
799 0.157123
867 0.101813
877 0.323222
787 0.054573
937 0.347532
949 0.243990
638 0.106439
787 0.285855
711 0.135241
876 1.009774
821 0.149791
786 0.082373
876 0.465188
910 0.661838
809 0.275739
690 0.755966
849 0.186819
715 0.137374
908 0.153318
831 0.167534
724 0.312747
748 0.882536
880 0.159755
814 0.350058
829 0.255566
894 0.151031
959 0.123660
779 0.082542
844 0.439174
906 0.133451
829 0.233582
1009 0.139714
946 0.457031
737 0.726286
879 0.113272
787 0.249998
1046 0.284646
931 0.144671
850 0.190295
817 0.395810
819 0.334207
837 0.563330
876 0.114027
1008 0.112430
911 0.163866
817 0.067916
