991 1.119291
881 2.569836
927 2.575045
997 6.603472
937 0.652986
962 0.756277
870 3.374284
920 5.335036
932 0.568051
934 1.831451
865 0.787111
875 1.415892
919 3.626657
999 0.837105
897 0.894973
827 4.665237
842 2.907526
1006 1.218105
885 0.583453
884 2.728819
907 0.666933
870 0.910609
1020 0.783982
889 0.837843
842 2.680431
855 1.637347
836 0.740851
997 5.369035
925 0.625307
965 2.178175
854 2.665080
693 0.791493
908 1.311272
944 0.542224
1005 2.098914
976 1.472859
902 2.239735
851 0.671094
887 0.824976
946 0.924435
945 3.413567
828 4.142697
858 1.591765
885 1.411977
863 0.771445
1057 1.354403
852 0.444541
837 4.517231
876 5.614155
862 3.915641
