991 1.427932
881 4.433753
927 4.121476
997 10.731859
937 0.818208
962 1.116399
870 4.179851
920 8.694187
932 0.861143
934 2.993745
865 1.227724
875 1.450569
919 6.372189
999 1.110385
897 1.320235
827 7.611323
842 4.242060
1006 1.973036
885 0.616857
884 3.946418
907 0.908422
870 1.435137
1020 1.060911
889 1.232360
842 3.891405
855 2.740174
836 0.856261
997 9.123019
925 0.979979
965 3.859600
854 4.694625
693 1.102808
908 2.106027
944 0.735467
1005 2.642907
976 2.366423
902 3.280012
851 0.895979
887 1.342498
946 1.263473
945 5.737699
828 6.096960
858 2.608143
885 2.022806
863 1.132526
1057 1.774983
852 0.748776
837 4.042583
876 9.472353
862 5.625509
