1015 0.406838
847 0.331020
942 0.509696
770 0.573958
799 0.311082
867 0.196709
877 0.641671
787 0.104558
937 0.683833
949 0.474686
638 0.211695
787 0.555057
711 0.258097
876 2.001563
821 0.267502
786 0.158662
876 0.907566
910 1.302131
809 0.534668
690 1.499692
849 0.372791
715 0.256974
908 0.297222
831 0.326088
724 0.603598
748 1.725655
880 0.316693
814 0.695488
829 0.500222
894 0.295289
959 0.234282
779 0.162330
844 0.867484
906 0.261271
829 0.466084
1009 0.279388
946 0.907276
737 1.444893
879 0.217537
787 0.491278
1046 0.563275
931 0.281022
850 0.372839
817 0.784339
819 0.667215
837 1.113755
876 0.216151
1008 0.222915
911 0.321501
817 0.130049
