1015 0.137181
847 0.115310
942 0.175334
770 0.193983
799 0.106238
867 0.070389
877 0.220850
787 0.036752
937 0.234996
949 0.164892
638 0.071373
787 0.196126
711 0.094653
876 0.676815
821 0.104851
786 0.056629
876 0.321162
910 0.452904
809 0.191522
690 0.510087
849 0.125873
715 0.097946
908 0.100818
831 0.114464
724 0.213435
748 0.600995
880 0.107577
814 0.235807
829 0.174223
894 0.100870
959 0.084306
779 0.056463
844 0.300614
906 0.087474
829 0.159096
1009 0.096033
946 0.313228
737 0.496135
879 0.080626
787 0.168183
1046 0.188982
931 0.101434
850 0.128393
817 0.265400
819 0.228180
837 0.382236
876 0.080012
1008 0.075832
911 0.110148
817 0.045289
