777 0.532739
917 0.128299
1003 0.430190
785 2.087715
766 0.513980
764 2.126162
859 0.108158
969 0.899586
1008 0.869771
781 1.205897
868 0.129946
935 0.449723
890 0.163738
937 0.177710
809 0.591316
867 0.439324
810 0.209383
718 0.136818
808 0.489862
838 0.504145
674 6.981161
800 0.226090
824 1.361640
790 0.711967
906 0.500009
835 0.660209
918 0.288208
703 0.225151
802 0.705702
992 1.938168
823 0.160322
967 1.107161
810 0.295182
888 0.304133
858 0.548662
946 1.689711
720 0.562331
855 1.034582
850 0.099101
780 0.264881
888 0.091580
1074 0.489649
845 0.696717
856 1.278109
838 0.223594
884 0.287658
924 0.463842
948 0.933859
852 0.201897
893 0.290942
