777 1.003422
917 0.236651
1003 0.827210
785 3.997370
766 0.922198
764 3.994296
859 0.189660
969 1.697422
1008 1.650506
781 2.290339
868 0.233953
935 0.859616
890 0.306250
937 0.344057
809 1.151621
867 0.808744
810 0.374822
718 0.243947
808 0.873478
838 0.959335
674 13.607157
800 0.422779
824 2.613252
790 1.267778
906 0.955994
835 1.159089
918 0.543299
703 0.415297
802 1.375536
992 3.705197
823 0.288884
967 2.001231
810 0.532806
888 0.565875
858 1.030199
946 3.234986
720 1.074030
855 1.975227
850 0.174390
780 0.490714
888 0.142962
1074 0.930511
845 1.198255
856 2.446723
838 0.424028
884 0.560556
924 0.880450
948 1.796333
852 0.368284
893 0.541081
