777 0.436937
917 0.112036
1003 0.357837
785 1.683907
766 0.422129
764 1.742548
859 0.094191
969 0.743677
1008 0.717077
781 0.983328
868 0.106644
935 0.371816
890 0.135520
937 0.144902
809 0.480521
867 0.364339
810 0.176676
718 0.116190
808 0.416705
838 0.414572
674 5.658224
800 0.190141
824 1.103018
790 0.611572
906 0.404574
835 0.545190
918 0.234510
703 0.187773
802 0.567311
992 1.559036
823 0.135079
967 0.907981
810 0.248031
888 0.250621
858 0.446725
946 1.371532
720 0.457182
855 0.839009
850 0.082534
780 0.224851
888 0.077059
1074 0.402116
845 0.600698
856 1.035435
838 0.188014
884 0.234715
924 0.372375
948 0.763274
852 0.169444
893 0.235237
