1015 0.065414
847 0.055022
942 0.075261
770 0.091679
799 0.053376
867 0.039936
877 0.107150
787 0.021029
937 0.111202
949 0.086464
638 0.042324
787 0.110054
711 0.059489
876 0.311953
821 0.073427
786 0.035524
876 0.160413
910 0.226033
809 0.104874
690 0.214367
849 0.058557
715 0.052430
908 0.048877
831 0.057044
724 0.115155
748 0.284021
880 0.049940
814 0.102216
829 0.090234
894 0.047595
959 0.051483
779 0.026652
844 0.140979
906 0.041597
829 0.085764
1009 0.045000
946 0.152371
737 0.213058
879 0.042455
787 0.085069
1046 0.089953
931 0.056828
850 0.057537
817 0.117745
819 0.101573
837 0.185884
876 0.046978
1008 0.033224
911 0.051840
817 0.021334
