991 2.650657
881 8.606772
927 7.824512
997 20.362082
937 1.435916
962 2.142780
870 6.834339
920 16.397351
932 1.585254
934 5.724766
865 2.086928
875 2.523365
919 12.240893
999 2.012283
897 2.386064
827 14.370660
842 7.788826
1006 3.834181
885 0.996720
884 7.315962
907 1.685208
870 2.753766
1020 1.912328
889 2.255657
842 7.130993
855 5.213923
836 1.486141
997 17.255754
925 1.877765
965 7.093950
854 9.170384
693 2.101319
908 3.982495
944 1.208198
1005 4.666994
976 4.283764
902 5.922168
851 1.601837
887 2.549323
946 2.318351
945 10.988750
828 10.853950
858 4.833144
885 3.893752
863 2.014254
1057 3.227533
852 1.369383
837 7.012115
876 18.153741
862 10.294570
