777 1.953724
917 0.448026
1003 1.602209
785 7.930776
766 1.807601
764 7.927595
859 0.373080
969 3.261780
1008 3.303616
781 4.555888
868 0.473819
935 1.703434
890 0.600770
937 0.672365
809 2.290403
867 1.567700
810 0.747079
718 0.477324
808 1.710295
838 1.909648
674 27.259588
800 0.839196
824 5.256131
790 2.483660
906 1.906786
835 2.286952
918 1.087762
703 0.830538
802 2.764596
992 7.437215
823 0.577380
967 3.927844
810 1.024205
888 1.155228
858 2.075300
946 6.476803
720 2.156796
855 3.973990
850 0.339268
780 1.000205
888 0.280774
1074 1.903165
845 2.190887
856 4.863090
838 0.838929
884 1.121500
924 1.780147
948 3.598427
852 0.731061
893 1.092614
