1015 0.205730
847 0.172923
942 0.259755
770 0.291440
799 0.155608
867 0.100283
877 0.321657
787 0.053963
937 0.342671
949 0.241375
638 0.105628
787 0.282207
711 0.133486
876 1.000652
821 0.148162
786 0.081707
876 0.461232
910 0.655062
809 0.272751
690 0.745730
849 0.184876
715 0.136863
908 0.151992
831 0.165146
724 0.308286
748 0.876553
880 0.158052
814 0.345454
829 0.253581
894 0.150059
959 0.121907
779 0.081583
844 0.434674
906 0.132602
829 0.233970
1009 0.138602
946 0.453778
737 0.726637
879 0.112955
787 0.248198
1046 0.282943
931 0.143352
850 0.188527
817 0.391737
819 0.330522
837 0.555934
876 0.112508
1008 0.111981
911 0.163511
817 0.067394
