991 1.118619
881 2.547316
927 2.565247
997 6.568961
937 0.654948
962 0.729589
870 3.348615
920 5.413572
932 0.564366
934 1.828215
865 0.786737
875 1.374653
919 3.617026
999 0.806171
897 0.858984
827 4.673428
842 2.729513
1006 1.223109
885 0.579050
884 2.645427
907 0.658500
870 0.963321
1020 0.784699
889 0.829598
842 2.657784
855 1.623557
836 0.736605
997 5.380379
925 0.627321
965 2.178087
854 2.664282
693 0.781753
908 1.307612
944 0.537073
1005 2.043124
976 1.447518
902 2.186364
851 0.673430
887 0.821080
946 0.897832
945 3.430030
828 4.149918
858 1.579131
885 1.411808
863 0.764024
1057 1.354404
852 0.442799
837 4.634772
876 5.575766
862 3.772350
