1015 0.138743
847 0.116289
942 0.177944
770 0.195452
799 0.107203
867 0.071118
877 0.223643
787 0.037156
937 0.237168
949 0.165957
638 0.072158
787 0.196457
711 0.095057
876 0.681036
821 0.106131
786 0.057004
876 0.322808
910 0.456662
809 0.193262
690 0.513587
849 0.127831
715 0.098691
908 0.101617
831 0.115136
724 0.215446
748 0.604784
880 0.108395
814 0.237358
829 0.176579
894 0.101252
959 0.085068
779 0.056790
844 0.302051
906 0.088368
829 0.160238
1009 0.096458
946 0.315804
737 0.501464
879 0.081404
787 0.170316
1046 0.191146
931 0.102695
850 0.130170
817 0.267645
819 0.230564
837 0.386191
876 0.081072
1008 0.076449
911 0.111100
817 0.045410
