777 0.531490
917 0.127752
1003 0.428119
785 2.075903
766 0.510125
764 2.114757
859 0.107998
969 0.895967
1008 0.867875
781 1.203362
868 0.129022
935 0.448488
890 0.162877
937 0.176784
809 0.591515
867 0.439234
810 0.208868
718 0.136229
808 0.489246
838 0.500467
674 6.960855
800 0.225287
824 1.358223
790 0.710213
906 0.496894
835 0.661171
918 0.286522
703 0.224272
802 0.702001
992 1.937474
823 0.160113
967 1.106711
810 0.293972
888 0.304024
858 0.547240
946 1.681419
720 0.560595
855 1.032413
850 0.098216
780 0.263820
888 0.089766
1074 0.486671
845 0.693259
856 1.275349
838 0.221892
884 0.286699
924 0.460232
948 0.933724
852 0.201475
893 0.287688
