1015 0.088379
847 0.073449
942 0.107498
770 0.123383
799 0.069304
867 0.048293
877 0.144085
787 0.025675
937 0.151132
949 0.108041
638 0.047690
787 0.124502
711 0.062391
876 0.429461
821 0.071614
786 0.038091
876 0.207089
910 0.293613
809 0.127214
690 0.316531
849 0.079334
715 0.067803
908 0.066712
831 0.074908
724 0.142989
748 0.384739
880 0.069021
814 0.148363
829 0.114537
894 0.064999
959 0.056778
779 0.035590
844 0.189506
906 0.058069
829 0.101236
1009 0.061465
946 0.197288
737 0.304907
879 0.054607
787 0.107851
1046 0.119807
931 0.070201
850 0.081610
817 0.166881
819 0.141954
837 0.248333
876 0.053963
1008 0.047825
911 0.072317
817 0.028295
