777 0.685176
917 0.157795
1003 0.567465
785 2.732059
766 0.648485
764 2.713127
859 0.132252
969 1.165492
1008 1.123893
781 1.555127
868 0.166340
935 0.576131
890 0.207825
937 0.228337
809 0.770462
867 0.547999
810 0.261671
718 0.176149
808 0.613618
838 0.639298
674 9.133545
800 0.287635
824 1.751663
790 0.872291
906 0.643520
835 0.816543
918 0.371443
703 0.285003
802 0.926448
992 2.522293
823 0.199858
967 1.396804
810 0.372547
888 0.390442
858 0.703671
946 2.204791
720 0.728382
855 1.341698
850 0.124982
780 0.337247
888 0.106423
1074 0.628256
845 0.886901
856 1.661859
838 0.291287
884 0.373686
924 0.592369
948 1.220325
852 0.256273
893 0.362311
