777 1.009530
917 0.238758
1003 0.835031
785 4.066038
766 0.940597
764 4.051751
859 0.192655
969 1.730423
1008 1.673223
781 2.324995
868 0.238437
935 0.876845
890 0.314058
937 0.352007
809 1.168423
867 0.821816
810 0.380560
718 0.250238
808 0.894150
838 0.981587
674 13.795826
800 0.428321
824 2.644992
790 1.282199
906 0.967851
835 1.172710
918 0.552289
703 0.424016
802 1.386893
992 3.736497
823 0.295247
967 2.032161
810 0.539218
888 0.579592
858 1.045948
946 3.277057
720 1.089864
855 2.006492
850 0.178440
780 0.503678
888 0.145725
1074 0.950377
845 1.215939
856 2.486777
838 0.431269
884 0.572953
924 0.896537
948 1.817821
852 0.375629
893 0.554195
