991 1.784139
881 5.775014
927 5.343925
997 13.835175
937 1.021052
962 1.422003
870 4.857896
920 11.129963
932 1.099711
934 3.880160
865 1.507294
875 1.775661
919 8.264580
999 1.404622
897 1.663707
827 9.726094
842 5.397540
1006 2.606885
885 0.729206
884 5.012833
907 1.162933
870 1.903255
1020 1.326741
889 1.541857
842 4.914098
855 3.520207
836 1.038057
997 11.702686
925 1.306562
965 4.930338
854 6.161604
693 1.463074
908 2.676350
944 0.895330
1005 3.319056
976 2.965996
902 4.183511
851 1.100242
887 1.700505
946 1.581598
945 7.442001
828 7.523020
858 3.308378
885 2.609406
863 1.430738
1057 2.157202
852 0.935626
837 4.990770
876 12.327793
862 7.197188
