991 2.719009
881 8.808483
927 7.965647
997 20.680769
937 1.474027
962 2.180169
870 6.921664
920 16.675257
932 1.618783
934 5.836482
865 2.126023
875 2.547635
919 12.387507
999 2.054254
897 2.431862
827 14.581993
842 7.933285
1006 3.885167
885 1.014795
884 7.442409
907 1.722779
870 2.799166
1020 1.943502
889 2.296388
842 7.245925
855 5.297823
836 1.518556
997 17.504325
925 1.920810
965 7.217416
854 9.326147
693 2.143060
908 4.052004
944 1.230420
1005 4.741190
976 4.370644
902 6.011048
851 1.638846
887 2.591492
946 2.368599
945 11.127790
828 11.042155
858 4.894419
885 3.963374
863 2.066824
1057 3.295652
852 1.396142
837 7.152533
876 18.431495
862 10.504432
