777 0.332643
917 0.098482
1003 0.260847
785 1.212211
766 0.332254
764 1.325241
859 0.085971
969 0.590735
1008 0.547658
781 0.728343
868 0.092167
935 0.283985
890 0.113997
937 0.108409
809 0.385378
867 0.288868
810 0.157450
718 0.093474
808 0.347117
838 0.319914
674 3.971889
800 0.163365
824 0.805559
790 0.532577
906 0.295865
835 0.450920
918 0.175370
703 0.155250
802 0.416355
992 1.115273
823 0.108000
967 0.730017
810 0.206704
888 0.187299
858 0.337062
946 1.047417
720 0.333581
855 0.620924
850 0.074223
780 0.183849
888 0.075974
1074 0.317877
845 0.474788
856 0.781821
838 0.138794
884 0.181967
924 0.275761
948 0.584630
852 0.128702
893 0.189626
