991 1.209907
881 3.657631
927 3.408362
997 8.810318
937 0.700259
962 0.908245
870 3.560142
920 7.143000
932 0.722909
934 2.424998
865 1.003281
875 1.227455
919 5.213356
999 0.946507
897 1.105967
827 6.305337
842 3.503837
1006 1.612169
885 0.544223
884 3.269348
907 0.773926
870 1.204052
1020 0.900790
889 1.037038
842 3.385332
855 2.236155
836 0.754866
997 7.430323
925 0.817951
965 3.185058
854 3.830190
693 0.905396
908 1.734382
944 0.641899
1005 2.275598
976 1.933432
902 2.785192
851 0.750129
887 1.094996
946 1.076391
945 4.738798
828 5.054996
858 2.136123
885 1.667333
863 0.980806
1057 1.491191
852 0.614463
837 3.417140
876 7.724828
862 4.745161
