777 1.926524
917 0.438772
1003 1.575883
785 7.837834
766 1.777490
764 7.873760
859 0.367718
969 3.182564
1008 3.228015
781 4.473585
868 0.459868
935 1.676636
890 0.587311
937 0.652816
809 2.255007
867 1.549015
810 0.725347
718 0.461691
808 1.677717
838 1.865774
674 26.901876
800 0.817265
824 5.165408
790 2.429328
906 1.855823
835 2.229698
918 1.062379
703 0.814696
802 2.694756
992 7.272460
823 0.560134
967 3.833715
810 0.994460
888 1.116289
858 2.004037
946 6.387573
720 2.090036
855 3.889805
850 0.327449
780 0.969195
888 0.270631
1074 1.836057
845 2.139875
856 4.816713
838 0.824855
884 1.089917
924 1.723957
948 3.528374
852 0.708626
893 1.066933
