1015 0.064550
847 0.054527
942 0.074426
770 0.090843
799 0.053199
867 0.040564
877 0.107127
787 0.021901
937 0.108445
949 0.086227
638 0.041852
787 0.110331
711 0.059178
876 0.312537
821 0.071359
786 0.033627
876 0.165538
910 0.224681
809 0.105005
690 0.214149
849 0.059466
715 0.052324
908 0.047259
831 0.056529
724 0.115629
748 0.288777
880 0.050170
814 0.100430
829 0.089992
894 0.046929
959 0.051916
779 0.026704
844 0.139550
906 0.041454
829 0.085902
1009 0.045856
946 0.155829
737 0.216478
879 0.042064
787 0.084694
1046 0.090250
931 0.056450
850 0.057582
817 0.119372
819 0.101346
837 0.182382
876 0.046344
1008 0.033331
911 0.051844
817 0.021313
