1015 0.107597
847 0.088991
942 0.132942
770 0.151545
799 0.082843
867 0.055990
877 0.172423
787 0.029257
937 0.181371
949 0.129140
638 0.056435
787 0.149377
711 0.070597
876 0.521809
821 0.084376
786 0.044363
876 0.251744
910 0.351084
809 0.147906
690 0.386764
849 0.096351
715 0.078644
908 0.079170
831 0.088713
724 0.168738
748 0.464738
880 0.083083
814 0.179928
829 0.136182
894 0.077573
959 0.066098
779 0.043334
844 0.226996
906 0.069549
829 0.123123
1009 0.073231
946 0.240198
737 0.375086
879 0.064656
787 0.129717
1046 0.145060
931 0.080354
850 0.098387
817 0.202904
819 0.173883
837 0.301913
876 0.064342
1008 0.058374
911 0.086362
817 0.034644
