991 1.426137
881 4.439932
927 4.135466
997 10.732855
937 0.821801
962 1.119113
870 4.176125
920 8.684425
932 0.858186
934 2.994212
865 1.224589
875 1.451654
919 6.373981
999 1.127323
897 1.322725
827 7.610420
842 4.237026
1006 1.962732
885 0.613747
884 3.934988
907 0.906253
870 1.436847
1020 1.061464
889 1.231850
842 3.922082
855 2.743878
836 0.855432
997 9.136399
925 0.986036
965 3.870917
854 4.707108
693 1.106385
908 2.106861
944 0.735847
1005 2.646785
976 2.345560
902 3.273061
851 0.891652
887 1.334898
946 1.259927
945 5.751675
828 6.103164
858 2.606770
885 2.022208
863 1.133811
1057 1.776212
852 0.746696
837 4.056007
876 9.482551
862 5.620942
