777 0.436986
917 0.112354
1003 0.359870
785 1.693321
766 0.421595
764 1.744824
859 0.094650
969 0.747214
1008 0.720270
781 0.995833
868 0.107452
935 0.375746
890 0.136634
937 0.145776
809 0.482501
867 0.365048
810 0.177422
718 0.116805
808 0.419352
838 0.417467
674 5.675462
800 0.190909
824 1.106772
790 0.616245
906 0.405829
835 0.547927
918 0.235551
703 0.188801
802 0.569791
992 1.567713
823 0.136397
967 0.915150
810 0.248425
888 0.253082
858 0.448253
946 1.374701
720 0.459334
855 0.843394
850 0.083676
780 0.226589
888 0.076548
1074 0.403238
845 0.604724
856 1.040757
838 0.188165
884 0.236191
924 0.372912
948 0.765601
852 0.169466
893 0.236177
