991 5.115558
881 17.077408
927 15.604079
997 39.735298
937 2.607571
962 4.125731
870 12.632652
920 32.102408
932 3.061475
934 11.403725
865 4.142859
875 4.811268
919 24.121618
999 3.897061
897 4.648928
827 28.325099
842 14.834334
1006 7.482897
885 1.859664
884 14.554232
907 3.299783
870 5.339924
1020 3.557269
889 4.399800
842 13.543244
855 10.254490
836 2.815807
997 34.205726
925 3.727265
965 13.797869
854 18.153325
693 3.831814
908 7.710081
944 2.200003
1005 8.836768
976 8.336960
902 11.323308
851 3.199371
887 4.951617
946 4.535696
945 21.634963
828 21.101899
858 9.487032
885 7.664013
863 3.927166
1057 6.167071
852 2.701296
837 13.196172
876 35.853399
862 20.151508
