1015 0.404697
847 0.328345
942 0.505331
770 0.567730
799 0.307679
867 0.192962
877 0.629028
787 0.102128
937 0.665698
949 0.465595
638 0.205370
787 0.544991
711 0.254186
876 1.972068
821 0.262499
786 0.155185
876 0.892809
910 1.283681
809 0.528550
690 1.473863
849 0.364122
715 0.250900
908 0.290496
831 0.318285
724 0.591882
748 1.714209
880 0.306791
814 0.680689
829 0.490522
894 0.289346
959 0.228658
779 0.157800
844 0.850346
906 0.256104
829 0.458677
1009 0.273237
946 0.898978
737 1.428865
879 0.211872
787 0.479695
1046 0.549966
931 0.272113
850 0.365039
817 0.772576
819 0.648234
837 1.092024
876 0.211666
1008 0.217579
911 0.315167
817 0.127861
