777 0.434302
917 0.112181
1003 0.357804
785 1.679002
766 0.420594
764 1.739203
859 0.093923
969 0.743818
1008 0.719656
781 0.984171
868 0.106741
935 0.373577
890 0.135154
937 0.144529
809 0.481390
867 0.364149
810 0.176871
718 0.116693
808 0.416575
838 0.415933
674 5.647636
800 0.189480
824 1.107309
790 0.615221
906 0.404881
835 0.546624
918 0.234723
703 0.188538
802 0.568158
992 1.561672
823 0.132926
967 0.912201
810 0.247989
888 0.250326
858 0.447492
946 1.374111
720 0.457734
855 0.838133
850 0.082632
780 0.225852
888 0.077112
1074 0.401531
845 0.602857
856 1.037480
838 0.188332
884 0.234551
924 0.372087
948 0.763772
852 0.169236
893 0.235409
