777 0.997445
917 0.234926
1003 0.826217
785 4.000118
766 0.923183
764 3.995458
859 0.190221
969 1.698221
1008 1.653247
781 2.308490
868 0.234150
935 0.865699
890 0.306329
937 0.344396
809 1.154130
867 0.811805
810 0.377180
718 0.245387
808 0.876606
838 0.962613
674 13.635693
800 0.421456
824 2.613225
790 1.268801
906 0.955292
835 1.157124
918 0.542196
703 0.416368
802 1.372834
992 3.708582
823 0.290448
967 1.993366
810 0.526272
888 0.565157
858 1.032350
946 3.237358
720 1.072413
855 1.982117
850 0.174717
780 0.493286
888 0.143563
1074 0.936945
845 1.195835
856 2.452682
838 0.425225
884 0.567065
924 0.879925
948 1.794308
852 0.370079
893 0.545971
