777 1.923852
917 0.439324
1003 1.569182
785 7.852291
766 1.781395
764 7.856537
859 0.366780
969 3.177525
1008 3.241351
781 4.494093
868 0.463318
935 1.675637
890 0.592800
937 0.654491
809 2.261481
867 1.547900
810 0.731736
718 0.461319
808 1.683350
838 1.878372
674 27.065114
800 0.821243
824 5.163246
790 2.429241
906 1.877280
835 2.241237
918 1.065756
703 0.810182
802 2.714298
992 7.306042
823 0.563244
967 3.869003
810 1.004394
888 1.114154
858 2.031314
946 6.430756
720 2.114267
855 3.907862
850 0.327348
780 0.971181
888 0.271235
1074 1.833966
845 2.138733
856 4.812890
838 0.823111
884 1.087140
924 1.730544
948 3.531176
852 0.706326
893 1.064250
