1015 0.409582
847 0.333004
942 0.512058
770 0.579272
799 0.311929
867 0.196821
877 0.639983
787 0.104300
937 0.677869
949 0.474595
638 0.210506
787 0.551785
711 0.256134
876 1.986829
821 0.267093
786 0.159273
876 0.910236
910 1.301596
809 0.534593
690 1.496346
849 0.372187
715 0.256785
908 0.297596
831 0.325456
724 0.603346
748 1.722713
880 0.315995
814 0.697127
829 0.498403
894 0.296925
959 0.234329
779 0.162438
844 0.866985
906 0.262940
829 0.469046
1009 0.279551
946 0.914565
737 1.443559
879 0.217478
787 0.491175
1046 0.562144
931 0.279717
850 0.375375
817 0.783557
819 0.665924
837 1.115152
876 0.216965
1008 0.222864
911 0.322833
817 0.129969
