1015 0.202951
847 0.171843
942 0.259068
770 0.290513
799 0.155035
867 0.098869
877 0.318276
787 0.053565
937 0.342789
949 0.240439
638 0.104674
787 0.280476
711 0.132662
876 1.002517
821 0.147654
786 0.081157
876 0.459540
910 0.654326
809 0.270699
690 0.742593
849 0.184759
715 0.134895
908 0.150478
831 0.162911
724 0.306048
748 0.872533
880 0.157241
814 0.343679
829 0.250687
894 0.147708
959 0.121111
779 0.080639
844 0.433868
906 0.130965
829 0.230509
1009 0.136881
946 0.451592
737 0.721128
879 0.111613
787 0.244859
1046 0.280595
931 0.142148
850 0.187731
817 0.388924
819 0.328386
837 0.552178
876 0.111423
1008 0.109719
911 0.161063
817 0.066433
