1015 0.088620
847 0.073331
942 0.107602
770 0.123114
799 0.069288
867 0.047701
877 0.143194
787 0.025460
937 0.150652
949 0.107444
638 0.047631
787 0.124484
711 0.062318
876 0.429722
821 0.071436
786 0.038207
876 0.207286
910 0.293367
809 0.126646
690 0.316119
849 0.079514
715 0.067466
908 0.066858
831 0.075154
724 0.142809
748 0.384772
880 0.069269
814 0.147812
829 0.114191
894 0.065159
959 0.056641
779 0.035536
844 0.189424
906 0.058079
829 0.101064
1009 0.060753
946 0.196709
737 0.305272
879 0.054830
787 0.107795
1046 0.119441
931 0.070252
850 0.081899
817 0.166373
819 0.142613
837 0.247672
876 0.054564
1008 0.048183
911 0.072291
817 0.028184
