777 0.330965
917 0.098217
1003 0.262027
785 1.222340
766 0.335279
764 1.329350
859 0.079472
969 0.591653
1008 0.549461
781 0.735078
868 0.093139
935 0.283638
890 0.111870
937 0.108010
809 0.379900
867 0.288136
810 0.158044
718 0.094213
808 0.347291
838 0.319213
674 3.946385
800 0.164797
824 0.805543
790 0.523816
906 0.291253
835 0.451050
918 0.179805
703 0.157764
802 0.419174
992 1.116638
823 0.107219
967 0.729158
810 0.216850
888 0.179424
858 0.340678
946 1.051340
720 0.335851
855 0.622557
850 0.074074
780 0.186909
888 0.074698
1074 0.316672
845 0.469408
856 0.739369
838 0.140368
884 0.181337
924 0.275020
948 0.585307
852 0.126858
893 0.192317
