991 2.681571
881 8.709884
927 7.886945
997 20.533735
937 1.456737
962 2.170651
870 6.860357
920 16.543998
932 1.597510
934 5.767027
865 2.104593
875 2.529443
919 12.316654
999 2.027236
897 2.447182
827 14.466731
842 7.850891
1006 3.848459
885 1.006865
884 7.358440
907 1.706054
870 2.770041
1020 1.919263
889 2.278865
842 7.195443
855 5.250617
836 1.497259
997 17.344623
925 1.895828
965 7.141958
854 9.221771
693 2.116276
908 4.001854
944 1.220730
1005 4.693602
976 4.323197
902 5.957492
851 1.620594
887 2.567566
946 2.342013
945 11.032735
828 10.978141
858 4.857845
885 3.921935
863 2.049944
1057 3.244227
852 1.378915
837 7.071509
876 18.275474
862 10.376962
