1015 0.138691
847 0.116417
942 0.177121
770 0.196113
799 0.107916
867 0.071601
877 0.223509
787 0.037160
937 0.239609
949 0.166091
638 0.072285
787 0.197454
711 0.094667
876 0.680732
821 0.106237
786 0.057007
876 0.323760
910 0.454069
809 0.192208
690 0.512578
849 0.127380
715 0.098665
908 0.101637
831 0.114987
724 0.214965
748 0.602910
880 0.108240
814 0.236575
829 0.175651
894 0.101072
959 0.084466
779 0.056629
844 0.300691
906 0.088610
829 0.159596
1009 0.096324
946 0.313301
737 0.496123
879 0.081191
787 0.169456
1046 0.189722
931 0.102475
850 0.129286
817 0.267608
819 0.229226
837 0.384785
876 0.080716
1008 0.076418
911 0.110816
817 0.045230
