991 1.439129
881 4.492927
927 4.158575
997 10.810418
937 0.831236
962 1.126789
870 4.211207
920 8.745943
932 0.863486
934 3.021701
865 1.239853
875 1.461487
919 6.421542
999 1.136057
897 1.344792
827 7.678054
842 4.270583
1006 1.981586
885 0.622018
884 3.977228
907 0.916660
870 1.455653
1020 1.075970
889 1.248878
842 3.967540
855 2.773630
836 0.866057
997 9.214519
925 0.995181
965 3.899451
854 4.746271
693 1.115775
908 2.130203
944 0.744812
1005 2.669940
976 2.366363
902 3.294693
851 0.902716
887 1.350706
946 1.274020
945 5.786456
828 6.152548
858 2.625271
885 2.039451
863 1.142355
1057 1.792340
852 0.757397
837 4.092076
876 9.568226
862 5.707706
