991 5.120973
881 16.967952
927 15.539919
997 39.809133
937 2.635045
962 4.167632
870 12.685572
920 32.047846
932 3.078269
934 11.388355
865 4.115766
875 4.796298
919 24.045072
999 3.919220
897 4.651448
827 28.241202
842 14.892691
1006 7.491880
885 1.849651
884 14.464985
907 3.286406
870 5.338087
1020 3.554806
889 4.409906
842 13.569178
855 10.275897
836 2.803633
997 34.196096
925 3.724245
965 13.781824
854 18.116433
693 3.817093
908 7.730513
944 2.197634
1005 8.824538
976 8.331214
902 11.326383
851 3.183636
887 4.932306
946 4.490079
945 21.638247
828 21.133890
858 9.495049
885 7.681450
863 3.913132
1057 6.178011
852 2.691576
837 13.188582
876 35.811018
862 20.116635
