777 0.684329
917 0.157135
1003 0.564649
785 2.732569
766 0.646919
764 2.718042
859 0.132440
969 1.164574
1008 1.125080
781 1.563933
868 0.166254
935 0.578426
890 0.209199
937 0.228589
809 0.776210
867 0.549688
810 0.261927
718 0.177030
808 0.617870
838 0.640448
674 9.178054
800 0.290108
824 1.760272
790 0.877973
906 0.648060
835 0.821555
918 0.372002
703 0.285623
802 0.927385
992 2.533756
823 0.201423
967 1.401239
810 0.375197
888 0.391877
858 0.708158
946 2.206955
720 0.731848
855 1.337429
850 0.125641
780 0.339517
888 0.108003
1074 0.628242
845 0.888279
856 1.665835
838 0.291023
884 0.372914
924 0.594152
948 1.219156
852 0.259201
893 0.361665
