991 1.116316
881 2.541991
927 2.582719
997 6.663823
937 0.673616
962 0.729999
870 3.036133
920 5.352581
932 0.570299
934 1.830007
865 0.790341
875 1.427563
919 3.642425
999 0.835413
897 0.895231
827 4.662528
842 2.905013
1006 1.218593
885 0.587688
884 2.657394
907 0.666853
870 0.964234
1020 0.776311
889 0.832123
842 2.659161
855 1.644127
836 0.731646
997 5.361339
925 0.625496
965 2.170564
854 2.640925
693 0.779519
908 1.304859
944 0.540660
1005 2.089902
976 1.466534
902 2.197937
851 0.673739
887 0.808240
946 0.883738
945 3.473829
828 4.164614
858 1.591401
885 1.423713
863 0.762960
1057 1.356159
852 0.445706
837 4.699191
876 5.568124
862 3.830800
