777 0.532017
917 0.127814
1003 0.428513
785 2.084203
766 0.512464
764 2.124093
859 0.108769
969 0.898644
1008 0.871609
781 1.205588
868 0.130375
935 0.450422
890 0.164060
937 0.178524
809 0.593750
867 0.440960
810 0.210057
718 0.137876
808 0.490949
838 0.506000
674 6.987298
800 0.226638
824 1.367491
790 0.714971
906 0.503306
835 0.665232
918 0.288950
703 0.226239
802 0.705986
992 1.943746
823 0.161120
967 1.108034
810 0.296756
888 0.306552
858 0.552443
946 1.690733
720 0.565085
855 1.039450
850 0.099015
780 0.266439
888 0.091894
1074 0.489969
845 0.699735
856 1.282635
838 0.225736
884 0.290449
924 0.463794
948 0.940208
852 0.203445
893 0.291981
