1015 0.065806
847 0.055045
942 0.073859
770 0.092188
799 0.052741
867 0.039798
877 0.107253
787 0.020947
937 0.110613
949 0.084902
638 0.044873
787 0.112490
711 0.059022
876 0.310421
821 0.071993
786 0.034837
876 0.160733
910 0.227762
809 0.105070
690 0.214511
849 0.060138
715 0.052685
908 0.049146
831 0.056786
724 0.113374
748 0.286520
880 0.049455
814 0.102894
829 0.088943
894 0.047026
959 0.051803
779 0.026663
844 0.139692
906 0.041624
829 0.084011
1009 0.045272
946 0.152852
737 0.215673
879 0.042588
787 0.085048
1046 0.091071
931 0.056505
850 0.057000
817 0.119076
819 0.102298
837 0.182877
876 0.047344
1008 0.033075
911 0.052565
817 0.021282
