991 1.800948
881 5.848457
927 5.392499
997 13.927936
937 1.029374
962 1.437783
870 4.899064
920 11.233006
932 1.109821
934 3.910420
865 1.519302
875 1.790568
919 8.348125
999 1.414785
897 1.677862
827 9.775525
842 5.444588
1006 2.624714
885 0.730805
884 5.037474
907 1.169231
870 1.911954
1020 1.332407
889 1.555947
842 4.964492
855 3.544984
836 1.050795
997 11.795632
925 1.316792
965 4.971401
854 6.187901
693 1.469152
908 2.692911
944 0.903073
1005 3.350599
976 2.983722
902 4.190228
851 1.106237
887 1.709832
946 1.586995
945 7.494909
828 7.586818
858 3.325096
885 2.629039
863 1.436860
1057 2.171917
852 0.944956
837 5.016684
876 12.365553
862 7.224165
