1015 0.107371
847 0.089039
942 0.132154
770 0.151003
799 0.082945
867 0.055752
877 0.172536
787 0.029138
937 0.181019
949 0.129029
638 0.056097
787 0.148916
711 0.070538
876 0.521982
821 0.084253
786 0.044353
876 0.251637
910 0.351806
809 0.147474
690 0.383509
849 0.096264
715 0.078404
908 0.078898
831 0.088660
724 0.167875
748 0.463285
880 0.082957
814 0.179957
829 0.135983
894 0.077340
959 0.066093
779 0.043156
844 0.226814
906 0.069725
829 0.123526
1009 0.073114
946 0.239878
737 0.376353
879 0.064639
787 0.129393
1046 0.144929
931 0.079873
850 0.098004
817 0.202636
819 0.172819
837 0.297971
876 0.063782
1008 0.058138
911 0.086425
817 0.034384
