991 1.215739
881 3.665780
927 3.411017
997 8.846919
937 0.703056
962 0.913548
870 3.567163
920 7.174694
932 0.726227
934 2.437912
865 1.005933
875 1.233517
919 5.214966
999 0.950659
897 1.112087
827 6.318517
842 3.527198
1006 1.626344
885 0.546475
884 3.284163
907 0.777386
870 1.208752
1020 0.905411
889 1.043781
842 3.386098
855 2.243250
836 0.756214
997 7.449407
925 0.821365
965 3.189988
854 3.849569
693 0.904391
908 1.738784
944 0.643791
1005 2.282619
976 1.944284
902 2.803917
851 0.755819
887 1.099539
946 1.082298
945 4.730844
828 5.075885
858 2.142670
885 1.677202
863 0.982079
1057 1.493173
852 0.616640
837 3.427753
876 7.779176
862 4.763109
