991 0.685174
881 2.420068
927 2.204295
997 5.555480
937 0.376532
962 0.584703
870 2.065679
920 4.647552
932 0.437550
934 1.613366
865 0.574235
875 0.691401
919 3.460009
999 0.569100
897 0.687716
827 4.053449
842 2.131395
1006 1.039168
885 0.268878
884 2.082198
907 0.471343
870 0.767835
1020 0.532999
889 0.628586
842 1.936862
855 1.500404
836 0.402073
997 4.966168
925 0.476621
965 1.900424
854 2.588158
693 0.520393
908 1.130300
944 0.319238
1005 1.282212
976 1.240283
902 1.620442
851 0.452894
887 0.705013
946 0.667771
945 3.153686
828 3.106859
858 1.399691
885 1.105587
863 0.569128
1057 0.931014
852 0.381754
837 2.880112
876 5.204872
862 2.859028
