1015 0.059478
847 0.047869
942 0.067709
770 0.081535
799 0.042415
867 0.030086
877 0.089003
787 0.014695
937 0.094746
949 0.065091
638 0.029943
787 0.077709
711 0.032615
876 0.280936
821 0.041597
786 0.021956
876 0.126581
910 0.180816
809 0.073403
690 0.203932
849 0.054615
715 0.035897
908 0.040996
831 0.047591
724 0.084218
748 0.239718
880 0.046287
814 0.097354
829 0.068601
894 0.039142
959 0.033772
779 0.022603
844 0.120386
906 0.035506
829 0.064570
1009 0.038398
946 0.132172
737 0.190954
879 0.030646
787 0.069415
1046 0.077915
931 0.039268
850 0.051146
817 0.108645
819 0.090913
837 0.151874
876 0.033801
1008 0.031163
911 0.042344
817 0.017945
