991 2.666645
881 8.964930
927 8.197871
997 21.537124
937 1.351638
962 2.168680
870 6.653970
920 16.791968
932 1.594391
934 5.965642
865 2.215518
875 2.481929
919 12.507219
999 2.032140
897 2.425233
827 14.797084
842 7.749615
1006 4.067360
885 0.968796
884 7.511674
907 1.716304
870 2.800637
1020 1.833519
889 2.284200
842 7.064419
855 5.360434
836 1.449886
997 17.740885
925 1.911837
965 7.241176
854 9.542459
693 2.056812
908 4.104871
944 1.146520
1005 4.574668
976 4.347294
902 5.902216
851 1.674765
887 2.480228
946 2.365786
945 11.358057
828 11.168231
858 4.913859
885 4.014465
863 2.096773
1057 3.250997
852 1.439189
837 6.989853
876 18.682242
862 10.644930
