1015 0.467659
847 0.373475
942 0.576180
770 0.764767
799 0.406340
867 0.381994
877 0.953228
787 0.136602
937 0.830088
949 0.737014
638 0.235923
787 0.663642
711 0.408905
876 2.326148
821 0.332297
786 0.250913
876 1.124950
910 1.740510
809 0.830300
690 1.627998
849 0.382105
715 0.297204
908 0.462894
831 0.419499
724 0.764456
748 2.133453
880 0.330172
814 0.707358
829 0.779599
894 0.390427
959 0.296753
779 0.178559
844 1.243048
906 0.307494
829 0.605621
1009 0.335325
946 1.087336
737 1.939738
879 0.228960
787 0.579610
1046 0.797903
931 0.375191
850 0.433836
817 0.988497
819 0.778316
837 1.295535
876 0.340765
1008 0.223018
911 0.309779
817 0.175145
