991 0.830857
881 2.996127
927 2.724385
997 6.903462
937 0.458658
962 0.717377
870 2.267815
920 5.735308
932 0.541870
934 2.007800
865 0.703302
875 0.852755
919 4.289534
999 0.685595
897 0.848594
827 5.009499
842 2.623724
1006 1.273205
885 0.331802
884 2.516035
907 0.574682
870 0.931520
1020 0.618814
889 0.775907
842 2.384565
855 1.830214
836 0.489712
997 6.005572
925 0.585848
965 2.421957
854 3.168611
693 0.633326
908 1.365466
944 0.391748
1005 1.566207
976 1.501055
902 2.012994
851 0.558678
887 0.854625
946 0.820733
945 3.892846
828 3.796691
858 1.695924
885 1.353041
863 0.730764
1057 1.076453
852 0.467516
837 2.414498
876 6.391117
862 3.555295
