991 4.868002
881 16.417014
927 15.067982
997 38.591134
937 2.466795
962 3.921441
870 12.080860
920 30.920397
932 2.878873
934 10.875998
865 3.927720
875 4.556157
919 23.088455
999 3.677693
897 4.379173
827 27.170475
842 14.139484
1006 7.102857
885 1.705733
884 13.972872
907 3.127132
870 5.114174
1020 3.347281
889 4.158100
842 13.038283
855 9.851922
836 2.647412
997 33.238724
925 3.508237
965 13.222827
854 17.455547
693 3.663073
908 7.292244
944 2.035344
1005 8.363964
976 7.893099
902 10.794068
851 3.021852
887 4.656518
946 4.279954
945 20.922992
828 20.387519
858 9.001352
885 7.266733
863 3.686321
1057 5.917604
852 2.576293
837 12.782339
876 34.588501
862 19.546301
