777 0.334371
917 0.076399
1003 0.270859
785 1.372306
766 0.317177
764 1.401373
859 0.062094
969 0.581187
1008 0.576878
781 0.789913
868 0.080809
935 0.294041
890 0.103916
937 0.109560
809 0.399080
867 0.270918
810 0.127650
718 0.081767
808 0.298493
838 0.324479
674 4.807578
800 0.144666
824 0.884845
790 0.430128
906 0.326924
835 0.395892
918 0.186622
703 0.141044
802 0.467947
992 1.277060
823 0.097226
967 0.685011
810 0.176211
888 0.195029
858 0.351606
946 1.132939
720 0.365817
855 0.690226
850 0.057705
780 0.162160
888 0.048611
1074 0.321886
845 0.379755
856 0.846836
838 0.141804
884 0.185270
924 0.303982
948 0.626017
852 0.125072
893 0.185186
