991 1.614164
881 5.800209
927 5.352893
997 13.551251
937 0.902833
962 1.397910
870 4.412521
920 11.199759
932 1.061827
934 3.925948
865 1.382488
875 1.661654
919 8.316813
999 1.320311
897 1.627331
827 9.786038
842 5.155013
1006 2.561561
885 0.644546
884 4.967710
907 1.130685
870 1.861649
1020 1.222363
889 1.512825
842 4.681527
855 3.553117
836 0.962441
997 11.771625
925 1.254586
965 4.801253
854 6.276388
693 1.345846
908 2.608707
944 0.759156
1005 3.033279
976 2.900894
902 3.924735
851 1.089689
887 1.652642
946 1.569597
945 7.562464
828 7.319121
858 3.263312
885 2.659469
863 1.378794
1057 2.108699
852 0.916304
837 4.582858
876 12.432608
862 7.006607
