1015 0.367871
847 0.302551
942 0.462736
770 0.530419
799 0.275144
867 0.168145
877 0.583690
787 0.088557
937 0.627207
949 0.426662
638 0.183552
787 0.517516
711 0.227580
876 1.895359
821 0.242293
786 0.136363
876 0.835588
910 1.223192
809 0.487662
690 1.395337
849 0.342121
715 0.222238
908 0.260580
831 0.285544
724 0.550760
748 1.638028
880 0.281508
814 0.630790
829 0.443601
894 0.256143
959 0.206581
779 0.140103
844 0.801290
906 0.226431
829 0.425747
1009 0.241329
946 0.848806
737 1.362757
879 0.193186
787 0.442572
1046 0.504018
931 0.247281
850 0.334930
817 0.728688
819 0.599992
837 1.027697
876 0.185625
1008 0.195555
911 0.292844
817 0.112005
