991 0.605670
881 2.083162
927 1.897504
997 4.714600
937 0.333642
962 0.512401
870 2.040070
920 4.011730
932 0.389970
934 1.390601
865 0.503674
875 0.596493
919 2.972437
999 0.503472
897 0.572806
827 3.489296
842 1.815815
1006 0.886723
885 0.229792
884 1.808043
907 0.410870
870 0.671728
1020 0.474451
889 0.542934
842 1.667805
855 1.290601
836 0.347588
997 4.301296
925 0.413095
965 1.625286
854 2.226975
693 0.470275
908 0.968423
944 0.272137
1005 1.119436
976 1.092615
902 1.394830
851 0.394765
887 0.597922
946 0.600332
945 2.703209
828 2.891259
858 1.235646
885 0.948402
863 0.501572
1057 0.905072
852 0.321845
837 2.840257
876 4.475708
862 2.445910
