991 0.695238
881 2.436427
927 2.210094
997 5.532694
937 0.379085
962 0.590648
870 2.095756
920 4.647586
932 0.447436
934 1.637803
865 0.585295
875 0.693604
919 3.490804
999 0.571692
897 0.694159
827 4.128027
842 2.141306
1006 1.035526
885 0.272395
884 2.092542
907 0.477370
870 0.768557
1020 0.513209
889 0.632434
842 1.938607
855 1.504130
836 0.403639
997 4.972530
925 0.478113
965 1.908059
854 2.599399
693 0.527690
908 1.128085
944 0.319140
1005 1.288908
976 1.245321
902 1.637952
851 0.458748
887 0.699499
946 0.670405
945 3.171196
828 3.096278
858 1.408968
885 1.107915
863 0.576829
1057 0.879909
852 0.380441
837 2.403147
876 5.211446
862 2.880321
