1015 0.135812
847 0.110057
942 0.173293
770 0.194441
799 0.104410
867 0.067840
877 0.217548
787 0.034584
937 0.231240
949 0.161321
638 0.070636
787 0.189441
711 0.085309
876 0.689532
821 0.091546
786 0.053516
876 0.309711
910 0.447461
809 0.183347
690 0.511158
849 0.126051
715 0.087283
908 0.096134
831 0.108556
724 0.207225
748 0.594732
880 0.105806
814 0.231700
829 0.168447
894 0.097418
959 0.077556
779 0.054286
844 0.292427
906 0.085628
829 0.155541
1009 0.091522
946 0.309382
737 0.485378
879 0.073290
787 0.165756
1046 0.190378
931 0.094133
850 0.124824
817 0.268518
819 0.224618
837 0.375925
876 0.075361
1008 0.074016
911 0.107975
817 0.043133
