1015 0.206111
847 0.169029
942 0.261814
770 0.294438
799 0.156451
867 0.099825
877 0.325007
787 0.052413
937 0.345089
949 0.240205
638 0.106121
787 0.286295
711 0.129105
876 1.032957
821 0.137070
786 0.080117
876 0.464292
910 0.675687
809 0.276328
690 0.765006
849 0.187746
715 0.130236
908 0.151042
831 0.162550
724 0.310132
748 0.899080
880 0.157936
814 0.348296
829 0.252822
894 0.149675
959 0.119236
779 0.081501
844 0.440471
906 0.131424
829 0.232233
1009 0.136920
946 0.464872
737 0.739478
879 0.109905
787 0.248977
1046 0.287292
931 0.140697
850 0.187183
817 0.403320
819 0.337340
837 0.566022
876 0.111076
1008 0.110955
911 0.163061
817 0.065412
