777 1.809469
917 0.394852
1003 1.472962
785 7.520701
766 1.655274
764 7.547273
859 0.325710
969 3.002906
1008 3.046479
781 4.264633
868 0.413992
935 1.559736
890 0.538976
937 0.592590
809 2.118258
867 1.437705
810 0.663441
718 0.408268
808 1.551619
838 1.733205
674 26.100812
800 0.745640
824 4.899662
790 2.277306
906 1.746953
835 2.101898
918 0.980574
703 0.741142
802 2.539240
992 6.973267
823 0.514671
967 3.665992
810 0.928283
888 1.033779
858 1.905993
946 6.128485
720 1.970905
855 3.687183
850 0.287007
780 0.902622
888 0.235728
1074 1.718877
845 1.997719
856 4.581493
838 0.758372
884 1.016977
924 1.641725
948 3.351789
852 0.657761
893 0.987968
