991 4.765729
881 16.227079
927 14.864474
997 38.066454
937 2.420448
962 3.851060
870 12.004105
920 30.562471
932 2.854170
934 10.785395
865 3.891928
875 4.509686
919 22.895403
999 3.645686
897 4.357029
827 27.078367
842 14.072835
1006 7.050523
885 1.692735
884 13.723773
907 3.085220
870 5.044770
1020 3.314402
889 4.102797
842 12.874631
855 9.747736
836 2.622462
997 32.818933
925 3.476251
965 13.181906
854 17.322986
693 3.651003
908 7.273983
944 2.032428
1005 8.318067
976 7.874898
902 10.797404
851 2.993122
887 4.609432
946 4.243469
945 20.714182
828 20.135741
858 8.946925
885 7.213112
863 3.656850
1057 5.849783
852 2.541312
837 12.586996
876 34.326204
862 19.340864
