1015 0.356800
847 0.297130
942 0.448640
770 0.516782
799 0.269658
867 0.165635
877 0.572693
787 0.087761
937 0.608745
949 0.415319
638 0.180708
787 0.507235
711 0.222373
876 1.856764
821 0.238700
786 0.135990
876 0.829689
910 1.220580
809 0.485523
690 1.397119
849 0.337997
715 0.218068
908 0.257846
831 0.283537
724 0.550091
748 1.639902
880 0.281752
814 0.628567
829 0.444222
894 0.254255
959 0.205920
779 0.138913
844 0.798110
906 0.226834
829 0.424474
1009 0.239858
946 0.841916
737 1.347546
879 0.192581
787 0.438418
1046 0.502266
931 0.244000
850 0.333304
817 0.718149
819 0.595315
837 1.029071
876 0.185527
1008 0.192232
911 0.290298
817 0.112921
