991 7.793235
881 20.516435
927 36.815789
997 51.519801
937 5.230999
962 5.025078
870 15.944719
920 49.710076
932 4.251144
934 13.257156
865 6.069736
875 6.241415
919 26.670852
999 5.797039
897 7.013953
827 54.087963
842 16.477647
1006 10.085794
885 4.265305
884 19.896483
907 4.891960
870 6.395798
1020 3.689664
889 7.501538
842 15.438817
855 11.671071
836 7.440056
997 45.642903
925 4.712456
965 15.636459
854 19.971608
693 4.970302
908 8.729665
944 3.509101
1005 10.468429
976 9.788614
902 17.701563
851 7.176824
887 7.219578
946 5.257067
945 31.650278
828 26.315756
858 11.744766
885 10.150950
863 7.146962
1057 8.492390
852 3.257030
837 15.623890
876 43.591543
862 27.160077
