777 0.990153
917 0.229027
1003 0.827227
785 4.204062
766 0.929332
764 4.126966
859 0.185181
969 1.681915
1008 1.688609
781 2.327398
868 0.237686
935 0.867855
890 0.304404
937 0.353137
809 1.174410
867 0.807479
810 0.375477
718 0.239016
808 0.884265
838 0.983580
674 14.097745
800 0.420361
824 2.820105
790 1.266618
906 0.966873
835 1.171815
918 0.546803
703 0.420202
802 1.394379
992 3.844248
823 0.286397
967 2.004344
810 0.517206
888 0.588833
858 1.032822
946 3.345217
720 1.078938
855 2.024907
850 0.168853
780 0.485529
888 0.139865
1074 0.965599
845 1.107037
856 2.548482
838 0.352701
884 0.561778
924 0.898438
948 1.842544
852 0.367724
893 0.549261
