991 0.818638
881 2.973379
927 2.709593
997 6.857843
937 0.454879
962 0.711561
870 2.243328
920 5.681385
932 0.534449
934 1.983687
865 0.697237
875 0.842970
919 4.264121
999 0.680769
897 0.842976
827 4.985205
842 2.614924
1006 1.264562
885 0.329975
884 2.506175
907 0.570622
870 0.922798
1020 0.614300
889 0.768374
842 2.371639
855 1.818166
836 0.488327
997 5.969797
925 0.580757
965 2.411684
854 3.159016
693 0.628231
908 1.353100
944 0.386829
1005 1.550923
976 1.491115
902 2.002048
851 0.552579
887 0.848003
946 0.816357
945 3.869931
828 3.782088
858 1.681453
885 1.341878
863 0.722934
1057 1.067268
852 0.462622
837 2.393287
876 6.358806
862 3.530947
