777 0.272009
917 0.062233
1003 0.218808
785 1.095382
766 0.254558
764 1.126831
859 0.051254
969 0.472870
1008 0.465914
781 0.643543
868 0.065956
935 0.236636
890 0.086484
937 0.089708
809 0.324675
867 0.225110
810 0.104785
718 0.066310
808 0.235537
838 0.262236
674 3.862644
800 0.117990
824 0.727244
790 0.344745
906 0.263261
835 0.322544
918 0.154151
703 0.114241
802 0.383515
992 1.039620
823 0.079308
967 0.556761
810 0.142632
888 0.159841
858 0.289013
946 0.915693
720 0.299242
855 0.572598
850 0.046708
780 0.131145
888 0.040892
1074 0.260685
845 0.309632
856 0.704459
838 0.116055
884 0.152847
924 0.251105
948 0.499239
852 0.102299
893 0.152094
