991 4.860322
881 16.364925
927 15.012451
997 38.631734
937 2.459955
962 3.941585
870 12.227450
920 31.066752
932 2.891647
934 10.916376
865 3.942609
875 4.563702
919 23.262743
999 3.701711
897 4.424358
827 27.437824
842 14.236894
1006 7.139395
885 1.718738
884 13.926743
907 3.127185
870 5.102345
1020 3.344661
889 4.148682
842 13.033015
855 9.853225
836 2.648134
997 33.182605
925 3.507413
965 13.342040
854 17.506102
693 3.669411
908 7.359768
944 2.048193
1005 8.424710
976 7.974503
902 10.874957
851 3.022952
887 4.673183
946 4.291438
945 20.929830
828 20.365087
858 9.038529
885 7.293634
863 3.693800
1057 5.905237
852 2.566842
837 12.772046
876 34.660482
862 19.458222
