1015 0.050631
847 0.040710
942 0.058053
770 0.070086
799 0.035651
867 0.026073
877 0.074943
787 0.012739
937 0.083365
949 0.055278
638 0.027467
787 0.090901
711 0.027040
876 0.236906
821 0.037385
786 0.018298
876 0.107812
910 0.152418
809 0.064894
690 0.174264
849 0.047830
715 0.030904
908 0.034628
831 0.040231
724 0.083455
748 0.201783
880 0.040466
814 0.084414
829 0.058311
894 0.032499
959 0.031639
779 0.021252
844 0.097803
906 0.030096
829 0.055517
1009 0.032105
946 0.116307
737 0.161649
879 0.027880
787 0.060208
1046 0.065928
931 0.033064
850 0.043841
817 0.090802
819 0.077744
837 0.127008
876 0.025897
1008 0.026097
911 0.035283
817 0.015482
