991 2.676479
881 9.027707
927 8.250397
997 21.653136
937 1.355932
962 2.165817
870 6.674441
920 16.818811
932 1.597278
934 5.980797
865 2.223140
875 2.492511
919 12.522228
999 2.032941
897 2.436003
827 14.799622
842 7.747862
1006 4.064362
885 0.965381
884 7.505556
907 1.710455
870 2.792674
1020 1.837138
889 2.284322
842 7.060061
855 5.364311
836 1.454119
997 17.805313
925 1.913471
965 7.257097
854 9.547325
693 2.051000
908 4.095002
944 1.145266
1005 4.579012
976 4.365482
902 5.897277
851 1.676388
887 2.480214
946 2.362551
945 11.348895
828 11.170262
858 4.923891
885 4.003377
863 2.083792
1057 3.244813
852 1.434304
837 6.969298
876 18.628741
862 10.639329
