1015 0.356583
847 0.296821
942 0.447129
770 0.515779
799 0.267981
867 0.163620
877 0.569153
787 0.086904
937 0.604031
949 0.413300
638 0.178869
787 0.507209
711 0.224498
876 1.842449
821 0.235283
786 0.133976
876 0.815518
910 1.188852
809 0.475147
690 1.377317
849 0.340160
715 0.219835
908 0.260003
831 0.282782
724 0.552644
748 1.630416
880 0.279988
814 0.627228
829 0.442614
894 0.252993
959 0.205417
779 0.139147
844 0.795343
906 0.223838
829 0.422698
1009 0.239084
946 0.836682
737 1.348333
879 0.191210
787 0.436931
1046 0.498607
931 0.244029
850 0.330574
817 0.721699
819 0.593166
837 1.029555
876 0.185503
1008 0.193293
911 0.287856
817 0.110377
