1015 0.072331
847 0.055994
942 0.085272
770 0.099513
799 0.053272
867 0.036359
877 0.110763
787 0.017950
937 0.118110
949 0.081432
638 0.035953
787 0.095544
711 0.040543
876 0.350311
821 0.047863
786 0.027653
876 0.158288
910 0.229378
809 0.092801
690 0.260479
849 0.065871
715 0.045254
908 0.049943
831 0.057292
724 0.105197
748 0.302414
880 0.055617
814 0.119460
829 0.086297
894 0.049992
959 0.041166
779 0.027821
844 0.146111
906 0.043944
829 0.080014
1009 0.047170
946 0.158476
737 0.249306
879 0.037198
787 0.085748
1046 0.097842
931 0.048257
850 0.063415
817 0.136240
819 0.114034
837 0.189285
876 0.040757
1008 0.038045
911 0.051802
817 0.022143
