777 0.993822
917 0.228123
1003 0.822275
785 4.203215
766 0.924236
764 4.111730
859 0.182587
969 1.677590
1008 1.688609
781 2.327770
868 0.238369
935 0.867862
890 0.302248
937 0.350976
809 1.173061
867 0.808171
810 0.374776
718 0.238261
808 0.882845
838 0.988498
674 14.051848
800 0.420526
824 2.814992
790 1.271257
906 0.967553
835 1.176369
918 0.547479
703 0.416364
802 1.395031
992 3.844152
823 0.286696
967 2.008399
810 0.518645
888 0.590276
858 1.032521
946 3.339810
720 1.077307
855 2.024423
850 0.168568
780 0.484027
888 0.139201
1074 0.960885
845 1.103390
856 2.545309
838 0.353160
884 0.559411
924 0.894787
948 1.846874
852 0.367064
893 0.545433
