1015 0.207352
847 0.170445
942 0.262190
770 0.294241
799 0.157325
867 0.100407
877 0.326033
787 0.052994
937 0.347468
949 0.241693
638 0.106197
787 0.282458
711 0.129634
876 1.034155
821 0.137485
786 0.080012
876 0.464470
910 0.673992
809 0.275541
690 0.765600
849 0.188346
715 0.131234
908 0.151131
831 0.164035
724 0.308973
748 0.898230
880 0.158739
814 0.348232
829 0.253656
894 0.149810
959 0.119121
779 0.081723
844 0.439841
906 0.131639
829 0.233122
1009 0.137222
946 0.465411
737 0.741050
879 0.109575
787 0.249321
1046 0.287322
931 0.142617
850 0.187836
817 0.400941
819 0.337552
837 0.564399
876 0.110643
1008 0.110784
911 0.163827
817 0.065306
