1015 0.358107
847 0.297175
942 0.449555
770 0.521659
799 0.271754
867 0.164475
877 0.573029
787 0.088333
937 0.605096
949 0.416453
638 0.182122
787 0.507763
711 0.224169
876 1.850984
821 0.240110
786 0.134760
876 0.833495
910 1.218603
809 0.483049
690 1.387090
849 0.338808
715 0.218691
908 0.257228
831 0.284030
724 0.551122
748 1.635576
880 0.279008
814 0.625083
829 0.443329
894 0.253500
959 0.204800
779 0.139598
844 0.800076
906 0.224971
829 0.424790
1009 0.238614
946 0.845980
737 1.348916
879 0.189804
787 0.440665
1046 0.501877
931 0.244274
850 0.331314
817 0.724098
819 0.597382
837 1.033316
876 0.184839
1008 0.192319
911 0.292332
817 0.110831
