991 0.696513
881 2.442191
927 2.210963
997 5.552120
937 0.377931
962 0.590865
870 2.069937
920 4.643461
932 0.444650
934 1.628513
865 0.584442
875 0.691544
919 3.504317
999 0.570926
897 0.694097
827 4.067515
842 2.133192
1006 1.044288
885 0.270484
884 2.088214
907 0.475993
870 0.762453
1020 0.530174
889 0.629924
842 1.943471
855 1.518779
836 0.404168
997 4.945843
925 0.478528
965 1.905958
854 2.598533
693 0.524687
908 1.122056
944 0.321159
1005 1.297985
976 1.249167
902 1.633182
851 0.457211
887 0.701249
946 0.682411
945 3.168085
828 3.097856
858 1.420280
885 1.097294
863 0.572846
1057 0.882567
852 0.386505
837 2.417733
876 5.197244
862 2.857135
