991 0.818924
881 2.971236
927 2.704576
997 6.867882
937 0.455285
962 0.710073
870 2.242710
920 5.690662
932 0.535254
934 1.990533
865 0.699513
875 0.848978
919 4.275821
999 0.679823
897 0.845278
827 4.990288
842 2.617714
1006 1.271897
885 0.330059
884 2.503887
907 0.572055
870 0.922385
1020 0.614941
889 0.769998
842 2.376512
855 1.822203
836 0.486802
997 5.979073
925 0.580025
965 2.409944
854 3.164560
693 0.630059
908 1.354313
944 0.388264
1005 1.555674
976 1.493686
902 2.004901
851 0.553543
887 0.851122
946 0.814618
945 3.883018
828 3.786272
858 1.685079
885 1.341146
863 0.724127
1057 1.068551
852 0.461836
837 2.386019
876 6.369885
862 3.536352
