1015 0.050708
847 0.041253
942 0.057931
770 0.069645
799 0.036123
867 0.026197
877 0.074343
787 0.012733
937 0.082849
949 0.055276
638 0.027020
787 0.089770
711 0.026941
876 0.238563
821 0.036491
786 0.018369
876 0.107651
910 0.151841
809 0.066144
690 0.172422
849 0.047642
715 0.030838
908 0.034819
831 0.039715
724 0.084086
748 0.202013
880 0.040053
814 0.083095
829 0.057620
894 0.033074
959 0.031844
779 0.020887
844 0.097882
906 0.029858
829 0.055087
1009 0.032367
946 0.116480
737 0.160829
879 0.028122
787 0.059820
1046 0.065183
931 0.033221
850 0.043353
817 0.090365
819 0.077927
837 0.126707
876 0.025960
1008 0.026012
911 0.035749
817 0.015446
