1015 0.136694
847 0.110321
942 0.174002
770 0.194889
799 0.104819
867 0.067957
877 0.217957
787 0.034598
937 0.229733
949 0.160864
638 0.070575
787 0.188024
711 0.085441
876 0.690459
821 0.092541
786 0.053525
876 0.310477
910 0.449982
809 0.182826
690 0.510079
849 0.125353
715 0.087058
908 0.096391
831 0.108486
724 0.206987
748 0.596753
880 0.105571
814 0.230988
829 0.168292
894 0.097423
959 0.077562
779 0.054054
844 0.291906
906 0.085729
829 0.155204
1009 0.091101
946 0.309381
737 0.486066
879 0.072924
787 0.165523
1046 0.190692
931 0.094040
850 0.124037
817 0.268908
819 0.224485
837 0.376886
876 0.075220
1008 0.074137
911 0.107299
817 0.043158
