777 0.332359
917 0.075301
1003 0.268846
785 1.365199
766 0.316235
764 1.396912
859 0.061831
969 0.578192
1008 0.572164
781 0.785336
868 0.079841
935 0.292577
890 0.102421
937 0.108759
809 0.398917
867 0.268755
810 0.126193
718 0.080508
808 0.296142
838 0.323131
674 4.776595
800 0.144031
824 0.885525
790 0.428675
906 0.324689
835 0.395036
918 0.185597
703 0.140953
802 0.465995
992 1.274343
823 0.096964
967 0.682324
810 0.175108
888 0.194126
858 0.348389
946 1.130798
720 0.364451
855 0.685810
850 0.057491
780 0.160756
888 0.048167
1074 0.320387
845 0.378783
856 0.844128
838 0.140977
884 0.184072
924 0.301172
948 0.624090
852 0.124946
893 0.183386
