777 2.396577
917 0.979499
1003 2.174170
785 8.815644
766 2.469754
764 12.133796
859 0.671311
969 4.163592
1008 4.649781
781 6.997130
868 0.895198
935 2.030449
890 0.812879
937 0.837336
809 3.677262
867 2.267221
810 1.122952
718 0.722883
808 2.261796
838 2.796568
674 33.603753
800 1.524038
824 7.198306
790 4.582404
906 2.369730
835 3.122234
918 1.430248
703 1.752853
802 3.416971
992 9.660153
823 0.701151
967 4.820432
810 1.464358
888 1.928285
858 2.455299
946 8.174337
720 2.411373
855 4.609608
850 0.777260
780 1.209323
888 0.617268
1074 2.673821
845 3.170012
856 4.816193
838 0.766730
884 1.873929
924 2.063887
948 6.462221
852 0.876432
893 1.628827
