777 0.660485
917 0.147860
1003 0.543441
785 2.686849
766 0.616274
764 2.742763
859 0.121243
969 1.126683
1008 1.117524
781 1.545669
868 0.156020
935 0.576802
890 0.201126
937 0.213083
809 0.776580
867 0.527494
810 0.250730
718 0.159120
808 0.584226
838 0.634927
674 9.328670
800 0.279669
824 1.753851
790 0.838709
906 0.639130
835 0.776317
918 0.364952
703 0.276292
802 0.915630
992 2.523658
823 0.190568
967 1.332385
810 0.343763
888 0.378373
858 0.686627
946 2.225894
720 0.715170
855 1.342219
850 0.111826
780 0.318170
888 0.091951
1074 0.626423
845 0.734055
856 1.653915
838 0.275789
884 0.361098
924 0.593349
948 1.227287
852 0.245831
893 0.357166
