777 0.270593
917 0.063173
1003 0.219188
785 1.105871
766 0.258624
764 1.128115
859 0.050501
969 0.473067
1008 0.462761
781 0.648023
868 0.067086
935 0.237797
890 0.085539
937 0.089477
809 0.325103
867 0.222270
810 0.103905
718 0.067099
808 0.236240
838 0.264659
674 3.839306
800 0.118066
824 0.727717
790 0.343052
906 0.263501
835 0.322900
918 0.153064
703 0.114627
802 0.392007
992 1.038223
823 0.079957
967 0.553879
810 0.142751
888 0.159786
858 0.289455
946 0.924747
720 0.298108
855 0.568776
850 0.046589
780 0.131051
888 0.040605
1074 0.261116
845 0.311426
856 0.674140
838 0.113552
884 0.154047
924 0.250143
948 0.501150
852 0.102925
893 0.153374
