1015 0.462834
847 0.371433
942 0.572602
770 0.765204
799 0.410335
867 0.384962
877 0.960081
787 0.137229
937 0.832702
949 0.744279
638 0.237335
787 0.665250
711 0.409379
876 2.335752
821 0.330718
786 0.250937
876 1.124221
910 1.734637
809 0.832421
690 1.633345
849 0.378800
715 0.298400
908 0.465730
831 0.420078
724 0.771202
748 2.129941
880 0.329735
814 0.709317
829 0.785804
894 0.392719
959 0.298226
779 0.180397
844 1.253593
906 0.313608
829 0.610349
1009 0.335235
946 1.091465
737 1.941681
879 0.230427
787 0.588905
1046 0.804114
931 0.379479
850 0.435696
817 0.995071
819 0.783735
837 1.296910
876 0.340727
1008 0.224661
911 0.311619
817 0.174862
