1015 0.072001
847 0.055724
942 0.084686
770 0.099380
799 0.053081
867 0.036102
877 0.110798
787 0.017915
937 0.117636
949 0.081475
638 0.035700
787 0.095204
711 0.040388
876 0.349952
821 0.047830
786 0.027586
876 0.158070
910 0.229403
809 0.093018
690 0.260591
849 0.066115
715 0.045366
908 0.049895
831 0.056932
724 0.104780
748 0.301371
880 0.055702
814 0.119039
829 0.086377
894 0.050281
959 0.041073
779 0.027814
844 0.145833
906 0.043869
829 0.079663
1009 0.047176
946 0.158342
737 0.249206
879 0.037268
787 0.085799
1046 0.097609
931 0.048237
850 0.063244
817 0.136536
819 0.113779
837 0.189516
876 0.040956
1008 0.038166
911 0.052013
817 0.022202
