777 0.660511
917 0.148044
1003 0.541218
785 2.686547
766 0.617938
764 2.753747
859 0.120931
969 1.131996
1008 1.125656
781 1.556356
868 0.156531
935 0.580661
890 0.201636
937 0.213649
809 0.782355
867 0.531369
810 0.250499
718 0.159148
808 0.585977
838 0.638727
674 9.356442
800 0.280804
824 1.756808
790 0.843215
906 0.641634
835 0.778926
918 0.365289
703 0.278141
802 0.917204
992 2.523095
823 0.190990
967 1.336211
810 0.345086
888 0.378903
858 0.686711
946 2.231129
720 0.714976
855 1.343708
850 0.111394
780 0.318575
888 0.092173
1074 0.628849
845 0.732350
856 1.657604
838 0.276694
884 0.360389
924 0.594529
948 1.229527
852 0.245338
893 0.357480
