991 7.798531
881 20.612689
927 36.704068
997 51.450496
937 5.237807
962 5.006971
870 15.893980
920 49.768366
932 4.277924
934 13.300226
865 6.076920
875 6.258876
919 26.733863
999 5.817013
897 6.992498
827 54.289784
842 16.508433
1006 10.116888
885 4.267799
884 19.877816
907 4.902246
870 6.375613
1020 3.685115
889 7.503899
842 15.471022
855 11.690514
836 7.427929
997 45.674528
925 4.739259
965 15.646419
854 19.990653
693 4.970176
908 8.752053
944 3.529948
1005 10.497552
976 9.824774
902 17.634319
851 7.185596
887 7.222813
946 5.257259
945 31.655469
828 26.392767
858 11.815097
885 10.149545
863 7.162606
1057 8.514615
852 3.261300
837 15.661061
876 43.681737
862 27.287619
