1015 0.136811
847 0.110623
942 0.174205
770 0.194585
799 0.103780
867 0.067612
877 0.217724
787 0.034691
937 0.230442
949 0.160398
638 0.070675
787 0.188268
711 0.085729
876 0.685693
821 0.091620
786 0.053420
876 0.309102
910 0.446941
809 0.182796
690 0.510482
849 0.125690
715 0.087322
908 0.095989
831 0.108571
724 0.206186
748 0.596859
880 0.105390
814 0.230822
829 0.168444
894 0.097382
959 0.077465
779 0.054027
844 0.292102
906 0.085012
829 0.155009
1009 0.090876
946 0.308988
737 0.486500
879 0.072984
787 0.166033
1046 0.190642
931 0.093954
850 0.124630
817 0.267768
819 0.224250
837 0.377731
876 0.076042
1008 0.074206
911 0.107475
817 0.043017
