1015 0.207110
847 0.171646
942 0.260528
770 0.293689
799 0.156405
867 0.100391
877 0.327132
787 0.052424
937 0.347343
949 0.241481
638 0.105720
787 0.282414
711 0.129493
876 1.036789
821 0.137266
786 0.079851
876 0.463602
910 0.673520
809 0.274917
690 0.764396
849 0.187373
715 0.130193
908 0.151069
831 0.163351
724 0.309450
748 0.893986
880 0.158155
814 0.347884
829 0.252960
894 0.149902
959 0.119449
779 0.081289
844 0.439623
906 0.131687
829 0.232181
1009 0.137319
946 0.465026
737 0.744384
879 0.110020
787 0.248283
1046 0.286090
931 0.141705
850 0.186403
817 0.400917
819 0.338436
837 0.568428
876 0.111121
1008 0.111374
911 0.163856
817 0.065239
