991 2.674392
881 9.013488
927 8.218423
997 21.563241
937 1.357301
962 2.166625
870 6.662665
920 16.896156
932 1.597030
934 6.010369
865 2.245405
875 2.503944
919 12.579664
999 2.036618
897 2.442191
827 14.805127
842 7.753510
1006 4.062996
885 0.971611
884 7.548323
907 1.713848
870 2.805220
1020 1.838670
889 2.284089
842 7.058962
855 5.378626
836 1.460587
997 17.810748
925 1.915412
965 7.250577
854 9.609634
693 2.057128
908 4.102279
944 1.145463
1005 4.595521
976 4.372674
902 5.934716
851 1.675476
887 2.483798
946 2.370848
945 11.384517
828 11.195980
858 4.940692
885 4.024752
863 2.096867
1057 3.256917
852 1.439114
837 6.987382
876 18.644377
862 10.655496
