991 0.696409
881 2.436638
927 2.207611
997 5.524678
937 0.378779
962 0.588494
870 2.079507
920 4.625994
932 0.450510
934 1.621327
865 0.580323
875 0.692897
919 3.463145
999 0.570752
897 0.690429
827 4.109149
842 2.122080
1006 1.037464
885 0.269928
884 2.064886
907 0.478590
870 0.766573
1020 0.534461
889 0.635051
842 1.945806
855 1.501499
836 0.402460
997 4.976086
925 0.479638
965 1.912273
854 2.608340
693 0.526001
908 1.128310
944 0.319033
1005 1.285214
976 1.249143
902 1.634863
851 0.459464
887 0.698224
946 0.681001
945 3.167107
828 3.116741
858 1.408373
885 1.104898
863 0.578983
1057 0.881130
852 0.385066
837 2.403036
876 5.211836
862 2.887559
