991 0.000011
881 0.000010
927 0.000012
997 0.000010
937 0.000011
962 0.000009
870 0.000010
920 0.000012
932 0.000012
934 0.000010
865 0.000009
875 0.000010
919 0.000011
999 0.000010
897 0.000010
827 0.000009
842 0.000012
1006 0.000010
885 0.000010
884 0.000009
907 0.000010
870 0.000010
1020 0.000010
889 0.000013
842 0.000012
855 0.000012
836 0.000012
997 0.000009
925 0.000011
965 0.000009
854 0.000010
693 0.000012
908 0.000010
944 0.000011
1005 0.000012
976 0.000011
902 0.000011
851 0.000015
887 0.000010
946 0.000010
945 0.000010
828 0.000012
858 0.000019
885 0.000012
863 0.000010
1057 0.000010
852 0.000012
837 0.000009
876 0.000012
862 0.000012
