991 0.000009
881 0.000009
927 0.000009
997 0.000009
937 0.000009
962 0.000008
870 0.000008
920 0.000009
932 0.000009
934 0.000009
865 0.000009
875 0.000009
919 0.000009
999 0.000013
897 0.000009
827 0.000009
842 0.000009
1006 0.000009
885 0.000009
884 0.000008
907 0.000009
870 0.000009
1020 0.000009
889 0.000009
842 0.000008
855 0.000009
836 0.000009
997 0.000009
925 0.000009
965 0.000008
854 0.000008
693 0.000009
908 0.000009
944 0.000009
1005 0.000008
976 0.000009
902 0.000009
851 0.000012
887 0.000009
946 0.000008
945 0.000009
828 0.000009
858 0.000009
885 0.000009
863 0.000008
1057 0.000009
852 0.000009
837 0.000008
876 0.000009
862 0.000009
